[4.002s] Invoking command in '/home/antoni/gazebo_maritime_ws/src/autopilot': DEBUGINFOD_URLS=https://debuginfod.ubuntu.com PYTHONPATH=/home/antoni/gazebo_maritime_ws/build/autopilot/prefix_override:/usr/lib/python3/dist-packages/colcon_core/task/python/colcon_distutils_commands:/home/antoni/gazebo_maritime_ws/install/lib/python3.12/site-packages:${PYTHONPATH} /usr/bin/python3 -W ignore:setup.py install is deprecated -W ignore:easy_install command is deprecated setup.py egg_info --egg-base ../../build/autopilot build --build-base /home/antoni/gazebo_maritime_ws/build/autopilot/build install --record /home/antoni/gazebo_maritime_ws/build/autopilot/install.log --single-version-externally-managed install_data
[4.680s] running egg_info
[4.714s] writing ../../build/autopilot/autopilot.egg-info/PKG-INFO
[4.714s] writing dependency_links to ../../build/autopilot/autopilot.egg-info/dependency_links.txt
[4.715s] writing entry points to ../../build/autopilot/autopilot.egg-info/entry_points.txt
[4.717s] writing requirements to ../../build/autopilot/autopilot.egg-info/requires.txt
[4.717s] writing top-level names to ../../build/autopilot/autopilot.egg-info/top_level.txt
[4.808s] reading manifest file '../../build/autopilot/autopilot.egg-info/SOURCES.txt'
[4.813s] writing manifest file '../../build/autopilot/autopilot.egg-info/SOURCES.txt'
[4.814s] running build
[4.814s] running build_py
[4.814s] running install
[4.826s] running install_lib
[4.878s] running install_data
[4.878s] running install_egg_info
[4.925s] removing '/home/antoni/gazebo_maritime_ws/install/lib/python3.12/site-packages/autopilot-0.0.0-py3.12.egg-info' (and everything under it)
[4.927s] Copying ../../build/autopilot/autopilot.egg-info to /home/antoni/gazebo_maritime_ws/install/lib/python3.12/site-packages/autopilot-0.0.0-py3.12.egg-info
[4.935s] running install_scripts
[5.283s] Installing add_markers script to /home/antoni/gazebo_maritime_ws/install/lib/autopilot
[5.283s] Installing azimuth script to /home/antoni/gazebo_maritime_ws/install/lib/autopilot
[5.284s] Installing checkpoints script to /home/antoni/gazebo_maritime_ws/install/lib/autopilot
[5.285s] Installing compass script to /home/antoni/gazebo_maritime_ws/install/lib/autopilot
[5.285s] Installing kalman script to /home/antoni/gazebo_maritime_ws/install/lib/autopilot
[5.285s] Installing los script to /home/antoni/gazebo_maritime_ws/install/lib/autopilot
[5.285s] writing list of installed files to '/home/antoni/gazebo_maritime_ws/build/autopilot/install.log'
[5.567s] Invoked command in '/home/antoni/gazebo_maritime_ws/src/autopilot' returned '0': DEBUGINFOD_URLS=https://debuginfod.ubuntu.com PYTHONPATH=/home/antoni/gazebo_maritime_ws/build/autopilot/prefix_override:/usr/lib/python3/dist-packages/colcon_core/task/python/colcon_distutils_commands:/home/antoni/gazebo_maritime_ws/install/lib/python3.12/site-packages:${PYTHONPATH} /usr/bin/python3 -W ignore:setup.py install is deprecated -W ignore:easy_install command is deprecated setup.py egg_info --egg-base ../../build/autopilot build --build-base /home/antoni/gazebo_maritime_ws/build/autopilot/build install --record /home/antoni/gazebo_maritime_ws/build/autopilot/install.log --single-version-externally-managed install_data
