[3.348s] Invoking command in '/home/antoni/gazebo_maritime_ws/src/propeller_controller': DEBUGINFOD_URLS=https://debuginfod.ubuntu.com PYTHONPATH=/home/antoni/gazebo_maritime_ws/build/propeller_controller/prefix_override:/usr/lib/python3/dist-packages/colcon_core/task/python/colcon_distutils_commands:/home/antoni/gazebo_maritime_ws/install/lib/python3.12/site-packages:${PYTHONPATH} /usr/bin/python3 -W ignore:setup.py install is deprecated -W ignore:easy_install command is deprecated setup.py egg_info --egg-base ../../build/propeller_controller build --build-base /home/antoni/gazebo_maritime_ws/build/propeller_controller/build install --record /home/antoni/gazebo_maritime_ws/build/propeller_controller/install.log --single-version-externally-managed install_data
[3.813s] running egg_info
[3.848s] writing ../../build/propeller_controller/propeller_controller.egg-info/PKG-INFO
[3.849s] writing dependency_links to ../../build/propeller_controller/propeller_controller.egg-info/dependency_links.txt
[3.849s] writing entry points to ../../build/propeller_controller/propeller_controller.egg-info/entry_points.txt
[3.850s] writing requirements to ../../build/propeller_controller/propeller_controller.egg-info/requires.txt
[3.850s] writing top-level names to ../../build/propeller_controller/propeller_controller.egg-info/top_level.txt
[3.912s] reading manifest file '../../build/propeller_controller/propeller_controller.egg-info/SOURCES.txt'
[3.913s] writing manifest file '../../build/propeller_controller/propeller_controller.egg-info/SOURCES.txt'
[3.913s] running build
[3.913s] running build_py
[3.914s] running install
[3.922s] running install_lib
[3.956s] running install_data
[3.956s] running install_egg_info
[3.990s] removing '/home/antoni/gazebo_maritime_ws/install/lib/python3.12/site-packages/propeller_controller-0.0.0-py3.12.egg-info' (and everything under it)
[3.991s] Copying ../../build/propeller_controller/propeller_controller.egg-info to /home/antoni/gazebo_maritime_ws/install/lib/python3.12/site-packages/propeller_controller-0.0.0-py3.12.egg-info
[3.991s] running install_scripts
[4.197s] Installing keyboard_controller script to /home/antoni/gazebo_maritime_ws/install/lib/propeller_controller
[4.197s] Installing rotate script to /home/antoni/gazebo_maritime_ws/install/lib/propeller_controller
[4.199s] writing list of installed files to '/home/antoni/gazebo_maritime_ws/build/propeller_controller/install.log'
[4.306s] Invoked command in '/home/antoni/gazebo_maritime_ws/src/propeller_controller' returned '0': DEBUGINFOD_URLS=https://debuginfod.ubuntu.com PYTHONPATH=/home/antoni/gazebo_maritime_ws/build/propeller_controller/prefix_override:/usr/lib/python3/dist-packages/colcon_core/task/python/colcon_distutils_commands:/home/antoni/gazebo_maritime_ws/install/lib/python3.12/site-packages:${PYTHONPATH} /usr/bin/python3 -W ignore:setup.py install is deprecated -W ignore:easy_install command is deprecated setup.py egg_info --egg-base ../../build/propeller_controller build --build-base /home/antoni/gazebo_maritime_ws/build/propeller_controller/build install --record /home/antoni/gazebo_maritime_ws/build/propeller_controller/install.log --single-version-externally-managed install_data
