[0.962s] Invoking command in '/home/antoni/gazebo_maritime_ws/build/gazebo_maritime': DEBUGINFOD_URLS=https://debuginfod.ubuntu.com /usr/bin/cmake --build /home/antoni/gazebo_maritime_ws/build/gazebo_maritime -- -j12 -l12
[2.568s] -- Looking for gz-sim8 -- found version 8.9.0
[2.569s] -- Searching for dependencies of gz-sim8
[2.569s] -- Looking for sdformat14 -- found version 14.8.0
[2.569s] -- Searching for dependencies of sdformat14
[2.569s] -- Checking for module 'tinyxml2'
[2.569s] --   Found tinyxml2, version 10.0.0
[2.570s] -- Looking for gz-math7 -- found version 7.5.2
[2.570s] -- Searching for dependencies of gz-math7
[2.570s] -- Looking for gz-utils2 -- found version 2.2.1
[2.570s] -- Searching for dependencies of gz-utils2
[2.571s] -- Looking for gz-utils2 -- found version 2.2.1
[2.571s] -- Searching for dependencies of gz-utils2
[2.572s] -- Searching for <gz-utils2> component [cli]
[2.573s] -- Looking for gz-utils2-cli -- found version 2.2.1
[2.573s] -- Searching for dependencies of gz-utils2-cli
[2.573s] -- Looking for gz-plugin2 -- found version 2.0.4
[2.573s] -- Searching for dependencies of gz-plugin2
[2.573s] -- Looking for gz-utils2 -- found version 2.2.1
[2.574s] -- Searching for <gz-plugin2> component [loader]
[2.574s] -- Looking for gz-plugin2-loader -- found version 2.0.4
[2.574s] -- Searching for dependencies of gz-plugin2-loader
[2.574s] -- Searching for <gz-plugin2> component [register]
[2.574s] -- Looking for gz-plugin2-register -- found version 2.0.4
[2.575s] -- Searching for dependencies of gz-plugin2-register
[2.575s] -- Looking for gz-transport13 -- found version 13.4.1
[2.575s] -- Searching for dependencies of gz-transport13
[2.575s] -- Config-file not installed for ZeroMQ -- checking for pkg-config
[2.575s] -- Checking for module 'libzmq >= 4'
[2.576s] --   Found libzmq, version 4.3.5
[2.576s] -- Checking for module 'uuid'
[2.576s] --   Found uuid, version 2.39.3
[2.576s] -- Looking for gz-utils2 -- found version 2.2.1
[2.577s] -- Looking for gz-msgs10 -- found version 10.3.2
[2.577s] -- Searching for dependencies of gz-msgs10
[2.577s] -- Looking for gz-utils2 -- found version 2.2.1
[2.577s] -- Looking for gz-math7 -- found version 7.5.2
[2.577s] -- Searching for <gz-transport13> component [log]
[2.577s] -- Looking for gz-transport13-log -- found version 13.4.1
[2.578s] -- Searching for dependencies of gz-transport13-log
[2.578s] -- Searching for <gz-transport13> component [parameters]
[2.578s] -- Looking for gz-transport13-parameters -- found version 13.4.1
[2.578s] -- Searching for dependencies of gz-transport13-parameters
[2.578s] -- Looking for gz-msgs10 -- found version 10.3.2
[2.580s] -- Looking for gz-common5 -- found version 5.7.1
[2.582s] -- Searching for dependencies of gz-common5
[2.582s] -- Looking for gz-utils2 -- found version 2.2.1
[2.584s] -- Looking for dlfcn.h - found
[2.585s] -- Looking for libdl - found
[2.586s] -- Searching for <gz-common5> component [av]
[2.586s] -- Looking for gz-common5-av -- found version 5.7.1
[2.586s] -- Searching for dependencies of gz-common5-av
[2.587s] -- Checking for module 'libswscale'
[2.587s] --   Found libswscale, version 7.5.100
[2.588s] -- Checking for module 'libavdevice >= 56.4.100'
[2.624s] --   Found libavdevice, version 60.3.100
[2.777s] -- Checking for module 'libavformat'
[2.803s] --   Found libavformat, version 60.16.100
[2.881s] -- Checking for module 'libavcodec'
[2.896s] --   Found libavcodec, version 60.31.102
[2.968s] -- Checking for module 'libavutil'
[2.992s] --   Found libavutil, version 58.29.100
[3.111s] -- Searching for <gz-common5> component [events]
[3.115s] -- Looking for gz-common5-events -- found version 5.7.1
[3.116s] -- Searching for dependencies of gz-common5-events
[3.117s] -- Looking for gz-math7 -- found version 7.5.2
[3.121s] -- Searching for <gz-common5> component [graphics]
[3.123s] -- Looking for gz-common5-graphics -- found version 5.7.1
[3.123s] -- Searching for dependencies of gz-common5-graphics
[3.125s] -- Looking for gz-math7 -- found version 7.5.2
[3.139s] -- Searching for <gz-common5> component [io]
[3.144s] -- Looking for gz-common5-io -- found version 5.7.1
[3.145s] -- Searching for dependencies of gz-common5-io
[3.149s] -- Searching for <gz-common5> component [profiler]
[3.151s] -- Looking for gz-common5-profiler -- found version 5.7.1
[3.151s] -- Searching for dependencies of gz-common5-profiler
[3.161s] -- Looking for gz-fuel_tools9 -- found version 9.1.1
[3.161s] -- Searching for dependencies of gz-fuel_tools9
[3.331s] -- Checking for module 'jsoncpp'
[3.378s] --   Found jsoncpp, version 1.9.5
[3.482s] -- Checking for module 'yaml-0.1'
[3.501s] --   Found yaml-0.1, version 0.2.5
[3.581s] -- Checking for module 'libzip'
[3.595s] --   Found libzip, version 1.7.3
[3.658s] -- Looking for gz-utils2 -- found version 2.2.1
[3.658s] -- Looking for gz-common5 -- found version 5.7.1
[3.659s] -- Searching for dependencies of gz-common5
[3.660s] -- Looking for gz-utils2 -- found version 2.2.1
[3.660s] -- Looking for dlfcn.h - found
[3.660s] -- Looking for libdl - found
[3.676s] -- Searching for <gz-common5> component [testing]
[3.678s] -- Looking for gz-common5-testing -- found version 5.7.1
[3.678s] -- Searching for dependencies of gz-common5-testing
[3.679s] -- Looking for gz-math7 -- found version 7.5.2
[3.680s] -- Looking for gz-msgs10 -- found version 10.3.2
[3.685s] -- Looking for gz-gui8 -- found version 8.4.0
[3.685s] -- Searching for dependencies of gz-gui8
[3.723s] -- Looking for gz-utils2 -- found version 2.2.1
[3.727s] -- Looking for gz-math7 -- found version 7.5.2
[3.729s] -- Looking for gz-common5 -- found version 5.7.1
[3.729s] -- Looking for gz-plugin2 -- found version 2.0.4
[3.729s] -- Looking for gz-transport13 -- found version 13.4.1
[3.731s] -- Looking for gz-rendering8 -- found version 8.2.2
[3.732s] -- Searching for dependencies of gz-rendering8
[3.732s] -- Looking for gz-math7 -- found version 7.5.2
[3.733s] -- Searching for dependencies of gz-math7
[3.733s] -- Looking for gz-utils2 -- found version 2.2.1
[3.734s] -- Searching for <gz-math7> component [eigen3]
[3.736s] -- Looking for gz-math7-eigen3 -- found version 7.5.2
[3.736s] -- Searching for dependencies of gz-math7-eigen3
[3.740s] -- Looking for gz-common5 -- found version 5.7.1
[3.740s] -- Searching for dependencies of gz-common5
[3.740s] -- Looking for gz-utils2 -- found version 2.2.1
[3.740s] -- Looking for dlfcn.h - found
[3.740s] -- Looking for libdl - found
[3.760s] -- Searching for <gz-common5> component [graphics]
[3.760s] -- Searching for <gz-common5> component [events]
[3.760s] -- Searching for <gz-common5> component [geospatial]
[3.761s] -- Looking for gz-common5-geospatial -- found version 5.7.1
[3.762s] -- Searching for dependencies of gz-common5-geospatial
[3.763s] -- Looking for gz-math7 -- found version 7.5.2
[3.764s] -- Looking for gz-common5 -- found version 5.7.1
[3.766s] -- Looking for gz-plugin2 -- found version 2.0.4
[3.766s] -- Searching for dependencies of gz-plugin2
[3.766s] -- Looking for gz-utils2 -- found version 2.2.1
[3.767s] -- Searching for <gz-plugin2> component [all]
[3.767s] -- Looking for all libraries of gz-plugin2 -- found version 2.0.4
[3.768s] -- Looking for gz-plugin2 -- found version 2.0.4
[3.772s] -- Looking for gz-utils2 -- found version 2.2.1
[3.779s] -- Looking for gz-msgs10 -- found version 10.3.2
[3.819s] -- Looking for gz-physics7 -- found version 7.5.0
[3.819s] -- Searching for dependencies of gz-physics7
[3.820s] -- Looking for gz-common5 -- found version 5.7.1
[3.820s] -- Looking for gz-math7 -- found version 7.5.2
[3.821s] -- Looking for gz-plugin2 -- found version 2.0.4
[3.821s] -- Looking for gz-utils2 -- found version 2.2.1
[3.825s] -- Searching for <gz-physics7> component [heightmap]
[3.828s] -- Looking for gz-physics7-heightmap -- found version 7.5.0
[3.829s] -- Searching for dependencies of gz-physics7-heightmap
[3.830s] -- Looking for gz-common5 -- found version 5.7.1
[3.833s] -- Searching for <gz-physics7> component [mesh]
[3.835s] -- Looking for gz-physics7-mesh -- found version 7.5.0
[3.835s] -- Searching for dependencies of gz-physics7-mesh
[3.835s] -- Looking for gz-common5 -- found version 5.7.1
[3.836s] -- Searching for <gz-physics7> component [sdf]
[3.837s] -- Looking for gz-physics7-sdf -- found version 7.5.0
[3.837s] -- Searching for dependencies of gz-physics7-sdf
[3.838s] -- Looking for sdformat14 -- found version 14.8.0
[3.842s] -- Looking for gz-sensors8 -- found version 8.2.2
[3.842s] -- Searching for dependencies of gz-sensors8
[3.880s] -- Looking for gz-math7 -- found version 7.5.2
[3.881s] -- Looking for gz-common5 -- found version 5.7.1
[3.882s] -- Looking for gz-transport13 -- found version 13.4.1
[3.883s] -- Looking for gz-rendering8 -- found version 8.2.2
[3.885s] -- Looking for gz-msgs10 -- found version 10.3.2
[3.886s] -- Looking for sdformat14 -- found version 14.8.0
[3.889s] -- Searching for <gz-sensors8> component [air_pressure]
[3.889s] -- Looking for gz-sensors8-air_pressure -- found version 8.2.2
[3.890s] -- Searching for dependencies of gz-sensors8-air_pressure
[3.890s] -- Searching for <gz-sensors8> component [air_speed]
[3.890s] -- Looking for gz-sensors8-air_speed -- found version 8.2.2
[3.891s] -- Searching for dependencies of gz-sensors8-air_speed
[3.891s] -- Searching for <gz-sensors8> component [altimeter]
[3.891s] -- Looking for gz-sensors8-altimeter -- found version 8.2.2
[3.892s] -- Searching for dependencies of gz-sensors8-altimeter
[3.892s] -- Searching for <gz-sensors8> component [imu]
[3.893s] -- Looking for gz-sensors8-imu -- found version 8.2.2
[3.893s] -- Searching for dependencies of gz-sensors8-imu
[3.893s] -- Searching for <gz-sensors8> component [force_torque]
[3.894s] -- Looking for gz-sensors8-force_torque -- found version 8.2.2
[3.894s] -- Searching for dependencies of gz-sensors8-force_torque
[3.895s] -- Searching for <gz-sensors8> component [logical_camera]
[3.896s] -- Looking for gz-sensors8-logical_camera -- found version 8.2.2
[3.896s] -- Searching for dependencies of gz-sensors8-logical_camera
[3.896s] -- Searching for <gz-sensors8> component [magnetometer]
[3.897s] -- Looking for gz-sensors8-magnetometer -- found version 8.2.2
[3.897s] -- Searching for dependencies of gz-sensors8-magnetometer
[3.898s] -- Searching for <gz-sensors8> component [navsat]
[3.898s] -- Looking for gz-sensors8-navsat -- found version 8.2.2
[3.899s] -- Searching for dependencies of gz-sensors8-navsat
[3.899s] -- Searching for <gz-sensors8> component [dvl]
[3.900s] -- Looking for gz-sensors8-dvl -- found version 8.2.2
[3.901s] -- Searching for dependencies of gz-sensors8-dvl
[3.903s] -- Looking for gz-sensors8 -- found version 8.2.2
[3.903s] -- Searching for dependencies of gz-sensors8
[3.940s] -- Looking for gz-math7 -- found version 7.5.2
[3.941s] -- Looking for gz-common5 -- found version 5.7.1
[3.942s] -- Looking for gz-transport13 -- found version 13.4.1
[3.942s] -- Looking for gz-rendering8 -- found version 8.2.2
[3.944s] -- Looking for gz-msgs10 -- found version 10.3.2
[3.944s] -- Looking for sdformat14 -- found version 14.8.0
[3.945s] -- Searching for <gz-sensors8> component [rendering]
[3.946s] -- Looking for gz-sensors8-rendering -- found version 8.2.2
[3.946s] -- Searching for dependencies of gz-sensors8-rendering
[3.948s] -- Searching for <gz-sensors8> component [rendering]
[3.948s] -- Searching for <gz-sensors8> component [lidar]
[3.949s] -- Looking for gz-sensors8-lidar -- found version 8.2.2
[3.950s] -- Searching for dependencies of gz-sensors8-lidar
[3.950s] -- Looking for gz-sensors8 -- found version 8.2.2
[3.952s] -- Searching for <gz-sensors8> component [gpu_lidar]
[3.954s] -- Looking for gz-sensors8-gpu_lidar -- found version 8.2.2
[3.954s] -- Searching for dependencies of gz-sensors8-gpu_lidar
[3.955s] -- Looking for gz-sensors8 -- found version 8.2.2
[3.957s] -- Searching for <gz-sensors8> component [camera]
[3.958s] -- Looking for gz-sensors8-camera -- found version 8.2.2
[3.958s] -- Searching for dependencies of gz-sensors8-camera
[3.959s] -- Looking for gz-sensors8 -- found version 8.2.2
[3.961s] -- Searching for <gz-sensors8> component [boundingbox_camera]
[3.962s] -- Looking for gz-sensors8-boundingbox_camera -- found version 8.2.2
[3.962s] -- Searching for dependencies of gz-sensors8-boundingbox_camera
[3.963s] -- Searching for <gz-sensors8> component [segmentation_camera]
[3.964s] -- Looking for gz-sensors8-segmentation_camera -- found version 8.2.2
[3.964s] -- Searching for dependencies of gz-sensors8-segmentation_camera
[3.966s] -- Searching for <gz-sensors8> component [depth_camera]
[3.967s] -- Looking for gz-sensors8-depth_camera -- found version 8.2.2
[3.967s] -- Searching for dependencies of gz-sensors8-depth_camera
[3.968s] -- Looking for gz-sensors8 -- found version 8.2.2
[3.970s] -- Searching for <gz-sensors8> component [rgbd_camera]
[3.971s] -- Looking for gz-sensors8-rgbd_camera -- found version 8.2.2
[3.972s] -- Searching for dependencies of gz-sensors8-rgbd_camera
[3.973s] -- Looking for gz-sensors8 -- found version 8.2.2
[3.975s] -- Searching for <gz-sensors8> component [thermal_camera]
[3.976s] -- Looking for gz-sensors8-thermal_camera -- found version 8.2.2
[3.976s] -- Searching for dependencies of gz-sensors8-thermal_camera
[3.977s] -- Looking for gz-sensors8 -- found version 8.2.2
[3.978s] -- Searching for <gz-sensors8> component [wide_angle_camera]
[3.979s] -- Looking for gz-sensors8-wide_angle_camera -- found version 8.2.2
[3.979s] -- Searching for dependencies of gz-sensors8-wide_angle_camera
[3.982s] -- Looking for gz-rendering8 -- found version 8.2.2
[3.983s] -- Looking for gz-math7 -- found version 7.5.2
[3.984s] -- Looking for gz-utils2 -- found version 2.2.1
[4.018s] -- Looking for gz-common5 -- found version 5.7.1
[4.019s] -- Looking for gz-math7 -- found version 7.5.2
[4.019s] -- Looking for gz-msgs10 -- found version 10.3.2
[4.020s] -- Looking for gz-transport13 -- found version 13.4.1
[4.021s] -- Looking for gz-plugin2 -- found version 2.0.4
[4.021s] -- Looking for gz-rendering8 -- found version 8.2.2
[4.022s] -- Looking for gz-sensors8 -- found version 8.2.2
[4.022s] -- Looking for gz-utils2 -- found version 2.2.1
[4.023s] -- Looking for sdformat14 -- found version 14.8.0
[4.027s] -- Configuring done (3.0s)
[4.081s] -- Generating done (0.0s)
[4.086s] -- Build files have been written to: /home/antoni/gazebo_maritime_ws/build/gazebo_maritime
[4.196s] [ 25%] Built target Waves
[4.244s] [ 50%] Built target Surface
[4.253s] [ 75%] Built target PublisherPlugin
[4.265s] [100%] Built target WaveVisual
[4.286s] Invoked command in '/home/antoni/gazebo_maritime_ws/build/gazebo_maritime' returned '0': DEBUGINFOD_URLS=https://debuginfod.ubuntu.com /usr/bin/cmake --build /home/antoni/gazebo_maritime_ws/build/gazebo_maritime -- -j12 -l12
[4.305s] Invoking command in '/home/antoni/gazebo_maritime_ws/build/gazebo_maritime': DEBUGINFOD_URLS=https://debuginfod.ubuntu.com /usr/bin/cmake --install /home/antoni/gazebo_maritime_ws/build/gazebo_maritime
[4.323s] -- Install configuration: ""
[4.323s] -- Up-to-date: /home/antoni/gazebo_maritime_ws/install/lib/libWaves.so
[4.324s] -- Up-to-date: /home/antoni/gazebo_maritime_ws/install/lib/libPublisherPlugin.so
[4.326s] -- Up-to-date: /home/antoni/gazebo_maritime_ws/install/lib/libSurface.so
[4.326s] -- Up-to-date: /home/antoni/gazebo_maritime_ws/install/lib/libWaveVisual.so
[4.326s] -- Up-to-date: /home/antoni/gazebo_maritime_ws/install/share/gazebo_maritime/models
[4.326s] -- Up-to-date: /home/antoni/gazebo_maritime_ws/install/share/gazebo_maritime/models/coast_waves
[4.326s] -- Up-to-date: /home/antoni/gazebo_maritime_ws/install/share/gazebo_maritime/models/coast_waves/materials
[4.326s] -- Up-to-date: /home/antoni/gazebo_maritime_ws/install/share/gazebo_maritime/models/coast_waves/materials/programs
[4.326s] -- Up-to-date: /home/antoni/gazebo_maritime_ws/install/share/gazebo_maritime/models/coast_waves/materials/programs/GerstnerWaves_fs_330.glsl
[4.326s] -- Up-to-date: /home/antoni/gazebo_maritime_ws/install/share/gazebo_maritime/models/coast_waves/materials/programs/GerstnerWaves_vs_330.glsl
[4.326s] -- Up-to-date: /home/antoni/gazebo_maritime_ws/install/share/gazebo_maritime/models/coast_waves/materials/textures
[4.326s] -- Up-to-date: /home/antoni/gazebo_maritime_ws/install/share/gazebo_maritime/models/coast_waves/materials/textures/wave_normals.dds
[4.326s] -- Up-to-date: /home/antoni/gazebo_maritime_ws/install/share/gazebo_maritime/models/coast_waves/materials/textures/skybox_lowres.dds
[4.326s] -- Up-to-date: /home/antoni/gazebo_maritime_ws/install/share/gazebo_maritime/models/coast_waves/model.config
[4.326s] -- Up-to-date: /home/antoni/gazebo_maritime_ws/install/share/gazebo_maritime/models/coast_waves/model.sdf
[4.326s] -- Up-to-date: /home/antoni/gazebo_maritime_ws/install/share/gazebo_maritime/models/coast_waves/meshes
[4.326s] -- Up-to-date: /home/antoni/gazebo_maritime_ws/install/share/gazebo_maritime/models/coast_waves/meshes/waterlow.dae
[4.326s] -- Up-to-date: /home/antoni/gazebo_maritime_ws/install/share/gazebo_maritime/models/wam-v
[4.326s] -- Up-to-date: /home/antoni/gazebo_maritime_ws/install/share/gazebo_maritime/models/wam-v/model.config
[4.326s] -- Installing: /home/antoni/gazebo_maritime_ws/install/share/gazebo_maritime/models/wam-v/model.sdf
[4.327s] -- Up-to-date: /home/antoni/gazebo_maritime_ws/install/share/gazebo_maritime/models/wam-v/meshes
[4.327s] -- Up-to-date: /home/antoni/gazebo_maritime_ws/install/share/gazebo_maritime/models/wam-v/meshes/WAM-V-Base.dae
[4.327s] -- Up-to-date: /home/antoni/gazebo_maritime_ws/install/share/gazebo_maritime/models/wam-v/meshes/engine.dae
[4.327s] -- Up-to-date: /home/antoni/gazebo_maritime_ws/install/share/gazebo_maritime/models/wam-v/meshes/propeller.dae
[4.327s] -- Up-to-date: /home/antoni/gazebo_maritime_ws/install/share/gazebo_maritime/models/wam-v/meshes/WamV.png
[4.327s] -- Up-to-date: /home/antoni/gazebo_maritime_ws/install/share/gazebo_maritime/worlds
[4.327s] -- Up-to-date: /home/antoni/gazebo_maritime_ws/install/share/gazebo_maritime/worlds/sydney_regatta copy.sdf
[4.327s] -- Installing: /home/antoni/gazebo_maritime_ws/install/share/gazebo_maritime/worlds/sydney_regatta.sdf
[4.333s] Invoked command in '/home/antoni/gazebo_maritime_ws/build/gazebo_maritime' returned '0': DEBUGINFOD_URLS=https://debuginfod.ubuntu.com /usr/bin/cmake --install /home/antoni/gazebo_maritime_ws/build/gazebo_maritime
