[0.114s] DEBUG:colcon:Command line arguments: ['/usr/bin/colcon', 'build', '--merge-install']
[0.114s] DEBUG:colcon:Parsed command line arguments: Namespace(log_base=None, log_level=None, verb_name='build', build_base='build', install_base='install', merge_install=True, symlink_install=False, test_result_base=None, continue_on_error=False, executor='parallel', parallel_workers=12, event_handlers=None, ignore_user_meta=False, metas=['./colcon.meta'], base_paths=['.'], packages_ignore=None, packages_ignore_regex=None, paths=None, packages_up_to=None, packages_up_to_regex=None, packages_above=None, packages_above_and_dependencies=None, packages_above_depth=None, packages_select_by_dep=None, packages_skip_by_dep=None, packages_skip_up_to=None, packages_select_build_failed=False, packages_skip_build_finished=False, packages_select_test_failures=False, packages_skip_test_passed=False, packages_select=None, packages_skip=None, packages_select_regex=None, packages_skip_regex=None, packages_start=None, packages_end=None, allow_overriding=[], cmake_args=None, cmake_target=None, cmake_target_skip_unavailable=False, cmake_clean_cache=False, cmake_clean_first=False, cmake_force_configure=False, ament_cmake_args=None, catkin_cmake_args=None, catkin_skip_building_tests=False, mixin_files=None, mixin=None, verb_parser=<colcon_mixin.mixin.mixin_argument.MixinArgumentDecorator object at 0x7588d33a4b30>, verb_extension=<colcon_core.verb.build.BuildVerb object at 0x7588d34c8f20>, main=<bound method BuildVerb.main of <colcon_core.verb.build.BuildVerb object at 0x7588d34c8f20>>, mixin_verb=('build',))
[0.158s] Level 1:colcon.colcon_core.package_discovery:discover_packages(colcon_meta) check parameters
[0.158s] Level 1:colcon.colcon_core.package_discovery:discover_packages(recursive) check parameters
[0.158s] Level 1:colcon.colcon_core.package_discovery:discover_packages(ignore) check parameters
[0.158s] Level 1:colcon.colcon_core.package_discovery:discover_packages(path) check parameters
[0.158s] Level 1:colcon.colcon_core.package_discovery:discover_packages(colcon_meta) discover
[0.158s] Level 1:colcon.colcon_core.package_discovery:discover_packages(recursive) discover
[0.158s] INFO:colcon.colcon_core.package_discovery:Crawling recursively for packages in '/home/antoni/gazebo_maritime_ws'
[0.158s] Level 1:colcon.colcon_core.package_identification:_identify(.) by extensions ['ignore', 'ignore_ament_install']
[0.158s] Level 1:colcon.colcon_core.package_identification:_identify(.) by extension 'ignore'
[0.158s] Level 1:colcon.colcon_core.package_identification:_identify(.) by extension 'ignore_ament_install'
[0.158s] Level 1:colcon.colcon_core.package_identification:_identify(.) by extensions ['colcon_pkg']
[0.158s] Level 1:colcon.colcon_core.package_identification:_identify(.) by extension 'colcon_pkg'
[0.158s] Level 1:colcon.colcon_core.package_identification:_identify(.) by extensions ['colcon_meta']
[0.158s] Level 1:colcon.colcon_core.package_identification:_identify(.) by extension 'colcon_meta'
[0.158s] Level 1:colcon.colcon_core.package_identification:_identify(.) by extensions ['ros']
[0.158s] Level 1:colcon.colcon_core.package_identification:_identify(.) by extension 'ros'
[0.190s] Level 1:colcon.colcon_core.package_identification:_identify(.) by extensions ['cmake', 'python']
[0.190s] Level 1:colcon.colcon_core.package_identification:_identify(.) by extension 'cmake'
[0.190s] Level 1:colcon.colcon_core.package_identification:_identify(.) by extension 'python'
[0.190s] Level 1:colcon.colcon_core.package_identification:_identify(.) by extensions ['python_setup_py']
[0.190s] Level 1:colcon.colcon_core.package_identification:_identify(.) by extension 'python_setup_py'
[0.190s] Level 1:colcon.colcon_core.package_identification:_identify(build) by extensions ['ignore', 'ignore_ament_install']
[0.190s] Level 1:colcon.colcon_core.package_identification:_identify(build) by extension 'ignore'
[0.190s] Level 1:colcon.colcon_core.package_identification:_identify(build) ignored
[0.191s] Level 1:colcon.colcon_core.package_identification:_identify(install) by extensions ['ignore', 'ignore_ament_install']
[0.191s] Level 1:colcon.colcon_core.package_identification:_identify(install) by extension 'ignore'
[0.191s] Level 1:colcon.colcon_core.package_identification:_identify(install) ignored
[0.191s] Level 1:colcon.colcon_core.package_identification:_identify(log) by extensions ['ignore', 'ignore_ament_install']
[0.191s] Level 1:colcon.colcon_core.package_identification:_identify(log) by extension 'ignore'
[0.191s] Level 1:colcon.colcon_core.package_identification:_identify(log) ignored
[0.191s] Level 1:colcon.colcon_core.package_identification:_identify(src) by extensions ['ignore', 'ignore_ament_install']
[0.191s] Level 1:colcon.colcon_core.package_identification:_identify(src) by extension 'ignore'
[0.191s] Level 1:colcon.colcon_core.package_identification:_identify(src) by extension 'ignore_ament_install'
[0.191s] Level 1:colcon.colcon_core.package_identification:_identify(src) by extensions ['colcon_pkg']
[0.191s] Level 1:colcon.colcon_core.package_identification:_identify(src) by extension 'colcon_pkg'
[0.191s] Level 1:colcon.colcon_core.package_identification:_identify(src) by extensions ['colcon_meta']
[0.191s] Level 1:colcon.colcon_core.package_identification:_identify(src) by extension 'colcon_meta'
[0.191s] Level 1:colcon.colcon_core.package_identification:_identify(src) by extensions ['ros']
[0.191s] Level 1:colcon.colcon_core.package_identification:_identify(src) by extension 'ros'
[0.191s] Level 1:colcon.colcon_core.package_identification:_identify(src) by extensions ['cmake', 'python']
[0.191s] Level 1:colcon.colcon_core.package_identification:_identify(src) by extension 'cmake'
[0.191s] Level 1:colcon.colcon_core.package_identification:_identify(src) by extension 'python'
[0.191s] Level 1:colcon.colcon_core.package_identification:_identify(src) by extensions ['python_setup_py']
[0.191s] Level 1:colcon.colcon_core.package_identification:_identify(src) by extension 'python_setup_py'
[0.191s] Level 1:colcon.colcon_core.package_identification:_identify(src/autopilot) by extensions ['ignore', 'ignore_ament_install']
[0.191s] Level 1:colcon.colcon_core.package_identification:_identify(src/autopilot) by extension 'ignore'
[0.192s] Level 1:colcon.colcon_core.package_identification:_identify(src/autopilot) by extension 'ignore_ament_install'
[0.192s] Level 1:colcon.colcon_core.package_identification:_identify(src/autopilot) by extensions ['colcon_pkg']
[0.192s] Level 1:colcon.colcon_core.package_identification:_identify(src/autopilot) by extension 'colcon_pkg'
[0.192s] Level 1:colcon.colcon_core.package_identification:_identify(src/autopilot) by extensions ['colcon_meta']
[0.192s] Level 1:colcon.colcon_core.package_identification:_identify(src/autopilot) by extension 'colcon_meta'
[0.192s] Level 1:colcon.colcon_core.package_identification:_identify(src/autopilot) by extensions ['ros']
[0.192s] Level 1:colcon.colcon_core.package_identification:_identify(src/autopilot) by extension 'ros'
[0.194s] DEBUG:colcon.colcon_core.package_identification:Package 'src/autopilot' with type 'ros.ament_python' and name 'autopilot'
[0.194s] Level 1:colcon.colcon_core.package_identification:_identify(src/gazebo_maritime) by extensions ['ignore', 'ignore_ament_install']
[0.194s] Level 1:colcon.colcon_core.package_identification:_identify(src/gazebo_maritime) by extension 'ignore'
[0.194s] Level 1:colcon.colcon_core.package_identification:_identify(src/gazebo_maritime) by extension 'ignore_ament_install'
[0.194s] Level 1:colcon.colcon_core.package_identification:_identify(src/gazebo_maritime) by extensions ['colcon_pkg']
[0.194s] Level 1:colcon.colcon_core.package_identification:_identify(src/gazebo_maritime) by extension 'colcon_pkg'
[0.194s] Level 1:colcon.colcon_core.package_identification:_identify(src/gazebo_maritime) by extensions ['colcon_meta']
[0.194s] Level 1:colcon.colcon_core.package_identification:_identify(src/gazebo_maritime) by extension 'colcon_meta'
[0.194s] Level 1:colcon.colcon_core.package_identification:_identify(src/gazebo_maritime) by extensions ['ros']
[0.195s] Level 1:colcon.colcon_core.package_identification:_identify(src/gazebo_maritime) by extension 'ros'
[0.195s] Level 1:colcon.colcon_core.package_identification:_identify(src/gazebo_maritime) by extensions ['cmake', 'python']
[0.195s] Level 1:colcon.colcon_core.package_identification:_identify(src/gazebo_maritime) by extension 'cmake'
[0.196s] Level 1:colcon.colcon_core.package_identification:_identify(src/gazebo_maritime) by extension 'python'
[0.196s] DEBUG:colcon.colcon_core.package_identification:Package 'src/gazebo_maritime' with type 'cmake' and name 'gazebo_maritime'
[0.196s] Level 1:colcon.colcon_core.package_identification:_identify(src/propeller_controller) by extensions ['ignore', 'ignore_ament_install']
[0.197s] Level 1:colcon.colcon_core.package_identification:_identify(src/propeller_controller) by extension 'ignore'
[0.197s] Level 1:colcon.colcon_core.package_identification:_identify(src/propeller_controller) by extension 'ignore_ament_install'
[0.197s] Level 1:colcon.colcon_core.package_identification:_identify(src/propeller_controller) by extensions ['colcon_pkg']
[0.197s] Level 1:colcon.colcon_core.package_identification:_identify(src/propeller_controller) by extension 'colcon_pkg'
[0.197s] Level 1:colcon.colcon_core.package_identification:_identify(src/propeller_controller) by extensions ['colcon_meta']
[0.197s] Level 1:colcon.colcon_core.package_identification:_identify(src/propeller_controller) by extension 'colcon_meta'
[0.197s] Level 1:colcon.colcon_core.package_identification:_identify(src/propeller_controller) by extensions ['ros']
[0.197s] Level 1:colcon.colcon_core.package_identification:_identify(src/propeller_controller) by extension 'ros'
[0.198s] DEBUG:colcon.colcon_core.package_identification:Package 'src/propeller_controller' with type 'ros.ament_python' and name 'propeller_controller'
[0.198s] Level 1:colcon.colcon_core.package_identification:_identify(src/ros_gz_bridge_custom) by extensions ['ignore', 'ignore_ament_install']
[0.198s] Level 1:colcon.colcon_core.package_identification:_identify(src/ros_gz_bridge_custom) by extension 'ignore'
[0.198s] Level 1:colcon.colcon_core.package_identification:_identify(src/ros_gz_bridge_custom) by extension 'ignore_ament_install'
[0.199s] Level 1:colcon.colcon_core.package_identification:_identify(src/ros_gz_bridge_custom) by extensions ['colcon_pkg']
[0.199s] Level 1:colcon.colcon_core.package_identification:_identify(src/ros_gz_bridge_custom) by extension 'colcon_pkg'
[0.199s] Level 1:colcon.colcon_core.package_identification:_identify(src/ros_gz_bridge_custom) by extensions ['colcon_meta']
[0.199s] Level 1:colcon.colcon_core.package_identification:_identify(src/ros_gz_bridge_custom) by extension 'colcon_meta'
[0.199s] Level 1:colcon.colcon_core.package_identification:_identify(src/ros_gz_bridge_custom) by extensions ['ros']
[0.199s] Level 1:colcon.colcon_core.package_identification:_identify(src/ros_gz_bridge_custom) by extension 'ros'
[0.199s] DEBUG:colcon.colcon_core.package_identification:Package 'src/ros_gz_bridge_custom' with type 'ros.ament_python' and name 'ros_gz_bridge_custom'
[0.199s] Level 1:colcon.colcon_core.package_discovery:discover_packages(recursive) using defaults
[0.200s] Level 1:colcon.colcon_core.package_discovery:discover_packages(ignore) discover
[0.200s] Level 1:colcon.colcon_core.package_discovery:discover_packages(ignore) using defaults
[0.200s] Level 1:colcon.colcon_core.package_discovery:discover_packages(path) discover
[0.200s] Level 1:colcon.colcon_core.package_discovery:discover_packages(path) using defaults
[0.222s] Level 1:colcon.colcon_core.package_discovery:discover_packages(prefix_path) check parameters
[0.222s] Level 1:colcon.colcon_core.package_discovery:discover_packages(prefix_path) discover
[0.223s] DEBUG:colcon.colcon_installed_package_information.package_discovery:Found 4 installed packages in /home/antoni/gazebo_maritime_ws/install
[0.224s] DEBUG:colcon.colcon_installed_package_information.package_discovery:Found 290 installed packages in /opt/ros/rolling
[0.225s] Level 1:colcon.colcon_core.package_discovery:discover_packages(prefix_path) using defaults
[0.259s] Level 5:colcon.colcon_core.verb:set package 'autopilot' build argument 'cmake_args' from command line to 'None'
[0.259s] Level 5:colcon.colcon_core.verb:set package 'autopilot' build argument 'cmake_target' from command line to 'None'
[0.259s] Level 5:colcon.colcon_core.verb:set package 'autopilot' build argument 'cmake_target_skip_unavailable' from command line to 'False'
[0.259s] Level 5:colcon.colcon_core.verb:set package 'autopilot' build argument 'cmake_clean_cache' from command line to 'False'
[0.259s] Level 5:colcon.colcon_core.verb:set package 'autopilot' build argument 'cmake_clean_first' from command line to 'False'
[0.259s] Level 5:colcon.colcon_core.verb:set package 'autopilot' build argument 'cmake_force_configure' from command line to 'False'
[0.259s] Level 5:colcon.colcon_core.verb:set package 'autopilot' build argument 'ament_cmake_args' from command line to 'None'
[0.259s] Level 5:colcon.colcon_core.verb:set package 'autopilot' build argument 'catkin_cmake_args' from command line to 'None'
[0.259s] Level 5:colcon.colcon_core.verb:set package 'autopilot' build argument 'catkin_skip_building_tests' from command line to 'False'
[0.259s] DEBUG:colcon.colcon_core.verb:Building package 'autopilot' with the following arguments: {'ament_cmake_args': None, 'build_base': '/home/antoni/gazebo_maritime_ws/build/autopilot', 'catkin_cmake_args': None, 'catkin_skip_building_tests': False, 'cmake_args': None, 'cmake_clean_cache': False, 'cmake_clean_first': False, 'cmake_force_configure': False, 'cmake_target': None, 'cmake_target_skip_unavailable': False, 'install_base': '/home/antoni/gazebo_maritime_ws/install', 'merge_install': True, 'path': '/home/antoni/gazebo_maritime_ws/src/autopilot', 'symlink_install': False, 'test_result_base': None}
[0.259s] Level 5:colcon.colcon_core.verb:set package 'gazebo_maritime' build argument 'cmake_args' from command line to 'None'
[0.259s] Level 5:colcon.colcon_core.verb:set package 'gazebo_maritime' build argument 'cmake_target' from command line to 'None'
[0.259s] Level 5:colcon.colcon_core.verb:set package 'gazebo_maritime' build argument 'cmake_target_skip_unavailable' from command line to 'False'
[0.259s] Level 5:colcon.colcon_core.verb:set package 'gazebo_maritime' build argument 'cmake_clean_cache' from command line to 'False'
[0.259s] Level 5:colcon.colcon_core.verb:set package 'gazebo_maritime' build argument 'cmake_clean_first' from command line to 'False'
[0.259s] Level 5:colcon.colcon_core.verb:set package 'gazebo_maritime' build argument 'cmake_force_configure' from command line to 'False'
[0.259s] Level 5:colcon.colcon_core.verb:set package 'gazebo_maritime' build argument 'ament_cmake_args' from command line to 'None'
[0.259s] Level 5:colcon.colcon_core.verb:set package 'gazebo_maritime' build argument 'catkin_cmake_args' from command line to 'None'
[0.259s] Level 5:colcon.colcon_core.verb:set package 'gazebo_maritime' build argument 'catkin_skip_building_tests' from command line to 'False'
[0.259s] DEBUG:colcon.colcon_core.verb:Building package 'gazebo_maritime' with the following arguments: {'ament_cmake_args': None, 'build_base': '/home/antoni/gazebo_maritime_ws/build/gazebo_maritime', 'catkin_cmake_args': None, 'catkin_skip_building_tests': False, 'cmake_args': None, 'cmake_clean_cache': False, 'cmake_clean_first': False, 'cmake_force_configure': False, 'cmake_target': None, 'cmake_target_skip_unavailable': False, 'install_base': '/home/antoni/gazebo_maritime_ws/install', 'merge_install': True, 'path': '/home/antoni/gazebo_maritime_ws/src/gazebo_maritime', 'symlink_install': False, 'test_result_base': None}
[0.259s] Level 5:colcon.colcon_core.verb:set package 'propeller_controller' build argument 'cmake_args' from command line to 'None'
[0.259s] Level 5:colcon.colcon_core.verb:set package 'propeller_controller' build argument 'cmake_target' from command line to 'None'
[0.259s] Level 5:colcon.colcon_core.verb:set package 'propeller_controller' build argument 'cmake_target_skip_unavailable' from command line to 'False'
[0.259s] Level 5:colcon.colcon_core.verb:set package 'propeller_controller' build argument 'cmake_clean_cache' from command line to 'False'
[0.259s] Level 5:colcon.colcon_core.verb:set package 'propeller_controller' build argument 'cmake_clean_first' from command line to 'False'
[0.259s] Level 5:colcon.colcon_core.verb:set package 'propeller_controller' build argument 'cmake_force_configure' from command line to 'False'
[0.259s] Level 5:colcon.colcon_core.verb:set package 'propeller_controller' build argument 'ament_cmake_args' from command line to 'None'
[0.259s] Level 5:colcon.colcon_core.verb:set package 'propeller_controller' build argument 'catkin_cmake_args' from command line to 'None'
[0.259s] Level 5:colcon.colcon_core.verb:set package 'propeller_controller' build argument 'catkin_skip_building_tests' from command line to 'False'
[0.259s] DEBUG:colcon.colcon_core.verb:Building package 'propeller_controller' with the following arguments: {'ament_cmake_args': None, 'build_base': '/home/antoni/gazebo_maritime_ws/build/propeller_controller', 'catkin_cmake_args': None, 'catkin_skip_building_tests': False, 'cmake_args': None, 'cmake_clean_cache': False, 'cmake_clean_first': False, 'cmake_force_configure': False, 'cmake_target': None, 'cmake_target_skip_unavailable': False, 'install_base': '/home/antoni/gazebo_maritime_ws/install', 'merge_install': True, 'path': '/home/antoni/gazebo_maritime_ws/src/propeller_controller', 'symlink_install': False, 'test_result_base': None}
[0.260s] Level 5:colcon.colcon_core.verb:set package 'ros_gz_bridge_custom' build argument 'cmake_args' from command line to 'None'
[0.260s] Level 5:colcon.colcon_core.verb:set package 'ros_gz_bridge_custom' build argument 'cmake_target' from command line to 'None'
[0.260s] Level 5:colcon.colcon_core.verb:set package 'ros_gz_bridge_custom' build argument 'cmake_target_skip_unavailable' from command line to 'False'
[0.260s] Level 5:colcon.colcon_core.verb:set package 'ros_gz_bridge_custom' build argument 'cmake_clean_cache' from command line to 'False'
[0.260s] Level 5:colcon.colcon_core.verb:set package 'ros_gz_bridge_custom' build argument 'cmake_clean_first' from command line to 'False'
[0.260s] Level 5:colcon.colcon_core.verb:set package 'ros_gz_bridge_custom' build argument 'cmake_force_configure' from command line to 'False'
[0.260s] Level 5:colcon.colcon_core.verb:set package 'ros_gz_bridge_custom' build argument 'ament_cmake_args' from command line to 'None'
[0.260s] Level 5:colcon.colcon_core.verb:set package 'ros_gz_bridge_custom' build argument 'catkin_cmake_args' from command line to 'None'
[0.260s] Level 5:colcon.colcon_core.verb:set package 'ros_gz_bridge_custom' build argument 'catkin_skip_building_tests' from command line to 'False'
[0.260s] DEBUG:colcon.colcon_core.verb:Building package 'ros_gz_bridge_custom' with the following arguments: {'ament_cmake_args': None, 'build_base': '/home/antoni/gazebo_maritime_ws/build/ros_gz_bridge_custom', 'catkin_cmake_args': None, 'catkin_skip_building_tests': False, 'cmake_args': None, 'cmake_clean_cache': False, 'cmake_clean_first': False, 'cmake_force_configure': False, 'cmake_target': None, 'cmake_target_skip_unavailable': False, 'install_base': '/home/antoni/gazebo_maritime_ws/install', 'merge_install': True, 'path': '/home/antoni/gazebo_maritime_ws/src/ros_gz_bridge_custom', 'symlink_install': False, 'test_result_base': None}
[0.260s] INFO:colcon.colcon_core.executor:Executing jobs using 'parallel' executor
[0.261s] DEBUG:colcon.colcon_parallel_executor.executor.parallel:run_until_complete
[0.261s] INFO:colcon.colcon_ros.task.ament_python.build:Building ROS package in '/home/antoni/gazebo_maritime_ws/src/autopilot' with build type 'ament_python'
[0.261s] Level 1:colcon.colcon_core.shell:create_environment_hook('autopilot', 'ament_prefix_path')
[0.264s] INFO:colcon.colcon_core.plugin_system:Skipping extension 'colcon_core.shell.bat': Not used on non-Windows systems
[0.264s] INFO:colcon.colcon_core.shell:Creating environment hook '/home/antoni/gazebo_maritime_ws/install/share/autopilot/hook/ament_prefix_path.ps1'
[0.266s] INFO:colcon.colcon_core.shell:Creating environment descriptor '/home/antoni/gazebo_maritime_ws/install/share/autopilot/hook/ament_prefix_path.dsv'
[0.266s] INFO:colcon.colcon_core.shell:Creating environment hook '/home/antoni/gazebo_maritime_ws/install/share/autopilot/hook/ament_prefix_path.sh'
[0.268s] INFO:colcon.colcon_core.shell:Skip shell extension 'powershell' for command environment: Not usable outside of PowerShell
[0.268s] DEBUG:colcon.colcon_core.shell:Skip shell extension 'dsv' for command environment
[0.273s] INFO:colcon.colcon_cmake.task.cmake.build:Building CMake package in '/home/antoni/gazebo_maritime_ws/src/gazebo_maritime'
[0.274s] INFO:colcon.colcon_core.shell:Skip shell extension 'powershell' for command environment: Not usable outside of PowerShell
[0.274s] DEBUG:colcon.colcon_core.shell:Skip shell extension 'dsv' for command environment
[0.280s] INFO:colcon.colcon_ros.task.ament_python.build:Building ROS package in '/home/antoni/gazebo_maritime_ws/src/propeller_controller' with build type 'ament_python'
[0.280s] Level 1:colcon.colcon_core.shell:create_environment_hook('propeller_controller', 'ament_prefix_path')
[0.281s] INFO:colcon.colcon_core.shell:Creating environment hook '/home/antoni/gazebo_maritime_ws/install/share/propeller_controller/hook/ament_prefix_path.ps1'
[0.283s] INFO:colcon.colcon_core.shell:Creating environment descriptor '/home/antoni/gazebo_maritime_ws/install/share/propeller_controller/hook/ament_prefix_path.dsv'
[0.284s] INFO:colcon.colcon_core.shell:Creating environment hook '/home/antoni/gazebo_maritime_ws/install/share/propeller_controller/hook/ament_prefix_path.sh'
[0.285s] INFO:colcon.colcon_core.shell:Skip shell extension 'powershell' for command environment: Not usable outside of PowerShell
[0.286s] DEBUG:colcon.colcon_core.shell:Skip shell extension 'dsv' for command environment
[0.295s] INFO:colcon.colcon_ros.task.ament_python.build:Building ROS package in '/home/antoni/gazebo_maritime_ws/src/ros_gz_bridge_custom' with build type 'ament_python'
[0.296s] Level 1:colcon.colcon_core.shell:create_environment_hook('ros_gz_bridge_custom', 'ament_prefix_path')
[0.297s] INFO:colcon.colcon_core.shell:Creating environment hook '/home/antoni/gazebo_maritime_ws/install/share/ros_gz_bridge_custom/hook/ament_prefix_path.ps1'
[0.300s] INFO:colcon.colcon_core.shell:Creating environment descriptor '/home/antoni/gazebo_maritime_ws/install/share/ros_gz_bridge_custom/hook/ament_prefix_path.dsv'
[0.302s] INFO:colcon.colcon_core.shell:Creating environment hook '/home/antoni/gazebo_maritime_ws/install/share/ros_gz_bridge_custom/hook/ament_prefix_path.sh'
[0.304s] INFO:colcon.colcon_core.shell:Skip shell extension 'powershell' for command environment: Not usable outside of PowerShell
[0.304s] DEBUG:colcon.colcon_core.shell:Skip shell extension 'dsv' for command environment
[0.681s] INFO:colcon.colcon_core.task.python.build:Building Python package in '/home/antoni/gazebo_maritime_ws/src/autopilot'
[0.682s] INFO:colcon.colcon_core.shell:Skip shell extension 'powershell' for command environment: Not usable outside of PowerShell
[0.682s] DEBUG:colcon.colcon_core.shell:Skip shell extension 'dsv' for command environment
[0.708s] DEBUG:colcon.colcon_core.event_handler.log_command:Invoking command in '/home/antoni/gazebo_maritime_ws/build/gazebo_maritime': DEBUGINFOD_URLS=https://debuginfod.ubuntu.com /usr/bin/cmake --build /home/antoni/gazebo_maritime_ws/build/gazebo_maritime -- -j12 -l12
[1.236s] INFO:colcon.colcon_core.task.python.build:Building Python package in '/home/antoni/gazebo_maritime_ws/src/propeller_controller'
[1.237s] INFO:colcon.colcon_core.shell:Skip shell extension 'powershell' for command environment: Not usable outside of PowerShell
[1.237s] DEBUG:colcon.colcon_core.shell:Skip shell extension 'dsv' for command environment
[1.255s] DEBUG:colcon.colcon_core.event_handler.log_command:Invoked command in '/home/antoni/gazebo_maritime_ws/build/gazebo_maritime' returned '0': DEBUGINFOD_URLS=https://debuginfod.ubuntu.com /usr/bin/cmake --build /home/antoni/gazebo_maritime_ws/build/gazebo_maritime -- -j12 -l12
[1.286s] DEBUG:colcon.colcon_core.event_handler.log_command:Invoking command in '/home/antoni/gazebo_maritime_ws/build/gazebo_maritime': DEBUGINFOD_URLS=https://debuginfod.ubuntu.com /usr/bin/cmake --install /home/antoni/gazebo_maritime_ws/build/gazebo_maritime
[1.774s] INFO:colcon.colcon_core.task.python.build:Building Python package in '/home/antoni/gazebo_maritime_ws/src/ros_gz_bridge_custom'
[1.775s] INFO:colcon.colcon_core.shell:Skip shell extension 'powershell' for command environment: Not usable outside of PowerShell
[1.776s] DEBUG:colcon.colcon_core.shell:Skip shell extension 'dsv' for command environment
[1.813s] Level 1:colcon.colcon_core.environment:create_environment_scripts_only(gazebo_maritime)
[1.820s] DEBUG:colcon.colcon_core.event_handler.log_command:Invoked command in '/home/antoni/gazebo_maritime_ws/build/gazebo_maritime' returned '0': DEBUGINFOD_URLS=https://debuginfod.ubuntu.com /usr/bin/cmake --install /home/antoni/gazebo_maritime_ws/build/gazebo_maritime
[1.828s] Level 1:colcon.colcon_core.environment:checking '/home/antoni/gazebo_maritime_ws/install' for CMake module files
[1.829s] Level 1:colcon.colcon_core.environment:checking '/home/antoni/gazebo_maritime_ws/install' for CMake config files
[1.832s] Level 1:colcon.colcon_core.environment:checking '/home/antoni/gazebo_maritime_ws/install/lib'
[1.833s] Level 1:colcon.colcon_core.shell:create_environment_hook('gazebo_maritime', 'ld_library_path_lib')
[1.833s] INFO:colcon.colcon_core.shell:Creating environment hook '/home/antoni/gazebo_maritime_ws/install/share/gazebo_maritime/hook/ld_library_path_lib.ps1'
[1.834s] INFO:colcon.colcon_core.shell:Creating environment descriptor '/home/antoni/gazebo_maritime_ws/install/share/gazebo_maritime/hook/ld_library_path_lib.dsv'
[1.835s] INFO:colcon.colcon_core.shell:Creating environment hook '/home/antoni/gazebo_maritime_ws/install/share/gazebo_maritime/hook/ld_library_path_lib.sh'
[1.837s] Level 1:colcon.colcon_core.environment:checking '/home/antoni/gazebo_maritime_ws/install/bin'
[1.837s] Level 1:colcon.colcon_core.environment:checking '/home/antoni/gazebo_maritime_ws/install/lib/pkgconfig/gazebo_maritime.pc'
[1.837s] Level 1:colcon.colcon_core.environment:checking '/home/antoni/gazebo_maritime_ws/install/lib/python3.12/site-packages'
[1.837s] Level 1:colcon.colcon_core.shell:create_environment_hook('gazebo_maritime', 'pythonpath')
[1.838s] INFO:colcon.colcon_core.shell:Creating environment hook '/home/antoni/gazebo_maritime_ws/install/share/gazebo_maritime/hook/pythonpath.ps1'
[1.838s] INFO:colcon.colcon_core.shell:Creating environment descriptor '/home/antoni/gazebo_maritime_ws/install/share/gazebo_maritime/hook/pythonpath.dsv'
[1.840s] INFO:colcon.colcon_core.shell:Creating environment hook '/home/antoni/gazebo_maritime_ws/install/share/gazebo_maritime/hook/pythonpath.sh'
[1.841s] Level 1:colcon.colcon_core.environment:checking '/home/antoni/gazebo_maritime_ws/install/bin'
[1.842s] INFO:colcon.colcon_core.shell:Creating package script '/home/antoni/gazebo_maritime_ws/install/share/gazebo_maritime/package.ps1'
[1.843s] INFO:colcon.colcon_core.shell:Creating package descriptor '/home/antoni/gazebo_maritime_ws/install/share/gazebo_maritime/package.dsv'
[1.844s] INFO:colcon.colcon_core.shell:Creating package script '/home/antoni/gazebo_maritime_ws/install/share/gazebo_maritime/package.sh'
[1.846s] INFO:colcon.colcon_core.shell:Creating package script '/home/antoni/gazebo_maritime_ws/install/share/gazebo_maritime/package.bash'
[1.848s] INFO:colcon.colcon_core.shell:Creating package script '/home/antoni/gazebo_maritime_ws/install/share/gazebo_maritime/package.zsh'
[1.850s] Level 1:colcon.colcon_core.environment:create_file_with_runtime_dependencies(/home/antoni/gazebo_maritime_ws/install/share/colcon-core/packages/gazebo_maritime)
[2.712s] DEBUG:colcon.colcon_core.event_handler.log_command:Invoking command in '/home/antoni/gazebo_maritime_ws/src/propeller_controller': DEBUGINFOD_URLS=https://debuginfod.ubuntu.com PYTHONPATH=/home/antoni/gazebo_maritime_ws/build/propeller_controller/prefix_override:/usr/lib/python3/dist-packages/colcon_core/task/python/colcon_distutils_commands:/home/antoni/gazebo_maritime_ws/install/lib/python3.12/site-packages:${PYTHONPATH} /usr/bin/python3 -W ignore:setup.py install is deprecated -W ignore:easy_install command is deprecated setup.py egg_info --egg-base ../../build/propeller_controller build --build-base /home/antoni/gazebo_maritime_ws/build/propeller_controller/build install --record /home/antoni/gazebo_maritime_ws/build/propeller_controller/install.log --single-version-externally-managed install_data
[2.794s] DEBUG:colcon.colcon_core.event_handler.log_command:Invoking command in '/home/antoni/gazebo_maritime_ws/src/ros_gz_bridge_custom': DEBUGINFOD_URLS=https://debuginfod.ubuntu.com PYTHONPATH=/home/antoni/gazebo_maritime_ws/build/ros_gz_bridge_custom/prefix_override:/usr/lib/python3/dist-packages/colcon_core/task/python/colcon_distutils_commands:/home/antoni/gazebo_maritime_ws/install/lib/python3.12/site-packages:${PYTHONPATH} /usr/bin/python3 -W ignore:setup.py install is deprecated -W ignore:easy_install command is deprecated setup.py egg_info --egg-base ../../build/ros_gz_bridge_custom build --build-base /home/antoni/gazebo_maritime_ws/build/ros_gz_bridge_custom/build install --record /home/antoni/gazebo_maritime_ws/build/ros_gz_bridge_custom/install.log --single-version-externally-managed install_data
[2.929s] DEBUG:colcon.colcon_core.event_handler.log_command:Invoking command in '/home/antoni/gazebo_maritime_ws/src/autopilot': DEBUGINFOD_URLS=https://debuginfod.ubuntu.com PYTHONPATH=/home/antoni/gazebo_maritime_ws/build/autopilot/prefix_override:/usr/lib/python3/dist-packages/colcon_core/task/python/colcon_distutils_commands:/home/antoni/gazebo_maritime_ws/install/lib/python3.12/site-packages:${PYTHONPATH} /usr/bin/python3 -W ignore:setup.py install is deprecated -W ignore:easy_install command is deprecated setup.py egg_info --egg-base ../../build/autopilot build --build-base /home/antoni/gazebo_maritime_ws/build/autopilot/build install --record /home/antoni/gazebo_maritime_ws/build/autopilot/install.log --single-version-externally-managed install_data
[3.600s] Level 1:colcon.colcon_core.environment:checking '/home/antoni/gazebo_maritime_ws/install' for CMake module files
[3.601s] Level 1:colcon.colcon_core.environment:checking '/home/antoni/gazebo_maritime_ws/install' for CMake config files
[3.602s] DEBUG:colcon.colcon_core.event_handler.log_command:Invoked command in '/home/antoni/gazebo_maritime_ws/src/propeller_controller' returned '0': DEBUGINFOD_URLS=https://debuginfod.ubuntu.com PYTHONPATH=/home/antoni/gazebo_maritime_ws/build/propeller_controller/prefix_override:/usr/lib/python3/dist-packages/colcon_core/task/python/colcon_distutils_commands:/home/antoni/gazebo_maritime_ws/install/lib/python3.12/site-packages:${PYTHONPATH} /usr/bin/python3 -W ignore:setup.py install is deprecated -W ignore:easy_install command is deprecated setup.py egg_info --egg-base ../../build/propeller_controller build --build-base /home/antoni/gazebo_maritime_ws/build/propeller_controller/build install --record /home/antoni/gazebo_maritime_ws/build/propeller_controller/install.log --single-version-externally-managed install_data
[3.603s] Level 1:colcon.colcon_core.environment:checking '/home/antoni/gazebo_maritime_ws/install/lib'
[3.604s] Level 1:colcon.colcon_core.shell:create_environment_hook('propeller_controller', 'ld_library_path_lib')
[3.606s] INFO:colcon.colcon_core.shell:Creating environment hook '/home/antoni/gazebo_maritime_ws/install/share/propeller_controller/hook/ld_library_path_lib.ps1'
[3.608s] INFO:colcon.colcon_core.shell:Creating environment descriptor '/home/antoni/gazebo_maritime_ws/install/share/propeller_controller/hook/ld_library_path_lib.dsv'
[3.609s] INFO:colcon.colcon_core.shell:Creating environment hook '/home/antoni/gazebo_maritime_ws/install/share/propeller_controller/hook/ld_library_path_lib.sh'
[3.610s] Level 1:colcon.colcon_core.environment:checking '/home/antoni/gazebo_maritime_ws/install/bin'
[3.611s] Level 1:colcon.colcon_core.environment:checking '/home/antoni/gazebo_maritime_ws/install/lib/pkgconfig/propeller_controller.pc'
[3.611s] Level 1:colcon.colcon_core.environment:checking '/home/antoni/gazebo_maritime_ws/install/lib/python3.12/site-packages'
[3.612s] Level 1:colcon.colcon_core.shell:create_environment_hook('propeller_controller', 'pythonpath')
[3.612s] INFO:colcon.colcon_core.shell:Creating environment hook '/home/antoni/gazebo_maritime_ws/install/share/propeller_controller/hook/pythonpath.ps1'
[3.613s] INFO:colcon.colcon_core.shell:Creating environment descriptor '/home/antoni/gazebo_maritime_ws/install/share/propeller_controller/hook/pythonpath.dsv'
[3.615s] INFO:colcon.colcon_core.shell:Creating environment hook '/home/antoni/gazebo_maritime_ws/install/share/propeller_controller/hook/pythonpath.sh'
[3.617s] Level 1:colcon.colcon_core.environment:checking '/home/antoni/gazebo_maritime_ws/install/bin'
[3.618s] Level 1:colcon.colcon_core.environment:create_environment_scripts_only(propeller_controller)
[3.619s] INFO:colcon.colcon_core.shell:Creating package script '/home/antoni/gazebo_maritime_ws/install/share/propeller_controller/package.ps1'
[3.620s] INFO:colcon.colcon_core.shell:Creating package descriptor '/home/antoni/gazebo_maritime_ws/install/share/propeller_controller/package.dsv'
[3.621s] INFO:colcon.colcon_core.shell:Creating package script '/home/antoni/gazebo_maritime_ws/install/share/propeller_controller/package.sh'
[3.622s] INFO:colcon.colcon_core.shell:Creating package script '/home/antoni/gazebo_maritime_ws/install/share/propeller_controller/package.bash'
[3.622s] INFO:colcon.colcon_core.shell:Creating package script '/home/antoni/gazebo_maritime_ws/install/share/propeller_controller/package.zsh'
[3.623s] Level 1:colcon.colcon_core.environment:create_file_with_runtime_dependencies(/home/antoni/gazebo_maritime_ws/install/share/colcon-core/packages/propeller_controller)
[3.695s] Level 1:colcon.colcon_core.environment:checking '/home/antoni/gazebo_maritime_ws/install' for CMake module files
[3.697s] Level 1:colcon.colcon_core.environment:checking '/home/antoni/gazebo_maritime_ws/install' for CMake config files
[3.697s] DEBUG:colcon.colcon_core.event_handler.log_command:Invoked command in '/home/antoni/gazebo_maritime_ws/src/ros_gz_bridge_custom' returned '0': DEBUGINFOD_URLS=https://debuginfod.ubuntu.com PYTHONPATH=/home/antoni/gazebo_maritime_ws/build/ros_gz_bridge_custom/prefix_override:/usr/lib/python3/dist-packages/colcon_core/task/python/colcon_distutils_commands:/home/antoni/gazebo_maritime_ws/install/lib/python3.12/site-packages:${PYTHONPATH} /usr/bin/python3 -W ignore:setup.py install is deprecated -W ignore:easy_install command is deprecated setup.py egg_info --egg-base ../../build/ros_gz_bridge_custom build --build-base /home/antoni/gazebo_maritime_ws/build/ros_gz_bridge_custom/build install --record /home/antoni/gazebo_maritime_ws/build/ros_gz_bridge_custom/install.log --single-version-externally-managed install_data
[3.699s] Level 1:colcon.colcon_core.environment:checking '/home/antoni/gazebo_maritime_ws/install/lib'
[3.702s] Level 1:colcon.colcon_core.shell:create_environment_hook('ros_gz_bridge_custom', 'ld_library_path_lib')
[3.703s] INFO:colcon.colcon_core.shell:Creating environment hook '/home/antoni/gazebo_maritime_ws/install/share/ros_gz_bridge_custom/hook/ld_library_path_lib.ps1'
[3.704s] INFO:colcon.colcon_core.shell:Creating environment descriptor '/home/antoni/gazebo_maritime_ws/install/share/ros_gz_bridge_custom/hook/ld_library_path_lib.dsv'
[3.705s] INFO:colcon.colcon_core.shell:Creating environment hook '/home/antoni/gazebo_maritime_ws/install/share/ros_gz_bridge_custom/hook/ld_library_path_lib.sh'
[3.706s] Level 1:colcon.colcon_core.environment:checking '/home/antoni/gazebo_maritime_ws/install/bin'
[3.707s] Level 1:colcon.colcon_core.environment:checking '/home/antoni/gazebo_maritime_ws/install/lib/pkgconfig/ros_gz_bridge_custom.pc'
[3.707s] Level 1:colcon.colcon_core.environment:checking '/home/antoni/gazebo_maritime_ws/install/lib/python3.12/site-packages'
[3.707s] Level 1:colcon.colcon_core.shell:create_environment_hook('ros_gz_bridge_custom', 'pythonpath')
[3.708s] INFO:colcon.colcon_core.shell:Creating environment hook '/home/antoni/gazebo_maritime_ws/install/share/ros_gz_bridge_custom/hook/pythonpath.ps1'
[3.709s] INFO:colcon.colcon_core.shell:Creating environment descriptor '/home/antoni/gazebo_maritime_ws/install/share/ros_gz_bridge_custom/hook/pythonpath.dsv'
[3.709s] INFO:colcon.colcon_core.shell:Creating environment hook '/home/antoni/gazebo_maritime_ws/install/share/ros_gz_bridge_custom/hook/pythonpath.sh'
[3.710s] Level 1:colcon.colcon_core.environment:checking '/home/antoni/gazebo_maritime_ws/install/bin'
[3.710s] Level 1:colcon.colcon_core.environment:create_environment_scripts_only(ros_gz_bridge_custom)
[3.712s] INFO:colcon.colcon_core.shell:Creating package script '/home/antoni/gazebo_maritime_ws/install/share/ros_gz_bridge_custom/package.ps1'
[3.713s] INFO:colcon.colcon_core.shell:Creating package descriptor '/home/antoni/gazebo_maritime_ws/install/share/ros_gz_bridge_custom/package.dsv'
[3.715s] INFO:colcon.colcon_core.shell:Creating package script '/home/antoni/gazebo_maritime_ws/install/share/ros_gz_bridge_custom/package.sh'
[3.717s] INFO:colcon.colcon_core.shell:Creating package script '/home/antoni/gazebo_maritime_ws/install/share/ros_gz_bridge_custom/package.bash'
[3.717s] INFO:colcon.colcon_core.shell:Creating package script '/home/antoni/gazebo_maritime_ws/install/share/ros_gz_bridge_custom/package.zsh'
[3.718s] Level 1:colcon.colcon_core.environment:create_file_with_runtime_dependencies(/home/antoni/gazebo_maritime_ws/install/share/colcon-core/packages/ros_gz_bridge_custom)
[3.768s] Level 1:colcon.colcon_core.environment:checking '/home/antoni/gazebo_maritime_ws/install' for CMake module files
[3.769s] DEBUG:colcon.colcon_core.event_handler.log_command:Invoked command in '/home/antoni/gazebo_maritime_ws/src/autopilot' returned '0': DEBUGINFOD_URLS=https://debuginfod.ubuntu.com PYTHONPATH=/home/antoni/gazebo_maritime_ws/build/autopilot/prefix_override:/usr/lib/python3/dist-packages/colcon_core/task/python/colcon_distutils_commands:/home/antoni/gazebo_maritime_ws/install/lib/python3.12/site-packages:${PYTHONPATH} /usr/bin/python3 -W ignore:setup.py install is deprecated -W ignore:easy_install command is deprecated setup.py egg_info --egg-base ../../build/autopilot build --build-base /home/antoni/gazebo_maritime_ws/build/autopilot/build install --record /home/antoni/gazebo_maritime_ws/build/autopilot/install.log --single-version-externally-managed install_data
[3.769s] Level 1:colcon.colcon_core.environment:checking '/home/antoni/gazebo_maritime_ws/install' for CMake config files
[3.771s] Level 1:colcon.colcon_core.environment:checking '/home/antoni/gazebo_maritime_ws/install/lib'
[3.771s] Level 1:colcon.colcon_core.shell:create_environment_hook('autopilot', 'ld_library_path_lib')
[3.771s] INFO:colcon.colcon_core.shell:Creating environment hook '/home/antoni/gazebo_maritime_ws/install/share/autopilot/hook/ld_library_path_lib.ps1'
[3.772s] INFO:colcon.colcon_core.shell:Creating environment descriptor '/home/antoni/gazebo_maritime_ws/install/share/autopilot/hook/ld_library_path_lib.dsv'
[3.773s] INFO:colcon.colcon_core.shell:Creating environment hook '/home/antoni/gazebo_maritime_ws/install/share/autopilot/hook/ld_library_path_lib.sh'
[3.774s] Level 1:colcon.colcon_core.environment:checking '/home/antoni/gazebo_maritime_ws/install/bin'
[3.774s] Level 1:colcon.colcon_core.environment:checking '/home/antoni/gazebo_maritime_ws/install/lib/pkgconfig/autopilot.pc'
[3.774s] Level 1:colcon.colcon_core.environment:checking '/home/antoni/gazebo_maritime_ws/install/lib/python3.12/site-packages'
[3.775s] Level 1:colcon.colcon_core.shell:create_environment_hook('autopilot', 'pythonpath')
[3.775s] INFO:colcon.colcon_core.shell:Creating environment hook '/home/antoni/gazebo_maritime_ws/install/share/autopilot/hook/pythonpath.ps1'
[3.776s] INFO:colcon.colcon_core.shell:Creating environment descriptor '/home/antoni/gazebo_maritime_ws/install/share/autopilot/hook/pythonpath.dsv'
[3.777s] INFO:colcon.colcon_core.shell:Creating environment hook '/home/antoni/gazebo_maritime_ws/install/share/autopilot/hook/pythonpath.sh'
[3.779s] Level 1:colcon.colcon_core.environment:checking '/home/antoni/gazebo_maritime_ws/install/bin'
[3.779s] Level 1:colcon.colcon_core.environment:create_environment_scripts_only(autopilot)
[3.780s] INFO:colcon.colcon_core.shell:Creating package script '/home/antoni/gazebo_maritime_ws/install/share/autopilot/package.ps1'
[3.780s] INFO:colcon.colcon_core.shell:Creating package descriptor '/home/antoni/gazebo_maritime_ws/install/share/autopilot/package.dsv'
[3.781s] INFO:colcon.colcon_core.shell:Creating package script '/home/antoni/gazebo_maritime_ws/install/share/autopilot/package.sh'
[3.782s] INFO:colcon.colcon_core.shell:Creating package script '/home/antoni/gazebo_maritime_ws/install/share/autopilot/package.bash'
[3.782s] INFO:colcon.colcon_core.shell:Creating package script '/home/antoni/gazebo_maritime_ws/install/share/autopilot/package.zsh'
[3.783s] Level 1:colcon.colcon_core.environment:create_file_with_runtime_dependencies(/home/antoni/gazebo_maritime_ws/install/share/colcon-core/packages/autopilot)
[3.783s] DEBUG:colcon.colcon_parallel_executor.executor.parallel:closing loop
[3.783s] DEBUG:colcon.colcon_parallel_executor.executor.parallel:loop closed
[3.784s] DEBUG:colcon.colcon_parallel_executor.executor.parallel:run_until_complete finished with '0'
[3.784s] DEBUG:colcon.colcon_core.event_reactor:joining thread
[3.795s] INFO:colcon.colcon_core.plugin_system:Skipping extension 'colcon_notification.desktop_notification.terminal_notifier': Not used on non-Darwin systems
[3.796s] INFO:colcon.colcon_core.plugin_system:Skipping extension 'colcon_notification.desktop_notification.win32': Not used on non-Windows systems
[3.796s] INFO:colcon.colcon_notification.desktop_notification:Sending desktop notification using 'notify2'
[3.817s] DEBUG:colcon.colcon_core.event_reactor:joined thread
[3.818s] INFO:colcon.colcon_core.shell:Creating prefix script '/home/antoni/gazebo_maritime_ws/install/local_setup.ps1'
[3.819s] INFO:colcon.colcon_core.shell:Creating prefix util module '/home/antoni/gazebo_maritime_ws/install/_local_setup_util_ps1.py'
[3.821s] INFO:colcon.colcon_core.shell:Creating prefix chain script '/home/antoni/gazebo_maritime_ws/install/setup.ps1'
[3.823s] INFO:colcon.colcon_core.shell:Creating prefix script '/home/antoni/gazebo_maritime_ws/install/local_setup.sh'
[3.824s] INFO:colcon.colcon_core.shell:Creating prefix util module '/home/antoni/gazebo_maritime_ws/install/_local_setup_util_sh.py'
[3.825s] INFO:colcon.colcon_core.shell:Creating prefix chain script '/home/antoni/gazebo_maritime_ws/install/setup.sh'
[3.826s] INFO:colcon.colcon_core.shell:Creating prefix script '/home/antoni/gazebo_maritime_ws/install/local_setup.bash'
[3.826s] INFO:colcon.colcon_core.shell:Creating prefix chain script '/home/antoni/gazebo_maritime_ws/install/setup.bash'
[3.827s] INFO:colcon.colcon_core.shell:Creating prefix script '/home/antoni/gazebo_maritime_ws/install/local_setup.zsh'
[3.827s] INFO:colcon.colcon_core.shell:Creating prefix chain script '/home/antoni/gazebo_maritime_ws/install/setup.zsh'
