[3.279s] Invoking command in '/home/antoni/gazebo_maritime_ws/src/research': DEBUGINFOD_URLS=https://debuginfod.ubuntu.com PYTHONPATH=/home/antoni/gazebo_maritime_ws/build/research/prefix_override:/usr/lib/python3/dist-packages/colcon_core/task/python/colcon_distutils_commands:/home/antoni/gazebo_maritime_ws/install/lib/python3.12/site-packages:${PYTHONPATH} /usr/bin/python3 -W ignore:setup.py install is deprecated -W ignore:easy_install command is deprecated setup.py egg_info --egg-base ../../build/research build --build-base /home/antoni/gazebo_maritime_ws/build/research/build install --record /home/antoni/gazebo_maritime_ws/build/research/install.log --single-version-externally-managed install_data
[3.768s] running egg_info
[3.814s] writing ../../build/research/research.egg-info/PKG-INFO
[3.815s] writing dependency_links to ../../build/research/research.egg-info/dependency_links.txt
[3.816s] writing entry points to ../../build/research/research.egg-info/entry_points.txt
[3.816s] writing requirements to ../../build/research/research.egg-info/requires.txt
[3.816s] writing top-level names to ../../build/research/research.egg-info/top_level.txt
[3.900s] reading manifest file '../../build/research/research.egg-info/SOURCES.txt'
[3.904s] writing manifest file '../../build/research/research.egg-info/SOURCES.txt'
[3.905s] running build
[3.905s] running build_py
[3.905s] running install
[3.918s] running install_lib
[3.953s] running install_data
[3.953s] running install_egg_info
[3.993s] removing '/home/antoni/gazebo_maritime_ws/install/lib/python3.12/site-packages/research-0.0.0-py3.12.egg-info' (and everything under it)
[3.994s] Copying ../../build/research/research.egg-info to /home/antoni/gazebo_maritime_ws/install/lib/python3.12/site-packages/research-0.0.0-py3.12.egg-info
[3.994s] running install_scripts
[4.344s] Installing analize_position_error script to /home/antoni/gazebo_maritime_ws/install/lib/research
[4.344s] Installing position_error script to /home/antoni/gazebo_maritime_ws/install/lib/research
[4.345s] Installing rosbag_compare script to /home/antoni/gazebo_maritime_ws/install/lib/research
[4.345s] writing list of installed files to '/home/antoni/gazebo_maritime_ws/build/research/install.log'
[4.527s] Invoked command in '/home/antoni/gazebo_maritime_ws/src/research' returned '0': DEBUGINFOD_URLS=https://debuginfod.ubuntu.com PYTHONPATH=/home/antoni/gazebo_maritime_ws/build/research/prefix_override:/usr/lib/python3/dist-packages/colcon_core/task/python/colcon_distutils_commands:/home/antoni/gazebo_maritime_ws/install/lib/python3.12/site-packages:${PYTHONPATH} /usr/bin/python3 -W ignore:setup.py install is deprecated -W ignore:easy_install command is deprecated setup.py egg_info --egg-base ../../build/research build --build-base /home/antoni/gazebo_maritime_ws/build/research/build install --record /home/antoni/gazebo_maritime_ws/build/research/install.log --single-version-externally-managed install_data
