[2.964s] Invoking command in '/home/antoni/gazebo_maritime_ws/src/autopilot': DEBUGINFOD_URLS=https://debuginfod.ubuntu.com PYTHONPATH=/home/antoni/gazebo_maritime_ws/build/autopilot/prefix_override:/usr/lib/python3/dist-packages/colcon_core/task/python/colcon_distutils_commands:/home/antoni/gazebo_maritime_ws/install/lib/python3.12/site-packages:${PYTHONPATH} /usr/bin/python3 -W ignore:setup.py install is deprecated -W ignore:easy_install command is deprecated setup.py egg_info --egg-base ../../build/autopilot build --build-base /home/antoni/gazebo_maritime_ws/build/autopilot/build install --record /home/antoni/gazebo_maritime_ws/build/autopilot/install.log --single-version-externally-managed install_data
[3.562s] running egg_info
[3.605s] writing ../../build/autopilot/autopilot.egg-info/PKG-INFO
[3.608s] writing dependency_links to ../../build/autopilot/autopilot.egg-info/dependency_links.txt
[3.609s] writing entry points to ../../build/autopilot/autopilot.egg-info/entry_points.txt
[3.609s] writing requirements to ../../build/autopilot/autopilot.egg-info/requires.txt
[3.609s] writing top-level names to ../../build/autopilot/autopilot.egg-info/top_level.txt
[3.686s] reading manifest file '../../build/autopilot/autopilot.egg-info/SOURCES.txt'
[3.687s] writing manifest file '../../build/autopilot/autopilot.egg-info/SOURCES.txt'
[3.687s] running build
[3.688s] running build_py
[3.688s] copying autopilot/los.py -> /home/antoni/gazebo_maritime_ws/build/autopilot/build/lib/autopilot
[3.691s] running install
[3.702s] running install_lib
[3.748s] copying /home/antoni/gazebo_maritime_ws/build/autopilot/build/lib/autopilot/los.py -> /home/antoni/gazebo_maritime_ws/install/lib/python3.12/site-packages/autopilot
[3.750s] byte-compiling /home/antoni/gazebo_maritime_ws/install/lib/python3.12/site-packages/autopilot/los.py to los.cpython-312.pyc
[3.762s] running install_data
[3.762s] running install_egg_info
[3.814s] removing '/home/antoni/gazebo_maritime_ws/install/lib/python3.12/site-packages/autopilot-0.0.0-py3.12.egg-info' (and everything under it)
[3.815s] Copying ../../build/autopilot/autopilot.egg-info to /home/antoni/gazebo_maritime_ws/install/lib/python3.12/site-packages/autopilot-0.0.0-py3.12.egg-info
[3.821s] running install_scripts
[4.155s] Installing add_markers script to /home/antoni/gazebo_maritime_ws/install/lib/autopilot
[4.155s] Installing azimuth script to /home/antoni/gazebo_maritime_ws/install/lib/autopilot
[4.155s] Installing checkpoints script to /home/antoni/gazebo_maritime_ws/install/lib/autopilot
[4.155s] Installing compass script to /home/antoni/gazebo_maritime_ws/install/lib/autopilot
[4.155s] Installing kalman script to /home/antoni/gazebo_maritime_ws/install/lib/autopilot
[4.155s] Installing los script to /home/antoni/gazebo_maritime_ws/install/lib/autopilot
[4.156s] writing list of installed files to '/home/antoni/gazebo_maritime_ws/build/autopilot/install.log'
[4.291s] Invoked command in '/home/antoni/gazebo_maritime_ws/src/autopilot' returned '0': DEBUGINFOD_URLS=https://debuginfod.ubuntu.com PYTHONPATH=/home/antoni/gazebo_maritime_ws/build/autopilot/prefix_override:/usr/lib/python3/dist-packages/colcon_core/task/python/colcon_distutils_commands:/home/antoni/gazebo_maritime_ws/install/lib/python3.12/site-packages:${PYTHONPATH} /usr/bin/python3 -W ignore:setup.py install is deprecated -W ignore:easy_install command is deprecated setup.py egg_info --egg-base ../../build/autopilot build --build-base /home/antoni/gazebo_maritime_ws/build/autopilot/build install --record /home/antoni/gazebo_maritime_ws/build/autopilot/install.log --single-version-externally-managed install_data
