[3.717s] Invoking command in '/home/antoni/gazebo_maritime_ws/src/research': DEBUGINFOD_URLS=https://debuginfod.ubuntu.com PYTHONPATH=/home/antoni/gazebo_maritime_ws/build/research/prefix_override:/usr/lib/python3/dist-packages/colcon_core/task/python/colcon_distutils_commands:/home/antoni/gazebo_maritime_ws/install/lib/python3.12/site-packages:${PYTHONPATH} /usr/bin/python3 -W ignore:setup.py install is deprecated -W ignore:easy_install command is deprecated setup.py egg_info --egg-base ../../build/research build --build-base /home/antoni/gazebo_maritime_ws/build/research/build install --record /home/antoni/gazebo_maritime_ws/build/research/install.log --single-version-externally-managed install_data
[4.389s] running egg_info
[4.435s] writing ../../build/research/research.egg-info/PKG-INFO
[4.437s] writing dependency_links to ../../build/research/research.egg-info/dependency_links.txt
[4.437s] writing entry points to ../../build/research/research.egg-info/entry_points.txt
[4.437s] writing requirements to ../../build/research/research.egg-info/requires.txt
[4.437s] writing top-level names to ../../build/research/research.egg-info/top_level.txt
[4.529s] reading manifest file '../../build/research/research.egg-info/SOURCES.txt'
[4.529s] writing manifest file '../../build/research/research.egg-info/SOURCES.txt'
[4.529s] running build
[4.530s] running build_py
[4.530s] running install
[4.544s] running install_lib
[4.587s] running install_data
[4.587s] running install_egg_info
[4.638s] removing '/home/antoni/gazebo_maritime_ws/install/lib/python3.12/site-packages/research-0.0.0-py3.12.egg-info' (and everything under it)
[4.638s] Copying ../../build/research/research.egg-info to /home/antoni/gazebo_maritime_ws/install/lib/python3.12/site-packages/research-0.0.0-py3.12.egg-info
[4.640s] running install_scripts
[4.963s] Installing analize_position_error script to /home/antoni/gazebo_maritime_ws/install/lib/research
[4.964s] Installing position_error script to /home/antoni/gazebo_maritime_ws/install/lib/research
[4.964s] Installing rosbag_compare script to /home/antoni/gazebo_maritime_ws/install/lib/research
[4.966s] writing list of installed files to '/home/antoni/gazebo_maritime_ws/build/research/install.log'
[5.143s] Invoked command in '/home/antoni/gazebo_maritime_ws/src/research' returned '0': DEBUGINFOD_URLS=https://debuginfod.ubuntu.com PYTHONPATH=/home/antoni/gazebo_maritime_ws/build/research/prefix_override:/usr/lib/python3/dist-packages/colcon_core/task/python/colcon_distutils_commands:/home/antoni/gazebo_maritime_ws/install/lib/python3.12/site-packages:${PYTHONPATH} /usr/bin/python3 -W ignore:setup.py install is deprecated -W ignore:easy_install command is deprecated setup.py egg_info --egg-base ../../build/research build --build-base /home/antoni/gazebo_maritime_ws/build/research/build install --record /home/antoni/gazebo_maritime_ws/build/research/install.log --single-version-externally-managed install_data
