[4.139s] Invoking command in '/home/antoni/gazebo_maritime_ws/src/autopilot': DEBUGINFOD_URLS=https://debuginfod.ubuntu.com PYTHONPATH=/home/antoni/gazebo_maritime_ws/build/autopilot/prefix_override:/usr/lib/python3/dist-packages/colcon_core/task/python/colcon_distutils_commands:/home/antoni/gazebo_maritime_ws/install/lib/python3.12/site-packages:${PYTHONPATH} /usr/bin/python3 -W ignore:setup.py install is deprecated -W ignore:easy_install command is deprecated setup.py egg_info --egg-base ../../build/autopilot build --build-base /home/antoni/gazebo_maritime_ws/build/autopilot/build install --record /home/antoni/gazebo_maritime_ws/build/autopilot/install.log --single-version-externally-managed install_data
[4.732s] running egg_info
[4.778s] writing ../../build/autopilot/autopilot.egg-info/PKG-INFO
[4.782s] writing dependency_links to ../../build/autopilot/autopilot.egg-info/dependency_links.txt
[4.785s] writing entry points to ../../build/autopilot/autopilot.egg-info/entry_points.txt
[4.787s] writing requirements to ../../build/autopilot/autopilot.egg-info/requires.txt
[4.787s] writing top-level names to ../../build/autopilot/autopilot.egg-info/top_level.txt
[4.882s] reading manifest file '../../build/autopilot/autopilot.egg-info/SOURCES.txt'
[4.890s] writing manifest file '../../build/autopilot/autopilot.egg-info/SOURCES.txt'
[4.891s] running build
[4.891s] running build_py
[4.891s] copying autopilot/los.py -> /home/antoni/gazebo_maritime_ws/build/autopilot/build/lib/autopilot
[4.891s] running install
[4.897s] running install_lib
[4.938s] copying /home/antoni/gazebo_maritime_ws/build/autopilot/build/lib/autopilot/los.py -> /home/antoni/gazebo_maritime_ws/install/lib/python3.12/site-packages/autopilot
[4.944s] byte-compiling /home/antoni/gazebo_maritime_ws/install/lib/python3.12/site-packages/autopilot/los.py to los.cpython-312.pyc
[4.949s] running install_data
[4.949s] running install_egg_info
[4.988s] removing '/home/antoni/gazebo_maritime_ws/install/lib/python3.12/site-packages/autopilot-0.0.0-py3.12.egg-info' (and everything under it)
[4.993s] Copying ../../build/autopilot/autopilot.egg-info to /home/antoni/gazebo_maritime_ws/install/lib/python3.12/site-packages/autopilot-0.0.0-py3.12.egg-info
[4.993s] running install_scripts
[5.287s] Installing add_markers script to /home/antoni/gazebo_maritime_ws/install/lib/autopilot
[5.288s] Installing azimuth script to /home/antoni/gazebo_maritime_ws/install/lib/autopilot
[5.289s] Installing checkpoints script to /home/antoni/gazebo_maritime_ws/install/lib/autopilot
[5.290s] Installing compass script to /home/antoni/gazebo_maritime_ws/install/lib/autopilot
[5.291s] Installing kalman script to /home/antoni/gazebo_maritime_ws/install/lib/autopilot
[5.292s] Installing los script to /home/antoni/gazebo_maritime_ws/install/lib/autopilot
[5.292s] writing list of installed files to '/home/antoni/gazebo_maritime_ws/build/autopilot/install.log'
[5.468s] Invoked command in '/home/antoni/gazebo_maritime_ws/src/autopilot' returned '0': DEBUGINFOD_URLS=https://debuginfod.ubuntu.com PYTHONPATH=/home/antoni/gazebo_maritime_ws/build/autopilot/prefix_override:/usr/lib/python3/dist-packages/colcon_core/task/python/colcon_distutils_commands:/home/antoni/gazebo_maritime_ws/install/lib/python3.12/site-packages:${PYTHONPATH} /usr/bin/python3 -W ignore:setup.py install is deprecated -W ignore:easy_install command is deprecated setup.py egg_info --egg-base ../../build/autopilot build --build-base /home/antoni/gazebo_maritime_ws/build/autopilot/build install --record /home/antoni/gazebo_maritime_ws/build/autopilot/install.log --single-version-externally-managed install_data
