[3.907s] Invoking command in '/home/antoni/gazebo_maritime_ws/src/research': DEBUGINFOD_URLS=https://debuginfod.ubuntu.com PYTHONPATH=/home/antoni/gazebo_maritime_ws/build/research/prefix_override:/usr/lib/python3/dist-packages/colcon_core/task/python/colcon_distutils_commands:/home/antoni/gazebo_maritime_ws/install/lib/python3.12/site-packages:${PYTHONPATH} /usr/bin/python3 -W ignore:setup.py install is deprecated -W ignore:easy_install command is deprecated setup.py egg_info --egg-base ../../build/research build --build-base /home/antoni/gazebo_maritime_ws/build/research/build install --record /home/antoni/gazebo_maritime_ws/build/research/install.log --single-version-externally-managed install_data
[4.302s] running egg_info
[4.328s] writing ../../build/research/research.egg-info/PKG-INFO
[4.329s] writing dependency_links to ../../build/research/research.egg-info/dependency_links.txt
[4.330s] writing entry points to ../../build/research/research.egg-info/entry_points.txt
[4.330s] writing requirements to ../../build/research/research.egg-info/requires.txt
[4.331s] writing top-level names to ../../build/research/research.egg-info/top_level.txt
[4.370s] reading manifest file '../../build/research/research.egg-info/SOURCES.txt'
[4.372s] writing manifest file '../../build/research/research.egg-info/SOURCES.txt'
[4.372s] running build
[4.373s] running build_py
[4.373s] copying research/analize_position_error.py -> /home/antoni/gazebo_maritime_ws/build/research/build/lib/research
[4.376s] running install
[4.384s] running install_lib
[4.413s] copying /home/antoni/gazebo_maritime_ws/build/research/build/lib/research/analize_position_error.py -> /home/antoni/gazebo_maritime_ws/install/lib/python3.12/site-packages/research
[4.414s] byte-compiling /home/antoni/gazebo_maritime_ws/install/lib/python3.12/site-packages/research/analize_position_error.py to analize_position_error.cpython-312.pyc
[4.415s] running install_data
[4.415s] running install_egg_info
[4.450s] removing '/home/antoni/gazebo_maritime_ws/install/lib/python3.12/site-packages/research-0.0.0-py3.12.egg-info' (and everything under it)
[4.450s] Copying ../../build/research/research.egg-info to /home/antoni/gazebo_maritime_ws/install/lib/python3.12/site-packages/research-0.0.0-py3.12.egg-info
[4.451s] running install_scripts
[4.743s] Installing analize_position_error script to /home/antoni/gazebo_maritime_ws/install/lib/research
[4.743s] Installing position_error script to /home/antoni/gazebo_maritime_ws/install/lib/research
[4.744s] writing list of installed files to '/home/antoni/gazebo_maritime_ws/build/research/install.log'
[4.842s] Invoked command in '/home/antoni/gazebo_maritime_ws/src/research' returned '0': DEBUGINFOD_URLS=https://debuginfod.ubuntu.com PYTHONPATH=/home/antoni/gazebo_maritime_ws/build/research/prefix_override:/usr/lib/python3/dist-packages/colcon_core/task/python/colcon_distutils_commands:/home/antoni/gazebo_maritime_ws/install/lib/python3.12/site-packages:${PYTHONPATH} /usr/bin/python3 -W ignore:setup.py install is deprecated -W ignore:easy_install command is deprecated setup.py egg_info --egg-base ../../build/research build --build-base /home/antoni/gazebo_maritime_ws/build/research/build install --record /home/antoni/gazebo_maritime_ws/build/research/install.log --single-version-externally-managed install_data
