[1.396s] Invoking command in '/home/antoni/gazebo_maritime_ws/src/research': DEBUGINFOD_URLS=https://debuginfod.ubuntu.com PYTHONPATH=/home/antoni/gazebo_maritime_ws/build/research/prefix_override:/usr/lib/python3/dist-packages/colcon_core/task/python/colcon_distutils_commands:/home/antoni/gazebo_maritime_ws/install/lib/python3.12/site-packages:${PYTHONPATH} /usr/bin/python3 -W ignore:setup.py install is deprecated -W ignore:easy_install command is deprecated setup.py egg_info --egg-base ../../build/research build --build-base /home/antoni/gazebo_maritime_ws/build/research/build install --record /home/antoni/gazebo_maritime_ws/build/research/install.log --single-version-externally-managed install_data
[1.666s] running egg_info
[1.691s] writing ../../build/research/research.egg-info/PKG-INFO
[1.691s] writing dependency_links to ../../build/research/research.egg-info/dependency_links.txt
[1.691s] writing entry points to ../../build/research/research.egg-info/entry_points.txt
[1.692s] writing requirements to ../../build/research/research.egg-info/requires.txt
[1.692s] writing top-level names to ../../build/research/research.egg-info/top_level.txt
[1.742s] reading manifest file '../../build/research/research.egg-info/SOURCES.txt'
[1.743s] writing manifest file '../../build/research/research.egg-info/SOURCES.txt'
[1.743s] running build
[1.743s] running build_py
[1.743s] running install
[1.750s] running install_lib
[1.776s] running install_data
[1.776s] running install_egg_info
[1.803s] removing '/home/antoni/gazebo_maritime_ws/install/lib/python3.12/site-packages/research-0.0.0-py3.12.egg-info' (and everything under it)
[1.803s] Copying ../../build/research/research.egg-info to /home/antoni/gazebo_maritime_ws/install/lib/python3.12/site-packages/research-0.0.0-py3.12.egg-info
[1.804s] running install_scripts
[1.982s] Installing analize_position_error script to /home/antoni/gazebo_maritime_ws/install/lib/research
[1.983s] Installing position_error script to /home/antoni/gazebo_maritime_ws/install/lib/research
[1.983s] writing list of installed files to '/home/antoni/gazebo_maritime_ws/build/research/install.log'
[2.020s] Invoked command in '/home/antoni/gazebo_maritime_ws/src/research' returned '0': DEBUGINFOD_URLS=https://debuginfod.ubuntu.com PYTHONPATH=/home/antoni/gazebo_maritime_ws/build/research/prefix_override:/usr/lib/python3/dist-packages/colcon_core/task/python/colcon_distutils_commands:/home/antoni/gazebo_maritime_ws/install/lib/python3.12/site-packages:${PYTHONPATH} /usr/bin/python3 -W ignore:setup.py install is deprecated -W ignore:easy_install command is deprecated setup.py egg_info --egg-base ../../build/research build --build-base /home/antoni/gazebo_maritime_ws/build/research/build install --record /home/antoni/gazebo_maritime_ws/build/research/install.log --single-version-externally-managed install_data
