[3.016s] Invoking command in '/home/antoni/gazebo_maritime_ws/src/research': DEBUGINFOD_URLS=https://debuginfod.ubuntu.com PYTHONPATH=/home/antoni/gazebo_maritime_ws/build/research/prefix_override:/usr/lib/python3/dist-packages/colcon_core/task/python/colcon_distutils_commands:/home/antoni/gazebo_maritime_ws/install/lib/python3.12/site-packages:${PYTHONPATH} /usr/bin/python3 -W ignore:setup.py install is deprecated -W ignore:easy_install command is deprecated setup.py egg_info --egg-base ../../build/research build --build-base /home/antoni/gazebo_maritime_ws/build/research/build install --record /home/antoni/gazebo_maritime_ws/build/research/install.log --single-version-externally-managed install_data
[3.370s] running egg_info
[3.397s] writing ../../build/research/research.egg-info/PKG-INFO
[3.397s] writing dependency_links to ../../build/research/research.egg-info/dependency_links.txt
[3.397s] writing entry points to ../../build/research/research.egg-info/entry_points.txt
[3.397s] writing requirements to ../../build/research/research.egg-info/requires.txt
[3.398s] writing top-level names to ../../build/research/research.egg-info/top_level.txt
[3.454s] reading manifest file '../../build/research/research.egg-info/SOURCES.txt'
[3.457s] writing manifest file '../../build/research/research.egg-info/SOURCES.txt'
[3.457s] running build
[3.457s] running build_py
[3.458s] running install
[3.467s] running install_lib
[3.498s] running install_data
[3.499s] running install_egg_info
[3.530s] removing '/home/antoni/gazebo_maritime_ws/install/lib/python3.12/site-packages/research-0.0.0-py3.12.egg-info' (and everything under it)
[3.530s] Copying ../../build/research/research.egg-info to /home/antoni/gazebo_maritime_ws/install/lib/python3.12/site-packages/research-0.0.0-py3.12.egg-info
[3.532s] running install_scripts
[3.723s] Installing analize_position_error script to /home/antoni/gazebo_maritime_ws/install/lib/research
[3.724s] Installing position_error script to /home/antoni/gazebo_maritime_ws/install/lib/research
[3.725s] writing list of installed files to '/home/antoni/gazebo_maritime_ws/build/research/install.log'
[3.852s] Invoked command in '/home/antoni/gazebo_maritime_ws/src/research' returned '0': DEBUGINFOD_URLS=https://debuginfod.ubuntu.com PYTHONPATH=/home/antoni/gazebo_maritime_ws/build/research/prefix_override:/usr/lib/python3/dist-packages/colcon_core/task/python/colcon_distutils_commands:/home/antoni/gazebo_maritime_ws/install/lib/python3.12/site-packages:${PYTHONPATH} /usr/bin/python3 -W ignore:setup.py install is deprecated -W ignore:easy_install command is deprecated setup.py egg_info --egg-base ../../build/research build --build-base /home/antoni/gazebo_maritime_ws/build/research/build install --record /home/antoni/gazebo_maritime_ws/build/research/install.log --single-version-externally-managed install_data
