[3.471s] Invoking command in '/home/antoni/gazebo_maritime_ws/src/autopilot': DEBUGINFOD_URLS=https://debuginfod.ubuntu.com PYTHONPATH=/home/antoni/gazebo_maritime_ws/build/autopilot/prefix_override:/usr/lib/python3/dist-packages/colcon_core/task/python/colcon_distutils_commands:/home/antoni/gazebo_maritime_ws/install/lib/python3.12/site-packages:${PYTHONPATH} /usr/bin/python3 -W ignore:setup.py install is deprecated -W ignore:easy_install command is deprecated setup.py egg_info --egg-base ../../build/autopilot build --build-base /home/antoni/gazebo_maritime_ws/build/autopilot/build install --record /home/antoni/gazebo_maritime_ws/build/autopilot/install.log --single-version-externally-managed install_data
[3.973s] running egg_info
[4.006s] writing ../../build/autopilot/autopilot.egg-info/PKG-INFO
[4.006s] writing dependency_links to ../../build/autopilot/autopilot.egg-info/dependency_links.txt
[4.006s] writing entry points to ../../build/autopilot/autopilot.egg-info/entry_points.txt
[4.007s] writing requirements to ../../build/autopilot/autopilot.egg-info/requires.txt
[4.007s] writing top-level names to ../../build/autopilot/autopilot.egg-info/top_level.txt
[4.080s] reading manifest file '../../build/autopilot/autopilot.egg-info/SOURCES.txt'
[4.083s] writing manifest file '../../build/autopilot/autopilot.egg-info/SOURCES.txt'
[4.084s] running build
[4.084s] running build_py
[4.086s] copying autopilot/los.py -> /home/antoni/gazebo_maritime_ws/build/autopilot/build/lib/autopilot
[4.089s] running install
[4.096s] running install_lib
[4.131s] copying /home/antoni/gazebo_maritime_ws/build/autopilot/build/lib/autopilot/los.py -> /home/antoni/gazebo_maritime_ws/install/lib/python3.12/site-packages/autopilot
[4.136s] byte-compiling /home/antoni/gazebo_maritime_ws/install/lib/python3.12/site-packages/autopilot/los.py to los.cpython-312.pyc
[4.143s] running install_data
[4.143s] running install_egg_info
[4.175s] removing '/home/antoni/gazebo_maritime_ws/install/lib/python3.12/site-packages/autopilot-0.0.0-py3.12.egg-info' (and everything under it)
[4.176s] Copying ../../build/autopilot/autopilot.egg-info to /home/antoni/gazebo_maritime_ws/install/lib/python3.12/site-packages/autopilot-0.0.0-py3.12.egg-info
[4.180s] running install_scripts
[4.452s] Installing add_markers script to /home/antoni/gazebo_maritime_ws/install/lib/autopilot
[4.452s] Installing azimuth script to /home/antoni/gazebo_maritime_ws/install/lib/autopilot
[4.452s] Installing checkpoints script to /home/antoni/gazebo_maritime_ws/install/lib/autopilot
[4.452s] Installing compass script to /home/antoni/gazebo_maritime_ws/install/lib/autopilot
[4.453s] Installing kalman script to /home/antoni/gazebo_maritime_ws/install/lib/autopilot
[4.453s] Installing los script to /home/antoni/gazebo_maritime_ws/install/lib/autopilot
[4.454s] writing list of installed files to '/home/antoni/gazebo_maritime_ws/build/autopilot/install.log'
[4.577s] Invoked command in '/home/antoni/gazebo_maritime_ws/src/autopilot' returned '0': DEBUGINFOD_URLS=https://debuginfod.ubuntu.com PYTHONPATH=/home/antoni/gazebo_maritime_ws/build/autopilot/prefix_override:/usr/lib/python3/dist-packages/colcon_core/task/python/colcon_distutils_commands:/home/antoni/gazebo_maritime_ws/install/lib/python3.12/site-packages:${PYTHONPATH} /usr/bin/python3 -W ignore:setup.py install is deprecated -W ignore:easy_install command is deprecated setup.py egg_info --egg-base ../../build/autopilot build --build-base /home/antoni/gazebo_maritime_ws/build/autopilot/build install --record /home/antoni/gazebo_maritime_ws/build/autopilot/install.log --single-version-externally-managed install_data
