[4.715s] Invoking command in '/home/antoni/gazebo_maritime_ws/src/ros_gz_bridge_custom': DEBUGINFOD_URLS=https://debuginfod.ubuntu.com PYTHONPATH=/home/antoni/gazebo_maritime_ws/build/ros_gz_bridge_custom/prefix_override:/usr/lib/python3/dist-packages/colcon_core/task/python/colcon_distutils_commands:/home/antoni/gazebo_maritime_ws/install/lib/python3.12/site-packages:${PYTHONPATH} /usr/bin/python3 -W ignore:setup.py install is deprecated -W ignore:easy_install command is deprecated setup.py egg_info --egg-base ../../build/ros_gz_bridge_custom build --build-base /home/antoni/gazebo_maritime_ws/build/ros_gz_bridge_custom/build install --record /home/antoni/gazebo_maritime_ws/build/ros_gz_bridge_custom/install.log --single-version-externally-managed install_data
[5.438s] running egg_info
[5.485s] writing ../../build/ros_gz_bridge_custom/ros_gz_bridge_custom.egg-info/PKG-INFO
[5.486s] writing dependency_links to ../../build/ros_gz_bridge_custom/ros_gz_bridge_custom.egg-info/dependency_links.txt
[5.486s] writing entry points to ../../build/ros_gz_bridge_custom/ros_gz_bridge_custom.egg-info/entry_points.txt
[5.486s] writing requirements to ../../build/ros_gz_bridge_custom/ros_gz_bridge_custom.egg-info/requires.txt
[5.486s] writing top-level names to ../../build/ros_gz_bridge_custom/ros_gz_bridge_custom.egg-info/top_level.txt
[5.561s] reading manifest file '../../build/ros_gz_bridge_custom/ros_gz_bridge_custom.egg-info/SOURCES.txt'
[5.561s] writing manifest file '../../build/ros_gz_bridge_custom/ros_gz_bridge_custom.egg-info/SOURCES.txt'
[5.561s] running build
[5.561s] running build_py
[5.564s] running install
[5.575s] running install_lib
[5.628s] running install_data
[5.630s] running install_egg_info
[5.672s] removing '/home/antoni/gazebo_maritime_ws/install/lib/python3.12/site-packages/ros_gz_bridge_custom-0.0.0-py3.12.egg-info' (and everything under it)
[5.675s] Copying ../../build/ros_gz_bridge_custom/ros_gz_bridge_custom.egg-info to /home/antoni/gazebo_maritime_ws/install/lib/python3.12/site-packages/ros_gz_bridge_custom-0.0.0-py3.12.egg-info
[5.680s] running install_scripts
[6.028s] Installing bridge_node script to /home/antoni/gazebo_maritime_ws/install/lib/ros_gz_bridge_custom
[6.028s] writing list of installed files to '/home/antoni/gazebo_maritime_ws/build/ros_gz_bridge_custom/install.log'
[6.254s] Invoked command in '/home/antoni/gazebo_maritime_ws/src/ros_gz_bridge_custom' returned '0': DEBUGINFOD_URLS=https://debuginfod.ubuntu.com PYTHONPATH=/home/antoni/gazebo_maritime_ws/build/ros_gz_bridge_custom/prefix_override:/usr/lib/python3/dist-packages/colcon_core/task/python/colcon_distutils_commands:/home/antoni/gazebo_maritime_ws/install/lib/python3.12/site-packages:${PYTHONPATH} /usr/bin/python3 -W ignore:setup.py install is deprecated -W ignore:easy_install command is deprecated setup.py egg_info --egg-base ../../build/ros_gz_bridge_custom build --build-base /home/antoni/gazebo_maritime_ws/build/ros_gz_bridge_custom/build install --record /home/antoni/gazebo_maritime_ws/build/ros_gz_bridge_custom/install.log --single-version-externally-managed install_data
