[2.466s] Invoking command in '/home/antoni/gazebo_maritime_ws/src/autopilot': DEBUGINFOD_URLS=https://debuginfod.ubuntu.com PYTHONPATH=/home/antoni/gazebo_maritime_ws/build/autopilot/prefix_override:/usr/lib/python3/dist-packages/colcon_core/task/python/colcon_distutils_commands:/home/antoni/gazebo_maritime_ws/install/lib/python3.12/site-packages:${PYTHONPATH} /usr/bin/python3 -W ignore:setup.py install is deprecated -W ignore:easy_install command is deprecated setup.py egg_info --egg-base ../../build/autopilot build --build-base /home/antoni/gazebo_maritime_ws/build/autopilot/build install --record /home/antoni/gazebo_maritime_ws/build/autopilot/install.log --single-version-externally-managed install_data
[2.749s] running egg_info
[2.766s] writing ../../build/autopilot/autopilot.egg-info/PKG-INFO
[2.766s] writing dependency_links to ../../build/autopilot/autopilot.egg-info/dependency_links.txt
[2.766s] writing entry points to ../../build/autopilot/autopilot.egg-info/entry_points.txt
[2.766s] writing requirements to ../../build/autopilot/autopilot.egg-info/requires.txt
[2.766s] writing top-level names to ../../build/autopilot/autopilot.egg-info/top_level.txt
[2.798s] reading manifest file '../../build/autopilot/autopilot.egg-info/SOURCES.txt'
[2.799s] writing manifest file '../../build/autopilot/autopilot.egg-info/SOURCES.txt'
[2.799s] running build
[2.799s] running build_py
[2.799s] copying autopilot/los.py -> /home/antoni/gazebo_maritime_ws/build/autopilot/build/lib/autopilot
[2.799s] running install
[2.804s] running install_lib
[2.819s] copying /home/antoni/gazebo_maritime_ws/build/autopilot/build/lib/autopilot/los.py -> /home/antoni/gazebo_maritime_ws/install/lib/python3.12/site-packages/autopilot
[2.820s] byte-compiling /home/antoni/gazebo_maritime_ws/install/lib/python3.12/site-packages/autopilot/los.py to los.cpython-312.pyc
[2.824s] running install_data
[2.824s] running install_egg_info
[2.846s] removing '/home/antoni/gazebo_maritime_ws/install/lib/python3.12/site-packages/autopilot-0.0.0-py3.12.egg-info' (and everything under it)
[2.846s] Copying ../../build/autopilot/autopilot.egg-info to /home/antoni/gazebo_maritime_ws/install/lib/python3.12/site-packages/autopilot-0.0.0-py3.12.egg-info
[2.847s] running install_scripts
[2.981s] Installing add_markers script to /home/antoni/gazebo_maritime_ws/install/lib/autopilot
[2.982s] Installing azimuth script to /home/antoni/gazebo_maritime_ws/install/lib/autopilot
[2.982s] Installing checkpoints script to /home/antoni/gazebo_maritime_ws/install/lib/autopilot
[2.982s] Installing compass script to /home/antoni/gazebo_maritime_ws/install/lib/autopilot
[2.982s] Installing kalman script to /home/antoni/gazebo_maritime_ws/install/lib/autopilot
[2.983s] Installing los script to /home/antoni/gazebo_maritime_ws/install/lib/autopilot
[2.983s] writing list of installed files to '/home/antoni/gazebo_maritime_ws/build/autopilot/install.log'
[3.081s] Invoked command in '/home/antoni/gazebo_maritime_ws/src/autopilot' returned '0': DEBUGINFOD_URLS=https://debuginfod.ubuntu.com PYTHONPATH=/home/antoni/gazebo_maritime_ws/build/autopilot/prefix_override:/usr/lib/python3/dist-packages/colcon_core/task/python/colcon_distutils_commands:/home/antoni/gazebo_maritime_ws/install/lib/python3.12/site-packages:${PYTHONPATH} /usr/bin/python3 -W ignore:setup.py install is deprecated -W ignore:easy_install command is deprecated setup.py egg_info --egg-base ../../build/autopilot build --build-base /home/antoni/gazebo_maritime_ws/build/autopilot/build install --record /home/antoni/gazebo_maritime_ws/build/autopilot/install.log --single-version-externally-managed install_data
