[2.001s] Invoking command in '/home/antoni/gazebo_maritime_ws/src/autopilot': DEBUGINFOD_URLS=https://debuginfod.ubuntu.com PYTHONPATH=/home/antoni/gazebo_maritime_ws/build/autopilot/prefix_override:/usr/lib/python3/dist-packages/colcon_core/task/python/colcon_distutils_commands:/home/antoni/gazebo_maritime_ws/install/lib/python3.12/site-packages:${PYTHONPATH} /usr/bin/python3 -W ignore:setup.py install is deprecated -W ignore:easy_install command is deprecated setup.py egg_info --egg-base ../../build/autopilot build --build-base /home/antoni/gazebo_maritime_ws/build/autopilot/build install --record /home/antoni/gazebo_maritime_ws/build/autopilot/install.log --single-version-externally-managed install_data
[2.329s] running egg_info
[2.356s] writing ../../build/autopilot/autopilot.egg-info/PKG-INFO
[2.357s] writing dependency_links to ../../build/autopilot/autopilot.egg-info/dependency_links.txt
[2.357s] writing entry points to ../../build/autopilot/autopilot.egg-info/entry_points.txt
[2.357s] writing requirements to ../../build/autopilot/autopilot.egg-info/requires.txt
[2.357s] writing top-level names to ../../build/autopilot/autopilot.egg-info/top_level.txt
[2.415s] reading manifest file '../../build/autopilot/autopilot.egg-info/SOURCES.txt'
[2.417s] writing manifest file '../../build/autopilot/autopilot.egg-info/SOURCES.txt'
[2.417s] running build
[2.417s] running build_py
[2.418s] running install
[2.425s] running install_lib
[2.455s] running install_data
[2.455s] running install_egg_info
[2.485s] removing '/home/antoni/gazebo_maritime_ws/install/lib/python3.12/site-packages/autopilot-0.0.0-py3.12.egg-info' (and everything under it)
[2.485s] Copying ../../build/autopilot/autopilot.egg-info to /home/antoni/gazebo_maritime_ws/install/lib/python3.12/site-packages/autopilot-0.0.0-py3.12.egg-info
[2.487s] running install_scripts
[2.627s] Installing add_markers script to /home/antoni/gazebo_maritime_ws/install/lib/autopilot
[2.627s] Installing azimuth script to /home/antoni/gazebo_maritime_ws/install/lib/autopilot
[2.627s] Installing checkpoints script to /home/antoni/gazebo_maritime_ws/install/lib/autopilot
[2.627s] Installing compass script to /home/antoni/gazebo_maritime_ws/install/lib/autopilot
[2.628s] Installing kalman script to /home/antoni/gazebo_maritime_ws/install/lib/autopilot
[2.628s] Installing los script to /home/antoni/gazebo_maritime_ws/install/lib/autopilot
[2.628s] writing list of installed files to '/home/antoni/gazebo_maritime_ws/build/autopilot/install.log'
[2.692s] Invoked command in '/home/antoni/gazebo_maritime_ws/src/autopilot' returned '0': DEBUGINFOD_URLS=https://debuginfod.ubuntu.com PYTHONPATH=/home/antoni/gazebo_maritime_ws/build/autopilot/prefix_override:/usr/lib/python3/dist-packages/colcon_core/task/python/colcon_distutils_commands:/home/antoni/gazebo_maritime_ws/install/lib/python3.12/site-packages:${PYTHONPATH} /usr/bin/python3 -W ignore:setup.py install is deprecated -W ignore:easy_install command is deprecated setup.py egg_info --egg-base ../../build/autopilot build --build-base /home/antoni/gazebo_maritime_ws/build/autopilot/build install --record /home/antoni/gazebo_maritime_ws/build/autopilot/install.log --single-version-externally-managed install_data
