[4.281s] Invoking command in '/home/antoni/gazebo_maritime_ws/src/autopilot': DEBUGINFOD_URLS=https://debuginfod.ubuntu.com PYTHONPATH=/home/antoni/gazebo_maritime_ws/build/autopilot/prefix_override:/usr/lib/python3/dist-packages/colcon_core/task/python/colcon_distutils_commands:/home/antoni/gazebo_maritime_ws/install/lib/python3.12/site-packages:${PYTHONPATH} /usr/bin/python3 -W ignore:setup.py install is deprecated -W ignore:easy_install command is deprecated setup.py egg_info --egg-base ../../build/autopilot build --build-base /home/antoni/gazebo_maritime_ws/build/autopilot/build install --record /home/antoni/gazebo_maritime_ws/build/autopilot/install.log --single-version-externally-managed install_data
[4.812s] running egg_info
[4.855s] writing ../../build/autopilot/autopilot.egg-info/PKG-INFO
[4.855s] writing dependency_links to ../../build/autopilot/autopilot.egg-info/dependency_links.txt
[4.856s] writing entry points to ../../build/autopilot/autopilot.egg-info/entry_points.txt
[4.856s] writing requirements to ../../build/autopilot/autopilot.egg-info/requires.txt
[4.858s] writing top-level names to ../../build/autopilot/autopilot.egg-info/top_level.txt
[4.939s] reading manifest file '../../build/autopilot/autopilot.egg-info/SOURCES.txt'
[4.941s] writing manifest file '../../build/autopilot/autopilot.egg-info/SOURCES.txt'
[4.942s] running build
[4.942s] running build_py
[4.942s] copying autopilot/checkpoints.py -> /home/antoni/gazebo_maritime_ws/build/autopilot/build/lib/autopilot
[4.943s] copying autopilot/add_markers.py -> /home/antoni/gazebo_maritime_ws/build/autopilot/build/lib/autopilot
[4.943s] running install
[4.951s] running install_lib
[4.984s] copying /home/antoni/gazebo_maritime_ws/build/autopilot/build/lib/autopilot/checkpoints.py -> /home/antoni/gazebo_maritime_ws/install/lib/python3.12/site-packages/autopilot
[4.985s] copying /home/antoni/gazebo_maritime_ws/build/autopilot/build/lib/autopilot/add_markers.py -> /home/antoni/gazebo_maritime_ws/install/lib/python3.12/site-packages/autopilot
[4.987s] byte-compiling /home/antoni/gazebo_maritime_ws/install/lib/python3.12/site-packages/autopilot/checkpoints.py to checkpoints.cpython-312.pyc
[4.990s] byte-compiling /home/antoni/gazebo_maritime_ws/install/lib/python3.12/site-packages/autopilot/add_markers.py to add_markers.cpython-312.pyc
[4.991s] running install_data
[4.991s] running install_egg_info
[5.033s] removing '/home/antoni/gazebo_maritime_ws/install/lib/python3.12/site-packages/autopilot-0.0.0-py3.12.egg-info' (and everything under it)
[5.033s] Copying ../../build/autopilot/autopilot.egg-info to /home/antoni/gazebo_maritime_ws/install/lib/python3.12/site-packages/autopilot-0.0.0-py3.12.egg-info
[5.035s] running install_scripts
[5.304s] Installing add_markers script to /home/antoni/gazebo_maritime_ws/install/lib/autopilot
[5.306s] Installing azimuth script to /home/antoni/gazebo_maritime_ws/install/lib/autopilot
[5.307s] Installing checkpoints script to /home/antoni/gazebo_maritime_ws/install/lib/autopilot
[5.308s] writing list of installed files to '/home/antoni/gazebo_maritime_ws/build/autopilot/install.log'
[5.437s] Invoked command in '/home/antoni/gazebo_maritime_ws/src/autopilot' returned '0': DEBUGINFOD_URLS=https://debuginfod.ubuntu.com PYTHONPATH=/home/antoni/gazebo_maritime_ws/build/autopilot/prefix_override:/usr/lib/python3/dist-packages/colcon_core/task/python/colcon_distutils_commands:/home/antoni/gazebo_maritime_ws/install/lib/python3.12/site-packages:${PYTHONPATH} /usr/bin/python3 -W ignore:setup.py install is deprecated -W ignore:easy_install command is deprecated setup.py egg_info --egg-base ../../build/autopilot build --build-base /home/antoni/gazebo_maritime_ws/build/autopilot/build install --record /home/antoni/gazebo_maritime_ws/build/autopilot/install.log --single-version-externally-managed install_data
