[0.006s] Invoking command in '/home/antoni/gazebo_maritime_ws/build/gazebo_maritime': DEBUGINFOD_URLS=https://debuginfod.ubuntu.com /usr/bin/cmake /home/antoni/gazebo_maritime_ws/src/gazebo_maritime -DCMAKE_INSTALL_PREFIX=/home/antoni/gazebo_maritime_ws/install
[0.067s] -- The C compiler identification is GNU 13.3.0
[0.136s] -- The CXX compiler identification is GNU 13.3.0
[0.155s] -- Detecting C compiler ABI info
[0.272s] -- Detecting C compiler ABI info - done
[0.287s] -- Check for working C compiler: /usr/bin/cc - skipped
[0.287s] -- Detecting C compile features
[0.287s] -- Detecting C compile features - done
[0.300s] -- Detecting CXX compiler ABI info
[0.433s] -- Detecting CXX compiler ABI info - done
[0.448s] -- Check for working CXX compiler: /usr/bin/c++ - skipped
[0.449s] -- Detecting CXX compile features
[0.449s] -- Detecting CXX compile features - done
[0.451s] -- Looking for gz-sim8 -- found version 8.9.0
[0.459s] -- Searching for dependencies of gz-sim8
[0.460s] -- Looking for sdformat14 -- found version 14.8.0
[0.460s] -- Searching for dependencies of sdformat14
[0.466s] -- Checking for module 'tinyxml2'
[0.480s] --   Found tinyxml2, version 10.0.0
[0.526s] -- Looking for gz-math7 -- found version 7.5.1
[0.526s] -- Searching for dependencies of gz-math7
[0.527s] -- Looking for gz-utils2 -- found version 2.2.1
[0.528s] -- Searching for dependencies of gz-utils2
[0.529s] -- Looking for gz-utils2 -- found version 2.2.1
[0.530s] -- Searching for dependencies of gz-utils2
[0.530s] -- Searching for <gz-utils2> component [cli]
[0.530s] -- Looking for gz-utils2-cli -- found version 2.2.1
[0.531s] -- Searching for dependencies of gz-utils2-cli
[0.533s] -- Looking for gz-plugin2 -- found version 2.0.4
[0.533s] -- Searching for dependencies of gz-plugin2
[0.534s] -- Looking for gz-utils2 -- found version 2.2.1
[0.534s] -- Searching for <gz-plugin2> component [loader]
[0.536s] -- Looking for gz-plugin2-loader -- found version 2.0.4
[0.536s] -- Searching for dependencies of gz-plugin2-loader
[0.536s] -- Searching for <gz-plugin2> component [register]
[0.537s] -- Looking for gz-plugin2-register -- found version 2.0.4
[0.538s] -- Searching for dependencies of gz-plugin2-register
[0.539s] -- Looking for gz-transport13 -- found version 13.4.1
[0.539s] -- Searching for dependencies of gz-transport13
[0.687s] -- Found Protobuf: /usr/lib/x86_64-linux-gnu/libprotobuf.so (found version "3.21.12") 
[0.698s] -- Config-file not installed for ZeroMQ -- checking for pkg-config
[0.704s] -- Checking for module 'libzmq >= 4'
[0.723s] --   Found libzmq, version 4.3.5
[0.771s] -- Found ZeroMQ: TRUE (Required is at least version "4") 
[0.778s] -- Checking for module 'uuid'
[0.794s] --   Found uuid, version 2.39.3
[0.838s] -- Found UUID: TRUE  
[0.838s] -- Looking for gz-utils2 -- found version 2.2.1
[0.840s] -- Looking for gz-msgs10 -- found version 10.3.2
[0.840s] -- Searching for dependencies of gz-msgs10
[0.862s] -- Looking for gz-utils2 -- found version 2.2.1
[0.862s] -- Looking for gz-math7 -- found version 7.5.1
[1.047s] -- Found Python3: /usr/bin/python3 (found version "3.12.3") found components: Interpreter 
[1.049s] -- Searching for <gz-transport13> component [log]
[1.050s] -- Looking for gz-transport13-log -- found version 13.4.1
[1.050s] -- Searching for dependencies of gz-transport13-log
[1.051s] -- Searching for <gz-transport13> component [parameters]
[1.052s] -- Looking for gz-transport13-parameters -- found version 13.4.1
[1.052s] -- Searching for dependencies of gz-transport13-parameters
[1.054s] -- Looking for gz-msgs10 -- found version 10.3.2
[1.055s] -- Looking for gz-common5 -- found version 5.7.1
[1.055s] -- Searching for dependencies of gz-common5
[1.055s] -- Looking for gz-utils2 -- found version 2.2.1
[1.056s] -- Looking for dlfcn.h - found
[1.057s] -- Looking for libdl - found
[1.059s] -- Found DL: TRUE  
[1.069s] -- Searching for <gz-common5> component [av]
[1.070s] -- Looking for gz-common5-av -- found version 5.7.1
[1.070s] -- Searching for dependencies of gz-common5-av
[1.077s] -- Checking for module 'libswscale'
[1.093s] --   Found libswscale, version 7.5.100
[1.140s] -- Found SWSCALE: TRUE  
[1.147s] -- Checking for module 'libavdevice >= 56.4.100'
[1.163s] --   Found libavdevice, version 60.3.100
[1.219s] -- Found AVDEVICE: TRUE (Required is at least version "56.4.100") 
[1.226s] -- Checking for module 'libavformat'
[1.244s] --   Found libavformat, version 60.16.100
[1.289s] -- Found AVFORMAT: TRUE  
[1.295s] -- Checking for module 'libavcodec'
[1.312s] --   Found libavcodec, version 60.31.102
[1.360s] -- Found AVCODEC: TRUE  
[1.367s] -- Checking for module 'libavutil'
[1.383s] --   Found libavutil, version 58.29.100
[1.428s] -- Found AVUTIL: TRUE  
[1.428s] -- Searching for <gz-common5> component [events]
[1.430s] -- Looking for gz-common5-events -- found version 5.7.1
[1.430s] -- Searching for dependencies of gz-common5-events
[1.430s] -- Looking for gz-math7 -- found version 7.5.1
[1.431s] -- Searching for <gz-common5> component [graphics]
[1.432s] -- Looking for gz-common5-graphics -- found version 5.7.1
[1.432s] -- Searching for dependencies of gz-common5-graphics
[1.433s] -- Looking for gz-math7 -- found version 7.5.1
[1.436s] -- Found GzAssimp: TRUE (found version "5.3.0") 
[1.437s] -- Searching for <gz-common5> component [io]
[1.438s] -- Looking for gz-common5-io -- found version 5.7.1
[1.439s] -- Searching for dependencies of gz-common5-io
[1.439s] -- Searching for <gz-common5> component [profiler]
[1.441s] -- Looking for gz-common5-profiler -- found version 5.7.1
[1.441s] -- Searching for dependencies of gz-common5-profiler
[1.443s] -- Looking for gz-fuel_tools9 -- found version 9.1.1
[1.443s] -- Searching for dependencies of gz-fuel_tools9
[1.546s] -- Found CURL: /usr/lib/x86_64-linux-gnu/libcurl.so (found version "8.5.0")  
[1.556s] -- Checking for module 'jsoncpp'
[1.573s] --   Found jsoncpp, version 1.9.5
[1.620s] -- Found JSONCPP: TRUE  
[1.640s] -- Checking for module 'yaml-0.1'
[1.656s] --   Found yaml-0.1, version 0.2.5
[1.700s] -- Found YAML: TRUE  
[1.708s] -- Checking for module 'libzip'
[1.727s] --   Found libzip, version 1.7.3
[1.773s] -- Found ZIP: TRUE  
[1.774s] -- Looking for gz-utils2 -- found version 2.2.1
[1.774s] -- Looking for gz-common5 -- found version 5.7.1
[1.774s] -- Searching for dependencies of gz-common5
[1.775s] -- Looking for gz-utils2 -- found version 2.2.1
[1.775s] -- Looking for dlfcn.h - found
[1.775s] -- Looking for libdl - found
[1.786s] -- Searching for <gz-common5> component [testing]
[1.788s] -- Looking for gz-common5-testing -- found version 5.7.1
[1.788s] -- Searching for dependencies of gz-common5-testing
[1.789s] -- Looking for gz-math7 -- found version 7.5.1
[1.790s] -- Looking for gz-msgs10 -- found version 10.3.2
[1.792s] -- Looking for gz-gui8 -- found version 8.4.0
[1.793s] -- Searching for dependencies of gz-gui8
[1.826s] -- Looking for gz-utils2 -- found version 2.2.1
[1.826s] -- Looking for gz-math7 -- found version 7.5.1
[1.827s] -- Looking for gz-common5 -- found version 5.7.1
[1.827s] -- Looking for gz-plugin2 -- found version 2.0.4
[1.828s] -- Looking for gz-transport13 -- found version 13.4.1
[1.829s] -- Looking for gz-rendering8 -- found version 8.2.2
[1.829s] -- Searching for dependencies of gz-rendering8
[1.830s] -- Looking for gz-math7 -- found version 7.5.1
[1.830s] -- Searching for dependencies of gz-math7
[1.830s] -- Looking for gz-utils2 -- found version 2.2.1
[1.831s] -- Searching for <gz-math7> component [eigen3]
[1.832s] -- Looking for gz-math7-eigen3 -- found version 7.5.1
[1.832s] -- Searching for dependencies of gz-math7-eigen3
[1.841s] -- Looking for gz-common5 -- found version 5.7.1
[1.841s] -- Searching for dependencies of gz-common5
[1.842s] -- Looking for gz-utils2 -- found version 2.2.1
[1.842s] -- Looking for dlfcn.h - found
[1.842s] -- Looking for libdl - found
[1.852s] -- Searching for <gz-common5> component [graphics]
[1.852s] -- Searching for <gz-common5> component [events]
[1.852s] -- Searching for <gz-common5> component [geospatial]
[1.853s] -- Looking for gz-common5-geospatial -- found version 5.7.1
[1.853s] -- Searching for dependencies of gz-common5-geospatial
[1.853s] -- Looking for gz-math7 -- found version 7.5.1
[1.854s] -- Looking for gz-common5 -- found version 5.7.1
[1.855s] -- Looking for gz-plugin2 -- found version 2.0.4
[1.855s] -- Searching for dependencies of gz-plugin2
[1.856s] -- Looking for gz-utils2 -- found version 2.2.1
[1.856s] -- Searching for <gz-plugin2> component [all]
[1.857s] -- Looking for all libraries of gz-plugin2 -- found version 2.0.4
[1.857s] -- Looking for gz-plugin2 -- found version 2.0.4
[1.859s] -- Looking for gz-utils2 -- found version 2.2.1
[1.869s] -- Found OpenGL: /usr/lib/x86_64-linux-gnu/libOpenGL.so  found components: OpenGL 
[1.870s] -- Looking for gz-msgs10 -- found version 10.3.2
[1.891s] -- Looking for gz-physics7 -- found version 7.5.0
[1.891s] -- Searching for dependencies of gz-physics7
[1.891s] -- Looking for gz-common5 -- found version 5.7.1
[1.891s] -- Looking for gz-math7 -- found version 7.5.1
[1.892s] -- Looking for gz-plugin2 -- found version 2.0.4
[1.892s] -- Looking for gz-utils2 -- found version 2.2.1
[1.893s] -- Searching for <gz-physics7> component [heightmap]
[1.894s] -- Looking for gz-physics7-heightmap -- found version 7.5.0
[1.894s] -- Searching for dependencies of gz-physics7-heightmap
[1.894s] -- Looking for gz-common5 -- found version 5.7.1
[1.894s] -- Searching for <gz-physics7> component [mesh]
[1.895s] -- Looking for gz-physics7-mesh -- found version 7.5.0
[1.895s] -- Searching for dependencies of gz-physics7-mesh
[1.895s] -- Looking for gz-common5 -- found version 5.7.1
[1.896s] -- Searching for <gz-physics7> component [sdf]
[1.896s] -- Looking for gz-physics7-sdf -- found version 7.5.0
[1.897s] -- Searching for dependencies of gz-physics7-sdf
[1.897s] -- Looking for sdformat14 -- found version 14.8.0
[1.898s] -- Looking for gz-sensors8 -- found version 8.2.2
[1.898s] -- Searching for dependencies of gz-sensors8
[1.912s] -- Looking for gz-math7 -- found version 7.5.1
[1.912s] -- Looking for gz-common5 -- found version 5.7.1
[1.913s] -- Looking for gz-transport13 -- found version 13.4.1
[1.914s] -- Looking for gz-rendering8 -- found version 8.2.2
[1.914s] -- Looking for gz-msgs10 -- found version 10.3.2
[1.915s] -- Looking for sdformat14 -- found version 14.8.0
[1.916s] -- Searching for <gz-sensors8> component [air_pressure]
[1.917s] -- Looking for gz-sensors8-air_pressure -- found version 8.2.2
[1.917s] -- Searching for dependencies of gz-sensors8-air_pressure
[1.918s] -- Searching for <gz-sensors8> component [air_speed]
[1.919s] -- Looking for gz-sensors8-air_speed -- found version 8.2.2
[1.920s] -- Searching for dependencies of gz-sensors8-air_speed
[1.920s] -- Searching for <gz-sensors8> component [altimeter]
[1.921s] -- Looking for gz-sensors8-altimeter -- found version 8.2.2
[1.921s] -- Searching for dependencies of gz-sensors8-altimeter
[1.922s] -- Searching for <gz-sensors8> component [imu]
[1.923s] -- Looking for gz-sensors8-imu -- found version 8.2.2
[1.923s] -- Searching for dependencies of gz-sensors8-imu
[1.924s] -- Searching for <gz-sensors8> component [force_torque]
[1.925s] -- Looking for gz-sensors8-force_torque -- found version 8.2.2
[1.925s] -- Searching for dependencies of gz-sensors8-force_torque
[1.925s] -- Searching for <gz-sensors8> component [logical_camera]
[1.926s] -- Looking for gz-sensors8-logical_camera -- found version 8.2.2
[1.926s] -- Searching for dependencies of gz-sensors8-logical_camera
[1.927s] -- Searching for <gz-sensors8> component [magnetometer]
[1.927s] -- Looking for gz-sensors8-magnetometer -- found version 8.2.2
[1.928s] -- Searching for dependencies of gz-sensors8-magnetometer
[1.928s] -- Searching for <gz-sensors8> component [navsat]
[1.929s] -- Looking for gz-sensors8-navsat -- found version 8.2.2
[1.929s] -- Searching for dependencies of gz-sensors8-navsat
[1.929s] -- Searching for <gz-sensors8> component [dvl]
[1.930s] -- Looking for gz-sensors8-dvl -- found version 8.2.2
[1.931s] -- Searching for dependencies of gz-sensors8-dvl
[1.931s] -- Looking for gz-sensors8 -- found version 8.2.2
[1.931s] -- Searching for dependencies of gz-sensors8
[1.946s] -- Looking for gz-math7 -- found version 7.5.1
[1.946s] -- Looking for gz-common5 -- found version 5.7.1
[1.946s] -- Looking for gz-transport13 -- found version 13.4.1
[1.947s] -- Looking for gz-rendering8 -- found version 8.2.2
[1.947s] -- Looking for gz-msgs10 -- found version 10.3.2
[1.947s] -- Looking for sdformat14 -- found version 14.8.0
[1.948s] -- Searching for <gz-sensors8> component [rendering]
[1.948s] -- Looking for gz-sensors8-rendering -- found version 8.2.2
[1.949s] -- Searching for dependencies of gz-sensors8-rendering
[1.950s] -- Searching for <gz-sensors8> component [rendering]
[1.950s] -- Searching for <gz-sensors8> component [lidar]
[1.951s] -- Looking for gz-sensors8-lidar -- found version 8.2.2
[1.951s] -- Searching for dependencies of gz-sensors8-lidar
[1.951s] -- Looking for gz-sensors8 -- found version 8.2.2
[1.952s] -- Searching for <gz-sensors8> component [gpu_lidar]
[1.953s] -- Looking for gz-sensors8-gpu_lidar -- found version 8.2.2
[1.953s] -- Searching for dependencies of gz-sensors8-gpu_lidar
[1.954s] -- Looking for gz-sensors8 -- found version 8.2.2
[1.955s] -- Searching for <gz-sensors8> component [camera]
[1.956s] -- Looking for gz-sensors8-camera -- found version 8.2.2
[1.956s] -- Searching for dependencies of gz-sensors8-camera
[1.956s] -- Looking for gz-sensors8 -- found version 8.2.2
[1.957s] -- Searching for <gz-sensors8> component [boundingbox_camera]
[1.958s] -- Looking for gz-sensors8-boundingbox_camera -- found version 8.2.2
[1.958s] -- Searching for dependencies of gz-sensors8-boundingbox_camera
[1.959s] -- Searching for <gz-sensors8> component [segmentation_camera]
[1.960s] -- Looking for gz-sensors8-segmentation_camera -- found version 8.2.2
[1.960s] -- Searching for dependencies of gz-sensors8-segmentation_camera
[1.961s] -- Searching for <gz-sensors8> component [depth_camera]
[1.962s] -- Looking for gz-sensors8-depth_camera -- found version 8.2.2
[1.962s] -- Searching for dependencies of gz-sensors8-depth_camera
[1.962s] -- Looking for gz-sensors8 -- found version 8.2.2
[1.963s] -- Searching for <gz-sensors8> component [rgbd_camera]
[1.964s] -- Looking for gz-sensors8-rgbd_camera -- found version 8.2.2
[1.964s] -- Searching for dependencies of gz-sensors8-rgbd_camera
[1.965s] -- Looking for gz-sensors8 -- found version 8.2.2
[1.966s] -- Searching for <gz-sensors8> component [thermal_camera]
[1.967s] -- Looking for gz-sensors8-thermal_camera -- found version 8.2.2
[1.967s] -- Searching for dependencies of gz-sensors8-thermal_camera
[1.967s] -- Looking for gz-sensors8 -- found version 8.2.2
[1.968s] -- Searching for <gz-sensors8> component [wide_angle_camera]
[1.969s] -- Looking for gz-sensors8-wide_angle_camera -- found version 8.2.2
[1.970s] -- Searching for dependencies of gz-sensors8-wide_angle_camera
[1.971s] -- Looking for gz-rendering8 -- found version 8.2.2
[1.971s] -- Looking for gz-math7 -- found version 7.5.1
[1.972s] -- Looking for gz-utils2 -- found version 2.2.1
[1.994s] -- Looking for gz-common5 -- found version 5.7.1
[1.995s] -- Looking for gz-math7 -- found version 7.5.1
[1.995s] -- Looking for gz-msgs10 -- found version 10.3.2
[1.996s] -- Looking for gz-transport13 -- found version 13.4.1
[1.996s] -- Looking for gz-plugin2 -- found version 2.0.4
[1.996s] -- Looking for gz-rendering8 -- found version 8.2.2
[1.997s] -- Looking for gz-sensors8 -- found version 8.2.2
[1.997s] -- Looking for gz-utils2 -- found version 2.2.1
[1.998s] -- Looking for sdformat14 -- found version 14.8.0
[1.999s] -- Configuring done (2.0s)
[2.024s] -- Generating done (0.0s)
[2.032s] -- Build files have been written to: /home/antoni/gazebo_maritime_ws/build/gazebo_maritime
[2.046s] Invoked command in '/home/antoni/gazebo_maritime_ws/build/gazebo_maritime' returned '0': DEBUGINFOD_URLS=https://debuginfod.ubuntu.com /usr/bin/cmake /home/antoni/gazebo_maritime_ws/src/gazebo_maritime -DCMAKE_INSTALL_PREFIX=/home/antoni/gazebo_maritime_ws/install
[2.047s] Invoking command in '/home/antoni/gazebo_maritime_ws/build/gazebo_maritime': DEBUGINFOD_URLS=https://debuginfod.ubuntu.com /usr/bin/cmake --build /home/antoni/gazebo_maritime_ws/build/gazebo_maritime -- -j12 -l12
[2.119s] [ 25%] Built target Waves
[2.161s] [ 50%] Built target PublisherPlugin
[2.165s] [ 75%] Built target Surface
[2.169s] [100%] Built target WaveVisual
[2.186s] Invoked command in '/home/antoni/gazebo_maritime_ws/build/gazebo_maritime' returned '0': DEBUGINFOD_URLS=https://debuginfod.ubuntu.com /usr/bin/cmake --build /home/antoni/gazebo_maritime_ws/build/gazebo_maritime -- -j12 -l12
[2.199s] Invoking command in '/home/antoni/gazebo_maritime_ws/build/gazebo_maritime': DEBUGINFOD_URLS=https://debuginfod.ubuntu.com /usr/bin/cmake --install /home/antoni/gazebo_maritime_ws/build/gazebo_maritime
[2.210s] -- Install configuration: ""
[2.211s] -- Up-to-date: /home/antoni/gazebo_maritime_ws/install/lib/libWaves.so
[2.211s] -- Up-to-date: /home/antoni/gazebo_maritime_ws/install/lib/libPublisherPlugin.so
[2.211s] -- Up-to-date: /home/antoni/gazebo_maritime_ws/install/lib/libSurface.so
[2.211s] -- Up-to-date: /home/antoni/gazebo_maritime_ws/install/lib/libWaveVisual.so
[2.212s] -- Up-to-date: /home/antoni/gazebo_maritime_ws/install/share/gazebo_maritime/models
[2.212s] -- Up-to-date: /home/antoni/gazebo_maritime_ws/install/share/gazebo_maritime/models/coast_waves
[2.212s] -- Up-to-date: /home/antoni/gazebo_maritime_ws/install/share/gazebo_maritime/models/coast_waves/materials
[2.212s] -- Up-to-date: /home/antoni/gazebo_maritime_ws/install/share/gazebo_maritime/models/coast_waves/materials/programs
[2.212s] -- Up-to-date: /home/antoni/gazebo_maritime_ws/install/share/gazebo_maritime/models/coast_waves/materials/programs/GerstnerWaves_fs_330.glsl
[2.212s] -- Up-to-date: /home/antoni/gazebo_maritime_ws/install/share/gazebo_maritime/models/coast_waves/materials/programs/GerstnerWaves_vs_330.glsl
[2.213s] -- Up-to-date: /home/antoni/gazebo_maritime_ws/install/share/gazebo_maritime/models/coast_waves/materials/textures
[2.213s] -- Up-to-date: /home/antoni/gazebo_maritime_ws/install/share/gazebo_maritime/models/coast_waves/materials/textures/wave_normals.dds
[2.213s] -- Up-to-date: /home/antoni/gazebo_maritime_ws/install/share/gazebo_maritime/models/coast_waves/materials/textures/skybox_lowres.dds
[2.213s] -- Up-to-date: /home/antoni/gazebo_maritime_ws/install/share/gazebo_maritime/models/coast_waves/model.config
[2.213s] -- Up-to-date: /home/antoni/gazebo_maritime_ws/install/share/gazebo_maritime/models/coast_waves/model.sdf
[2.213s] -- Up-to-date: /home/antoni/gazebo_maritime_ws/install/share/gazebo_maritime/models/coast_waves/meshes
[2.213s] -- Up-to-date: /home/antoni/gazebo_maritime_ws/install/share/gazebo_maritime/models/coast_waves/meshes/waterlow.dae
[2.214s] -- Up-to-date: /home/antoni/gazebo_maritime_ws/install/share/gazebo_maritime/models/wam-v
[2.214s] -- Up-to-date: /home/antoni/gazebo_maritime_ws/install/share/gazebo_maritime/models/wam-v/model.config
[2.214s] -- Up-to-date: /home/antoni/gazebo_maritime_ws/install/share/gazebo_maritime/models/wam-v/model.sdf
[2.214s] -- Up-to-date: /home/antoni/gazebo_maritime_ws/install/share/gazebo_maritime/models/wam-v/meshes
[2.214s] -- Up-to-date: /home/antoni/gazebo_maritime_ws/install/share/gazebo_maritime/models/wam-v/meshes/WAM-V-Base.dae
[2.216s] -- Up-to-date: /home/antoni/gazebo_maritime_ws/install/share/gazebo_maritime/models/wam-v/meshes/engine.dae
[2.216s] -- Up-to-date: /home/antoni/gazebo_maritime_ws/install/share/gazebo_maritime/models/wam-v/meshes/propeller.dae
[2.216s] -- Up-to-date: /home/antoni/gazebo_maritime_ws/install/share/gazebo_maritime/models/wam-v/meshes/WamV.png
[2.216s] -- Up-to-date: /home/antoni/gazebo_maritime_ws/install/share/gazebo_maritime/worlds
[2.216s] -- Up-to-date: /home/antoni/gazebo_maritime_ws/install/share/gazebo_maritime/worlds/sydney_regatta.sdf
[2.216s] Invoked command in '/home/antoni/gazebo_maritime_ws/build/gazebo_maritime' returned '0': DEBUGINFOD_URLS=https://debuginfod.ubuntu.com /usr/bin/cmake --install /home/antoni/gazebo_maritime_ws/build/gazebo_maritime
