[4.204s] Invoking command in '/home/antoni/gazebo_maritime_ws/src/research': DEBUGINFOD_URLS=https://debuginfod.ubuntu.com PYTHONPATH=/home/antoni/gazebo_maritime_ws/build/research/prefix_override:/usr/lib/python3/dist-packages/colcon_core/task/python/colcon_distutils_commands:/home/antoni/gazebo_maritime_ws/install/lib/python3.12/site-packages:${PYTHONPATH} /usr/bin/python3 -W ignore:setup.py install is deprecated -W ignore:easy_install command is deprecated setup.py egg_info --egg-base ../../build/research build --build-base /home/antoni/gazebo_maritime_ws/build/research/build install --record /home/antoni/gazebo_maritime_ws/build/research/install.log --single-version-externally-managed install_data
[4.894s] running egg_info
[4.937s] writing ../../build/research/research.egg-info/PKG-INFO
[4.938s] writing dependency_links to ../../build/research/research.egg-info/dependency_links.txt
[4.938s] writing entry points to ../../build/research/research.egg-info/entry_points.txt
[4.938s] writing requirements to ../../build/research/research.egg-info/requires.txt
[4.939s] writing top-level names to ../../build/research/research.egg-info/top_level.txt
[5.030s] reading manifest file '../../build/research/research.egg-info/SOURCES.txt'
[5.031s] writing manifest file '../../build/research/research.egg-info/SOURCES.txt'
[5.033s] running build
[5.033s] running build_py
[5.035s] running install
[5.047s] running install_lib
[5.085s] running install_data
[5.085s] running install_egg_info
[5.118s] removing '/home/antoni/gazebo_maritime_ws/install/lib/python3.12/site-packages/research-0.0.0-py3.12.egg-info' (and everything under it)
[5.118s] Copying ../../build/research/research.egg-info to /home/antoni/gazebo_maritime_ws/install/lib/python3.12/site-packages/research-0.0.0-py3.12.egg-info
[5.119s] running install_scripts
[5.391s] Installing analize_position_error script to /home/antoni/gazebo_maritime_ws/install/lib/research
[5.392s] Installing position_error script to /home/antoni/gazebo_maritime_ws/install/lib/research
[5.394s] writing list of installed files to '/home/antoni/gazebo_maritime_ws/build/research/install.log'
[5.554s] Invoked command in '/home/antoni/gazebo_maritime_ws/src/research' returned '0': DEBUGINFOD_URLS=https://debuginfod.ubuntu.com PYTHONPATH=/home/antoni/gazebo_maritime_ws/build/research/prefix_override:/usr/lib/python3/dist-packages/colcon_core/task/python/colcon_distutils_commands:/home/antoni/gazebo_maritime_ws/install/lib/python3.12/site-packages:${PYTHONPATH} /usr/bin/python3 -W ignore:setup.py install is deprecated -W ignore:easy_install command is deprecated setup.py egg_info --egg-base ../../build/research build --build-base /home/antoni/gazebo_maritime_ws/build/research/build install --record /home/antoni/gazebo_maritime_ws/build/research/install.log --single-version-externally-managed install_data
