[0.629s] Invoking command in '/home/antoni/gazebo_maritime_ws/build/gazebo_maritime': DEBUGINFOD_URLS=https://debuginfod.ubuntu.com /usr/bin/cmake --build /home/antoni/gazebo_maritime_ws/build/gazebo_maritime -- -j12 -l12
[2.478s] [ 25%] Built target Waves
[2.479s] [ 50%] Built target PublisherPlugin
[2.479s] [100%] Built target WaveVisual
[2.480s] [100%] Built target Surface
[2.490s] Invoked command in '/home/antoni/gazebo_maritime_ws/build/gazebo_maritime' returned '0': DEBUGINFOD_URLS=https://debuginfod.ubuntu.com /usr/bin/cmake --build /home/antoni/gazebo_maritime_ws/build/gazebo_maritime -- -j12 -l12
[2.526s] Invoking command in '/home/antoni/gazebo_maritime_ws/build/gazebo_maritime': DEBUGINFOD_URLS=https://debuginfod.ubuntu.com /usr/bin/cmake --install /home/antoni/gazebo_maritime_ws/build/gazebo_maritime
[2.562s] -- Install configuration: ""
[2.568s] -- Up-to-date: /home/antoni/gazebo_maritime_ws/install/lib/libWaves.so
[2.569s] -- Up-to-date: /home/antoni/gazebo_maritime_ws/install/lib/libPublisherPlugin.so
[2.570s] -- Up-to-date: /home/antoni/gazebo_maritime_ws/install/lib/libSurface.so
[2.570s] -- Up-to-date: /home/antoni/gazebo_maritime_ws/install/lib/libWaveVisual.so
[2.584s] -- Up-to-date: /home/antoni/gazebo_maritime_ws/install/share/gazebo_maritime/models
[2.584s] -- Up-to-date: /home/antoni/gazebo_maritime_ws/install/share/gazebo_maritime/models/coast_waves
[2.584s] -- Up-to-date: /home/antoni/gazebo_maritime_ws/install/share/gazebo_maritime/models/coast_waves/materials
[2.585s] -- Up-to-date: /home/antoni/gazebo_maritime_ws/install/share/gazebo_maritime/models/coast_waves/materials/programs
[2.585s] -- Up-to-date: /home/antoni/gazebo_maritime_ws/install/share/gazebo_maritime/models/coast_waves/materials/programs/GerstnerWaves_fs_330.glsl
[2.585s] -- Up-to-date: /home/antoni/gazebo_maritime_ws/install/share/gazebo_maritime/models/coast_waves/materials/programs/GerstnerWaves_vs_330.glsl
[2.585s] -- Up-to-date: /home/antoni/gazebo_maritime_ws/install/share/gazebo_maritime/models/coast_waves/materials/textures
[2.585s] -- Up-to-date: /home/antoni/gazebo_maritime_ws/install/share/gazebo_maritime/models/coast_waves/materials/textures/wave_normals.dds
[2.585s] -- Up-to-date: /home/antoni/gazebo_maritime_ws/install/share/gazebo_maritime/models/coast_waves/materials/textures/skybox_lowres.dds
[2.585s] -- Up-to-date: /home/antoni/gazebo_maritime_ws/install/share/gazebo_maritime/models/coast_waves/model.config
[2.586s] -- Up-to-date: /home/antoni/gazebo_maritime_ws/install/share/gazebo_maritime/models/coast_waves/model.sdf
[2.586s] -- Up-to-date: /home/antoni/gazebo_maritime_ws/install/share/gazebo_maritime/models/coast_waves/meshes
[2.586s] -- Up-to-date: /home/antoni/gazebo_maritime_ws/install/share/gazebo_maritime/models/coast_waves/meshes/waterlow.dae
[2.586s] -- Up-to-date: /home/antoni/gazebo_maritime_ws/install/share/gazebo_maritime/models/wam-v
[2.586s] -- Up-to-date: /home/antoni/gazebo_maritime_ws/install/share/gazebo_maritime/models/wam-v/model.config
[2.586s] -- Up-to-date: /home/antoni/gazebo_maritime_ws/install/share/gazebo_maritime/models/wam-v/model.sdf
[2.586s] -- Up-to-date: /home/antoni/gazebo_maritime_ws/install/share/gazebo_maritime/models/wam-v/meshes
[2.586s] -- Up-to-date: /home/antoni/gazebo_maritime_ws/install/share/gazebo_maritime/models/wam-v/meshes/WAM-V-Base.dae
[2.586s] -- Up-to-date: /home/antoni/gazebo_maritime_ws/install/share/gazebo_maritime/models/wam-v/meshes/engine.dae
[2.587s] -- Up-to-date: /home/antoni/gazebo_maritime_ws/install/share/gazebo_maritime/models/wam-v/meshes/propeller.dae
[2.587s] -- Up-to-date: /home/antoni/gazebo_maritime_ws/install/share/gazebo_maritime/models/wam-v/meshes/WamV.png
[2.587s] -- Up-to-date: /home/antoni/gazebo_maritime_ws/install/share/gazebo_maritime/worlds
[2.587s] -- Up-to-date: /home/antoni/gazebo_maritime_ws/install/share/gazebo_maritime/worlds/sydney_regatta copy.sdf
[2.587s] -- Installing: /home/antoni/gazebo_maritime_ws/install/share/gazebo_maritime/worlds/sydney_regatta.sdf
[2.608s] Invoked command in '/home/antoni/gazebo_maritime_ws/build/gazebo_maritime' returned '0': DEBUGINFOD_URLS=https://debuginfod.ubuntu.com /usr/bin/cmake --install /home/antoni/gazebo_maritime_ws/build/gazebo_maritime
