[3.755s] Invoking command in '/home/antoni/gazebo_maritime_ws/src/research': DEBUGINFOD_URLS=https://debuginfod.ubuntu.com PYTHONPATH=/home/antoni/gazebo_maritime_ws/build/research/prefix_override:/usr/lib/python3/dist-packages/colcon_core/task/python/colcon_distutils_commands:/home/antoni/gazebo_maritime_ws/install/lib/python3.12/site-packages:${PYTHONPATH} /usr/bin/python3 -W ignore:setup.py install is deprecated -W ignore:easy_install command is deprecated setup.py egg_info --egg-base ../../build/research build --build-base /home/antoni/gazebo_maritime_ws/build/research/build install --record /home/antoni/gazebo_maritime_ws/build/research/install.log --single-version-externally-managed install_data
[4.410s] running egg_info
[4.447s] writing ../../build/research/research.egg-info/PKG-INFO
[4.448s] writing dependency_links to ../../build/research/research.egg-info/dependency_links.txt
[4.448s] writing entry points to ../../build/research/research.egg-info/entry_points.txt
[4.448s] writing requirements to ../../build/research/research.egg-info/requires.txt
[4.448s] writing top-level names to ../../build/research/research.egg-info/top_level.txt
[4.533s] reading manifest file '../../build/research/research.egg-info/SOURCES.txt'
[4.536s] writing manifest file '../../build/research/research.egg-info/SOURCES.txt'
[4.537s] running build
[4.537s] running build_py
[4.538s] copying research/rosbag_compare.py -> /home/antoni/gazebo_maritime_ws/build/research/build/lib/research
[4.539s] running install
[4.549s] running install_lib
[4.590s] copying /home/antoni/gazebo_maritime_ws/build/research/build/lib/research/rosbag_compare.py -> /home/antoni/gazebo_maritime_ws/install/lib/python3.12/site-packages/research
[4.593s] byte-compiling /home/antoni/gazebo_maritime_ws/install/lib/python3.12/site-packages/research/rosbag_compare.py to rosbag_compare.cpython-312.pyc
[4.599s] running install_data
[4.600s] running install_egg_info
[4.644s] removing '/home/antoni/gazebo_maritime_ws/install/lib/python3.12/site-packages/research-0.0.0-py3.12.egg-info' (and everything under it)
[4.646s] Copying ../../build/research/research.egg-info to /home/antoni/gazebo_maritime_ws/install/lib/python3.12/site-packages/research-0.0.0-py3.12.egg-info
[4.649s] running install_scripts
[4.961s] Installing analize_position_error script to /home/antoni/gazebo_maritime_ws/install/lib/research
[4.962s] Installing position_error script to /home/antoni/gazebo_maritime_ws/install/lib/research
[4.962s] Installing rosbag_compare script to /home/antoni/gazebo_maritime_ws/install/lib/research
[4.962s] writing list of installed files to '/home/antoni/gazebo_maritime_ws/build/research/install.log'
[5.201s] Invoked command in '/home/antoni/gazebo_maritime_ws/src/research' returned '0': DEBUGINFOD_URLS=https://debuginfod.ubuntu.com PYTHONPATH=/home/antoni/gazebo_maritime_ws/build/research/prefix_override:/usr/lib/python3/dist-packages/colcon_core/task/python/colcon_distutils_commands:/home/antoni/gazebo_maritime_ws/install/lib/python3.12/site-packages:${PYTHONPATH} /usr/bin/python3 -W ignore:setup.py install is deprecated -W ignore:easy_install command is deprecated setup.py egg_info --egg-base ../../build/research build --build-base /home/antoni/gazebo_maritime_ws/build/research/build install --record /home/antoni/gazebo_maritime_ws/build/research/install.log --single-version-externally-managed install_data
