[4.721s] Invoking command in '/home/antoni/gazebo_maritime_ws/src/propeller_controller': DEBUGINFOD_URLS=https://debuginfod.ubuntu.com PYTHONPATH=/home/antoni/gazebo_maritime_ws/build/propeller_controller/prefix_override:/usr/lib/python3/dist-packages/colcon_core/task/python/colcon_distutils_commands:/home/antoni/gazebo_maritime_ws/install/lib/python3.12/site-packages:${PYTHONPATH} /usr/bin/python3 -W ignore:setup.py install is deprecated -W ignore:easy_install command is deprecated setup.py egg_info --egg-base ../../build/propeller_controller build --build-base /home/antoni/gazebo_maritime_ws/build/propeller_controller/build install --record /home/antoni/gazebo_maritime_ws/build/propeller_controller/install.log --single-version-externally-managed install_data
[5.553s] running egg_info
[5.634s] writing ../../build/propeller_controller/propeller_controller.egg-info/PKG-INFO
[5.635s] writing dependency_links to ../../build/propeller_controller/propeller_controller.egg-info/dependency_links.txt
[5.635s] writing entry points to ../../build/propeller_controller/propeller_controller.egg-info/entry_points.txt
[5.635s] writing requirements to ../../build/propeller_controller/propeller_controller.egg-info/requires.txt
[5.635s] writing top-level names to ../../build/propeller_controller/propeller_controller.egg-info/top_level.txt
[5.721s] reading manifest file '../../build/propeller_controller/propeller_controller.egg-info/SOURCES.txt'
[5.723s] writing manifest file '../../build/propeller_controller/propeller_controller.egg-info/SOURCES.txt'
[5.723s] running build
[5.723s] running build_py
[5.724s] running install
[5.733s] running install_lib
[5.768s] running install_data
[5.769s] running install_egg_info
[5.806s] removing '/home/antoni/gazebo_maritime_ws/install/lib/python3.12/site-packages/propeller_controller-0.0.0-py3.12.egg-info' (and everything under it)
[5.806s] Copying ../../build/propeller_controller/propeller_controller.egg-info to /home/antoni/gazebo_maritime_ws/install/lib/python3.12/site-packages/propeller_controller-0.0.0-py3.12.egg-info
[5.811s] running install_scripts
[6.033s] Installing keyboard_controller script to /home/antoni/gazebo_maritime_ws/install/lib/propeller_controller
[6.033s] Installing rotate script to /home/antoni/gazebo_maritime_ws/install/lib/propeller_controller
[6.034s] writing list of installed files to '/home/antoni/gazebo_maritime_ws/build/propeller_controller/install.log'
[6.208s] Invoked command in '/home/antoni/gazebo_maritime_ws/src/propeller_controller' returned '0': DEBUGINFOD_URLS=https://debuginfod.ubuntu.com PYTHONPATH=/home/antoni/gazebo_maritime_ws/build/propeller_controller/prefix_override:/usr/lib/python3/dist-packages/colcon_core/task/python/colcon_distutils_commands:/home/antoni/gazebo_maritime_ws/install/lib/python3.12/site-packages:${PYTHONPATH} /usr/bin/python3 -W ignore:setup.py install is deprecated -W ignore:easy_install command is deprecated setup.py egg_info --egg-base ../../build/propeller_controller build --build-base /home/antoni/gazebo_maritime_ws/build/propeller_controller/build install --record /home/antoni/gazebo_maritime_ws/build/propeller_controller/install.log --single-version-externally-managed install_data
