[4.366s] Invoking command in '/home/antoni/gazebo_maritime_ws/src/research': DEBUGINFOD_URLS=https://debuginfod.ubuntu.com PYTHONPATH=/home/antoni/gazebo_maritime_ws/build/research/prefix_override:/usr/lib/python3/dist-packages/colcon_core/task/python/colcon_distutils_commands:/home/antoni/gazebo_maritime_ws/install/lib/python3.12/site-packages:${PYTHONPATH} /usr/bin/python3 -W ignore:setup.py install is deprecated -W ignore:easy_install command is deprecated setup.py egg_info --egg-base ../../build/research build --build-base /home/antoni/gazebo_maritime_ws/build/research/build install --record /home/antoni/gazebo_maritime_ws/build/research/install.log --single-version-externally-managed install_data
[5.103s] running egg_info
[5.145s] writing ../../build/research/research.egg-info/PKG-INFO
[5.149s] writing dependency_links to ../../build/research/research.egg-info/dependency_links.txt
[5.152s] writing entry points to ../../build/research/research.egg-info/entry_points.txt
[5.152s] writing requirements to ../../build/research/research.egg-info/requires.txt
[5.152s] writing top-level names to ../../build/research/research.egg-info/top_level.txt
[5.240s] reading manifest file '../../build/research/research.egg-info/SOURCES.txt'
[5.243s] writing manifest file '../../build/research/research.egg-info/SOURCES.txt'
[5.244s] running build
[5.244s] running build_py
[5.244s] running install
[5.259s] running install_lib
[5.305s] running install_data
[5.306s] running install_egg_info
[5.353s] removing '/home/antoni/gazebo_maritime_ws/install/lib/python3.12/site-packages/research-0.0.0-py3.12.egg-info' (and everything under it)
[5.353s] Copying ../../build/research/research.egg-info to /home/antoni/gazebo_maritime_ws/install/lib/python3.12/site-packages/research-0.0.0-py3.12.egg-info
[5.355s] running install_scripts
[5.665s] Installing analize_position_error script to /home/antoni/gazebo_maritime_ws/install/lib/research
[5.665s] Installing position_error script to /home/antoni/gazebo_maritime_ws/install/lib/research
[5.666s] writing list of installed files to '/home/antoni/gazebo_maritime_ws/build/research/install.log'
[5.942s] Invoked command in '/home/antoni/gazebo_maritime_ws/src/research' returned '0': DEBUGINFOD_URLS=https://debuginfod.ubuntu.com PYTHONPATH=/home/antoni/gazebo_maritime_ws/build/research/prefix_override:/usr/lib/python3/dist-packages/colcon_core/task/python/colcon_distutils_commands:/home/antoni/gazebo_maritime_ws/install/lib/python3.12/site-packages:${PYTHONPATH} /usr/bin/python3 -W ignore:setup.py install is deprecated -W ignore:easy_install command is deprecated setup.py egg_info --egg-base ../../build/research build --build-base /home/antoni/gazebo_maritime_ws/build/research/build install --record /home/antoni/gazebo_maritime_ws/build/research/install.log --single-version-externally-managed install_data
