[0.336s] Invoking command in '/home/antoni/gazebo_maritime_ws/build/msg_interfaces': CMAKE_PREFIX_PATH=${CMAKE_PREFIX_PATH}:/opt/ros/jazzy DEBUGINFOD_URLS=https://debuginfod.ubuntu.com /usr/bin/cmake --build /home/antoni/gazebo_maritime_ws/build/msg_interfaces -- -j12 -l12
[1.015s] [  2%] Built target msg_interfaces__rosidl_generator_type_description
[1.015s] [  2%] Built target ament_cmake_python_copy_msg_interfaces
[1.015s] [  5%] Built target msg_interfaces__cpp
[1.015s] [ 20%] Built target msg_interfaces__rosidl_generator_c
[1.015s] [ 29%] Built target msg_interfaces__rosidl_typesupport_c
[1.015s] [ 38%] Built target msg_interfaces__rosidl_typesupport_introspection_c
[1.015s] [ 55%] Built target msg_interfaces__rosidl_typesupport_cpp
[1.015s] [ 55%] Built target msg_interfaces__rosidl_typesupport_fastrtps_cpp
[1.016s] [ 64%] Built target msg_interfaces__rosidl_typesupport_fastrtps_c
[1.016s] [ 73%] Built target msg_interfaces__rosidl_typesupport_introspection_cpp
[1.016s] [ 73%] Built target msg_interfaces
[1.016s] [ 76%] Built target msg_interfaces__py
[1.016s] [ 82%] Built target msg_interfaces__rosidl_generator_py
[1.016s] [ 88%] Built target msg_interfaces_s__rosidl_typesupport_fastrtps_c
[1.016s] [100%] Built target msg_interfaces_s__rosidl_typesupport_c
[1.016s] [100%] Built target msg_interfaces_s__rosidl_typesupport_introspection_c
[1.016s] running egg_info
[1.017s] writing msg_interfaces.egg-info/PKG-INFO
[1.017s] writing dependency_links to msg_interfaces.egg-info/dependency_links.txt
[1.017s] writing top-level names to msg_interfaces.egg-info/top_level.txt
[1.017s] reading manifest file 'msg_interfaces.egg-info/SOURCES.txt'
[1.017s] writing manifest file 'msg_interfaces.egg-info/SOURCES.txt'
[1.019s] [100%] Built target ament_cmake_python_build_msg_interfaces_egg
[1.283s] Invoked command in '/home/antoni/gazebo_maritime_ws/build/msg_interfaces' returned '0': CMAKE_PREFIX_PATH=${CMAKE_PREFIX_PATH}:/opt/ros/jazzy DEBUGINFOD_URLS=https://debuginfod.ubuntu.com /usr/bin/cmake --build /home/antoni/gazebo_maritime_ws/build/msg_interfaces -- -j12 -l12
[1.286s] Invoking command in '/home/antoni/gazebo_maritime_ws/build/msg_interfaces': CMAKE_PREFIX_PATH=${CMAKE_PREFIX_PATH}:/opt/ros/jazzy DEBUGINFOD_URLS=https://debuginfod.ubuntu.com /usr/bin/cmake --install /home/antoni/gazebo_maritime_ws/build/msg_interfaces
[1.324s] -- Install configuration: ""
[1.325s] -- Up-to-date: /home/antoni/gazebo_maritime_ws/install/share/ament_index/resource_index/rosidl_interfaces/msg_interfaces
[1.325s] -- Up-to-date: /home/antoni/gazebo_maritime_ws/install/share/msg_interfaces/msg/InternalState.json
[1.328s] -- Up-to-date: /home/antoni/gazebo_maritime_ws/install/include/msg_interfaces/msg_interfaces
[1.331s] -- Up-to-date: /home/antoni/gazebo_maritime_ws/install/include/msg_interfaces/msg_interfaces/msg
[1.331s] -- Up-to-date: /home/antoni/gazebo_maritime_ws/install/include/msg_interfaces/msg_interfaces/msg/internal_state.h
[1.332s] -- Up-to-date: /home/antoni/gazebo_maritime_ws/install/include/msg_interfaces/msg_interfaces/msg/detail
[1.332s] -- Up-to-date: /home/antoni/gazebo_maritime_ws/install/include/msg_interfaces/msg_interfaces/msg/detail/internal_state__description.c
[1.332s] -- Up-to-date: /home/antoni/gazebo_maritime_ws/install/include/msg_interfaces/msg_interfaces/msg/detail/internal_state__functions.c
[1.332s] -- Up-to-date: /home/antoni/gazebo_maritime_ws/install/include/msg_interfaces/msg_interfaces/msg/detail/internal_state__type_support.c
[1.333s] -- Up-to-date: /home/antoni/gazebo_maritime_ws/install/include/msg_interfaces/msg_interfaces/msg/detail/internal_state__type_support.h
[1.333s] -- Up-to-date: /home/antoni/gazebo_maritime_ws/install/include/msg_interfaces/msg_interfaces/msg/detail/internal_state__struct.h
[1.333s] -- Up-to-date: /home/antoni/gazebo_maritime_ws/install/include/msg_interfaces/msg_interfaces/msg/detail/internal_state__functions.h
[1.333s] -- Up-to-date: /home/antoni/gazebo_maritime_ws/install/include/msg_interfaces/msg_interfaces/msg/rosidl_generator_c__visibility_control.h
[1.334s] -- Up-to-date: /home/antoni/gazebo_maritime_ws/install/share/msg_interfaces/environment/library_path.sh
[1.334s] -- Up-to-date: /home/antoni/gazebo_maritime_ws/install/share/msg_interfaces/environment/library_path.dsv
[1.335s] -- Up-to-date: /home/antoni/gazebo_maritime_ws/install/lib/libmsg_interfaces__rosidl_generator_c.so
[1.335s] -- Up-to-date: /home/antoni/gazebo_maritime_ws/install/include/msg_interfaces/msg_interfaces
[1.336s] -- Up-to-date: /home/antoni/gazebo_maritime_ws/install/include/msg_interfaces/msg_interfaces/msg
[1.336s] -- Up-to-date: /home/antoni/gazebo_maritime_ws/install/include/msg_interfaces/msg_interfaces/msg/detail
[1.336s] -- Up-to-date: /home/antoni/gazebo_maritime_ws/install/include/msg_interfaces/msg_interfaces/msg/detail/internal_state__rosidl_typesupport_fastrtps_c.h
[1.336s] -- Up-to-date: /home/antoni/gazebo_maritime_ws/install/include/msg_interfaces/msg_interfaces/msg/rosidl_typesupport_fastrtps_c__visibility_control.h
[1.337s] -- Up-to-date: /home/antoni/gazebo_maritime_ws/install/lib/libmsg_interfaces__rosidl_typesupport_fastrtps_c.so
[1.344s] -- Up-to-date: /home/antoni/gazebo_maritime_ws/install/include/msg_interfaces/msg_interfaces
[1.344s] -- Up-to-date: /home/antoni/gazebo_maritime_ws/install/include/msg_interfaces/msg_interfaces/msg
[1.344s] -- Up-to-date: /home/antoni/gazebo_maritime_ws/install/include/msg_interfaces/msg_interfaces/msg/detail
[1.344s] -- Up-to-date: /home/antoni/gazebo_maritime_ws/install/include/msg_interfaces/msg_interfaces/msg/detail/internal_state__rosidl_typesupport_introspection_c.h
[1.345s] -- Up-to-date: /home/antoni/gazebo_maritime_ws/install/include/msg_interfaces/msg_interfaces/msg/detail/internal_state__type_support.c
[1.345s] -- Up-to-date: /home/antoni/gazebo_maritime_ws/install/include/msg_interfaces/msg_interfaces/msg/rosidl_typesupport_introspection_c__visibility_control.h
[1.345s] -- Up-to-date: /home/antoni/gazebo_maritime_ws/install/lib/libmsg_interfaces__rosidl_typesupport_introspection_c.so
[1.345s] -- Up-to-date: /home/antoni/gazebo_maritime_ws/install/lib/libmsg_interfaces__rosidl_typesupport_c.so
[1.345s] -- Up-to-date: /home/antoni/gazebo_maritime_ws/install/include/msg_interfaces/msg_interfaces
[1.346s] -- Up-to-date: /home/antoni/gazebo_maritime_ws/install/include/msg_interfaces/msg_interfaces/msg
[1.346s] -- Up-to-date: /home/antoni/gazebo_maritime_ws/install/include/msg_interfaces/msg_interfaces/msg/internal_state.hpp
[1.346s] -- Up-to-date: /home/antoni/gazebo_maritime_ws/install/include/msg_interfaces/msg_interfaces/msg/detail
[1.348s] -- Up-to-date: /home/antoni/gazebo_maritime_ws/install/include/msg_interfaces/msg_interfaces/msg/detail/internal_state__traits.hpp
[1.349s] -- Up-to-date: /home/antoni/gazebo_maritime_ws/install/include/msg_interfaces/msg_interfaces/msg/detail/internal_state__type_support.hpp
[1.349s] -- Up-to-date: /home/antoni/gazebo_maritime_ws/install/include/msg_interfaces/msg_interfaces/msg/detail/internal_state__builder.hpp
[1.349s] -- Up-to-date: /home/antoni/gazebo_maritime_ws/install/include/msg_interfaces/msg_interfaces/msg/detail/internal_state__struct.hpp
[1.353s] -- Up-to-date: /home/antoni/gazebo_maritime_ws/install/include/msg_interfaces/msg_interfaces/msg/rosidl_generator_cpp__visibility_control.hpp
[1.353s] -- Up-to-date: /home/antoni/gazebo_maritime_ws/install/include/msg_interfaces/msg_interfaces
[1.353s] -- Up-to-date: /home/antoni/gazebo_maritime_ws/install/include/msg_interfaces/msg_interfaces/msg
[1.353s] -- Up-to-date: /home/antoni/gazebo_maritime_ws/install/include/msg_interfaces/msg_interfaces/msg/detail
[1.358s] -- Up-to-date: /home/antoni/gazebo_maritime_ws/install/include/msg_interfaces/msg_interfaces/msg/detail/internal_state__rosidl_typesupport_fastrtps_cpp.hpp
[1.358s] -- Up-to-date: /home/antoni/gazebo_maritime_ws/install/include/msg_interfaces/msg_interfaces/msg/detail/dds_fastrtps
[1.359s] -- Up-to-date: /home/antoni/gazebo_maritime_ws/install/include/msg_interfaces/msg_interfaces/msg/rosidl_typesupport_fastrtps_cpp__visibility_control.h
[1.359s] -- Up-to-date: /home/antoni/gazebo_maritime_ws/install/lib/libmsg_interfaces__rosidl_typesupport_fastrtps_cpp.so
[1.359s] -- Up-to-date: /home/antoni/gazebo_maritime_ws/install/include/msg_interfaces/msg_interfaces
[1.359s] -- Up-to-date: /home/antoni/gazebo_maritime_ws/install/include/msg_interfaces/msg_interfaces/msg
[1.360s] -- Up-to-date: /home/antoni/gazebo_maritime_ws/install/include/msg_interfaces/msg_interfaces/msg/detail
[1.360s] -- Up-to-date: /home/antoni/gazebo_maritime_ws/install/include/msg_interfaces/msg_interfaces/msg/detail/internal_state__type_support.cpp
[1.361s] -- Up-to-date: /home/antoni/gazebo_maritime_ws/install/include/msg_interfaces/msg_interfaces/msg/detail/internal_state__rosidl_typesupport_introspection_cpp.hpp
[1.361s] -- Up-to-date: /home/antoni/gazebo_maritime_ws/install/lib/libmsg_interfaces__rosidl_typesupport_introspection_cpp.so
[1.361s] -- Up-to-date: /home/antoni/gazebo_maritime_ws/install/lib/libmsg_interfaces__rosidl_typesupport_cpp.so
[1.361s] -- Up-to-date: /home/antoni/gazebo_maritime_ws/install/share/msg_interfaces/environment/pythonpath.sh
[1.361s] -- Up-to-date: /home/antoni/gazebo_maritime_ws/install/share/msg_interfaces/environment/pythonpath.dsv
[1.361s] -- Up-to-date: /home/antoni/gazebo_maritime_ws/install/lib/python3.12/site-packages/msg_interfaces-0.0.0-py3.12.egg-info
[1.362s] -- Installing: /home/antoni/gazebo_maritime_ws/install/lib/python3.12/site-packages/msg_interfaces-0.0.0-py3.12.egg-info/dependency_links.txt
[1.362s] -- Installing: /home/antoni/gazebo_maritime_ws/install/lib/python3.12/site-packages/msg_interfaces-0.0.0-py3.12.egg-info/SOURCES.txt
[1.362s] -- Installing: /home/antoni/gazebo_maritime_ws/install/lib/python3.12/site-packages/msg_interfaces-0.0.0-py3.12.egg-info/top_level.txt
[1.362s] -- Installing: /home/antoni/gazebo_maritime_ws/install/lib/python3.12/site-packages/msg_interfaces-0.0.0-py3.12.egg-info/PKG-INFO
[1.362s] -- Up-to-date: /home/antoni/gazebo_maritime_ws/install/lib/python3.12/site-packages/msg_interfaces
[1.363s] -- Up-to-date: /home/antoni/gazebo_maritime_ws/install/lib/python3.12/site-packages/msg_interfaces/_msg_interfaces_s.ep.rosidl_typesupport_introspection_c.c
[1.363s] -- Up-to-date: /home/antoni/gazebo_maritime_ws/install/lib/python3.12/site-packages/msg_interfaces/msg_interfaces_s__rosidl_typesupport_c.so
[1.363s] -- Up-to-date: /home/antoni/gazebo_maritime_ws/install/lib/python3.12/site-packages/msg_interfaces/_msg_interfaces_s.ep.rosidl_typesupport_c.c
[1.363s] -- Up-to-date: /home/antoni/gazebo_maritime_ws/install/lib/python3.12/site-packages/msg_interfaces/__init__.py
[1.364s] -- Up-to-date: /home/antoni/gazebo_maritime_ws/install/lib/python3.12/site-packages/msg_interfaces/msg
[1.364s] -- Up-to-date: /home/antoni/gazebo_maritime_ws/install/lib/python3.12/site-packages/msg_interfaces/msg/_internal_state.py
[1.364s] -- Up-to-date: /home/antoni/gazebo_maritime_ws/install/lib/python3.12/site-packages/msg_interfaces/msg/__init__.py
[1.364s] -- Up-to-date: /home/antoni/gazebo_maritime_ws/install/lib/python3.12/site-packages/msg_interfaces/msg/_internal_state_s.c
[1.365s] -- Up-to-date: /home/antoni/gazebo_maritime_ws/install/lib/python3.12/site-packages/msg_interfaces/msg_interfaces_s__rosidl_typesupport_introspection_c.so
[1.365s] -- Up-to-date: /home/antoni/gazebo_maritime_ws/install/lib/python3.12/site-packages/msg_interfaces/msg_interfaces_s__rosidl_typesupport_fastrtps_c.so
[1.365s] -- Up-to-date: /home/antoni/gazebo_maritime_ws/install/lib/python3.12/site-packages/msg_interfaces/_msg_interfaces_s.ep.rosidl_typesupport_fastrtps_c.c
[1.409s] Listing '/home/antoni/gazebo_maritime_ws/install/lib/python3.12/site-packages/msg_interfaces'...
[1.410s] Listing '/home/antoni/gazebo_maritime_ws/install/lib/python3.12/site-packages/msg_interfaces/msg'...
[1.421s] -- Up-to-date: /home/antoni/gazebo_maritime_ws/install/lib/python3.12/site-packages/msg_interfaces/msg_interfaces_s__rosidl_typesupport_fastrtps_c.so
[1.423s] -- Up-to-date: /home/antoni/gazebo_maritime_ws/install/lib/python3.12/site-packages/msg_interfaces/msg_interfaces_s__rosidl_typesupport_introspection_c.so
[1.423s] -- Up-to-date: /home/antoni/gazebo_maritime_ws/install/lib/python3.12/site-packages/msg_interfaces/msg_interfaces_s__rosidl_typesupport_c.so
[1.423s] -- Up-to-date: /home/antoni/gazebo_maritime_ws/install/lib/libmsg_interfaces__rosidl_generator_py.so
[1.423s] -- Up-to-date: /home/antoni/gazebo_maritime_ws/install/share/msg_interfaces/msg/InternalState.idl
[1.423s] -- Up-to-date: /home/antoni/gazebo_maritime_ws/install/share/msg_interfaces/msg/InternalState.msg
[1.424s] -- Up-to-date: /home/antoni/gazebo_maritime_ws/install/share/ament_index/resource_index/package_run_dependencies/msg_interfaces
[1.424s] -- Up-to-date: /home/antoni/gazebo_maritime_ws/install/share/ament_index/resource_index/parent_prefix_path/msg_interfaces
[1.424s] -- Up-to-date: /home/antoni/gazebo_maritime_ws/install/share/msg_interfaces/environment/ament_prefix_path.sh
[1.424s] -- Up-to-date: /home/antoni/gazebo_maritime_ws/install/share/msg_interfaces/environment/ament_prefix_path.dsv
[1.425s] -- Up-to-date: /home/antoni/gazebo_maritime_ws/install/share/msg_interfaces/environment/path.sh
[1.425s] -- Up-to-date: /home/antoni/gazebo_maritime_ws/install/share/msg_interfaces/environment/path.dsv
[1.425s] -- Up-to-date: /home/antoni/gazebo_maritime_ws/install/share/msg_interfaces/local_setup.bash
[1.425s] -- Up-to-date: /home/antoni/gazebo_maritime_ws/install/share/msg_interfaces/local_setup.sh
[1.425s] -- Up-to-date: /home/antoni/gazebo_maritime_ws/install/share/msg_interfaces/local_setup.zsh
[1.426s] -- Up-to-date: /home/antoni/gazebo_maritime_ws/install/share/msg_interfaces/local_setup.dsv
[1.426s] -- Installing: /home/antoni/gazebo_maritime_ws/install/share/msg_interfaces/package.dsv
[1.427s] -- Up-to-date: /home/antoni/gazebo_maritime_ws/install/share/ament_index/resource_index/packages/msg_interfaces
[1.427s] -- Up-to-date: /home/antoni/gazebo_maritime_ws/install/share/msg_interfaces/cmake/export_msg_interfaces__rosidl_generator_cExport.cmake
[1.427s] -- Up-to-date: /home/antoni/gazebo_maritime_ws/install/share/msg_interfaces/cmake/export_msg_interfaces__rosidl_generator_cExport-noconfig.cmake
[1.427s] -- Up-to-date: /home/antoni/gazebo_maritime_ws/install/share/msg_interfaces/cmake/export_msg_interfaces__rosidl_typesupport_fastrtps_cExport.cmake
[1.427s] -- Up-to-date: /home/antoni/gazebo_maritime_ws/install/share/msg_interfaces/cmake/export_msg_interfaces__rosidl_typesupport_fastrtps_cExport-noconfig.cmake
[1.427s] -- Up-to-date: /home/antoni/gazebo_maritime_ws/install/share/msg_interfaces/cmake/msg_interfaces__rosidl_typesupport_introspection_cExport.cmake
[1.428s] -- Up-to-date: /home/antoni/gazebo_maritime_ws/install/share/msg_interfaces/cmake/msg_interfaces__rosidl_typesupport_introspection_cExport-noconfig.cmake
[1.428s] -- Up-to-date: /home/antoni/gazebo_maritime_ws/install/share/msg_interfaces/cmake/msg_interfaces__rosidl_typesupport_cExport.cmake
[1.428s] -- Up-to-date: /home/antoni/gazebo_maritime_ws/install/share/msg_interfaces/cmake/msg_interfaces__rosidl_typesupport_cExport-noconfig.cmake
[1.428s] -- Up-to-date: /home/antoni/gazebo_maritime_ws/install/share/msg_interfaces/cmake/export_msg_interfaces__rosidl_generator_cppExport.cmake
[1.429s] -- Up-to-date: /home/antoni/gazebo_maritime_ws/install/share/msg_interfaces/cmake/export_msg_interfaces__rosidl_typesupport_fastrtps_cppExport.cmake
[1.429s] -- Up-to-date: /home/antoni/gazebo_maritime_ws/install/share/msg_interfaces/cmake/export_msg_interfaces__rosidl_typesupport_fastrtps_cppExport-noconfig.cmake
[1.429s] -- Up-to-date: /home/antoni/gazebo_maritime_ws/install/share/msg_interfaces/cmake/msg_interfaces__rosidl_typesupport_introspection_cppExport.cmake
[1.429s] -- Up-to-date: /home/antoni/gazebo_maritime_ws/install/share/msg_interfaces/cmake/msg_interfaces__rosidl_typesupport_introspection_cppExport-noconfig.cmake
[1.429s] -- Up-to-date: /home/antoni/gazebo_maritime_ws/install/share/msg_interfaces/cmake/msg_interfaces__rosidl_typesupport_cppExport.cmake
[1.430s] -- Up-to-date: /home/antoni/gazebo_maritime_ws/install/share/msg_interfaces/cmake/msg_interfaces__rosidl_typesupport_cppExport-noconfig.cmake
[1.430s] -- Up-to-date: /home/antoni/gazebo_maritime_ws/install/share/msg_interfaces/cmake/export_msg_interfaces__rosidl_generator_pyExport.cmake
[1.430s] -- Up-to-date: /home/antoni/gazebo_maritime_ws/install/share/msg_interfaces/cmake/export_msg_interfaces__rosidl_generator_pyExport-noconfig.cmake
[1.430s] -- Up-to-date: /home/antoni/gazebo_maritime_ws/install/share/msg_interfaces/cmake/rosidl_cmake-extras.cmake
[1.430s] -- Up-to-date: /home/antoni/gazebo_maritime_ws/install/share/msg_interfaces/cmake/ament_cmake_export_dependencies-extras.cmake
[1.430s] -- Up-to-date: /home/antoni/gazebo_maritime_ws/install/share/msg_interfaces/cmake/ament_cmake_export_include_directories-extras.cmake
[1.430s] -- Up-to-date: /home/antoni/gazebo_maritime_ws/install/share/msg_interfaces/cmake/ament_cmake_export_libraries-extras.cmake
[1.430s] -- Up-to-date: /home/antoni/gazebo_maritime_ws/install/share/msg_interfaces/cmake/ament_cmake_export_targets-extras.cmake
[1.431s] -- Up-to-date: /home/antoni/gazebo_maritime_ws/install/share/msg_interfaces/cmake/rosidl_cmake_export_typesupport_targets-extras.cmake
[1.431s] -- Up-to-date: /home/antoni/gazebo_maritime_ws/install/share/msg_interfaces/cmake/rosidl_cmake_export_typesupport_libraries-extras.cmake
[1.431s] -- Up-to-date: /home/antoni/gazebo_maritime_ws/install/share/msg_interfaces/cmake/msg_interfacesConfig.cmake
[1.431s] -- Up-to-date: /home/antoni/gazebo_maritime_ws/install/share/msg_interfaces/cmake/msg_interfacesConfig-version.cmake
[1.431s] -- Up-to-date: /home/antoni/gazebo_maritime_ws/install/share/msg_interfaces/package.xml
[1.432s] Invoked command in '/home/antoni/gazebo_maritime_ws/build/msg_interfaces' returned '0': CMAKE_PREFIX_PATH=${CMAKE_PREFIX_PATH}:/opt/ros/jazzy DEBUGINFOD_URLS=https://debuginfod.ubuntu.com /usr/bin/cmake --install /home/antoni/gazebo_maritime_ws/build/msg_interfaces
