[0.640s] Invoking command in '/home/antoni/gazebo_maritime_ws/build/gazebo_maritime': DEBUGINFOD_URLS=https://debuginfod.ubuntu.com /usr/bin/cmake --build /home/antoni/gazebo_maritime_ws/build/gazebo_maritime -- -j12 -l12
[1.776s] [ 25%] Built target Waves
[1.777s] [ 50%] Built target Surface
[1.777s] [ 75%] Built target WaveVisual
[1.778s] [100%] Built target PublisherPlugin
[1.783s] Invoked command in '/home/antoni/gazebo_maritime_ws/build/gazebo_maritime' returned '0': DEBUGINFOD_URLS=https://debuginfod.ubuntu.com /usr/bin/cmake --build /home/antoni/gazebo_maritime_ws/build/gazebo_maritime -- -j12 -l12
[1.820s] Invoking command in '/home/antoni/gazebo_maritime_ws/build/gazebo_maritime': DEBUGINFOD_URLS=https://debuginfod.ubuntu.com /usr/bin/cmake --install /home/antoni/gazebo_maritime_ws/build/gazebo_maritime
[2.385s] -- Install configuration: ""
[2.386s] -- Up-to-date: /home/antoni/gazebo_maritime_ws/install/lib/libWaves.so
[2.386s] -- Up-to-date: /home/antoni/gazebo_maritime_ws/install/lib/libPublisherPlugin.so
[2.387s] -- Up-to-date: /home/antoni/gazebo_maritime_ws/install/lib/libSurface.so
[2.389s] -- Up-to-date: /home/antoni/gazebo_maritime_ws/install/lib/libWaveVisual.so
[2.389s] -- Up-to-date: /home/antoni/gazebo_maritime_ws/install/share/gazebo_maritime/models
[2.390s] -- Up-to-date: /home/antoni/gazebo_maritime_ws/install/share/gazebo_maritime/models/coast_waves
[2.390s] -- Up-to-date: /home/antoni/gazebo_maritime_ws/install/share/gazebo_maritime/models/coast_waves/materials
[2.390s] -- Up-to-date: /home/antoni/gazebo_maritime_ws/install/share/gazebo_maritime/models/coast_waves/materials/programs
[2.390s] -- Up-to-date: /home/antoni/gazebo_maritime_ws/install/share/gazebo_maritime/models/coast_waves/materials/programs/GerstnerWaves_fs_330.glsl
[2.390s] -- Up-to-date: /home/antoni/gazebo_maritime_ws/install/share/gazebo_maritime/models/coast_waves/materials/programs/GerstnerWaves_vs_330.glsl
[2.391s] -- Up-to-date: /home/antoni/gazebo_maritime_ws/install/share/gazebo_maritime/models/coast_waves/materials/textures
[2.391s] -- Up-to-date: /home/antoni/gazebo_maritime_ws/install/share/gazebo_maritime/models/coast_waves/materials/textures/wave_normals.dds
[2.391s] -- Up-to-date: /home/antoni/gazebo_maritime_ws/install/share/gazebo_maritime/models/coast_waves/materials/textures/skybox_lowres.dds
[2.392s] -- Up-to-date: /home/antoni/gazebo_maritime_ws/install/share/gazebo_maritime/models/coast_waves/model.config
[2.392s] -- Up-to-date: /home/antoni/gazebo_maritime_ws/install/share/gazebo_maritime/models/coast_waves/model.sdf
[2.392s] -- Up-to-date: /home/antoni/gazebo_maritime_ws/install/share/gazebo_maritime/models/coast_waves/meshes
[2.393s] -- Up-to-date: /home/antoni/gazebo_maritime_ws/install/share/gazebo_maritime/models/coast_waves/meshes/waterlow.dae
[2.393s] -- Up-to-date: /home/antoni/gazebo_maritime_ws/install/share/gazebo_maritime/models/wam-v
[2.394s] -- Up-to-date: /home/antoni/gazebo_maritime_ws/install/share/gazebo_maritime/models/wam-v/model.config
[2.395s] -- Up-to-date: /home/antoni/gazebo_maritime_ws/install/share/gazebo_maritime/models/wam-v/model.sdf
[2.395s] -- Up-to-date: /home/antoni/gazebo_maritime_ws/install/share/gazebo_maritime/models/wam-v/meshes
[2.396s] -- Up-to-date: /home/antoni/gazebo_maritime_ws/install/share/gazebo_maritime/models/wam-v/meshes/WAM-V-Base.dae
[2.397s] -- Up-to-date: /home/antoni/gazebo_maritime_ws/install/share/gazebo_maritime/models/wam-v/meshes/engine.dae
[2.398s] -- Up-to-date: /home/antoni/gazebo_maritime_ws/install/share/gazebo_maritime/models/wam-v/meshes/propeller.dae
[2.399s] -- Up-to-date: /home/antoni/gazebo_maritime_ws/install/share/gazebo_maritime/models/wam-v/meshes/WamV.png
[2.400s] -- Up-to-date: /home/antoni/gazebo_maritime_ws/install/share/gazebo_maritime/worlds
[2.401s] -- Up-to-date: /home/antoni/gazebo_maritime_ws/install/share/gazebo_maritime/worlds/sydney_regatta copy.sdf
[2.401s] -- Up-to-date: /home/antoni/gazebo_maritime_ws/install/share/gazebo_maritime/worlds/sydney_regatta.sdf
[2.523s] Invoked command in '/home/antoni/gazebo_maritime_ws/build/gazebo_maritime' returned '0': DEBUGINFOD_URLS=https://debuginfod.ubuntu.com /usr/bin/cmake --install /home/antoni/gazebo_maritime_ws/build/gazebo_maritime
