[01m[K/home/antoni/gazebo_maritime_ws/src/gazebo_maritime/src/WindPlugin.cc:[m[K In member function ‘[01m[Kvirtual void maritime::WindPlugin::[01;32m[KConfigure[m[K(const gz::sim::v8::Entity&, const std::shared_ptr<const sdf::v14::Element>&, gz::sim::v8::EntityComponentManager&, gz::sim::v8::EventManager&)[m[K’:
[01m[K/home/antoni/gazebo_maritime_ws/src/gazebo_maritime/src/WindPlugin.cc:25:11:[m[K [01;31m[Kerror: [m[K‘[01m[Kclass maritime::WindPlugin[m[K’ has no member named ‘[01m[KwindSpeed[m[K’
   25 |     this->[01;31m[KwindSpeed[m[K = elem->Get<double>("speed", 0.0).first;
      |           [01;31m[K^~~~~~~~~[m[K
[01m[K/home/antoni/gazebo_maritime_ws/src/gazebo_maritime/src/WindPlugin.cc:28:23:[m[K [01;31m[Kerror: [m[K‘[01m[Kelem[m[K’ was not declared in this scope
   28 |     this->direction = [01;31m[Kelem[m[K->Get<double>("direction", this->direction).first;
      |                       [01;31m[K^~~~[m[K
[01m[K/home/antoni/gazebo_maritime_ws/src/gazebo_maritime/src/WindPlugin.cc:28:33:[m[K [01;31m[Kerror: [m[Kexpected primary-expression before ‘[01m[Kdouble[m[K’
   28 |     this->direction = elem->Get<[01;31m[Kdouble[m[K>("direction", this->direction).first;
      |                                 [01;31m[K^~~~~~[m[K
In file included from [01m[K/usr/include/c++/13/bits/stl_tempbuf.h:61[m[K,
                 from [01m[K/usr/include/c++/13/memory:66[m[K,
                 from [01m[K/usr/include/gz/sim8/gz/sim/System.hh:21[m[K,
                 from [01m[K/home/antoni/gazebo_maritime_ws/src/gazebo_maritime/src/WindPlugin.hh:4[m[K,
                 from [01m[K/home/antoni/gazebo_maritime_ws/src/gazebo_maritime/src/WindPlugin.cc:1[m[K:
/usr/include/c++/13/bits/stl_construct.h: In instantiation of ‘[01m[Kvoid std::[01;32m[K_Construct[m[K(_Tp*, _Args&& ...) [35m[K[with _Tp = sdf::v14::Element; _Args = {const sdf::v14::Element&}][m[K[m[K’:
[01m[K/usr/include/c++/13/bits/alloc_traits.h:661:19:[m[K   required from ‘[01m[Kstatic void std::allocator_traits<std::allocator<void> >::[01;32m[Kconstruct[m[K(allocator_type&, _Up*, _Args&& ...) [35m[K[with _Up = sdf::v14::Element; _Args = {const sdf::v14::Element&}; allocator_type = std::allocator<void>][m[K[m[K’
[01m[K/usr/include/c++/13/bits/shared_ptr_base.h:604:39:[m[K   required from ‘[01m[Kstd::_Sp_counted_ptr_inplace<_Tp, _Alloc, _Lp>::[01;32m[K_Sp_counted_ptr_inplace[m[K(_Alloc, _Args&& ...) [35m[K[with _Args = {const sdf::v14::Element&}; _Tp = sdf::v14::Element; _Alloc = std::allocator<void>; __gnu_cxx::_Lock_policy _Lp = __gnu_cxx::_S_atomic][m[K[m[K’
[01m[K/usr/include/c++/13/bits/shared_ptr_base.h:971:16:[m[K   required from ‘[01m[Kstd::__shared_count<_Lp>::[01;32m[K__shared_count[m[K(_Tp*&, std::_Sp_alloc_shared_tag<_Alloc>, _Args&& ...) [35m[K[with _Tp = sdf::v14::Element; _Alloc = std::allocator<void>; _Args = {const sdf::v14::Element&}; __gnu_cxx::_Lock_policy _Lp = __gnu_cxx::_S_atomic][m[K[m[K’
[01m[K/usr/include/c++/13/bits/shared_ptr_base.h:1712:14:[m[K   required from ‘[01m[Kstd::__shared_ptr<_Tp, _Lp>::[01;32m[K__shared_ptr[m[K(std::_Sp_alloc_shared_tag<_Tp>, _Args&& ...) [35m[K[with _Alloc = std::allocator<void>; _Args = {const sdf::v14::Element&}; _Tp = sdf::v14::Element; __gnu_cxx::_Lock_policy _Lp = __gnu_cxx::_S_atomic][m[K[m[K’
[01m[K/usr/include/c++/13/bits/shared_ptr.h:464:59:[m[K   required from ‘[01m[Kstd::shared_ptr<_Tp>::[01;32m[Kshared_ptr[m[K(std::_Sp_alloc_shared_tag<_Tp>, _Args&& ...) [35m[K[with _Alloc = std::allocator<void>; _Args = {const sdf::v14::Element&}; _Tp = sdf::v14::Element][m[K[m[K’
[01m[K/usr/include/c++/13/bits/shared_ptr.h:1009:14:[m[K   required from ‘[01m[Kstd::shared_ptr<typename std::enable_if<(! std::is_array< <template-parameter-1-1> >::value), _Tp>::type> std::[01;32m[Kmake_shared[m[K(_Args&& ...) [35m[K[with _Tp = sdf::v14::Element; _Args = {const sdf::v14::Element&}; typename enable_if<(! is_array< <template-parameter-1-1> >::value), _Tp>::type = sdf::v14::Element][m[K[m[K’
[01m[K/home/antoni/gazebo_maritime_ws/src/gazebo_maritime/src/WindPlugin.cc:21:51:[m[K   required from here
[01m[K/usr/include/c++/13/bits/stl_construct.h:119:7:[m[K [01;31m[Kerror: [m[Kuse of deleted function ‘[01m[Ksdf::v14::Element::[01;32m[KElement[m[K(const sdf::v14::Element&)[m[K’
  119 |       [01;31m[K::new((void*)__p) _Tp(std::forward<_Args>(__args)...)[m[K;
      |       [01;31m[K^~~~~~~~~~~~~~~~~~~~~~~~~~~~~~~~~~~~~~~~~~~~~~~~~~~~~[m[K
In file included from [01m[K/usr/include/gz/sim8/gz/sim/System.hh:31[m[K:
[01m[K/usr/include/gz/sdformat14/sdf/Element.hh:74:26:[m[K [01;36m[Knote: [m[K‘[01m[Ksdf::v14::Element::[01;32m[KElement[m[K(const sdf::v14::Element&)[m[K’ is implicitly deleted because the default definition would be ill-formed:
   74 |   class SDFORMAT_VISIBLE [01;36m[KElement[m[K :
      |                          [01;36m[K^~~~~~~[m[K
[01m[K/usr/include/gz/sdformat14/sdf/Element.hh:74:26:[m[K [01;31m[Kerror: [m[Kuse of deleted function ‘[01m[Kstd::unique_ptr<_Tp, _Dp>::[01;32m[Kunique_ptr[m[K(const std::unique_ptr<_Tp, _Dp>&) [35m[K[with _Tp = sdf::v14::ElementPrivate; _Dp = std::default_delete<sdf::v14::ElementPrivate>][m[K[m[K’
In file included from [01m[K/usr/include/c++/13/memory:78[m[K:
[01m[K/usr/include/c++/13/bits/unique_ptr.h:522:7:[m[K [01;36m[Knote: [m[Kdeclared here
  522 |       [01;36m[Kunique_ptr[m[K(const unique_ptr&) = delete;
      |       [01;36m[K^~~~~~~~~~[m[K
gmake[2]: *** [CMakeFiles/WindPlugin.dir/build.make:76: CMakeFiles/WindPlugin.dir/src/WindPlugin.cc.o] Error 1
gmake[1]: *** [CMakeFiles/Makefile2:195: CMakeFiles/WindPlugin.dir/all] Error 2
gmake: *** [Makefile:136: all] Error 2
