[2.224s] Invoking command in '/home/antoni/gazebo_maritime_ws/src/autopilot': DEBUGINFOD_URLS=https://debuginfod.ubuntu.com PYTHONPATH=/home/antoni/gazebo_maritime_ws/build/autopilot/prefix_override:/usr/lib/python3/dist-packages/colcon_core/task/python/colcon_distutils_commands:/home/antoni/gazebo_maritime_ws/install/lib/python3.12/site-packages:${PYTHONPATH} /usr/bin/python3 -W ignore:setup.py install is deprecated -W ignore:easy_install command is deprecated setup.py egg_info --egg-base ../../build/autopilot build --build-base /home/antoni/gazebo_maritime_ws/build/autopilot/build install --record /home/antoni/gazebo_maritime_ws/build/autopilot/install.log --single-version-externally-managed install_data
[2.590s] running egg_info
[2.618s] writing ../../build/autopilot/autopilot.egg-info/PKG-INFO
[2.618s] writing dependency_links to ../../build/autopilot/autopilot.egg-info/dependency_links.txt
[2.619s] writing entry points to ../../build/autopilot/autopilot.egg-info/entry_points.txt
[2.619s] writing requirements to ../../build/autopilot/autopilot.egg-info/requires.txt
[2.619s] writing top-level names to ../../build/autopilot/autopilot.egg-info/top_level.txt
[2.681s] reading manifest file '../../build/autopilot/autopilot.egg-info/SOURCES.txt'
[2.682s] writing manifest file '../../build/autopilot/autopilot.egg-info/SOURCES.txt'
[2.682s] running build
[2.682s] running build_py
[2.683s] running install
[2.692s] running install_lib
[2.723s] running install_data
[2.723s] copying config/navsat.yaml -> /home/antoni/gazebo_maritime_ws/install/share/autopilot/config
[2.723s] running install_egg_info
[2.755s] removing '/home/antoni/gazebo_maritime_ws/install/lib/python3.12/site-packages/autopilot-0.0.0-py3.12.egg-info' (and everything under it)
[2.756s] Copying ../../build/autopilot/autopilot.egg-info to /home/antoni/gazebo_maritime_ws/install/lib/python3.12/site-packages/autopilot-0.0.0-py3.12.egg-info
[2.757s] running install_scripts
[2.920s] Installing add_markers script to /home/antoni/gazebo_maritime_ws/install/lib/autopilot
[2.921s] Installing azimuth script to /home/antoni/gazebo_maritime_ws/install/lib/autopilot
[2.921s] Installing checkpoints script to /home/antoni/gazebo_maritime_ws/install/lib/autopilot
[2.921s] Installing compass script to /home/antoni/gazebo_maritime_ws/install/lib/autopilot
[2.921s] Installing kalman script to /home/antoni/gazebo_maritime_ws/install/lib/autopilot
[2.921s] Installing los script to /home/antoni/gazebo_maritime_ws/install/lib/autopilot
[2.922s] writing list of installed files to '/home/antoni/gazebo_maritime_ws/build/autopilot/install.log'
[3.000s] Invoked command in '/home/antoni/gazebo_maritime_ws/src/autopilot' returned '0': DEBUGINFOD_URLS=https://debuginfod.ubuntu.com PYTHONPATH=/home/antoni/gazebo_maritime_ws/build/autopilot/prefix_override:/usr/lib/python3/dist-packages/colcon_core/task/python/colcon_distutils_commands:/home/antoni/gazebo_maritime_ws/install/lib/python3.12/site-packages:${PYTHONPATH} /usr/bin/python3 -W ignore:setup.py install is deprecated -W ignore:easy_install command is deprecated setup.py egg_info --egg-base ../../build/autopilot build --build-base /home/antoni/gazebo_maritime_ws/build/autopilot/build install --record /home/antoni/gazebo_maritime_ws/build/autopilot/install.log --single-version-externally-managed install_data
