[0.483s] Invoking command in '/home/antoni/gazebo_maritime_ws/build/msg_interfaces': CMAKE_PREFIX_PATH=${CMAKE_PREFIX_PATH}:/opt/ros/jazzy DEBUGINFOD_URLS=https://debuginfod.ubuntu.com /usr/bin/cmake --build /home/antoni/gazebo_maritime_ws/build/msg_interfaces -- -j12 -l12
[1.428s] [  2%] Built target msg_interfaces__rosidl_generator_type_description
[1.428s] [  2%] Built target ament_cmake_python_copy_msg_interfaces
[1.428s] [ 17%] Built target msg_interfaces__rosidl_generator_c
[1.428s] [ 20%] Built target msg_interfaces__cpp
[1.428s] [ 29%] Built target msg_interfaces__rosidl_typesupport_introspection_c
[1.428s] [ 38%] Built target msg_interfaces__rosidl_typesupport_c
[1.428s] [ 47%] Built target msg_interfaces__rosidl_typesupport_fastrtps_cpp
[1.428s] [ 55%] Built target msg_interfaces__rosidl_typesupport_fastrtps_c
[1.428s] [ 64%] Built target msg_interfaces__rosidl_typesupport_cpp
[1.428s] [ 73%] Built target msg_interfaces__rosidl_typesupport_introspection_cpp
[1.428s] [ 73%] Built target msg_interfaces
[1.428s] [ 76%] Built target msg_interfaces__py
[1.428s] [ 82%] Built target msg_interfaces__rosidl_generator_py
[1.428s] [ 88%] Built target msg_interfaces_s__rosidl_typesupport_introspection_c
[1.428s] [ 94%] Built target msg_interfaces_s__rosidl_typesupport_c
[1.429s] [100%] Built target msg_interfaces_s__rosidl_typesupport_fastrtps_c
[1.429s] running egg_info
[1.429s] writing msg_interfaces.egg-info/PKG-INFO
[1.429s] writing dependency_links to msg_interfaces.egg-info/dependency_links.txt
[1.429s] writing top-level names to msg_interfaces.egg-info/top_level.txt
[1.429s] reading manifest file 'msg_interfaces.egg-info/SOURCES.txt'
[1.429s] writing manifest file 'msg_interfaces.egg-info/SOURCES.txt'
[1.429s] [100%] Built target ament_cmake_python_build_msg_interfaces_egg
[1.856s] Invoked command in '/home/antoni/gazebo_maritime_ws/build/msg_interfaces' returned '0': CMAKE_PREFIX_PATH=${CMAKE_PREFIX_PATH}:/opt/ros/jazzy DEBUGINFOD_URLS=https://debuginfod.ubuntu.com /usr/bin/cmake --build /home/antoni/gazebo_maritime_ws/build/msg_interfaces -- -j12 -l12
[1.879s] Invoking command in '/home/antoni/gazebo_maritime_ws/build/msg_interfaces': CMAKE_PREFIX_PATH=${CMAKE_PREFIX_PATH}:/opt/ros/jazzy DEBUGINFOD_URLS=https://debuginfod.ubuntu.com /usr/bin/cmake --install /home/antoni/gazebo_maritime_ws/build/msg_interfaces
[1.898s] -- Install configuration: ""
[1.900s] -- Up-to-date: /home/antoni/gazebo_maritime_ws/install/share/ament_index/resource_index/rosidl_interfaces/msg_interfaces
[1.901s] -- Up-to-date: /home/antoni/gazebo_maritime_ws/install/share/msg_interfaces/msg/InternalState.json
[1.901s] -- Up-to-date: /home/antoni/gazebo_maritime_ws/install/include/msg_interfaces/msg_interfaces
[1.901s] -- Up-to-date: /home/antoni/gazebo_maritime_ws/install/include/msg_interfaces/msg_interfaces/msg
[1.901s] -- Up-to-date: /home/antoni/gazebo_maritime_ws/install/include/msg_interfaces/msg_interfaces/msg/internal_state.h
[1.901s] -- Up-to-date: /home/antoni/gazebo_maritime_ws/install/include/msg_interfaces/msg_interfaces/msg/detail
[1.901s] -- Up-to-date: /home/antoni/gazebo_maritime_ws/install/include/msg_interfaces/msg_interfaces/msg/detail/internal_state__description.c
[1.901s] -- Up-to-date: /home/antoni/gazebo_maritime_ws/install/include/msg_interfaces/msg_interfaces/msg/detail/internal_state__functions.c
[1.901s] -- Up-to-date: /home/antoni/gazebo_maritime_ws/install/include/msg_interfaces/msg_interfaces/msg/detail/internal_state__type_support.c
[1.901s] -- Up-to-date: /home/antoni/gazebo_maritime_ws/install/include/msg_interfaces/msg_interfaces/msg/detail/internal_state__type_support.h
[1.902s] -- Up-to-date: /home/antoni/gazebo_maritime_ws/install/include/msg_interfaces/msg_interfaces/msg/detail/internal_state__struct.h
[1.902s] -- Up-to-date: /home/antoni/gazebo_maritime_ws/install/include/msg_interfaces/msg_interfaces/msg/detail/internal_state__functions.h
[1.902s] -- Up-to-date: /home/antoni/gazebo_maritime_ws/install/include/msg_interfaces/msg_interfaces/msg/rosidl_generator_c__visibility_control.h
[1.902s] -- Up-to-date: /home/antoni/gazebo_maritime_ws/install/share/msg_interfaces/environment/library_path.sh
[1.902s] -- Up-to-date: /home/antoni/gazebo_maritime_ws/install/share/msg_interfaces/environment/library_path.dsv
[1.902s] -- Up-to-date: /home/antoni/gazebo_maritime_ws/install/lib/libmsg_interfaces__rosidl_generator_c.so
[1.902s] -- Up-to-date: /home/antoni/gazebo_maritime_ws/install/include/msg_interfaces/msg_interfaces
[1.903s] -- Up-to-date: /home/antoni/gazebo_maritime_ws/install/include/msg_interfaces/msg_interfaces/msg
[1.903s] -- Up-to-date: /home/antoni/gazebo_maritime_ws/install/include/msg_interfaces/msg_interfaces/msg/detail
[1.903s] -- Up-to-date: /home/antoni/gazebo_maritime_ws/install/include/msg_interfaces/msg_interfaces/msg/detail/internal_state__rosidl_typesupport_fastrtps_c.h
[1.903s] -- Up-to-date: /home/antoni/gazebo_maritime_ws/install/include/msg_interfaces/msg_interfaces/msg/rosidl_typesupport_fastrtps_c__visibility_control.h
[1.903s] -- Up-to-date: /home/antoni/gazebo_maritime_ws/install/lib/libmsg_interfaces__rosidl_typesupport_fastrtps_c.so
[1.905s] -- Up-to-date: /home/antoni/gazebo_maritime_ws/install/include/msg_interfaces/msg_interfaces
[1.906s] -- Up-to-date: /home/antoni/gazebo_maritime_ws/install/include/msg_interfaces/msg_interfaces/msg
[1.909s] -- Up-to-date: /home/antoni/gazebo_maritime_ws/install/include/msg_interfaces/msg_interfaces/msg/detail
[1.910s] -- Up-to-date: /home/antoni/gazebo_maritime_ws/install/include/msg_interfaces/msg_interfaces/msg/detail/internal_state__rosidl_typesupport_introspection_c.h
[1.911s] -- Up-to-date: /home/antoni/gazebo_maritime_ws/install/include/msg_interfaces/msg_interfaces/msg/detail/internal_state__type_support.c
[1.912s] -- Up-to-date: /home/antoni/gazebo_maritime_ws/install/include/msg_interfaces/msg_interfaces/msg/rosidl_typesupport_introspection_c__visibility_control.h
[1.912s] -- Up-to-date: /home/antoni/gazebo_maritime_ws/install/lib/libmsg_interfaces__rosidl_typesupport_introspection_c.so
[1.912s] -- Up-to-date: /home/antoni/gazebo_maritime_ws/install/lib/libmsg_interfaces__rosidl_typesupport_c.so
[1.913s] -- Up-to-date: /home/antoni/gazebo_maritime_ws/install/include/msg_interfaces/msg_interfaces
[1.913s] -- Up-to-date: /home/antoni/gazebo_maritime_ws/install/include/msg_interfaces/msg_interfaces/msg
[1.913s] -- Up-to-date: /home/antoni/gazebo_maritime_ws/install/include/msg_interfaces/msg_interfaces/msg/internal_state.hpp
[1.913s] -- Up-to-date: /home/antoni/gazebo_maritime_ws/install/include/msg_interfaces/msg_interfaces/msg/detail
[1.913s] -- Up-to-date: /home/antoni/gazebo_maritime_ws/install/include/msg_interfaces/msg_interfaces/msg/detail/internal_state__traits.hpp
[1.913s] -- Up-to-date: /home/antoni/gazebo_maritime_ws/install/include/msg_interfaces/msg_interfaces/msg/detail/internal_state__type_support.hpp
[1.913s] -- Up-to-date: /home/antoni/gazebo_maritime_ws/install/include/msg_interfaces/msg_interfaces/msg/detail/internal_state__builder.hpp
[1.913s] -- Up-to-date: /home/antoni/gazebo_maritime_ws/install/include/msg_interfaces/msg_interfaces/msg/detail/internal_state__struct.hpp
[1.914s] -- Up-to-date: /home/antoni/gazebo_maritime_ws/install/include/msg_interfaces/msg_interfaces/msg/rosidl_generator_cpp__visibility_control.hpp
[1.914s] -- Up-to-date: /home/antoni/gazebo_maritime_ws/install/include/msg_interfaces/msg_interfaces
[1.914s] -- Up-to-date: /home/antoni/gazebo_maritime_ws/install/include/msg_interfaces/msg_interfaces/msg
[1.914s] -- Up-to-date: /home/antoni/gazebo_maritime_ws/install/include/msg_interfaces/msg_interfaces/msg/detail
[1.914s] -- Up-to-date: /home/antoni/gazebo_maritime_ws/install/include/msg_interfaces/msg_interfaces/msg/detail/internal_state__rosidl_typesupport_fastrtps_cpp.hpp
[1.914s] -- Up-to-date: /home/antoni/gazebo_maritime_ws/install/include/msg_interfaces/msg_interfaces/msg/detail/dds_fastrtps
[1.915s] -- Up-to-date: /home/antoni/gazebo_maritime_ws/install/include/msg_interfaces/msg_interfaces/msg/rosidl_typesupport_fastrtps_cpp__visibility_control.h
[1.915s] -- Up-to-date: /home/antoni/gazebo_maritime_ws/install/lib/libmsg_interfaces__rosidl_typesupport_fastrtps_cpp.so
[1.915s] -- Up-to-date: /home/antoni/gazebo_maritime_ws/install/include/msg_interfaces/msg_interfaces
[1.915s] -- Up-to-date: /home/antoni/gazebo_maritime_ws/install/include/msg_interfaces/msg_interfaces/msg
[1.915s] -- Up-to-date: /home/antoni/gazebo_maritime_ws/install/include/msg_interfaces/msg_interfaces/msg/detail
[1.915s] -- Up-to-date: /home/antoni/gazebo_maritime_ws/install/include/msg_interfaces/msg_interfaces/msg/detail/internal_state__type_support.cpp
[1.915s] -- Up-to-date: /home/antoni/gazebo_maritime_ws/install/include/msg_interfaces/msg_interfaces/msg/detail/internal_state__rosidl_typesupport_introspection_cpp.hpp
[1.916s] -- Up-to-date: /home/antoni/gazebo_maritime_ws/install/lib/libmsg_interfaces__rosidl_typesupport_introspection_cpp.so
[1.916s] -- Up-to-date: /home/antoni/gazebo_maritime_ws/install/lib/libmsg_interfaces__rosidl_typesupport_cpp.so
[1.916s] -- Up-to-date: /home/antoni/gazebo_maritime_ws/install/share/msg_interfaces/environment/pythonpath.sh
[1.916s] -- Up-to-date: /home/antoni/gazebo_maritime_ws/install/share/msg_interfaces/environment/pythonpath.dsv
[1.916s] -- Up-to-date: /home/antoni/gazebo_maritime_ws/install/lib/python3.12/site-packages/msg_interfaces-0.0.0-py3.12.egg-info
[1.916s] -- Installing: /home/antoni/gazebo_maritime_ws/install/lib/python3.12/site-packages/msg_interfaces-0.0.0-py3.12.egg-info/dependency_links.txt
[1.917s] -- Installing: /home/antoni/gazebo_maritime_ws/install/lib/python3.12/site-packages/msg_interfaces-0.0.0-py3.12.egg-info/SOURCES.txt
[1.917s] -- Installing: /home/antoni/gazebo_maritime_ws/install/lib/python3.12/site-packages/msg_interfaces-0.0.0-py3.12.egg-info/top_level.txt
[1.917s] -- Installing: /home/antoni/gazebo_maritime_ws/install/lib/python3.12/site-packages/msg_interfaces-0.0.0-py3.12.egg-info/PKG-INFO
[1.918s] -- Up-to-date: /home/antoni/gazebo_maritime_ws/install/lib/python3.12/site-packages/msg_interfaces
[1.918s] -- Up-to-date: /home/antoni/gazebo_maritime_ws/install/lib/python3.12/site-packages/msg_interfaces/_msg_interfaces_s.ep.rosidl_typesupport_introspection_c.c
[1.918s] -- Up-to-date: /home/antoni/gazebo_maritime_ws/install/lib/python3.12/site-packages/msg_interfaces/msg_interfaces_s__rosidl_typesupport_c.so
[1.918s] -- Up-to-date: /home/antoni/gazebo_maritime_ws/install/lib/python3.12/site-packages/msg_interfaces/_msg_interfaces_s.ep.rosidl_typesupport_c.c
[1.918s] -- Up-to-date: /home/antoni/gazebo_maritime_ws/install/lib/python3.12/site-packages/msg_interfaces/__init__.py
[1.918s] -- Up-to-date: /home/antoni/gazebo_maritime_ws/install/lib/python3.12/site-packages/msg_interfaces/msg
[1.918s] -- Up-to-date: /home/antoni/gazebo_maritime_ws/install/lib/python3.12/site-packages/msg_interfaces/msg/_internal_state.py
[1.919s] -- Up-to-date: /home/antoni/gazebo_maritime_ws/install/lib/python3.12/site-packages/msg_interfaces/msg/__init__.py
[1.924s] -- Up-to-date: /home/antoni/gazebo_maritime_ws/install/lib/python3.12/site-packages/msg_interfaces/msg/_internal_state_s.c
[1.924s] -- Up-to-date: /home/antoni/gazebo_maritime_ws/install/lib/python3.12/site-packages/msg_interfaces/msg_interfaces_s__rosidl_typesupport_introspection_c.so
[1.925s] -- Up-to-date: /home/antoni/gazebo_maritime_ws/install/lib/python3.12/site-packages/msg_interfaces/msg_interfaces_s__rosidl_typesupport_fastrtps_c.so
[1.925s] -- Up-to-date: /home/antoni/gazebo_maritime_ws/install/lib/python3.12/site-packages/msg_interfaces/_msg_interfaces_s.ep.rosidl_typesupport_fastrtps_c.c
[2.010s] Listing '/home/antoni/gazebo_maritime_ws/install/lib/python3.12/site-packages/msg_interfaces'...
[2.011s] Listing '/home/antoni/gazebo_maritime_ws/install/lib/python3.12/site-packages/msg_interfaces/msg'...
[2.026s] -- Up-to-date: /home/antoni/gazebo_maritime_ws/install/lib/python3.12/site-packages/msg_interfaces/msg_interfaces_s__rosidl_typesupport_fastrtps_c.so
[2.027s] -- Up-to-date: /home/antoni/gazebo_maritime_ws/install/lib/python3.12/site-packages/msg_interfaces/msg_interfaces_s__rosidl_typesupport_introspection_c.so
[2.027s] -- Up-to-date: /home/antoni/gazebo_maritime_ws/install/lib/python3.12/site-packages/msg_interfaces/msg_interfaces_s__rosidl_typesupport_c.so
[2.027s] -- Up-to-date: /home/antoni/gazebo_maritime_ws/install/lib/libmsg_interfaces__rosidl_generator_py.so
[2.027s] -- Up-to-date: /home/antoni/gazebo_maritime_ws/install/share/msg_interfaces/msg/InternalState.idl
[2.027s] -- Up-to-date: /home/antoni/gazebo_maritime_ws/install/share/msg_interfaces/msg/InternalState.msg
[2.027s] -- Up-to-date: /home/antoni/gazebo_maritime_ws/install/share/ament_index/resource_index/package_run_dependencies/msg_interfaces
[2.027s] -- Up-to-date: /home/antoni/gazebo_maritime_ws/install/share/ament_index/resource_index/parent_prefix_path/msg_interfaces
[2.030s] -- Up-to-date: /home/antoni/gazebo_maritime_ws/install/share/msg_interfaces/environment/ament_prefix_path.sh
[2.030s] -- Up-to-date: /home/antoni/gazebo_maritime_ws/install/share/msg_interfaces/environment/ament_prefix_path.dsv
[2.030s] -- Up-to-date: /home/antoni/gazebo_maritime_ws/install/share/msg_interfaces/environment/path.sh
[2.030s] -- Up-to-date: /home/antoni/gazebo_maritime_ws/install/share/msg_interfaces/environment/path.dsv
[2.030s] -- Up-to-date: /home/antoni/gazebo_maritime_ws/install/share/msg_interfaces/local_setup.bash
[2.030s] -- Up-to-date: /home/antoni/gazebo_maritime_ws/install/share/msg_interfaces/local_setup.sh
[2.030s] -- Up-to-date: /home/antoni/gazebo_maritime_ws/install/share/msg_interfaces/local_setup.zsh
[2.031s] -- Up-to-date: /home/antoni/gazebo_maritime_ws/install/share/msg_interfaces/local_setup.dsv
[2.031s] -- Installing: /home/antoni/gazebo_maritime_ws/install/share/msg_interfaces/package.dsv
[2.031s] -- Up-to-date: /home/antoni/gazebo_maritime_ws/install/share/ament_index/resource_index/packages/msg_interfaces
[2.031s] -- Up-to-date: /home/antoni/gazebo_maritime_ws/install/share/msg_interfaces/cmake/export_msg_interfaces__rosidl_generator_cExport.cmake
[2.031s] -- Up-to-date: /home/antoni/gazebo_maritime_ws/install/share/msg_interfaces/cmake/export_msg_interfaces__rosidl_generator_cExport-noconfig.cmake
[2.031s] -- Up-to-date: /home/antoni/gazebo_maritime_ws/install/share/msg_interfaces/cmake/export_msg_interfaces__rosidl_typesupport_fastrtps_cExport.cmake
[2.031s] -- Up-to-date: /home/antoni/gazebo_maritime_ws/install/share/msg_interfaces/cmake/export_msg_interfaces__rosidl_typesupport_fastrtps_cExport-noconfig.cmake
[2.031s] -- Up-to-date: /home/antoni/gazebo_maritime_ws/install/share/msg_interfaces/cmake/msg_interfaces__rosidl_typesupport_introspection_cExport.cmake
[2.031s] -- Up-to-date: /home/antoni/gazebo_maritime_ws/install/share/msg_interfaces/cmake/msg_interfaces__rosidl_typesupport_introspection_cExport-noconfig.cmake
[2.031s] -- Up-to-date: /home/antoni/gazebo_maritime_ws/install/share/msg_interfaces/cmake/msg_interfaces__rosidl_typesupport_cExport.cmake
[2.032s] -- Up-to-date: /home/antoni/gazebo_maritime_ws/install/share/msg_interfaces/cmake/msg_interfaces__rosidl_typesupport_cExport-noconfig.cmake
[2.032s] -- Up-to-date: /home/antoni/gazebo_maritime_ws/install/share/msg_interfaces/cmake/export_msg_interfaces__rosidl_generator_cppExport.cmake
[2.032s] -- Up-to-date: /home/antoni/gazebo_maritime_ws/install/share/msg_interfaces/cmake/export_msg_interfaces__rosidl_typesupport_fastrtps_cppExport.cmake
[2.032s] -- Up-to-date: /home/antoni/gazebo_maritime_ws/install/share/msg_interfaces/cmake/export_msg_interfaces__rosidl_typesupport_fastrtps_cppExport-noconfig.cmake
[2.032s] -- Up-to-date: /home/antoni/gazebo_maritime_ws/install/share/msg_interfaces/cmake/msg_interfaces__rosidl_typesupport_introspection_cppExport.cmake
[2.032s] -- Up-to-date: /home/antoni/gazebo_maritime_ws/install/share/msg_interfaces/cmake/msg_interfaces__rosidl_typesupport_introspection_cppExport-noconfig.cmake
[2.033s] -- Up-to-date: /home/antoni/gazebo_maritime_ws/install/share/msg_interfaces/cmake/msg_interfaces__rosidl_typesupport_cppExport.cmake
[2.033s] -- Up-to-date: /home/antoni/gazebo_maritime_ws/install/share/msg_interfaces/cmake/msg_interfaces__rosidl_typesupport_cppExport-noconfig.cmake
[2.033s] -- Up-to-date: /home/antoni/gazebo_maritime_ws/install/share/msg_interfaces/cmake/export_msg_interfaces__rosidl_generator_pyExport.cmake
[2.033s] -- Up-to-date: /home/antoni/gazebo_maritime_ws/install/share/msg_interfaces/cmake/export_msg_interfaces__rosidl_generator_pyExport-noconfig.cmake
[2.033s] -- Up-to-date: /home/antoni/gazebo_maritime_ws/install/share/msg_interfaces/cmake/rosidl_cmake-extras.cmake
[2.034s] -- Up-to-date: /home/antoni/gazebo_maritime_ws/install/share/msg_interfaces/cmake/ament_cmake_export_dependencies-extras.cmake
[2.034s] -- Up-to-date: /home/antoni/gazebo_maritime_ws/install/share/msg_interfaces/cmake/ament_cmake_export_include_directories-extras.cmake
[2.034s] -- Up-to-date: /home/antoni/gazebo_maritime_ws/install/share/msg_interfaces/cmake/ament_cmake_export_libraries-extras.cmake
[2.034s] -- Up-to-date: /home/antoni/gazebo_maritime_ws/install/share/msg_interfaces/cmake/ament_cmake_export_targets-extras.cmake
[2.034s] -- Up-to-date: /home/antoni/gazebo_maritime_ws/install/share/msg_interfaces/cmake/rosidl_cmake_export_typesupport_targets-extras.cmake
[2.034s] -- Up-to-date: /home/antoni/gazebo_maritime_ws/install/share/msg_interfaces/cmake/rosidl_cmake_export_typesupport_libraries-extras.cmake
[2.035s] -- Up-to-date: /home/antoni/gazebo_maritime_ws/install/share/msg_interfaces/cmake/msg_interfacesConfig.cmake
[2.037s] -- Up-to-date: /home/antoni/gazebo_maritime_ws/install/share/msg_interfaces/cmake/msg_interfacesConfig-version.cmake
[2.037s] -- Up-to-date: /home/antoni/gazebo_maritime_ws/install/share/msg_interfaces/package.xml
[2.038s] Invoked command in '/home/antoni/gazebo_maritime_ws/build/msg_interfaces' returned '0': CMAKE_PREFIX_PATH=${CMAKE_PREFIX_PATH}:/opt/ros/jazzy DEBUGINFOD_URLS=https://debuginfod.ubuntu.com /usr/bin/cmake --install /home/antoni/gazebo_maritime_ws/build/msg_interfaces
