[0.184s] Invoking command in '/home/antoni/gazebo_maritime_ws/build/gazebo_maritime': DEBUGINFOD_URLS=https://debuginfod.ubuntu.com /usr/bin/cmake --build /home/antoni/gazebo_maritime_ws/build/gazebo_maritime -- -j12 -l12
[0.565s] [ 20%] Built target Waves
[0.565s] [ 30%] [32mBuilding CXX object CMakeFiles/WindPlugin.dir/src/WindPlugin.cc.o[0m
[0.565s] [ 50%] Built target Surface
[0.565s] [ 70%] Built target WaveVisual
[0.565s] [ 90%] Built target PublisherPlugin
[1.769s] [01m[K/home/antoni/gazebo_maritime_ws/src/gazebo_maritime/src/WindPlugin.cc:[m[K In member function ‘[01m[Kvirtual void maritime::WindPlugin::[01;32m[KConfigure[m[K(const gz::sim::v8::Entity&, const std::shared_ptr<const sdf::v14::Element>&, gz::sim::v8::EntityComponentManager&, gz::sim::v8::EventManager&)[m[K’:
[1.770s] [01m[K/home/antoni/gazebo_maritime_ws/src/gazebo_maritime/src/WindPlugin.cc:21:33:[m[K [01;31m[Kerror: [m[Kpassing ‘[01m[Kstd::__shared_ptr_access<const sdf::v14::Element, __gnu_cxx::_S_atomic, false, false>::element_type[m[K’ {aka ‘[01m[Kconst sdf::v14::Element[m[K’} as ‘[01m[Kthis[m[K’ argument discards qualifiers [[01;31m[K]8;;https://gcc.gnu.org/onlinedocs/gcc/Warning-Options.html#index-fpermissive-fpermissive]8;;[m[K]
[1.770s]    21 |     auto elem = [01;31m[K_sdf->GetElement("wind")[m[K;
[1.770s]       |                 [01;31m[K~~~~~~~~~~~~~~~~^~~~~~~~[m[K
[1.770s] In file included from [01m[K/usr/include/gz/sim8/gz/sim/System.hh:31[m[K,
[1.770s]                  from [01m[K/home/antoni/gazebo_maritime_ws/src/gazebo_maritime/src/WindPlugin.hh:4[m[K,
[1.770s]                  from [01m[K/home/antoni/gazebo_maritime_ws/src/gazebo_maritime/src/WindPlugin.cc:1[m[K:
[1.770s] [01m[K/usr/include/gz/sdformat14/sdf/Element.hh:645:24:[m[K [01;36m[Knote: [m[K  in call to ‘[01m[Ksdf::v14::ElementPtr sdf::v14::Element::[01;32m[KGetElement[m[K(const std::string&)[m[K’
[1.770s]   645 |     public: ElementPtr [01;36m[KGetElement[m[K(const std::string &_name);
[1.770s]       |                        [01;36m[K^~~~~~~~~~[m[K
[2.126s] gmake[2]: *** [CMakeFiles/WindPlugin.dir/build.make:76: CMakeFiles/WindPlugin.dir/src/WindPlugin.cc.o] Error 1
[2.127s] gmake[1]: *** [CMakeFiles/Makefile2:195: CMakeFiles/WindPlugin.dir/all] Error 2
[2.130s] gmake: *** [Makefile:136: all] Error 2
[2.133s] Invoked command in '/home/antoni/gazebo_maritime_ws/build/gazebo_maritime' returned '2': DEBUGINFOD_URLS=https://debuginfod.ubuntu.com /usr/bin/cmake --build /home/antoni/gazebo_maritime_ws/build/gazebo_maritime -- -j12 -l12
