[0.440s] DEBUG:colcon:Command line arguments: ['/usr/bin/colcon', 'build', '--merge-install']
[0.441s] DEBUG:colcon:Parsed command line arguments: Namespace(log_base=None, log_level=None, verb_name='build', build_base='build', install_base='install', merge_install=True, symlink_install=False, test_result_base=None, continue_on_error=False, executor='parallel', parallel_workers=12, event_handlers=None, ignore_user_meta=False, metas=['./colcon.meta'], base_paths=['.'], packages_ignore=None, packages_ignore_regex=None, paths=None, packages_up_to=None, packages_up_to_regex=None, packages_above=None, packages_above_and_dependencies=None, packages_above_depth=None, packages_select_by_dep=None, packages_skip_by_dep=None, packages_skip_up_to=None, packages_select_build_failed=False, packages_skip_build_finished=False, packages_select_test_failures=False, packages_skip_test_passed=False, packages_select=None, packages_skip=None, packages_select_regex=None, packages_skip_regex=None, packages_start=None, packages_end=None, allow_overriding=[], cmake_args=None, cmake_target=None, cmake_target_skip_unavailable=False, cmake_clean_cache=False, cmake_clean_first=False, cmake_force_configure=False, ament_cmake_args=None, catkin_cmake_args=None, catkin_skip_building_tests=False, mixin_files=None, mixin=None, verb_parser=<colcon_mixin.mixin.mixin_argument.MixinArgumentDecorator object at 0x705bf7a4ca70>, verb_extension=<colcon_core.verb.build.BuildVerb object at 0x705bf7bc47a0>, main=<bound method BuildVerb.main of <colcon_core.verb.build.BuildVerb object at 0x705bf7bc47a0>>, mixin_verb=('build',))
[0.635s] Level 1:colcon.colcon_core.package_discovery:discover_packages(colcon_meta) check parameters
[0.636s] Level 1:colcon.colcon_core.package_discovery:discover_packages(recursive) check parameters
[0.636s] Level 1:colcon.colcon_core.package_discovery:discover_packages(ignore) check parameters
[0.636s] Level 1:colcon.colcon_core.package_discovery:discover_packages(path) check parameters
[0.636s] Level 1:colcon.colcon_core.package_discovery:discover_packages(colcon_meta) discover
[0.637s] Level 1:colcon.colcon_core.package_discovery:discover_packages(recursive) discover
[0.637s] INFO:colcon.colcon_core.package_discovery:Crawling recursively for packages in '/home/antoni/gazebo_maritime_ws'
[0.638s] Level 1:colcon.colcon_core.package_identification:_identify(.) by extensions ['ignore', 'ignore_ament_install']
[0.639s] Level 1:colcon.colcon_core.package_identification:_identify(.) by extension 'ignore'
[0.639s] Level 1:colcon.colcon_core.package_identification:_identify(.) by extension 'ignore_ament_install'
[0.640s] Level 1:colcon.colcon_core.package_identification:_identify(.) by extensions ['colcon_pkg']
[0.640s] Level 1:colcon.colcon_core.package_identification:_identify(.) by extension 'colcon_pkg'
[0.640s] Level 1:colcon.colcon_core.package_identification:_identify(.) by extensions ['colcon_meta']
[0.640s] Level 1:colcon.colcon_core.package_identification:_identify(.) by extension 'colcon_meta'
[0.640s] Level 1:colcon.colcon_core.package_identification:_identify(.) by extensions ['ros']
[0.641s] Level 1:colcon.colcon_core.package_identification:_identify(.) by extension 'ros'
[0.777s] Level 1:colcon.colcon_core.package_identification:_identify(.) by extensions ['cmake', 'python']
[0.778s] Level 1:colcon.colcon_core.package_identification:_identify(.) by extension 'cmake'
[0.778s] Level 1:colcon.colcon_core.package_identification:_identify(.) by extension 'python'
[0.778s] Level 1:colcon.colcon_core.package_identification:_identify(.) by extensions ['python_setup_py']
[0.778s] Level 1:colcon.colcon_core.package_identification:_identify(.) by extension 'python_setup_py'
[0.779s] Level 1:colcon.colcon_core.package_identification:_identify(build) by extensions ['ignore', 'ignore_ament_install']
[0.780s] Level 1:colcon.colcon_core.package_identification:_identify(build) by extension 'ignore'
[0.780s] Level 1:colcon.colcon_core.package_identification:_identify(build) ignored
[0.780s] Level 1:colcon.colcon_core.package_identification:_identify(install) by extensions ['ignore', 'ignore_ament_install']
[0.781s] Level 1:colcon.colcon_core.package_identification:_identify(install) by extension 'ignore'
[0.781s] Level 1:colcon.colcon_core.package_identification:_identify(install) ignored
[0.782s] Level 1:colcon.colcon_core.package_identification:_identify(log) by extensions ['ignore', 'ignore_ament_install']
[0.782s] Level 1:colcon.colcon_core.package_identification:_identify(log) by extension 'ignore'
[0.782s] Level 1:colcon.colcon_core.package_identification:_identify(log) ignored
[0.782s] Level 1:colcon.colcon_core.package_identification:_identify(src) by extensions ['ignore', 'ignore_ament_install']
[0.783s] Level 1:colcon.colcon_core.package_identification:_identify(src) by extension 'ignore'
[0.783s] Level 1:colcon.colcon_core.package_identification:_identify(src) by extension 'ignore_ament_install'
[0.783s] Level 1:colcon.colcon_core.package_identification:_identify(src) by extensions ['colcon_pkg']
[0.783s] Level 1:colcon.colcon_core.package_identification:_identify(src) by extension 'colcon_pkg'
[0.784s] Level 1:colcon.colcon_core.package_identification:_identify(src) by extensions ['colcon_meta']
[0.784s] Level 1:colcon.colcon_core.package_identification:_identify(src) by extension 'colcon_meta'
[0.784s] Level 1:colcon.colcon_core.package_identification:_identify(src) by extensions ['ros']
[0.784s] Level 1:colcon.colcon_core.package_identification:_identify(src) by extension 'ros'
[0.784s] Level 1:colcon.colcon_core.package_identification:_identify(src) by extensions ['cmake', 'python']
[0.785s] Level 1:colcon.colcon_core.package_identification:_identify(src) by extension 'cmake'
[0.785s] Level 1:colcon.colcon_core.package_identification:_identify(src) by extension 'python'
[0.785s] Level 1:colcon.colcon_core.package_identification:_identify(src) by extensions ['python_setup_py']
[0.785s] Level 1:colcon.colcon_core.package_identification:_identify(src) by extension 'python_setup_py'
[0.786s] Level 1:colcon.colcon_core.package_identification:_identify(src/gazebo_maritime) by extensions ['ignore', 'ignore_ament_install']
[0.786s] Level 1:colcon.colcon_core.package_identification:_identify(src/gazebo_maritime) by extension 'ignore'
[0.786s] Level 1:colcon.colcon_core.package_identification:_identify(src/gazebo_maritime) by extension 'ignore_ament_install'
[0.787s] Level 1:colcon.colcon_core.package_identification:_identify(src/gazebo_maritime) by extensions ['colcon_pkg']
[0.787s] Level 1:colcon.colcon_core.package_identification:_identify(src/gazebo_maritime) by extension 'colcon_pkg'
[0.787s] Level 1:colcon.colcon_core.package_identification:_identify(src/gazebo_maritime) by extensions ['colcon_meta']
[0.787s] Level 1:colcon.colcon_core.package_identification:_identify(src/gazebo_maritime) by extension 'colcon_meta'
[0.787s] Level 1:colcon.colcon_core.package_identification:_identify(src/gazebo_maritime) by extensions ['ros']
[0.787s] Level 1:colcon.colcon_core.package_identification:_identify(src/gazebo_maritime) by extension 'ros'
[0.788s] Level 1:colcon.colcon_core.package_identification:_identify(src/gazebo_maritime) by extensions ['cmake', 'python']
[0.788s] Level 1:colcon.colcon_core.package_identification:_identify(src/gazebo_maritime) by extension 'cmake'
[0.795s] Level 1:colcon.colcon_core.package_identification:_identify(src/gazebo_maritime) by extension 'python'
[0.796s] DEBUG:colcon.colcon_core.package_identification:Package 'src/gazebo_maritime' with type 'cmake' and name 'gazebo_maritime'
[0.796s] Level 1:colcon.colcon_core.package_identification:_identify(src/propeller_controller) by extensions ['ignore', 'ignore_ament_install']
[0.796s] Level 1:colcon.colcon_core.package_identification:_identify(src/propeller_controller) by extension 'ignore'
[0.797s] Level 1:colcon.colcon_core.package_identification:_identify(src/propeller_controller) by extension 'ignore_ament_install'
[0.797s] Level 1:colcon.colcon_core.package_identification:_identify(src/propeller_controller) by extensions ['colcon_pkg']
[0.797s] Level 1:colcon.colcon_core.package_identification:_identify(src/propeller_controller) by extension 'colcon_pkg'
[0.797s] Level 1:colcon.colcon_core.package_identification:_identify(src/propeller_controller) by extensions ['colcon_meta']
[0.797s] Level 1:colcon.colcon_core.package_identification:_identify(src/propeller_controller) by extension 'colcon_meta'
[0.798s] Level 1:colcon.colcon_core.package_identification:_identify(src/propeller_controller) by extensions ['ros']
[0.798s] Level 1:colcon.colcon_core.package_identification:_identify(src/propeller_controller) by extension 'ros'
[0.807s] DEBUG:colcon.colcon_core.package_identification:Package 'src/propeller_controller' with type 'ros.ament_python' and name 'propeller_controller'
[0.808s] Level 1:colcon.colcon_core.package_identification:_identify(src/ros_gz_bridge_custom) by extensions ['ignore', 'ignore_ament_install']
[0.809s] Level 1:colcon.colcon_core.package_identification:_identify(src/ros_gz_bridge_custom) by extension 'ignore'
[0.810s] Level 1:colcon.colcon_core.package_identification:_identify(src/ros_gz_bridge_custom) by extension 'ignore_ament_install'
[0.810s] Level 1:colcon.colcon_core.package_identification:_identify(src/ros_gz_bridge_custom) by extensions ['colcon_pkg']
[0.810s] Level 1:colcon.colcon_core.package_identification:_identify(src/ros_gz_bridge_custom) by extension 'colcon_pkg'
[0.811s] Level 1:colcon.colcon_core.package_identification:_identify(src/ros_gz_bridge_custom) by extensions ['colcon_meta']
[0.811s] Level 1:colcon.colcon_core.package_identification:_identify(src/ros_gz_bridge_custom) by extension 'colcon_meta'
[0.811s] Level 1:colcon.colcon_core.package_identification:_identify(src/ros_gz_bridge_custom) by extensions ['ros']
[0.811s] Level 1:colcon.colcon_core.package_identification:_identify(src/ros_gz_bridge_custom) by extension 'ros'
[0.814s] DEBUG:colcon.colcon_core.package_identification:Package 'src/ros_gz_bridge_custom' with type 'ros.ament_python' and name 'ros_gz_bridge_custom'
[0.814s] Level 1:colcon.colcon_core.package_discovery:discover_packages(recursive) using defaults
[0.814s] Level 1:colcon.colcon_core.package_discovery:discover_packages(ignore) discover
[0.814s] Level 1:colcon.colcon_core.package_discovery:discover_packages(ignore) using defaults
[0.814s] Level 1:colcon.colcon_core.package_discovery:discover_packages(path) discover
[0.814s] Level 1:colcon.colcon_core.package_discovery:discover_packages(path) using defaults
[0.907s] Level 1:colcon.colcon_core.package_discovery:discover_packages(prefix_path) check parameters
[0.908s] Level 1:colcon.colcon_core.package_discovery:discover_packages(prefix_path) discover
[0.917s] DEBUG:colcon.colcon_installed_package_information.package_discovery:Found 3 installed packages in /home/antoni/gazebo_maritime_ws/install
[0.922s] DEBUG:colcon.colcon_installed_package_information.package_discovery:Found 289 installed packages in /opt/ros/rolling
[0.928s] Level 1:colcon.colcon_core.package_discovery:discover_packages(prefix_path) using defaults
[1.034s] Level 5:colcon.colcon_core.verb:set package 'gazebo_maritime' build argument 'cmake_args' from command line to 'None'
[1.035s] Level 5:colcon.colcon_core.verb:set package 'gazebo_maritime' build argument 'cmake_target' from command line to 'None'
[1.035s] Level 5:colcon.colcon_core.verb:set package 'gazebo_maritime' build argument 'cmake_target_skip_unavailable' from command line to 'False'
[1.035s] Level 5:colcon.colcon_core.verb:set package 'gazebo_maritime' build argument 'cmake_clean_cache' from command line to 'False'
[1.035s] Level 5:colcon.colcon_core.verb:set package 'gazebo_maritime' build argument 'cmake_clean_first' from command line to 'False'
[1.035s] Level 5:colcon.colcon_core.verb:set package 'gazebo_maritime' build argument 'cmake_force_configure' from command line to 'False'
[1.035s] Level 5:colcon.colcon_core.verb:set package 'gazebo_maritime' build argument 'ament_cmake_args' from command line to 'None'
[1.035s] Level 5:colcon.colcon_core.verb:set package 'gazebo_maritime' build argument 'catkin_cmake_args' from command line to 'None'
[1.035s] Level 5:colcon.colcon_core.verb:set package 'gazebo_maritime' build argument 'catkin_skip_building_tests' from command line to 'False'
[1.036s] DEBUG:colcon.colcon_core.verb:Building package 'gazebo_maritime' with the following arguments: {'ament_cmake_args': None, 'build_base': '/home/antoni/gazebo_maritime_ws/build/gazebo_maritime', 'catkin_cmake_args': None, 'catkin_skip_building_tests': False, 'cmake_args': None, 'cmake_clean_cache': False, 'cmake_clean_first': False, 'cmake_force_configure': False, 'cmake_target': None, 'cmake_target_skip_unavailable': False, 'install_base': '/home/antoni/gazebo_maritime_ws/install', 'merge_install': True, 'path': '/home/antoni/gazebo_maritime_ws/src/gazebo_maritime', 'symlink_install': False, 'test_result_base': None}
[1.037s] Level 5:colcon.colcon_core.verb:set package 'propeller_controller' build argument 'cmake_args' from command line to 'None'
[1.038s] Level 5:colcon.colcon_core.verb:set package 'propeller_controller' build argument 'cmake_target' from command line to 'None'
[1.038s] Level 5:colcon.colcon_core.verb:set package 'propeller_controller' build argument 'cmake_target_skip_unavailable' from command line to 'False'
[1.038s] Level 5:colcon.colcon_core.verb:set package 'propeller_controller' build argument 'cmake_clean_cache' from command line to 'False'
[1.038s] Level 5:colcon.colcon_core.verb:set package 'propeller_controller' build argument 'cmake_clean_first' from command line to 'False'
[1.038s] Level 5:colcon.colcon_core.verb:set package 'propeller_controller' build argument 'cmake_force_configure' from command line to 'False'
[1.038s] Level 5:colcon.colcon_core.verb:set package 'propeller_controller' build argument 'ament_cmake_args' from command line to 'None'
[1.038s] Level 5:colcon.colcon_core.verb:set package 'propeller_controller' build argument 'catkin_cmake_args' from command line to 'None'
[1.038s] Level 5:colcon.colcon_core.verb:set package 'propeller_controller' build argument 'catkin_skip_building_tests' from command line to 'False'
[1.039s] DEBUG:colcon.colcon_core.verb:Building package 'propeller_controller' with the following arguments: {'ament_cmake_args': None, 'build_base': '/home/antoni/gazebo_maritime_ws/build/propeller_controller', 'catkin_cmake_args': None, 'catkin_skip_building_tests': False, 'cmake_args': None, 'cmake_clean_cache': False, 'cmake_clean_first': False, 'cmake_force_configure': False, 'cmake_target': None, 'cmake_target_skip_unavailable': False, 'install_base': '/home/antoni/gazebo_maritime_ws/install', 'merge_install': True, 'path': '/home/antoni/gazebo_maritime_ws/src/propeller_controller', 'symlink_install': False, 'test_result_base': None}
[1.040s] Level 5:colcon.colcon_core.verb:set package 'ros_gz_bridge_custom' build argument 'cmake_args' from command line to 'None'
[1.040s] Level 5:colcon.colcon_core.verb:set package 'ros_gz_bridge_custom' build argument 'cmake_target' from command line to 'None'
[1.041s] Level 5:colcon.colcon_core.verb:set package 'ros_gz_bridge_custom' build argument 'cmake_target_skip_unavailable' from command line to 'False'
[1.041s] Level 5:colcon.colcon_core.verb:set package 'ros_gz_bridge_custom' build argument 'cmake_clean_cache' from command line to 'False'
[1.043s] Level 5:colcon.colcon_core.verb:set package 'ros_gz_bridge_custom' build argument 'cmake_clean_first' from command line to 'False'
[1.043s] Level 5:colcon.colcon_core.verb:set package 'ros_gz_bridge_custom' build argument 'cmake_force_configure' from command line to 'False'
[1.043s] Level 5:colcon.colcon_core.verb:set package 'ros_gz_bridge_custom' build argument 'ament_cmake_args' from command line to 'None'
[1.043s] Level 5:colcon.colcon_core.verb:set package 'ros_gz_bridge_custom' build argument 'catkin_cmake_args' from command line to 'None'
[1.043s] Level 5:colcon.colcon_core.verb:set package 'ros_gz_bridge_custom' build argument 'catkin_skip_building_tests' from command line to 'False'
[1.043s] DEBUG:colcon.colcon_core.verb:Building package 'ros_gz_bridge_custom' with the following arguments: {'ament_cmake_args': None, 'build_base': '/home/antoni/gazebo_maritime_ws/build/ros_gz_bridge_custom', 'catkin_cmake_args': None, 'catkin_skip_building_tests': False, 'cmake_args': None, 'cmake_clean_cache': False, 'cmake_clean_first': False, 'cmake_force_configure': False, 'cmake_target': None, 'cmake_target_skip_unavailable': False, 'install_base': '/home/antoni/gazebo_maritime_ws/install', 'merge_install': True, 'path': '/home/antoni/gazebo_maritime_ws/src/ros_gz_bridge_custom', 'symlink_install': False, 'test_result_base': None}
[1.044s] INFO:colcon.colcon_core.executor:Executing jobs using 'parallel' executor
[1.047s] DEBUG:colcon.colcon_parallel_executor.executor.parallel:run_until_complete
[1.048s] INFO:colcon.colcon_cmake.task.cmake.build:Building CMake package in '/home/antoni/gazebo_maritime_ws/src/gazebo_maritime'
[1.055s] INFO:colcon.colcon_core.plugin_system:Skipping extension 'colcon_core.shell.bat': Not used on non-Windows systems
[1.056s] INFO:colcon.colcon_core.shell:Skip shell extension 'powershell' for command environment: Not usable outside of PowerShell
[1.057s] DEBUG:colcon.colcon_core.shell:Skip shell extension 'dsv' for command environment
[1.072s] INFO:colcon.colcon_ros.task.ament_python.build:Building ROS package in '/home/antoni/gazebo_maritime_ws/src/propeller_controller' with build type 'ament_python'
[1.073s] Level 1:colcon.colcon_core.shell:create_environment_hook('propeller_controller', 'ament_prefix_path')
[1.075s] INFO:colcon.colcon_core.shell:Creating environment hook '/home/antoni/gazebo_maritime_ws/install/share/propeller_controller/hook/ament_prefix_path.ps1'
[1.080s] INFO:colcon.colcon_core.shell:Creating environment descriptor '/home/antoni/gazebo_maritime_ws/install/share/propeller_controller/hook/ament_prefix_path.dsv'
[1.083s] INFO:colcon.colcon_core.shell:Creating environment hook '/home/antoni/gazebo_maritime_ws/install/share/propeller_controller/hook/ament_prefix_path.sh'
[1.085s] INFO:colcon.colcon_core.shell:Skip shell extension 'powershell' for command environment: Not usable outside of PowerShell
[1.085s] DEBUG:colcon.colcon_core.shell:Skip shell extension 'dsv' for command environment
[1.097s] INFO:colcon.colcon_ros.task.ament_python.build:Building ROS package in '/home/antoni/gazebo_maritime_ws/src/ros_gz_bridge_custom' with build type 'ament_python'
[1.098s] Level 1:colcon.colcon_core.shell:create_environment_hook('ros_gz_bridge_custom', 'ament_prefix_path')
[1.100s] INFO:colcon.colcon_core.shell:Creating environment hook '/home/antoni/gazebo_maritime_ws/install/share/ros_gz_bridge_custom/hook/ament_prefix_path.ps1'
[1.103s] INFO:colcon.colcon_core.shell:Creating environment descriptor '/home/antoni/gazebo_maritime_ws/install/share/ros_gz_bridge_custom/hook/ament_prefix_path.dsv'
[1.106s] INFO:colcon.colcon_core.shell:Creating environment hook '/home/antoni/gazebo_maritime_ws/install/share/ros_gz_bridge_custom/hook/ament_prefix_path.sh'
[1.108s] INFO:colcon.colcon_core.shell:Skip shell extension 'powershell' for command environment: Not usable outside of PowerShell
[1.109s] DEBUG:colcon.colcon_core.shell:Skip shell extension 'dsv' for command environment
[1.140s] DEBUG:colcon.colcon_core.event_handler.log_command:Invoking command in '/home/antoni/gazebo_maritime_ws/build/gazebo_maritime': DEBUGINFOD_URLS=https://debuginfod.ubuntu.com /usr/bin/cmake --build /home/antoni/gazebo_maritime_ws/build/gazebo_maritime -- -j12 -l12
[1.816s] INFO:colcon.colcon_core.task.python.build:Building Python package in '/home/antoni/gazebo_maritime_ws/src/propeller_controller'
[1.816s] INFO:colcon.colcon_core.shell:Skip shell extension 'powershell' for command environment: Not usable outside of PowerShell
[1.816s] DEBUG:colcon.colcon_core.shell:Skip shell extension 'dsv' for command environment
[2.643s] INFO:colcon.colcon_core.task.python.build:Building Python package in '/home/antoni/gazebo_maritime_ws/src/ros_gz_bridge_custom'
[2.645s] INFO:colcon.colcon_core.shell:Skip shell extension 'powershell' for command environment: Not usable outside of PowerShell
[2.645s] DEBUG:colcon.colcon_core.shell:Skip shell extension 'dsv' for command environment
[2.657s] DEBUG:colcon.colcon_core.event_handler.log_command:Invoked command in '/home/antoni/gazebo_maritime_ws/build/gazebo_maritime' returned '0': DEBUGINFOD_URLS=https://debuginfod.ubuntu.com /usr/bin/cmake --build /home/antoni/gazebo_maritime_ws/build/gazebo_maritime -- -j12 -l12
[2.688s] DEBUG:colcon.colcon_core.event_handler.log_command:Invoking command in '/home/antoni/gazebo_maritime_ws/build/gazebo_maritime': DEBUGINFOD_URLS=https://debuginfod.ubuntu.com /usr/bin/cmake --install /home/antoni/gazebo_maritime_ws/build/gazebo_maritime
[2.740s] Level 1:colcon.colcon_core.environment:create_environment_scripts_only(gazebo_maritime)
[2.748s] DEBUG:colcon.colcon_core.event_handler.log_command:Invoked command in '/home/antoni/gazebo_maritime_ws/build/gazebo_maritime' returned '0': DEBUGINFOD_URLS=https://debuginfod.ubuntu.com /usr/bin/cmake --install /home/antoni/gazebo_maritime_ws/build/gazebo_maritime
[2.756s] Level 1:colcon.colcon_core.environment:checking '/home/antoni/gazebo_maritime_ws/install' for CMake module files
[2.759s] Level 1:colcon.colcon_core.environment:checking '/home/antoni/gazebo_maritime_ws/install' for CMake config files
[2.763s] Level 1:colcon.colcon_core.environment:checking '/home/antoni/gazebo_maritime_ws/install/lib'
[2.763s] Level 1:colcon.colcon_core.shell:create_environment_hook('gazebo_maritime', 'ld_library_path_lib')
[2.764s] INFO:colcon.colcon_core.shell:Creating environment hook '/home/antoni/gazebo_maritime_ws/install/share/gazebo_maritime/hook/ld_library_path_lib.ps1'
[2.767s] INFO:colcon.colcon_core.shell:Creating environment descriptor '/home/antoni/gazebo_maritime_ws/install/share/gazebo_maritime/hook/ld_library_path_lib.dsv'
[2.768s] INFO:colcon.colcon_core.shell:Creating environment hook '/home/antoni/gazebo_maritime_ws/install/share/gazebo_maritime/hook/ld_library_path_lib.sh'
[2.769s] Level 1:colcon.colcon_core.environment:checking '/home/antoni/gazebo_maritime_ws/install/bin'
[2.769s] Level 1:colcon.colcon_core.environment:checking '/home/antoni/gazebo_maritime_ws/install/lib/pkgconfig/gazebo_maritime.pc'
[2.770s] Level 1:colcon.colcon_core.environment:checking '/home/antoni/gazebo_maritime_ws/install/lib/python3.12/site-packages'
[2.770s] Level 1:colcon.colcon_core.shell:create_environment_hook('gazebo_maritime', 'pythonpath')
[2.771s] INFO:colcon.colcon_core.shell:Creating environment hook '/home/antoni/gazebo_maritime_ws/install/share/gazebo_maritime/hook/pythonpath.ps1'
[2.775s] INFO:colcon.colcon_core.shell:Creating environment descriptor '/home/antoni/gazebo_maritime_ws/install/share/gazebo_maritime/hook/pythonpath.dsv'
[2.777s] INFO:colcon.colcon_core.shell:Creating environment hook '/home/antoni/gazebo_maritime_ws/install/share/gazebo_maritime/hook/pythonpath.sh'
[2.781s] Level 1:colcon.colcon_core.environment:checking '/home/antoni/gazebo_maritime_ws/install/bin'
[2.783s] INFO:colcon.colcon_core.shell:Creating package script '/home/antoni/gazebo_maritime_ws/install/share/gazebo_maritime/package.ps1'
[2.785s] INFO:colcon.colcon_core.shell:Creating package descriptor '/home/antoni/gazebo_maritime_ws/install/share/gazebo_maritime/package.dsv'
[2.787s] INFO:colcon.colcon_core.shell:Creating package script '/home/antoni/gazebo_maritime_ws/install/share/gazebo_maritime/package.sh'
[2.789s] INFO:colcon.colcon_core.shell:Creating package script '/home/antoni/gazebo_maritime_ws/install/share/gazebo_maritime/package.bash'
[2.791s] INFO:colcon.colcon_core.shell:Creating package script '/home/antoni/gazebo_maritime_ws/install/share/gazebo_maritime/package.zsh'
[2.793s] Level 1:colcon.colcon_core.environment:create_file_with_runtime_dependencies(/home/antoni/gazebo_maritime_ws/install/share/colcon-core/packages/gazebo_maritime)
[4.370s] DEBUG:colcon.colcon_core.event_handler.log_command:Invoking command in '/home/antoni/gazebo_maritime_ws/src/ros_gz_bridge_custom': DEBUGINFOD_URLS=https://debuginfod.ubuntu.com PYTHONPATH=/home/antoni/gazebo_maritime_ws/build/ros_gz_bridge_custom/prefix_override:/usr/lib/python3/dist-packages/colcon_core/task/python/colcon_distutils_commands:/home/antoni/gazebo_maritime_ws/install/lib/python3.12/site-packages:${PYTHONPATH} /usr/bin/python3 -W ignore:setup.py install is deprecated -W ignore:easy_install command is deprecated setup.py egg_info --egg-base ../../build/ros_gz_bridge_custom build --build-base /home/antoni/gazebo_maritime_ws/build/ros_gz_bridge_custom/build install --record /home/antoni/gazebo_maritime_ws/build/ros_gz_bridge_custom/install.log --single-version-externally-managed install_data
[4.622s] DEBUG:colcon.colcon_core.event_handler.log_command:Invoking command in '/home/antoni/gazebo_maritime_ws/src/propeller_controller': DEBUGINFOD_URLS=https://debuginfod.ubuntu.com PYTHONPATH=/home/antoni/gazebo_maritime_ws/build/propeller_controller/prefix_override:/usr/lib/python3/dist-packages/colcon_core/task/python/colcon_distutils_commands:/home/antoni/gazebo_maritime_ws/install/lib/python3.12/site-packages:${PYTHONPATH} /usr/bin/python3 -W ignore:setup.py install is deprecated -W ignore:easy_install command is deprecated setup.py egg_info --egg-base ../../build/propeller_controller build --build-base /home/antoni/gazebo_maritime_ws/build/propeller_controller/build install --record /home/antoni/gazebo_maritime_ws/build/propeller_controller/install.log --single-version-externally-managed install_data
[5.853s] Level 1:colcon.colcon_core.environment:checking '/home/antoni/gazebo_maritime_ws/install' for CMake module files
[5.855s] Level 1:colcon.colcon_core.environment:checking '/home/antoni/gazebo_maritime_ws/install' for CMake config files
[5.859s] Level 1:colcon.colcon_core.environment:checking '/home/antoni/gazebo_maritime_ws/install/lib'
[5.859s] DEBUG:colcon.colcon_core.event_handler.log_command:Invoked command in '/home/antoni/gazebo_maritime_ws/src/ros_gz_bridge_custom' returned '0': DEBUGINFOD_URLS=https://debuginfod.ubuntu.com PYTHONPATH=/home/antoni/gazebo_maritime_ws/build/ros_gz_bridge_custom/prefix_override:/usr/lib/python3/dist-packages/colcon_core/task/python/colcon_distutils_commands:/home/antoni/gazebo_maritime_ws/install/lib/python3.12/site-packages:${PYTHONPATH} /usr/bin/python3 -W ignore:setup.py install is deprecated -W ignore:easy_install command is deprecated setup.py egg_info --egg-base ../../build/ros_gz_bridge_custom build --build-base /home/antoni/gazebo_maritime_ws/build/ros_gz_bridge_custom/build install --record /home/antoni/gazebo_maritime_ws/build/ros_gz_bridge_custom/install.log --single-version-externally-managed install_data
[5.860s] Level 1:colcon.colcon_core.shell:create_environment_hook('ros_gz_bridge_custom', 'ld_library_path_lib')
[5.861s] INFO:colcon.colcon_core.shell:Creating environment hook '/home/antoni/gazebo_maritime_ws/install/share/ros_gz_bridge_custom/hook/ld_library_path_lib.ps1'
[5.864s] INFO:colcon.colcon_core.shell:Creating environment descriptor '/home/antoni/gazebo_maritime_ws/install/share/ros_gz_bridge_custom/hook/ld_library_path_lib.dsv'
[5.867s] INFO:colcon.colcon_core.shell:Creating environment hook '/home/antoni/gazebo_maritime_ws/install/share/ros_gz_bridge_custom/hook/ld_library_path_lib.sh'
[5.869s] Level 1:colcon.colcon_core.environment:checking '/home/antoni/gazebo_maritime_ws/install/bin'
[5.869s] Level 1:colcon.colcon_core.environment:checking '/home/antoni/gazebo_maritime_ws/install/lib/pkgconfig/ros_gz_bridge_custom.pc'
[5.870s] Level 1:colcon.colcon_core.environment:checking '/home/antoni/gazebo_maritime_ws/install/lib/python3.12/site-packages'
[5.870s] Level 1:colcon.colcon_core.shell:create_environment_hook('ros_gz_bridge_custom', 'pythonpath')
[5.872s] INFO:colcon.colcon_core.shell:Creating environment hook '/home/antoni/gazebo_maritime_ws/install/share/ros_gz_bridge_custom/hook/pythonpath.ps1'
[5.875s] INFO:colcon.colcon_core.shell:Creating environment descriptor '/home/antoni/gazebo_maritime_ws/install/share/ros_gz_bridge_custom/hook/pythonpath.dsv'
[5.877s] INFO:colcon.colcon_core.shell:Creating environment hook '/home/antoni/gazebo_maritime_ws/install/share/ros_gz_bridge_custom/hook/pythonpath.sh'
[5.878s] Level 1:colcon.colcon_core.environment:checking '/home/antoni/gazebo_maritime_ws/install/bin'
[5.879s] Level 1:colcon.colcon_core.environment:create_environment_scripts_only(ros_gz_bridge_custom)
[5.879s] INFO:colcon.colcon_core.shell:Creating package script '/home/antoni/gazebo_maritime_ws/install/share/ros_gz_bridge_custom/package.ps1'
[5.880s] INFO:colcon.colcon_core.shell:Creating package descriptor '/home/antoni/gazebo_maritime_ws/install/share/ros_gz_bridge_custom/package.dsv'
[5.882s] INFO:colcon.colcon_core.shell:Creating package script '/home/antoni/gazebo_maritime_ws/install/share/ros_gz_bridge_custom/package.sh'
[5.884s] INFO:colcon.colcon_core.shell:Creating package script '/home/antoni/gazebo_maritime_ws/install/share/ros_gz_bridge_custom/package.bash'
[5.885s] INFO:colcon.colcon_core.shell:Creating package script '/home/antoni/gazebo_maritime_ws/install/share/ros_gz_bridge_custom/package.zsh'
[5.885s] Level 1:colcon.colcon_core.environment:create_file_with_runtime_dependencies(/home/antoni/gazebo_maritime_ws/install/share/colcon-core/packages/ros_gz_bridge_custom)
[6.361s] Level 1:colcon.colcon_core.environment:checking '/home/antoni/gazebo_maritime_ws/install' for CMake module files
[6.362s] DEBUG:colcon.colcon_core.event_handler.log_command:Invoked command in '/home/antoni/gazebo_maritime_ws/src/propeller_controller' returned '0': DEBUGINFOD_URLS=https://debuginfod.ubuntu.com PYTHONPATH=/home/antoni/gazebo_maritime_ws/build/propeller_controller/prefix_override:/usr/lib/python3/dist-packages/colcon_core/task/python/colcon_distutils_commands:/home/antoni/gazebo_maritime_ws/install/lib/python3.12/site-packages:${PYTHONPATH} /usr/bin/python3 -W ignore:setup.py install is deprecated -W ignore:easy_install command is deprecated setup.py egg_info --egg-base ../../build/propeller_controller build --build-base /home/antoni/gazebo_maritime_ws/build/propeller_controller/build install --record /home/antoni/gazebo_maritime_ws/build/propeller_controller/install.log --single-version-externally-managed install_data
[6.364s] Level 1:colcon.colcon_core.environment:checking '/home/antoni/gazebo_maritime_ws/install' for CMake config files
[6.367s] Level 1:colcon.colcon_core.environment:checking '/home/antoni/gazebo_maritime_ws/install/lib'
[6.367s] Level 1:colcon.colcon_core.shell:create_environment_hook('propeller_controller', 'ld_library_path_lib')
[6.368s] INFO:colcon.colcon_core.shell:Creating environment hook '/home/antoni/gazebo_maritime_ws/install/share/propeller_controller/hook/ld_library_path_lib.ps1'
[6.369s] INFO:colcon.colcon_core.shell:Creating environment descriptor '/home/antoni/gazebo_maritime_ws/install/share/propeller_controller/hook/ld_library_path_lib.dsv'
[6.370s] INFO:colcon.colcon_core.shell:Creating environment hook '/home/antoni/gazebo_maritime_ws/install/share/propeller_controller/hook/ld_library_path_lib.sh'
[6.371s] Level 1:colcon.colcon_core.environment:checking '/home/antoni/gazebo_maritime_ws/install/bin'
[6.372s] Level 1:colcon.colcon_core.environment:checking '/home/antoni/gazebo_maritime_ws/install/lib/pkgconfig/propeller_controller.pc'
[6.372s] Level 1:colcon.colcon_core.environment:checking '/home/antoni/gazebo_maritime_ws/install/lib/python3.12/site-packages'
[6.372s] Level 1:colcon.colcon_core.shell:create_environment_hook('propeller_controller', 'pythonpath')
[6.373s] INFO:colcon.colcon_core.shell:Creating environment hook '/home/antoni/gazebo_maritime_ws/install/share/propeller_controller/hook/pythonpath.ps1'
[6.375s] INFO:colcon.colcon_core.shell:Creating environment descriptor '/home/antoni/gazebo_maritime_ws/install/share/propeller_controller/hook/pythonpath.dsv'
[6.377s] INFO:colcon.colcon_core.shell:Creating environment hook '/home/antoni/gazebo_maritime_ws/install/share/propeller_controller/hook/pythonpath.sh'
[6.380s] Level 1:colcon.colcon_core.environment:checking '/home/antoni/gazebo_maritime_ws/install/bin'
[6.381s] Level 1:colcon.colcon_core.environment:create_environment_scripts_only(propeller_controller)
[6.382s] INFO:colcon.colcon_core.shell:Creating package script '/home/antoni/gazebo_maritime_ws/install/share/propeller_controller/package.ps1'
[6.385s] INFO:colcon.colcon_core.shell:Creating package descriptor '/home/antoni/gazebo_maritime_ws/install/share/propeller_controller/package.dsv'
[6.386s] INFO:colcon.colcon_core.shell:Creating package script '/home/antoni/gazebo_maritime_ws/install/share/propeller_controller/package.sh'
[6.389s] INFO:colcon.colcon_core.shell:Creating package script '/home/antoni/gazebo_maritime_ws/install/share/propeller_controller/package.bash'
[6.391s] INFO:colcon.colcon_core.shell:Creating package script '/home/antoni/gazebo_maritime_ws/install/share/propeller_controller/package.zsh'
[6.393s] Level 1:colcon.colcon_core.environment:create_file_with_runtime_dependencies(/home/antoni/gazebo_maritime_ws/install/share/colcon-core/packages/propeller_controller)
[6.393s] DEBUG:colcon.colcon_parallel_executor.executor.parallel:closing loop
[6.398s] DEBUG:colcon.colcon_parallel_executor.executor.parallel:loop closed
[6.398s] DEBUG:colcon.colcon_parallel_executor.executor.parallel:run_until_complete finished with '0'
[6.398s] DEBUG:colcon.colcon_core.event_reactor:joining thread
[6.423s] INFO:colcon.colcon_core.plugin_system:Skipping extension 'colcon_notification.desktop_notification.terminal_notifier': Not used on non-Darwin systems
[6.424s] INFO:colcon.colcon_core.plugin_system:Skipping extension 'colcon_notification.desktop_notification.win32': Not used on non-Windows systems
[6.424s] INFO:colcon.colcon_notification.desktop_notification:Sending desktop notification using 'notify2'
[6.479s] DEBUG:colcon.colcon_core.event_reactor:joined thread
[6.480s] INFO:colcon.colcon_core.shell:Creating prefix script '/home/antoni/gazebo_maritime_ws/install/local_setup.ps1'
[6.482s] INFO:colcon.colcon_core.shell:Creating prefix util module '/home/antoni/gazebo_maritime_ws/install/_local_setup_util_ps1.py'
[6.486s] INFO:colcon.colcon_core.shell:Creating prefix chain script '/home/antoni/gazebo_maritime_ws/install/setup.ps1'
[6.489s] INFO:colcon.colcon_core.shell:Creating prefix script '/home/antoni/gazebo_maritime_ws/install/local_setup.sh'
[6.492s] INFO:colcon.colcon_core.shell:Creating prefix util module '/home/antoni/gazebo_maritime_ws/install/_local_setup_util_sh.py'
[6.494s] INFO:colcon.colcon_core.shell:Creating prefix chain script '/home/antoni/gazebo_maritime_ws/install/setup.sh'
[6.497s] INFO:colcon.colcon_core.shell:Creating prefix script '/home/antoni/gazebo_maritime_ws/install/local_setup.bash'
[6.499s] INFO:colcon.colcon_core.shell:Creating prefix chain script '/home/antoni/gazebo_maritime_ws/install/setup.bash'
[6.503s] INFO:colcon.colcon_core.shell:Creating prefix script '/home/antoni/gazebo_maritime_ws/install/local_setup.zsh'
[6.504s] INFO:colcon.colcon_core.shell:Creating prefix chain script '/home/antoni/gazebo_maritime_ws/install/setup.zsh'
