[1.522s] Invoking command in '/home/antoni/gazebo_maritime_ws/src/autopilot': DEBUGINFOD_URLS=https://debuginfod.ubuntu.com PYTHONPATH=/home/antoni/gazebo_maritime_ws/build/autopilot/prefix_override:/usr/lib/python3/dist-packages/colcon_core/task/python/colcon_distutils_commands:/home/antoni/gazebo_maritime_ws/install/lib/python3.12/site-packages:${PYTHONPATH} /usr/bin/python3 -W ignore:setup.py install is deprecated -W ignore:easy_install command is deprecated setup.py egg_info --egg-base ../../build/autopilot build --build-base /home/antoni/gazebo_maritime_ws/build/autopilot/build install --record /home/antoni/gazebo_maritime_ws/build/autopilot/install.log --single-version-externally-managed install_data
[1.764s] running egg_info
[1.788s] writing ../../build/autopilot/autopilot.egg-info/PKG-INFO
[1.788s] writing dependency_links to ../../build/autopilot/autopilot.egg-info/dependency_links.txt
[1.788s] writing entry points to ../../build/autopilot/autopilot.egg-info/entry_points.txt
[1.788s] writing requirements to ../../build/autopilot/autopilot.egg-info/requires.txt
[1.788s] writing top-level names to ../../build/autopilot/autopilot.egg-info/top_level.txt
[1.829s] reading manifest file '../../build/autopilot/autopilot.egg-info/SOURCES.txt'
[1.829s] writing manifest file '../../build/autopilot/autopilot.egg-info/SOURCES.txt'
[1.830s] running build
[1.830s] running build_py
[1.830s] running install
[1.837s] running install_lib
[1.863s] running install_data
[1.863s] running install_egg_info
[1.887s] removing '/home/antoni/gazebo_maritime_ws/install/lib/python3.12/site-packages/autopilot-0.0.0-py3.12.egg-info' (and everything under it)
[1.887s] Copying ../../build/autopilot/autopilot.egg-info to /home/antoni/gazebo_maritime_ws/install/lib/python3.12/site-packages/autopilot-0.0.0-py3.12.egg-info
[1.888s] running install_scripts
[1.997s] Installing add_markers script to /home/antoni/gazebo_maritime_ws/install/lib/autopilot
[1.998s] Installing azimuth script to /home/antoni/gazebo_maritime_ws/install/lib/autopilot
[1.998s] Installing checkpoints script to /home/antoni/gazebo_maritime_ws/install/lib/autopilot
[1.998s] Installing compass script to /home/antoni/gazebo_maritime_ws/install/lib/autopilot
[1.998s] Installing kalman script to /home/antoni/gazebo_maritime_ws/install/lib/autopilot
[1.998s] writing list of installed files to '/home/antoni/gazebo_maritime_ws/build/autopilot/install.log'
[2.046s] Invoked command in '/home/antoni/gazebo_maritime_ws/src/autopilot' returned '0': DEBUGINFOD_URLS=https://debuginfod.ubuntu.com PYTHONPATH=/home/antoni/gazebo_maritime_ws/build/autopilot/prefix_override:/usr/lib/python3/dist-packages/colcon_core/task/python/colcon_distutils_commands:/home/antoni/gazebo_maritime_ws/install/lib/python3.12/site-packages:${PYTHONPATH} /usr/bin/python3 -W ignore:setup.py install is deprecated -W ignore:easy_install command is deprecated setup.py egg_info --egg-base ../../build/autopilot build --build-base /home/antoni/gazebo_maritime_ws/build/autopilot/build install --record /home/antoni/gazebo_maritime_ws/build/autopilot/install.log --single-version-externally-managed install_data
