[2.781s] Invoking command in '/home/antoni/gazebo_maritime_ws/src/research': DEBUGINFOD_URLS=https://debuginfod.ubuntu.com PYTHONPATH=/home/antoni/gazebo_maritime_ws/build/research/prefix_override:/usr/lib/python3/dist-packages/colcon_core/task/python/colcon_distutils_commands:/home/antoni/gazebo_maritime_ws/install/lib/python3.12/site-packages:${PYTHONPATH} /usr/bin/python3 -W ignore:setup.py install is deprecated -W ignore:easy_install command is deprecated setup.py egg_info --egg-base ../../build/research build --build-base /home/antoni/gazebo_maritime_ws/build/research/build install --record /home/antoni/gazebo_maritime_ws/build/research/install.log --single-version-externally-managed install_data
[3.215s] running egg_info
[3.250s] writing ../../build/research/research.egg-info/PKG-INFO
[3.251s] writing dependency_links to ../../build/research/research.egg-info/dependency_links.txt
[3.251s] writing entry points to ../../build/research/research.egg-info/entry_points.txt
[3.251s] writing requirements to ../../build/research/research.egg-info/requires.txt
[3.251s] writing top-level names to ../../build/research/research.egg-info/top_level.txt
[3.317s] reading manifest file '../../build/research/research.egg-info/SOURCES.txt'
[3.319s] writing manifest file '../../build/research/research.egg-info/SOURCES.txt'
[3.319s] running build
[3.319s] running build_py
[3.319s] running install
[3.330s] running install_lib
[3.347s] running install_data
[3.347s] running install_egg_info
[3.378s] removing '/home/antoni/gazebo_maritime_ws/install/lib/python3.12/site-packages/research-0.0.0-py3.12.egg-info' (and everything under it)
[3.378s] Copying ../../build/research/research.egg-info to /home/antoni/gazebo_maritime_ws/install/lib/python3.12/site-packages/research-0.0.0-py3.12.egg-info
[3.379s] running install_scripts
[3.605s] Installing analize_position_error script to /home/antoni/gazebo_maritime_ws/install/lib/research
[3.606s] Installing position_error script to /home/antoni/gazebo_maritime_ws/install/lib/research
[3.606s] Installing rosbag_compare script to /home/antoni/gazebo_maritime_ws/install/lib/research
[3.608s] writing list of installed files to '/home/antoni/gazebo_maritime_ws/build/research/install.log'
[3.721s] Invoked command in '/home/antoni/gazebo_maritime_ws/src/research' returned '0': DEBUGINFOD_URLS=https://debuginfod.ubuntu.com PYTHONPATH=/home/antoni/gazebo_maritime_ws/build/research/prefix_override:/usr/lib/python3/dist-packages/colcon_core/task/python/colcon_distutils_commands:/home/antoni/gazebo_maritime_ws/install/lib/python3.12/site-packages:${PYTHONPATH} /usr/bin/python3 -W ignore:setup.py install is deprecated -W ignore:easy_install command is deprecated setup.py egg_info --egg-base ../../build/research build --build-base /home/antoni/gazebo_maritime_ws/build/research/build install --record /home/antoni/gazebo_maritime_ws/build/research/install.log --single-version-externally-managed install_data
