[0.142s] DEBUG:colcon:Command line arguments: ['/usr/bin/colcon', 'build', '--merge-install']
[0.142s] DEBUG:colcon:Parsed command line arguments: Namespace(log_base=None, log_level=None, verb_name='build', build_base='build', install_base='install', merge_install=True, symlink_install=False, test_result_base=None, continue_on_error=False, executor='parallel', parallel_workers=12, event_handlers=None, ignore_user_meta=False, metas=['./colcon.meta'], base_paths=['.'], packages_ignore=None, packages_ignore_regex=None, paths=None, packages_up_to=None, packages_up_to_regex=None, packages_above=None, packages_above_and_dependencies=None, packages_above_depth=None, packages_select_by_dep=None, packages_skip_by_dep=None, packages_skip_up_to=None, packages_select_build_failed=False, packages_skip_build_finished=False, packages_select_test_failures=False, packages_skip_test_passed=False, packages_select=None, packages_skip=None, packages_select_regex=None, packages_skip_regex=None, packages_start=None, packages_end=None, allow_overriding=[], cmake_args=None, cmake_target=None, cmake_target_skip_unavailable=False, cmake_clean_cache=False, cmake_clean_first=False, cmake_force_configure=False, ament_cmake_args=None, catkin_cmake_args=None, catkin_skip_building_tests=False, mixin_files=None, mixin=None, verb_parser=<colcon_mixin.mixin.mixin_argument.MixinArgumentDecorator object at 0x748ef36a8920>, verb_extension=<colcon_core.verb.build.BuildVerb object at 0x748ef37cce60>, main=<bound method BuildVerb.main of <colcon_core.verb.build.BuildVerb object at 0x748ef37cce60>>, mixin_verb=('build',))
[0.188s] Level 1:colcon.colcon_core.package_discovery:discover_packages(colcon_meta) check parameters
[0.188s] Level 1:colcon.colcon_core.package_discovery:discover_packages(recursive) check parameters
[0.188s] Level 1:colcon.colcon_core.package_discovery:discover_packages(ignore) check parameters
[0.188s] Level 1:colcon.colcon_core.package_discovery:discover_packages(path) check parameters
[0.188s] Level 1:colcon.colcon_core.package_discovery:discover_packages(colcon_meta) discover
[0.188s] Level 1:colcon.colcon_core.package_discovery:discover_packages(recursive) discover
[0.189s] INFO:colcon.colcon_core.package_discovery:Crawling recursively for packages in '/home/antoni/gazebo_maritime_ws'
[0.189s] Level 1:colcon.colcon_core.package_identification:_identify(.) by extensions ['ignore', 'ignore_ament_install']
[0.189s] Level 1:colcon.colcon_core.package_identification:_identify(.) by extension 'ignore'
[0.189s] Level 1:colcon.colcon_core.package_identification:_identify(.) by extension 'ignore_ament_install'
[0.189s] Level 1:colcon.colcon_core.package_identification:_identify(.) by extensions ['colcon_pkg']
[0.189s] Level 1:colcon.colcon_core.package_identification:_identify(.) by extension 'colcon_pkg'
[0.189s] Level 1:colcon.colcon_core.package_identification:_identify(.) by extensions ['colcon_meta']
[0.189s] Level 1:colcon.colcon_core.package_identification:_identify(.) by extension 'colcon_meta'
[0.189s] Level 1:colcon.colcon_core.package_identification:_identify(.) by extensions ['ros']
[0.189s] Level 1:colcon.colcon_core.package_identification:_identify(.) by extension 'ros'
[0.215s] Level 1:colcon.colcon_core.package_identification:_identify(.) by extensions ['cmake', 'python']
[0.215s] Level 1:colcon.colcon_core.package_identification:_identify(.) by extension 'cmake'
[0.216s] Level 1:colcon.colcon_core.package_identification:_identify(.) by extension 'python'
[0.216s] Level 1:colcon.colcon_core.package_identification:_identify(.) by extensions ['python_setup_py']
[0.216s] Level 1:colcon.colcon_core.package_identification:_identify(.) by extension 'python_setup_py'
[0.216s] Level 1:colcon.colcon_core.package_identification:_identify(build) by extensions ['ignore', 'ignore_ament_install']
[0.216s] Level 1:colcon.colcon_core.package_identification:_identify(build) by extension 'ignore'
[0.216s] Level 1:colcon.colcon_core.package_identification:_identify(build) ignored
[0.216s] Level 1:colcon.colcon_core.package_identification:_identify(install) by extensions ['ignore', 'ignore_ament_install']
[0.216s] Level 1:colcon.colcon_core.package_identification:_identify(install) by extension 'ignore'
[0.216s] Level 1:colcon.colcon_core.package_identification:_identify(install) ignored
[0.217s] Level 1:colcon.colcon_core.package_identification:_identify(log) by extensions ['ignore', 'ignore_ament_install']
[0.217s] Level 1:colcon.colcon_core.package_identification:_identify(log) by extension 'ignore'
[0.217s] Level 1:colcon.colcon_core.package_identification:_identify(log) ignored
[0.217s] Level 1:colcon.colcon_core.package_identification:_identify(src) by extensions ['ignore', 'ignore_ament_install']
[0.217s] Level 1:colcon.colcon_core.package_identification:_identify(src) by extension 'ignore'
[0.217s] Level 1:colcon.colcon_core.package_identification:_identify(src) by extension 'ignore_ament_install'
[0.217s] Level 1:colcon.colcon_core.package_identification:_identify(src) by extensions ['colcon_pkg']
[0.217s] Level 1:colcon.colcon_core.package_identification:_identify(src) by extension 'colcon_pkg'
[0.217s] Level 1:colcon.colcon_core.package_identification:_identify(src) by extensions ['colcon_meta']
[0.217s] Level 1:colcon.colcon_core.package_identification:_identify(src) by extension 'colcon_meta'
[0.217s] Level 1:colcon.colcon_core.package_identification:_identify(src) by extensions ['ros']
[0.217s] Level 1:colcon.colcon_core.package_identification:_identify(src) by extension 'ros'
[0.217s] Level 1:colcon.colcon_core.package_identification:_identify(src) by extensions ['cmake', 'python']
[0.218s] Level 1:colcon.colcon_core.package_identification:_identify(src) by extension 'cmake'
[0.218s] Level 1:colcon.colcon_core.package_identification:_identify(src) by extension 'python'
[0.218s] Level 1:colcon.colcon_core.package_identification:_identify(src) by extensions ['python_setup_py']
[0.218s] Level 1:colcon.colcon_core.package_identification:_identify(src) by extension 'python_setup_py'
[0.218s] Level 1:colcon.colcon_core.package_identification:_identify(src/autopilot) by extensions ['ignore', 'ignore_ament_install']
[0.218s] Level 1:colcon.colcon_core.package_identification:_identify(src/autopilot) by extension 'ignore'
[0.218s] Level 1:colcon.colcon_core.package_identification:_identify(src/autopilot) by extension 'ignore_ament_install'
[0.218s] Level 1:colcon.colcon_core.package_identification:_identify(src/autopilot) by extensions ['colcon_pkg']
[0.218s] Level 1:colcon.colcon_core.package_identification:_identify(src/autopilot) by extension 'colcon_pkg'
[0.218s] Level 1:colcon.colcon_core.package_identification:_identify(src/autopilot) by extensions ['colcon_meta']
[0.218s] Level 1:colcon.colcon_core.package_identification:_identify(src/autopilot) by extension 'colcon_meta'
[0.218s] Level 1:colcon.colcon_core.package_identification:_identify(src/autopilot) by extensions ['ros']
[0.218s] Level 1:colcon.colcon_core.package_identification:_identify(src/autopilot) by extension 'ros'
[0.223s] DEBUG:colcon.colcon_core.package_identification:Package 'src/autopilot' with type 'ros.ament_python' and name 'autopilot'
[0.223s] Level 1:colcon.colcon_core.package_identification:_identify(src/gazebo_maritime) by extensions ['ignore', 'ignore_ament_install']
[0.223s] Level 1:colcon.colcon_core.package_identification:_identify(src/gazebo_maritime) by extension 'ignore'
[0.223s] Level 1:colcon.colcon_core.package_identification:_identify(src/gazebo_maritime) by extension 'ignore_ament_install'
[0.223s] Level 1:colcon.colcon_core.package_identification:_identify(src/gazebo_maritime) by extensions ['colcon_pkg']
[0.223s] Level 1:colcon.colcon_core.package_identification:_identify(src/gazebo_maritime) by extension 'colcon_pkg'
[0.223s] Level 1:colcon.colcon_core.package_identification:_identify(src/gazebo_maritime) by extensions ['colcon_meta']
[0.223s] Level 1:colcon.colcon_core.package_identification:_identify(src/gazebo_maritime) by extension 'colcon_meta'
[0.223s] Level 1:colcon.colcon_core.package_identification:_identify(src/gazebo_maritime) by extensions ['ros']
[0.223s] Level 1:colcon.colcon_core.package_identification:_identify(src/gazebo_maritime) by extension 'ros'
[0.223s] Level 1:colcon.colcon_core.package_identification:_identify(src/gazebo_maritime) by extensions ['cmake', 'python']
[0.223s] Level 1:colcon.colcon_core.package_identification:_identify(src/gazebo_maritime) by extension 'cmake'
[0.225s] Level 1:colcon.colcon_core.package_identification:_identify(src/gazebo_maritime) by extension 'python'
[0.225s] DEBUG:colcon.colcon_core.package_identification:Package 'src/gazebo_maritime' with type 'cmake' and name 'gazebo_maritime'
[0.225s] Level 1:colcon.colcon_core.package_identification:_identify(src/propeller_controller) by extensions ['ignore', 'ignore_ament_install']
[0.225s] Level 1:colcon.colcon_core.package_identification:_identify(src/propeller_controller) by extension 'ignore'
[0.225s] Level 1:colcon.colcon_core.package_identification:_identify(src/propeller_controller) by extension 'ignore_ament_install'
[0.225s] Level 1:colcon.colcon_core.package_identification:_identify(src/propeller_controller) by extensions ['colcon_pkg']
[0.225s] Level 1:colcon.colcon_core.package_identification:_identify(src/propeller_controller) by extension 'colcon_pkg'
[0.225s] Level 1:colcon.colcon_core.package_identification:_identify(src/propeller_controller) by extensions ['colcon_meta']
[0.225s] Level 1:colcon.colcon_core.package_identification:_identify(src/propeller_controller) by extension 'colcon_meta'
[0.226s] Level 1:colcon.colcon_core.package_identification:_identify(src/propeller_controller) by extensions ['ros']
[0.226s] Level 1:colcon.colcon_core.package_identification:_identify(src/propeller_controller) by extension 'ros'
[0.227s] DEBUG:colcon.colcon_core.package_identification:Package 'src/propeller_controller' with type 'ros.ament_python' and name 'propeller_controller'
[0.227s] Level 1:colcon.colcon_core.package_identification:_identify(src/ros_gz_bridge_custom) by extensions ['ignore', 'ignore_ament_install']
[0.227s] Level 1:colcon.colcon_core.package_identification:_identify(src/ros_gz_bridge_custom) by extension 'ignore'
[0.227s] Level 1:colcon.colcon_core.package_identification:_identify(src/ros_gz_bridge_custom) by extension 'ignore_ament_install'
[0.227s] Level 1:colcon.colcon_core.package_identification:_identify(src/ros_gz_bridge_custom) by extensions ['colcon_pkg']
[0.227s] Level 1:colcon.colcon_core.package_identification:_identify(src/ros_gz_bridge_custom) by extension 'colcon_pkg'
[0.227s] Level 1:colcon.colcon_core.package_identification:_identify(src/ros_gz_bridge_custom) by extensions ['colcon_meta']
[0.227s] Level 1:colcon.colcon_core.package_identification:_identify(src/ros_gz_bridge_custom) by extension 'colcon_meta'
[0.227s] Level 1:colcon.colcon_core.package_identification:_identify(src/ros_gz_bridge_custom) by extensions ['ros']
[0.227s] Level 1:colcon.colcon_core.package_identification:_identify(src/ros_gz_bridge_custom) by extension 'ros'
[0.228s] DEBUG:colcon.colcon_core.package_identification:Package 'src/ros_gz_bridge_custom' with type 'ros.ament_python' and name 'ros_gz_bridge_custom'
[0.228s] Level 1:colcon.colcon_core.package_discovery:discover_packages(recursive) using defaults
[0.228s] Level 1:colcon.colcon_core.package_discovery:discover_packages(ignore) discover
[0.228s] Level 1:colcon.colcon_core.package_discovery:discover_packages(ignore) using defaults
[0.228s] Level 1:colcon.colcon_core.package_discovery:discover_packages(path) discover
[0.228s] Level 1:colcon.colcon_core.package_discovery:discover_packages(path) using defaults
[0.250s] Level 1:colcon.colcon_core.package_discovery:discover_packages(prefix_path) check parameters
[0.250s] Level 1:colcon.colcon_core.package_discovery:discover_packages(prefix_path) discover
[0.252s] DEBUG:colcon.colcon_installed_package_information.package_discovery:Found 4 installed packages in /home/antoni/gazebo_maritime_ws/install
[0.254s] DEBUG:colcon.colcon_installed_package_information.package_discovery:Found 290 installed packages in /opt/ros/rolling
[0.256s] Level 1:colcon.colcon_core.package_discovery:discover_packages(prefix_path) using defaults
[0.299s] Level 5:colcon.colcon_core.verb:set package 'autopilot' build argument 'cmake_args' from command line to 'None'
[0.299s] Level 5:colcon.colcon_core.verb:set package 'autopilot' build argument 'cmake_target' from command line to 'None'
[0.300s] Level 5:colcon.colcon_core.verb:set package 'autopilot' build argument 'cmake_target_skip_unavailable' from command line to 'False'
[0.300s] Level 5:colcon.colcon_core.verb:set package 'autopilot' build argument 'cmake_clean_cache' from command line to 'False'
[0.300s] Level 5:colcon.colcon_core.verb:set package 'autopilot' build argument 'cmake_clean_first' from command line to 'False'
[0.300s] Level 5:colcon.colcon_core.verb:set package 'autopilot' build argument 'cmake_force_configure' from command line to 'False'
[0.300s] Level 5:colcon.colcon_core.verb:set package 'autopilot' build argument 'ament_cmake_args' from command line to 'None'
[0.300s] Level 5:colcon.colcon_core.verb:set package 'autopilot' build argument 'catkin_cmake_args' from command line to 'None'
[0.300s] Level 5:colcon.colcon_core.verb:set package 'autopilot' build argument 'catkin_skip_building_tests' from command line to 'False'
[0.300s] DEBUG:colcon.colcon_core.verb:Building package 'autopilot' with the following arguments: {'ament_cmake_args': None, 'build_base': '/home/antoni/gazebo_maritime_ws/build/autopilot', 'catkin_cmake_args': None, 'catkin_skip_building_tests': False, 'cmake_args': None, 'cmake_clean_cache': False, 'cmake_clean_first': False, 'cmake_force_configure': False, 'cmake_target': None, 'cmake_target_skip_unavailable': False, 'install_base': '/home/antoni/gazebo_maritime_ws/install', 'merge_install': True, 'path': '/home/antoni/gazebo_maritime_ws/src/autopilot', 'symlink_install': False, 'test_result_base': None}
[0.301s] Level 5:colcon.colcon_core.verb:set package 'gazebo_maritime' build argument 'cmake_args' from command line to 'None'
[0.301s] Level 5:colcon.colcon_core.verb:set package 'gazebo_maritime' build argument 'cmake_target' from command line to 'None'
[0.301s] Level 5:colcon.colcon_core.verb:set package 'gazebo_maritime' build argument 'cmake_target_skip_unavailable' from command line to 'False'
[0.301s] Level 5:colcon.colcon_core.verb:set package 'gazebo_maritime' build argument 'cmake_clean_cache' from command line to 'False'
[0.301s] Level 5:colcon.colcon_core.verb:set package 'gazebo_maritime' build argument 'cmake_clean_first' from command line to 'False'
[0.301s] Level 5:colcon.colcon_core.verb:set package 'gazebo_maritime' build argument 'cmake_force_configure' from command line to 'False'
[0.301s] Level 5:colcon.colcon_core.verb:set package 'gazebo_maritime' build argument 'ament_cmake_args' from command line to 'None'
[0.301s] Level 5:colcon.colcon_core.verb:set package 'gazebo_maritime' build argument 'catkin_cmake_args' from command line to 'None'
[0.301s] Level 5:colcon.colcon_core.verb:set package 'gazebo_maritime' build argument 'catkin_skip_building_tests' from command line to 'False'
[0.301s] DEBUG:colcon.colcon_core.verb:Building package 'gazebo_maritime' with the following arguments: {'ament_cmake_args': None, 'build_base': '/home/antoni/gazebo_maritime_ws/build/gazebo_maritime', 'catkin_cmake_args': None, 'catkin_skip_building_tests': False, 'cmake_args': None, 'cmake_clean_cache': False, 'cmake_clean_first': False, 'cmake_force_configure': False, 'cmake_target': None, 'cmake_target_skip_unavailable': False, 'install_base': '/home/antoni/gazebo_maritime_ws/install', 'merge_install': True, 'path': '/home/antoni/gazebo_maritime_ws/src/gazebo_maritime', 'symlink_install': False, 'test_result_base': None}
[0.301s] Level 5:colcon.colcon_core.verb:set package 'propeller_controller' build argument 'cmake_args' from command line to 'None'
[0.302s] Level 5:colcon.colcon_core.verb:set package 'propeller_controller' build argument 'cmake_target' from command line to 'None'
[0.302s] Level 5:colcon.colcon_core.verb:set package 'propeller_controller' build argument 'cmake_target_skip_unavailable' from command line to 'False'
[0.302s] Level 5:colcon.colcon_core.verb:set package 'propeller_controller' build argument 'cmake_clean_cache' from command line to 'False'
[0.302s] Level 5:colcon.colcon_core.verb:set package 'propeller_controller' build argument 'cmake_clean_first' from command line to 'False'
[0.302s] Level 5:colcon.colcon_core.verb:set package 'propeller_controller' build argument 'cmake_force_configure' from command line to 'False'
[0.302s] Level 5:colcon.colcon_core.verb:set package 'propeller_controller' build argument 'ament_cmake_args' from command line to 'None'
[0.302s] Level 5:colcon.colcon_core.verb:set package 'propeller_controller' build argument 'catkin_cmake_args' from command line to 'None'
[0.302s] Level 5:colcon.colcon_core.verb:set package 'propeller_controller' build argument 'catkin_skip_building_tests' from command line to 'False'
[0.302s] DEBUG:colcon.colcon_core.verb:Building package 'propeller_controller' with the following arguments: {'ament_cmake_args': None, 'build_base': '/home/antoni/gazebo_maritime_ws/build/propeller_controller', 'catkin_cmake_args': None, 'catkin_skip_building_tests': False, 'cmake_args': None, 'cmake_clean_cache': False, 'cmake_clean_first': False, 'cmake_force_configure': False, 'cmake_target': None, 'cmake_target_skip_unavailable': False, 'install_base': '/home/antoni/gazebo_maritime_ws/install', 'merge_install': True, 'path': '/home/antoni/gazebo_maritime_ws/src/propeller_controller', 'symlink_install': False, 'test_result_base': None}
[0.302s] Level 5:colcon.colcon_core.verb:set package 'ros_gz_bridge_custom' build argument 'cmake_args' from command line to 'None'
[0.303s] Level 5:colcon.colcon_core.verb:set package 'ros_gz_bridge_custom' build argument 'cmake_target' from command line to 'None'
[0.303s] Level 5:colcon.colcon_core.verb:set package 'ros_gz_bridge_custom' build argument 'cmake_target_skip_unavailable' from command line to 'False'
[0.303s] Level 5:colcon.colcon_core.verb:set package 'ros_gz_bridge_custom' build argument 'cmake_clean_cache' from command line to 'False'
[0.303s] Level 5:colcon.colcon_core.verb:set package 'ros_gz_bridge_custom' build argument 'cmake_clean_first' from command line to 'False'
[0.303s] Level 5:colcon.colcon_core.verb:set package 'ros_gz_bridge_custom' build argument 'cmake_force_configure' from command line to 'False'
[0.303s] Level 5:colcon.colcon_core.verb:set package 'ros_gz_bridge_custom' build argument 'ament_cmake_args' from command line to 'None'
[0.303s] Level 5:colcon.colcon_core.verb:set package 'ros_gz_bridge_custom' build argument 'catkin_cmake_args' from command line to 'None'
[0.303s] Level 5:colcon.colcon_core.verb:set package 'ros_gz_bridge_custom' build argument 'catkin_skip_building_tests' from command line to 'False'
[0.303s] DEBUG:colcon.colcon_core.verb:Building package 'ros_gz_bridge_custom' with the following arguments: {'ament_cmake_args': None, 'build_base': '/home/antoni/gazebo_maritime_ws/build/ros_gz_bridge_custom', 'catkin_cmake_args': None, 'catkin_skip_building_tests': False, 'cmake_args': None, 'cmake_clean_cache': False, 'cmake_clean_first': False, 'cmake_force_configure': False, 'cmake_target': None, 'cmake_target_skip_unavailable': False, 'install_base': '/home/antoni/gazebo_maritime_ws/install', 'merge_install': True, 'path': '/home/antoni/gazebo_maritime_ws/src/ros_gz_bridge_custom', 'symlink_install': False, 'test_result_base': None}
[0.303s] INFO:colcon.colcon_core.executor:Executing jobs using 'parallel' executor
[0.307s] DEBUG:colcon.colcon_parallel_executor.executor.parallel:run_until_complete
[0.307s] INFO:colcon.colcon_ros.task.ament_python.build:Building ROS package in '/home/antoni/gazebo_maritime_ws/src/autopilot' with build type 'ament_python'
[0.308s] Level 1:colcon.colcon_core.shell:create_environment_hook('autopilot', 'ament_prefix_path')
[0.312s] INFO:colcon.colcon_core.plugin_system:Skipping extension 'colcon_core.shell.bat': Not used on non-Windows systems
[0.312s] INFO:colcon.colcon_core.shell:Creating environment hook '/home/antoni/gazebo_maritime_ws/install/share/autopilot/hook/ament_prefix_path.ps1'
[0.314s] INFO:colcon.colcon_core.shell:Creating environment descriptor '/home/antoni/gazebo_maritime_ws/install/share/autopilot/hook/ament_prefix_path.dsv'
[0.315s] INFO:colcon.colcon_core.shell:Creating environment hook '/home/antoni/gazebo_maritime_ws/install/share/autopilot/hook/ament_prefix_path.sh'
[0.317s] INFO:colcon.colcon_core.shell:Skip shell extension 'powershell' for command environment: Not usable outside of PowerShell
[0.317s] DEBUG:colcon.colcon_core.shell:Skip shell extension 'dsv' for command environment
[0.325s] INFO:colcon.colcon_cmake.task.cmake.build:Building CMake package in '/home/antoni/gazebo_maritime_ws/src/gazebo_maritime'
[0.325s] INFO:colcon.colcon_core.shell:Skip shell extension 'powershell' for command environment: Not usable outside of PowerShell
[0.325s] DEBUG:colcon.colcon_core.shell:Skip shell extension 'dsv' for command environment
[0.330s] INFO:colcon.colcon_ros.task.ament_python.build:Building ROS package in '/home/antoni/gazebo_maritime_ws/src/propeller_controller' with build type 'ament_python'
[0.330s] Level 1:colcon.colcon_core.shell:create_environment_hook('propeller_controller', 'ament_prefix_path')
[0.330s] INFO:colcon.colcon_core.shell:Creating environment hook '/home/antoni/gazebo_maritime_ws/install/share/propeller_controller/hook/ament_prefix_path.ps1'
[0.331s] INFO:colcon.colcon_core.shell:Creating environment descriptor '/home/antoni/gazebo_maritime_ws/install/share/propeller_controller/hook/ament_prefix_path.dsv'
[0.332s] INFO:colcon.colcon_core.shell:Creating environment hook '/home/antoni/gazebo_maritime_ws/install/share/propeller_controller/hook/ament_prefix_path.sh'
[0.333s] INFO:colcon.colcon_core.shell:Skip shell extension 'powershell' for command environment: Not usable outside of PowerShell
[0.333s] DEBUG:colcon.colcon_core.shell:Skip shell extension 'dsv' for command environment
[0.342s] INFO:colcon.colcon_ros.task.ament_python.build:Building ROS package in '/home/antoni/gazebo_maritime_ws/src/ros_gz_bridge_custom' with build type 'ament_python'
[0.343s] Level 1:colcon.colcon_core.shell:create_environment_hook('ros_gz_bridge_custom', 'ament_prefix_path')
[0.344s] INFO:colcon.colcon_core.shell:Creating environment hook '/home/antoni/gazebo_maritime_ws/install/share/ros_gz_bridge_custom/hook/ament_prefix_path.ps1'
[0.345s] INFO:colcon.colcon_core.shell:Creating environment descriptor '/home/antoni/gazebo_maritime_ws/install/share/ros_gz_bridge_custom/hook/ament_prefix_path.dsv'
[0.346s] INFO:colcon.colcon_core.shell:Creating environment hook '/home/antoni/gazebo_maritime_ws/install/share/ros_gz_bridge_custom/hook/ament_prefix_path.sh'
[0.347s] INFO:colcon.colcon_core.shell:Skip shell extension 'powershell' for command environment: Not usable outside of PowerShell
[0.347s] DEBUG:colcon.colcon_core.shell:Skip shell extension 'dsv' for command environment
[0.748s] INFO:colcon.colcon_core.task.python.build:Building Python package in '/home/antoni/gazebo_maritime_ws/src/autopilot'
[0.749s] INFO:colcon.colcon_core.shell:Skip shell extension 'powershell' for command environment: Not usable outside of PowerShell
[0.749s] DEBUG:colcon.colcon_core.shell:Skip shell extension 'dsv' for command environment
[0.774s] DEBUG:colcon.colcon_core.event_handler.log_command:Invoking command in '/home/antoni/gazebo_maritime_ws/build/gazebo_maritime': DEBUGINFOD_URLS=https://debuginfod.ubuntu.com /usr/bin/cmake --build /home/antoni/gazebo_maritime_ws/build/gazebo_maritime -- -j12 -l12
[1.302s] INFO:colcon.colcon_core.task.python.build:Building Python package in '/home/antoni/gazebo_maritime_ws/src/propeller_controller'
[1.303s] INFO:colcon.colcon_core.shell:Skip shell extension 'powershell' for command environment: Not usable outside of PowerShell
[1.303s] DEBUG:colcon.colcon_core.shell:Skip shell extension 'dsv' for command environment
[1.319s] DEBUG:colcon.colcon_core.event_handler.log_command:Invoked command in '/home/antoni/gazebo_maritime_ws/build/gazebo_maritime' returned '0': DEBUGINFOD_URLS=https://debuginfod.ubuntu.com /usr/bin/cmake --build /home/antoni/gazebo_maritime_ws/build/gazebo_maritime -- -j12 -l12
[1.358s] DEBUG:colcon.colcon_core.event_handler.log_command:Invoking command in '/home/antoni/gazebo_maritime_ws/build/gazebo_maritime': DEBUGINFOD_URLS=https://debuginfod.ubuntu.com /usr/bin/cmake --install /home/antoni/gazebo_maritime_ws/build/gazebo_maritime
[1.911s] INFO:colcon.colcon_core.task.python.build:Building Python package in '/home/antoni/gazebo_maritime_ws/src/ros_gz_bridge_custom'
[1.911s] INFO:colcon.colcon_core.shell:Skip shell extension 'powershell' for command environment: Not usable outside of PowerShell
[1.911s] DEBUG:colcon.colcon_core.shell:Skip shell extension 'dsv' for command environment
[1.948s] Level 1:colcon.colcon_core.environment:create_environment_scripts_only(gazebo_maritime)
[1.956s] DEBUG:colcon.colcon_core.event_handler.log_command:Invoked command in '/home/antoni/gazebo_maritime_ws/build/gazebo_maritime' returned '0': DEBUGINFOD_URLS=https://debuginfod.ubuntu.com /usr/bin/cmake --install /home/antoni/gazebo_maritime_ws/build/gazebo_maritime
[1.960s] Level 1:colcon.colcon_core.environment:checking '/home/antoni/gazebo_maritime_ws/install' for CMake module files
[1.961s] Level 1:colcon.colcon_core.environment:checking '/home/antoni/gazebo_maritime_ws/install' for CMake config files
[1.965s] Level 1:colcon.colcon_core.environment:checking '/home/antoni/gazebo_maritime_ws/install/lib'
[1.966s] Level 1:colcon.colcon_core.shell:create_environment_hook('gazebo_maritime', 'ld_library_path_lib')
[1.967s] INFO:colcon.colcon_core.shell:Creating environment hook '/home/antoni/gazebo_maritime_ws/install/share/gazebo_maritime/hook/ld_library_path_lib.ps1'
[1.968s] INFO:colcon.colcon_core.shell:Creating environment descriptor '/home/antoni/gazebo_maritime_ws/install/share/gazebo_maritime/hook/ld_library_path_lib.dsv'
[1.969s] INFO:colcon.colcon_core.shell:Creating environment hook '/home/antoni/gazebo_maritime_ws/install/share/gazebo_maritime/hook/ld_library_path_lib.sh'
[1.970s] Level 1:colcon.colcon_core.environment:checking '/home/antoni/gazebo_maritime_ws/install/bin'
[1.970s] Level 1:colcon.colcon_core.environment:checking '/home/antoni/gazebo_maritime_ws/install/lib/pkgconfig/gazebo_maritime.pc'
[1.971s] Level 1:colcon.colcon_core.environment:checking '/home/antoni/gazebo_maritime_ws/install/lib/python3.12/site-packages'
[1.971s] Level 1:colcon.colcon_core.shell:create_environment_hook('gazebo_maritime', 'pythonpath')
[1.972s] INFO:colcon.colcon_core.shell:Creating environment hook '/home/antoni/gazebo_maritime_ws/install/share/gazebo_maritime/hook/pythonpath.ps1'
[1.974s] INFO:colcon.colcon_core.shell:Creating environment descriptor '/home/antoni/gazebo_maritime_ws/install/share/gazebo_maritime/hook/pythonpath.dsv'
[1.977s] INFO:colcon.colcon_core.shell:Creating environment hook '/home/antoni/gazebo_maritime_ws/install/share/gazebo_maritime/hook/pythonpath.sh'
[1.979s] Level 1:colcon.colcon_core.environment:checking '/home/antoni/gazebo_maritime_ws/install/bin'
[1.980s] INFO:colcon.colcon_core.shell:Creating package script '/home/antoni/gazebo_maritime_ws/install/share/gazebo_maritime/package.ps1'
[1.982s] INFO:colcon.colcon_core.shell:Creating package descriptor '/home/antoni/gazebo_maritime_ws/install/share/gazebo_maritime/package.dsv'
[1.983s] INFO:colcon.colcon_core.shell:Creating package script '/home/antoni/gazebo_maritime_ws/install/share/gazebo_maritime/package.sh'
[1.984s] INFO:colcon.colcon_core.shell:Creating package script '/home/antoni/gazebo_maritime_ws/install/share/gazebo_maritime/package.bash'
[1.985s] INFO:colcon.colcon_core.shell:Creating package script '/home/antoni/gazebo_maritime_ws/install/share/gazebo_maritime/package.zsh'
[1.986s] Level 1:colcon.colcon_core.environment:create_file_with_runtime_dependencies(/home/antoni/gazebo_maritime_ws/install/share/colcon-core/packages/gazebo_maritime)
[2.984s] DEBUG:colcon.colcon_core.event_handler.log_command:Invoking command in '/home/antoni/gazebo_maritime_ws/src/ros_gz_bridge_custom': DEBUGINFOD_URLS=https://debuginfod.ubuntu.com PYTHONPATH=/home/antoni/gazebo_maritime_ws/build/ros_gz_bridge_custom/prefix_override:/usr/lib/python3/dist-packages/colcon_core/task/python/colcon_distutils_commands:/home/antoni/gazebo_maritime_ws/install/lib/python3.12/site-packages:${PYTHONPATH} /usr/bin/python3 -W ignore:setup.py install is deprecated -W ignore:easy_install command is deprecated setup.py egg_info --egg-base ../../build/ros_gz_bridge_custom build --build-base /home/antoni/gazebo_maritime_ws/build/ros_gz_bridge_custom/build install --record /home/antoni/gazebo_maritime_ws/build/ros_gz_bridge_custom/install.log --single-version-externally-managed install_data
[3.067s] DEBUG:colcon.colcon_core.event_handler.log_command:Invoking command in '/home/antoni/gazebo_maritime_ws/src/autopilot': DEBUGINFOD_URLS=https://debuginfod.ubuntu.com PYTHONPATH=/home/antoni/gazebo_maritime_ws/build/autopilot/prefix_override:/usr/lib/python3/dist-packages/colcon_core/task/python/colcon_distutils_commands:/home/antoni/gazebo_maritime_ws/install/lib/python3.12/site-packages:${PYTHONPATH} /usr/bin/python3 -W ignore:setup.py install is deprecated -W ignore:easy_install command is deprecated setup.py egg_info --egg-base ../../build/autopilot build --build-base /home/antoni/gazebo_maritime_ws/build/autopilot/build install --record /home/antoni/gazebo_maritime_ws/build/autopilot/install.log --single-version-externally-managed install_data
[3.149s] DEBUG:colcon.colcon_core.event_handler.log_command:Invoking command in '/home/antoni/gazebo_maritime_ws/src/propeller_controller': DEBUGINFOD_URLS=https://debuginfod.ubuntu.com PYTHONPATH=/home/antoni/gazebo_maritime_ws/build/propeller_controller/prefix_override:/usr/lib/python3/dist-packages/colcon_core/task/python/colcon_distutils_commands:/home/antoni/gazebo_maritime_ws/install/lib/python3.12/site-packages:${PYTHONPATH} /usr/bin/python3 -W ignore:setup.py install is deprecated -W ignore:easy_install command is deprecated setup.py egg_info --egg-base ../../build/propeller_controller build --build-base /home/antoni/gazebo_maritime_ws/build/propeller_controller/build install --record /home/antoni/gazebo_maritime_ws/build/propeller_controller/install.log --single-version-externally-managed install_data
[4.040s] Level 1:colcon.colcon_core.environment:checking '/home/antoni/gazebo_maritime_ws/install' for CMake module files
[4.041s] Level 1:colcon.colcon_core.environment:checking '/home/antoni/gazebo_maritime_ws/install' for CMake config files
[4.042s] Level 1:colcon.colcon_core.environment:checking '/home/antoni/gazebo_maritime_ws/install/lib'
[4.043s] DEBUG:colcon.colcon_core.event_handler.log_command:Invoked command in '/home/antoni/gazebo_maritime_ws/src/ros_gz_bridge_custom' returned '0': DEBUGINFOD_URLS=https://debuginfod.ubuntu.com PYTHONPATH=/home/antoni/gazebo_maritime_ws/build/ros_gz_bridge_custom/prefix_override:/usr/lib/python3/dist-packages/colcon_core/task/python/colcon_distutils_commands:/home/antoni/gazebo_maritime_ws/install/lib/python3.12/site-packages:${PYTHONPATH} /usr/bin/python3 -W ignore:setup.py install is deprecated -W ignore:easy_install command is deprecated setup.py egg_info --egg-base ../../build/ros_gz_bridge_custom build --build-base /home/antoni/gazebo_maritime_ws/build/ros_gz_bridge_custom/build install --record /home/antoni/gazebo_maritime_ws/build/ros_gz_bridge_custom/install.log --single-version-externally-managed install_data
[4.043s] Level 1:colcon.colcon_core.shell:create_environment_hook('ros_gz_bridge_custom', 'ld_library_path_lib')
[4.044s] INFO:colcon.colcon_core.shell:Creating environment hook '/home/antoni/gazebo_maritime_ws/install/share/ros_gz_bridge_custom/hook/ld_library_path_lib.ps1'
[4.044s] INFO:colcon.colcon_core.shell:Creating environment descriptor '/home/antoni/gazebo_maritime_ws/install/share/ros_gz_bridge_custom/hook/ld_library_path_lib.dsv'
[4.045s] INFO:colcon.colcon_core.shell:Creating environment hook '/home/antoni/gazebo_maritime_ws/install/share/ros_gz_bridge_custom/hook/ld_library_path_lib.sh'
[4.046s] Level 1:colcon.colcon_core.environment:checking '/home/antoni/gazebo_maritime_ws/install/bin'
[4.046s] Level 1:colcon.colcon_core.environment:checking '/home/antoni/gazebo_maritime_ws/install/lib/pkgconfig/ros_gz_bridge_custom.pc'
[4.046s] Level 1:colcon.colcon_core.environment:checking '/home/antoni/gazebo_maritime_ws/install/lib/python3.12/site-packages'
[4.047s] Level 1:colcon.colcon_core.shell:create_environment_hook('ros_gz_bridge_custom', 'pythonpath')
[4.047s] INFO:colcon.colcon_core.shell:Creating environment hook '/home/antoni/gazebo_maritime_ws/install/share/ros_gz_bridge_custom/hook/pythonpath.ps1'
[4.048s] INFO:colcon.colcon_core.shell:Creating environment descriptor '/home/antoni/gazebo_maritime_ws/install/share/ros_gz_bridge_custom/hook/pythonpath.dsv'
[4.049s] INFO:colcon.colcon_core.shell:Creating environment hook '/home/antoni/gazebo_maritime_ws/install/share/ros_gz_bridge_custom/hook/pythonpath.sh'
[4.051s] Level 1:colcon.colcon_core.environment:checking '/home/antoni/gazebo_maritime_ws/install/bin'
[4.051s] Level 1:colcon.colcon_core.environment:create_environment_scripts_only(ros_gz_bridge_custom)
[4.052s] INFO:colcon.colcon_core.shell:Creating package script '/home/antoni/gazebo_maritime_ws/install/share/ros_gz_bridge_custom/package.ps1'
[4.054s] INFO:colcon.colcon_core.shell:Creating package descriptor '/home/antoni/gazebo_maritime_ws/install/share/ros_gz_bridge_custom/package.dsv'
[4.057s] INFO:colcon.colcon_core.shell:Creating package script '/home/antoni/gazebo_maritime_ws/install/share/ros_gz_bridge_custom/package.sh'
[4.058s] INFO:colcon.colcon_core.shell:Creating package script '/home/antoni/gazebo_maritime_ws/install/share/ros_gz_bridge_custom/package.bash'
[4.060s] INFO:colcon.colcon_core.shell:Creating package script '/home/antoni/gazebo_maritime_ws/install/share/ros_gz_bridge_custom/package.zsh'
[4.060s] Level 1:colcon.colcon_core.environment:create_file_with_runtime_dependencies(/home/antoni/gazebo_maritime_ws/install/share/colcon-core/packages/ros_gz_bridge_custom)
[4.121s] Level 1:colcon.colcon_core.environment:checking '/home/antoni/gazebo_maritime_ws/install' for CMake module files
[4.122s] DEBUG:colcon.colcon_core.event_handler.log_command:Invoked command in '/home/antoni/gazebo_maritime_ws/src/autopilot' returned '0': DEBUGINFOD_URLS=https://debuginfod.ubuntu.com PYTHONPATH=/home/antoni/gazebo_maritime_ws/build/autopilot/prefix_override:/usr/lib/python3/dist-packages/colcon_core/task/python/colcon_distutils_commands:/home/antoni/gazebo_maritime_ws/install/lib/python3.12/site-packages:${PYTHONPATH} /usr/bin/python3 -W ignore:setup.py install is deprecated -W ignore:easy_install command is deprecated setup.py egg_info --egg-base ../../build/autopilot build --build-base /home/antoni/gazebo_maritime_ws/build/autopilot/build install --record /home/antoni/gazebo_maritime_ws/build/autopilot/install.log --single-version-externally-managed install_data
[4.123s] Level 1:colcon.colcon_core.environment:checking '/home/antoni/gazebo_maritime_ws/install' for CMake config files
[4.125s] Level 1:colcon.colcon_core.environment:checking '/home/antoni/gazebo_maritime_ws/install/lib'
[4.126s] Level 1:colcon.colcon_core.shell:create_environment_hook('autopilot', 'ld_library_path_lib')
[4.127s] INFO:colcon.colcon_core.shell:Creating environment hook '/home/antoni/gazebo_maritime_ws/install/share/autopilot/hook/ld_library_path_lib.ps1'
[4.130s] INFO:colcon.colcon_core.shell:Creating environment descriptor '/home/antoni/gazebo_maritime_ws/install/share/autopilot/hook/ld_library_path_lib.dsv'
[4.132s] INFO:colcon.colcon_core.shell:Creating environment hook '/home/antoni/gazebo_maritime_ws/install/share/autopilot/hook/ld_library_path_lib.sh'
[4.133s] Level 1:colcon.colcon_core.environment:checking '/home/antoni/gazebo_maritime_ws/install/bin'
[4.133s] Level 1:colcon.colcon_core.environment:checking '/home/antoni/gazebo_maritime_ws/install/lib/pkgconfig/autopilot.pc'
[4.134s] Level 1:colcon.colcon_core.environment:checking '/home/antoni/gazebo_maritime_ws/install/lib/python3.12/site-packages'
[4.134s] Level 1:colcon.colcon_core.shell:create_environment_hook('autopilot', 'pythonpath')
[4.134s] INFO:colcon.colcon_core.shell:Creating environment hook '/home/antoni/gazebo_maritime_ws/install/share/autopilot/hook/pythonpath.ps1'
[4.135s] INFO:colcon.colcon_core.shell:Creating environment descriptor '/home/antoni/gazebo_maritime_ws/install/share/autopilot/hook/pythonpath.dsv'
[4.136s] INFO:colcon.colcon_core.shell:Creating environment hook '/home/antoni/gazebo_maritime_ws/install/share/autopilot/hook/pythonpath.sh'
[4.137s] Level 1:colcon.colcon_core.environment:checking '/home/antoni/gazebo_maritime_ws/install/bin'
[4.137s] Level 1:colcon.colcon_core.environment:create_environment_scripts_only(autopilot)
[4.137s] INFO:colcon.colcon_core.shell:Creating package script '/home/antoni/gazebo_maritime_ws/install/share/autopilot/package.ps1'
[4.139s] INFO:colcon.colcon_core.shell:Creating package descriptor '/home/antoni/gazebo_maritime_ws/install/share/autopilot/package.dsv'
[4.140s] INFO:colcon.colcon_core.shell:Creating package script '/home/antoni/gazebo_maritime_ws/install/share/autopilot/package.sh'
[4.140s] INFO:colcon.colcon_core.shell:Creating package script '/home/antoni/gazebo_maritime_ws/install/share/autopilot/package.bash'
[4.142s] INFO:colcon.colcon_core.shell:Creating package script '/home/antoni/gazebo_maritime_ws/install/share/autopilot/package.zsh'
[4.143s] Level 1:colcon.colcon_core.environment:create_file_with_runtime_dependencies(/home/antoni/gazebo_maritime_ws/install/share/colcon-core/packages/autopilot)
[4.166s] Level 1:colcon.colcon_core.environment:checking '/home/antoni/gazebo_maritime_ws/install' for CMake module files
[4.167s] Level 1:colcon.colcon_core.environment:checking '/home/antoni/gazebo_maritime_ws/install' for CMake config files
[4.166s] DEBUG:colcon.colcon_core.event_handler.log_command:Invoked command in '/home/antoni/gazebo_maritime_ws/src/propeller_controller' returned '0': DEBUGINFOD_URLS=https://debuginfod.ubuntu.com PYTHONPATH=/home/antoni/gazebo_maritime_ws/build/propeller_controller/prefix_override:/usr/lib/python3/dist-packages/colcon_core/task/python/colcon_distutils_commands:/home/antoni/gazebo_maritime_ws/install/lib/python3.12/site-packages:${PYTHONPATH} /usr/bin/python3 -W ignore:setup.py install is deprecated -W ignore:easy_install command is deprecated setup.py egg_info --egg-base ../../build/propeller_controller build --build-base /home/antoni/gazebo_maritime_ws/build/propeller_controller/build install --record /home/antoni/gazebo_maritime_ws/build/propeller_controller/install.log --single-version-externally-managed install_data
[4.168s] Level 1:colcon.colcon_core.environment:checking '/home/antoni/gazebo_maritime_ws/install/lib'
[4.168s] Level 1:colcon.colcon_core.shell:create_environment_hook('propeller_controller', 'ld_library_path_lib')
[4.168s] INFO:colcon.colcon_core.shell:Creating environment hook '/home/antoni/gazebo_maritime_ws/install/share/propeller_controller/hook/ld_library_path_lib.ps1'
[4.169s] INFO:colcon.colcon_core.shell:Creating environment descriptor '/home/antoni/gazebo_maritime_ws/install/share/propeller_controller/hook/ld_library_path_lib.dsv'
[4.169s] INFO:colcon.colcon_core.shell:Creating environment hook '/home/antoni/gazebo_maritime_ws/install/share/propeller_controller/hook/ld_library_path_lib.sh'
[4.170s] Level 1:colcon.colcon_core.environment:checking '/home/antoni/gazebo_maritime_ws/install/bin'
[4.170s] Level 1:colcon.colcon_core.environment:checking '/home/antoni/gazebo_maritime_ws/install/lib/pkgconfig/propeller_controller.pc'
[4.170s] Level 1:colcon.colcon_core.environment:checking '/home/antoni/gazebo_maritime_ws/install/lib/python3.12/site-packages'
[4.170s] Level 1:colcon.colcon_core.shell:create_environment_hook('propeller_controller', 'pythonpath')
[4.171s] INFO:colcon.colcon_core.shell:Creating environment hook '/home/antoni/gazebo_maritime_ws/install/share/propeller_controller/hook/pythonpath.ps1'
[4.171s] INFO:colcon.colcon_core.shell:Creating environment descriptor '/home/antoni/gazebo_maritime_ws/install/share/propeller_controller/hook/pythonpath.dsv'
[4.171s] INFO:colcon.colcon_core.shell:Creating environment hook '/home/antoni/gazebo_maritime_ws/install/share/propeller_controller/hook/pythonpath.sh'
[4.172s] Level 1:colcon.colcon_core.environment:checking '/home/antoni/gazebo_maritime_ws/install/bin'
[4.172s] Level 1:colcon.colcon_core.environment:create_environment_scripts_only(propeller_controller)
[4.173s] INFO:colcon.colcon_core.shell:Creating package script '/home/antoni/gazebo_maritime_ws/install/share/propeller_controller/package.ps1'
[4.174s] INFO:colcon.colcon_core.shell:Creating package descriptor '/home/antoni/gazebo_maritime_ws/install/share/propeller_controller/package.dsv'
[4.174s] INFO:colcon.colcon_core.shell:Creating package script '/home/antoni/gazebo_maritime_ws/install/share/propeller_controller/package.sh'
[4.175s] INFO:colcon.colcon_core.shell:Creating package script '/home/antoni/gazebo_maritime_ws/install/share/propeller_controller/package.bash'
[4.176s] INFO:colcon.colcon_core.shell:Creating package script '/home/antoni/gazebo_maritime_ws/install/share/propeller_controller/package.zsh'
[4.176s] Level 1:colcon.colcon_core.environment:create_file_with_runtime_dependencies(/home/antoni/gazebo_maritime_ws/install/share/colcon-core/packages/propeller_controller)
[4.178s] DEBUG:colcon.colcon_parallel_executor.executor.parallel:closing loop
[4.179s] DEBUG:colcon.colcon_parallel_executor.executor.parallel:loop closed
[4.179s] DEBUG:colcon.colcon_parallel_executor.executor.parallel:run_until_complete finished with '0'
[4.180s] DEBUG:colcon.colcon_core.event_reactor:joining thread
[4.194s] INFO:colcon.colcon_core.plugin_system:Skipping extension 'colcon_notification.desktop_notification.terminal_notifier': Not used on non-Darwin systems
[4.194s] INFO:colcon.colcon_core.plugin_system:Skipping extension 'colcon_notification.desktop_notification.win32': Not used on non-Windows systems
[4.194s] INFO:colcon.colcon_notification.desktop_notification:Sending desktop notification using 'notify2'
[4.227s] DEBUG:colcon.colcon_core.event_reactor:joined thread
[4.228s] INFO:colcon.colcon_core.shell:Creating prefix script '/home/antoni/gazebo_maritime_ws/install/local_setup.ps1'
[4.230s] INFO:colcon.colcon_core.shell:Creating prefix util module '/home/antoni/gazebo_maritime_ws/install/_local_setup_util_ps1.py'
[4.231s] INFO:colcon.colcon_core.shell:Creating prefix chain script '/home/antoni/gazebo_maritime_ws/install/setup.ps1'
[4.232s] INFO:colcon.colcon_core.shell:Creating prefix script '/home/antoni/gazebo_maritime_ws/install/local_setup.sh'
[4.233s] INFO:colcon.colcon_core.shell:Creating prefix util module '/home/antoni/gazebo_maritime_ws/install/_local_setup_util_sh.py'
[4.234s] INFO:colcon.colcon_core.shell:Creating prefix chain script '/home/antoni/gazebo_maritime_ws/install/setup.sh'
[4.235s] INFO:colcon.colcon_core.shell:Creating prefix script '/home/antoni/gazebo_maritime_ws/install/local_setup.bash'
[4.236s] INFO:colcon.colcon_core.shell:Creating prefix chain script '/home/antoni/gazebo_maritime_ws/install/setup.bash'
[4.237s] INFO:colcon.colcon_core.shell:Creating prefix script '/home/antoni/gazebo_maritime_ws/install/local_setup.zsh'
[4.238s] INFO:colcon.colcon_core.shell:Creating prefix chain script '/home/antoni/gazebo_maritime_ws/install/setup.zsh'
