[4.583s] Invoking command in '/home/antoni/gazebo_maritime_ws/src/autopilot': DEBUGINFOD_URLS=https://debuginfod.ubuntu.com PYTHONPATH=/home/antoni/gazebo_maritime_ws/build/autopilot/prefix_override:/usr/lib/python3/dist-packages/colcon_core/task/python/colcon_distutils_commands:/home/antoni/gazebo_maritime_ws/install/lib/python3.12/site-packages:${PYTHONPATH} /usr/bin/python3 -W ignore:setup.py install is deprecated -W ignore:easy_install command is deprecated setup.py egg_info --egg-base ../../build/autopilot build --build-base /home/antoni/gazebo_maritime_ws/build/autopilot/build install --record /home/antoni/gazebo_maritime_ws/build/autopilot/install.log --single-version-externally-managed install_data
[5.224s] running egg_info
[5.258s] writing ../../build/autopilot/autopilot.egg-info/PKG-INFO
[5.258s] writing dependency_links to ../../build/autopilot/autopilot.egg-info/dependency_links.txt
[5.259s] writing entry points to ../../build/autopilot/autopilot.egg-info/entry_points.txt
[5.259s] writing requirements to ../../build/autopilot/autopilot.egg-info/requires.txt
[5.259s] writing top-level names to ../../build/autopilot/autopilot.egg-info/top_level.txt
[5.354s] reading manifest file '../../build/autopilot/autopilot.egg-info/SOURCES.txt'
[5.356s] writing manifest file '../../build/autopilot/autopilot.egg-info/SOURCES.txt'
[5.356s] running build
[5.356s] running build_py
[5.357s] copying autopilot/los.py -> /home/antoni/gazebo_maritime_ws/build/autopilot/build/lib/autopilot
[5.357s] running install
[5.368s] running install_lib
[5.410s] copying /home/antoni/gazebo_maritime_ws/build/autopilot/build/lib/autopilot/los.py -> /home/antoni/gazebo_maritime_ws/install/lib/python3.12/site-packages/autopilot
[5.411s] byte-compiling /home/antoni/gazebo_maritime_ws/install/lib/python3.12/site-packages/autopilot/los.py to los.cpython-312.pyc
[5.418s] running install_data
[5.418s] running install_egg_info
[5.453s] removing '/home/antoni/gazebo_maritime_ws/install/lib/python3.12/site-packages/autopilot-0.0.0-py3.12.egg-info' (and everything under it)
[5.454s] Copying ../../build/autopilot/autopilot.egg-info to /home/antoni/gazebo_maritime_ws/install/lib/python3.12/site-packages/autopilot-0.0.0-py3.12.egg-info
[5.456s] running install_scripts
[5.707s] Installing add_markers script to /home/antoni/gazebo_maritime_ws/install/lib/autopilot
[5.707s] Installing azimuth script to /home/antoni/gazebo_maritime_ws/install/lib/autopilot
[5.707s] Installing checkpoints script to /home/antoni/gazebo_maritime_ws/install/lib/autopilot
[5.707s] Installing compass script to /home/antoni/gazebo_maritime_ws/install/lib/autopilot
[5.708s] Installing kalman script to /home/antoni/gazebo_maritime_ws/install/lib/autopilot
[5.708s] Installing los script to /home/antoni/gazebo_maritime_ws/install/lib/autopilot
[5.708s] writing list of installed files to '/home/antoni/gazebo_maritime_ws/build/autopilot/install.log'
[5.816s] Invoked command in '/home/antoni/gazebo_maritime_ws/src/autopilot' returned '0': DEBUGINFOD_URLS=https://debuginfod.ubuntu.com PYTHONPATH=/home/antoni/gazebo_maritime_ws/build/autopilot/prefix_override:/usr/lib/python3/dist-packages/colcon_core/task/python/colcon_distutils_commands:/home/antoni/gazebo_maritime_ws/install/lib/python3.12/site-packages:${PYTHONPATH} /usr/bin/python3 -W ignore:setup.py install is deprecated -W ignore:easy_install command is deprecated setup.py egg_info --egg-base ../../build/autopilot build --build-base /home/antoni/gazebo_maritime_ws/build/autopilot/build install --record /home/antoni/gazebo_maritime_ws/build/autopilot/install.log --single-version-externally-managed install_data
