running egg_info
writing ../../build/autopilot/autopilot.egg-info/PKG-INFO
writing dependency_links to ../../build/autopilot/autopilot.egg-info/dependency_links.txt
writing entry points to ../../build/autopilot/autopilot.egg-info/entry_points.txt
writing requirements to ../../build/autopilot/autopilot.egg-info/requires.txt
writing top-level names to ../../build/autopilot/autopilot.egg-info/top_level.txt
reading manifest file '../../build/autopilot/autopilot.egg-info/SOURCES.txt'
writing manifest file '../../build/autopilot/autopilot.egg-info/SOURCES.txt'
running build
running build_py
copying autopilot/kalman.py -> /home/antoni/gazebo_maritime_ws/build/autopilot/build/lib/autopilot
running install
running install_lib
copying /home/antoni/gazebo_maritime_ws/build/autopilot/build/lib/autopilot/kalman.py -> /home/antoni/gazebo_maritime_ws/install/lib/python3.12/site-packages/autopilot
byte-compiling /home/antoni/gazebo_maritime_ws/install/lib/python3.12/site-packages/autopilot/kalman.py to kalman.cpython-312.pyc
running install_data
copying config/navsat.yaml -> /home/antoni/gazebo_maritime_ws/install/share/autopilot/config
running install_egg_info
removing '/home/antoni/gazebo_maritime_ws/install/lib/python3.12/site-packages/autopilot-0.0.0-py3.12.egg-info' (and everything under it)
Copying ../../build/autopilot/autopilot.egg-info to /home/antoni/gazebo_maritime_ws/install/lib/python3.12/site-packages/autopilot-0.0.0-py3.12.egg-info
running install_scripts
Installing add_markers script to /home/antoni/gazebo_maritime_ws/install/lib/autopilot
Installing azimuth script to /home/antoni/gazebo_maritime_ws/install/lib/autopilot
Installing checkpoints script to /home/antoni/gazebo_maritime_ws/install/lib/autopilot
Installing kalman script to /home/antoni/gazebo_maritime_ws/install/lib/autopilot
writing list of installed files to '/home/antoni/gazebo_maritime_ws/build/autopilot/install.log'
