[0.746s] Invoking command in '/home/antoni/gazebo_maritime_ws/src/ros_gz_bridge_custom': DEBUGINFOD_URLS=https://debuginfod.ubuntu.com PYTHONPATH=/home/antoni/gazebo_maritime_ws/build/ros_gz_bridge_custom/prefix_override:/usr/lib/python3/dist-packages/colcon_core/task/python/colcon_distutils_commands:/home/antoni/gazebo_maritime_ws/install/lib/python3.12/site-packages:${PYTHONPATH} /usr/bin/python3 -W ignore:setup.py install is deprecated -W ignore:easy_install command is deprecated setup.py egg_info --egg-base ../../build/ros_gz_bridge_custom build --build-base /home/antoni/gazebo_maritime_ws/build/ros_gz_bridge_custom/build install --record /home/antoni/gazebo_maritime_ws/build/ros_gz_bridge_custom/install.log --single-version-externally-managed install_data
[0.989s] running egg_info
[0.989s] creating ../../build/ros_gz_bridge_custom/ros_gz_bridge_custom.egg-info
[1.006s] writing ../../build/ros_gz_bridge_custom/ros_gz_bridge_custom.egg-info/PKG-INFO
[1.007s] writing dependency_links to ../../build/ros_gz_bridge_custom/ros_gz_bridge_custom.egg-info/dependency_links.txt
[1.007s] writing entry points to ../../build/ros_gz_bridge_custom/ros_gz_bridge_custom.egg-info/entry_points.txt
[1.007s] writing requirements to ../../build/ros_gz_bridge_custom/ros_gz_bridge_custom.egg-info/requires.txt
[1.007s] writing top-level names to ../../build/ros_gz_bridge_custom/ros_gz_bridge_custom.egg-info/top_level.txt
[1.007s] writing manifest file '../../build/ros_gz_bridge_custom/ros_gz_bridge_custom.egg-info/SOURCES.txt'
[1.040s] reading manifest file '../../build/ros_gz_bridge_custom/ros_gz_bridge_custom.egg-info/SOURCES.txt'
[1.040s] writing manifest file '../../build/ros_gz_bridge_custom/ros_gz_bridge_custom.egg-info/SOURCES.txt'
[1.041s] running build
[1.041s] running build_py
[1.041s] creating /home/antoni/gazebo_maritime_ws/build/ros_gz_bridge_custom/build
[1.041s] creating /home/antoni/gazebo_maritime_ws/build/ros_gz_bridge_custom/build/lib
[1.041s] creating /home/antoni/gazebo_maritime_ws/build/ros_gz_bridge_custom/build/lib/ros_gz_bridge_custom
[1.041s] copying ros_gz_bridge_custom/bridge_node.py -> /home/antoni/gazebo_maritime_ws/build/ros_gz_bridge_custom/build/lib/ros_gz_bridge_custom
[1.041s] copying ros_gz_bridge_custom/__init__.py -> /home/antoni/gazebo_maritime_ws/build/ros_gz_bridge_custom/build/lib/ros_gz_bridge_custom
[1.041s] running install
[1.047s] running install_lib
[1.064s] creating /home/antoni/gazebo_maritime_ws/install/lib/python3.12/site-packages/ros_gz_bridge_custom
[1.064s] copying /home/antoni/gazebo_maritime_ws/build/ros_gz_bridge_custom/build/lib/ros_gz_bridge_custom/bridge_node.py -> /home/antoni/gazebo_maritime_ws/install/lib/python3.12/site-packages/ros_gz_bridge_custom
[1.064s] copying /home/antoni/gazebo_maritime_ws/build/ros_gz_bridge_custom/build/lib/ros_gz_bridge_custom/__init__.py -> /home/antoni/gazebo_maritime_ws/install/lib/python3.12/site-packages/ros_gz_bridge_custom
[1.065s] byte-compiling /home/antoni/gazebo_maritime_ws/install/lib/python3.12/site-packages/ros_gz_bridge_custom/bridge_node.py to bridge_node.cpython-312.pyc
[1.066s] byte-compiling /home/antoni/gazebo_maritime_ws/install/lib/python3.12/site-packages/ros_gz_bridge_custom/__init__.py to __init__.cpython-312.pyc
[1.066s] running install_data
[1.066s] copying resource/ros_gz_bridge_custom -> /home/antoni/gazebo_maritime_ws/install/share/ament_index/resource_index/packages
[1.066s] copying package.xml -> /home/antoni/gazebo_maritime_ws/install/share/ros_gz_bridge_custom
[1.067s] running install_egg_info
[1.083s] Copying ../../build/ros_gz_bridge_custom/ros_gz_bridge_custom.egg-info to /home/antoni/gazebo_maritime_ws/install/lib/python3.12/site-packages/ros_gz_bridge_custom-0.0.0-py3.12.egg-info
[1.084s] running install_scripts
[1.230s] Installing bridge_node script to /home/antoni/gazebo_maritime_ws/install/lib/ros_gz_bridge_custom
[1.231s] writing list of installed files to '/home/antoni/gazebo_maritime_ws/build/ros_gz_bridge_custom/install.log'
[1.264s] Invoked command in '/home/antoni/gazebo_maritime_ws/src/ros_gz_bridge_custom' returned '0': DEBUGINFOD_URLS=https://debuginfod.ubuntu.com PYTHONPATH=/home/antoni/gazebo_maritime_ws/build/ros_gz_bridge_custom/prefix_override:/usr/lib/python3/dist-packages/colcon_core/task/python/colcon_distutils_commands:/home/antoni/gazebo_maritime_ws/install/lib/python3.12/site-packages:${PYTHONPATH} /usr/bin/python3 -W ignore:setup.py install is deprecated -W ignore:easy_install command is deprecated setup.py egg_info --egg-base ../../build/ros_gz_bridge_custom build --build-base /home/antoni/gazebo_maritime_ws/build/ros_gz_bridge_custom/build install --record /home/antoni/gazebo_maritime_ws/build/ros_gz_bridge_custom/install.log --single-version-externally-managed install_data
