[3.924s] Invoking command in '/home/antoni/gazebo_maritime_ws/src/research': DEBUGINFOD_URLS=https://debuginfod.ubuntu.com PYTHONPATH=/home/antoni/gazebo_maritime_ws/build/research/prefix_override:/usr/lib/python3/dist-packages/colcon_core/task/python/colcon_distutils_commands:/home/antoni/gazebo_maritime_ws/install/lib/python3.12/site-packages:${PYTHONPATH} /usr/bin/python3 -W ignore:setup.py install is deprecated -W ignore:easy_install command is deprecated setup.py egg_info --egg-base ../../build/research build --build-base /home/antoni/gazebo_maritime_ws/build/research/build install --record /home/antoni/gazebo_maritime_ws/build/research/install.log --single-version-externally-managed install_data
[4.363s] running egg_info
[4.404s] writing ../../build/research/research.egg-info/PKG-INFO
[4.404s] writing dependency_links to ../../build/research/research.egg-info/dependency_links.txt
[4.405s] writing entry points to ../../build/research/research.egg-info/entry_points.txt
[4.406s] writing requirements to ../../build/research/research.egg-info/requires.txt
[4.406s] writing top-level names to ../../build/research/research.egg-info/top_level.txt
[4.497s] reading manifest file '../../build/research/research.egg-info/SOURCES.txt'
[4.498s] writing manifest file '../../build/research/research.egg-info/SOURCES.txt'
[4.498s] running build
[4.498s] running build_py
[4.499s] running install
[4.510s] running install_lib
[4.550s] running install_data
[4.550s] running install_egg_info
[4.597s] removing '/home/antoni/gazebo_maritime_ws/install/lib/python3.12/site-packages/research-0.0.0-py3.12.egg-info' (and everything under it)
[4.599s] Copying ../../build/research/research.egg-info to /home/antoni/gazebo_maritime_ws/install/lib/python3.12/site-packages/research-0.0.0-py3.12.egg-info
[4.600s] running install_scripts
[4.925s] Installing analize_position_error script to /home/antoni/gazebo_maritime_ws/install/lib/research
[4.926s] Installing position_error script to /home/antoni/gazebo_maritime_ws/install/lib/research
[4.927s] writing list of installed files to '/home/antoni/gazebo_maritime_ws/build/research/install.log'
[5.023s] Invoked command in '/home/antoni/gazebo_maritime_ws/src/research' returned '0': DEBUGINFOD_URLS=https://debuginfod.ubuntu.com PYTHONPATH=/home/antoni/gazebo_maritime_ws/build/research/prefix_override:/usr/lib/python3/dist-packages/colcon_core/task/python/colcon_distutils_commands:/home/antoni/gazebo_maritime_ws/install/lib/python3.12/site-packages:${PYTHONPATH} /usr/bin/python3 -W ignore:setup.py install is deprecated -W ignore:easy_install command is deprecated setup.py egg_info --egg-base ../../build/research build --build-base /home/antoni/gazebo_maritime_ws/build/research/build install --record /home/antoni/gazebo_maritime_ws/build/research/install.log --single-version-externally-managed install_data
