[0.658s] Invoking command in '/home/antoni/gazebo_maritime_ws/build/gazebo_maritime': DEBUGINFOD_URLS=https://debuginfod.ubuntu.com /usr/bin/cmake --build /home/antoni/gazebo_maritime_ws/build/gazebo_maritime -- -j12 -l12
[1.853s] [ 25%] Built target Waves
[1.854s] [ 50%] Built target WaveVisual
[1.855s] [100%] Built target PublisherPlugin
[1.855s] [100%] Built target Surface
[2.564s] Invoked command in '/home/antoni/gazebo_maritime_ws/build/gazebo_maritime' returned '0': DEBUGINFOD_URLS=https://debuginfod.ubuntu.com /usr/bin/cmake --build /home/antoni/gazebo_maritime_ws/build/gazebo_maritime -- -j12 -l12
[2.596s] Invoking command in '/home/antoni/gazebo_maritime_ws/build/gazebo_maritime': DEBUGINFOD_URLS=https://debuginfod.ubuntu.com /usr/bin/cmake --install /home/antoni/gazebo_maritime_ws/build/gazebo_maritime
[2.631s] -- Install configuration: ""
[2.631s] -- Up-to-date: /home/antoni/gazebo_maritime_ws/install/lib/libWaves.so
[2.632s] -- Up-to-date: /home/antoni/gazebo_maritime_ws/install/lib/libPublisherPlugin.so
[2.632s] -- Up-to-date: /home/antoni/gazebo_maritime_ws/install/lib/libSurface.so
[2.637s] -- Up-to-date: /home/antoni/gazebo_maritime_ws/install/lib/libWaveVisual.so
[2.639s] -- Up-to-date: /home/antoni/gazebo_maritime_ws/install/share/gazebo_maritime/models
[2.640s] -- Up-to-date: /home/antoni/gazebo_maritime_ws/install/share/gazebo_maritime/models/coast_waves
[2.646s] -- Up-to-date: /home/antoni/gazebo_maritime_ws/install/share/gazebo_maritime/models/coast_waves/materials
[2.646s] -- Up-to-date: /home/antoni/gazebo_maritime_ws/install/share/gazebo_maritime/models/coast_waves/materials/programs
[2.646s] -- Up-to-date: /home/antoni/gazebo_maritime_ws/install/share/gazebo_maritime/models/coast_waves/materials/programs/GerstnerWaves_fs_330.glsl
[2.646s] -- Up-to-date: /home/antoni/gazebo_maritime_ws/install/share/gazebo_maritime/models/coast_waves/materials/programs/GerstnerWaves_vs_330.glsl
[2.647s] -- Up-to-date: /home/antoni/gazebo_maritime_ws/install/share/gazebo_maritime/models/coast_waves/materials/textures
[2.647s] -- Up-to-date: /home/antoni/gazebo_maritime_ws/install/share/gazebo_maritime/models/coast_waves/materials/textures/wave_normals.dds
[2.647s] -- Up-to-date: /home/antoni/gazebo_maritime_ws/install/share/gazebo_maritime/models/coast_waves/materials/textures/skybox_lowres.dds
[2.647s] -- Up-to-date: /home/antoni/gazebo_maritime_ws/install/share/gazebo_maritime/models/coast_waves/model.config
[2.647s] -- Up-to-date: /home/antoni/gazebo_maritime_ws/install/share/gazebo_maritime/models/coast_waves/model.sdf
[2.648s] -- Up-to-date: /home/antoni/gazebo_maritime_ws/install/share/gazebo_maritime/models/coast_waves/meshes
[2.648s] -- Up-to-date: /home/antoni/gazebo_maritime_ws/install/share/gazebo_maritime/models/coast_waves/meshes/waterlow.dae
[2.650s] -- Up-to-date: /home/antoni/gazebo_maritime_ws/install/share/gazebo_maritime/models/wam-v
[2.652s] -- Up-to-date: /home/antoni/gazebo_maritime_ws/install/share/gazebo_maritime/models/wam-v/model.config
[2.653s] -- Up-to-date: /home/antoni/gazebo_maritime_ws/install/share/gazebo_maritime/models/wam-v/model.sdf
[2.653s] -- Up-to-date: /home/antoni/gazebo_maritime_ws/install/share/gazebo_maritime/models/wam-v/meshes
[2.653s] -- Up-to-date: /home/antoni/gazebo_maritime_ws/install/share/gazebo_maritime/models/wam-v/meshes/WAM-V-Base.dae
[2.654s] -- Up-to-date: /home/antoni/gazebo_maritime_ws/install/share/gazebo_maritime/models/wam-v/meshes/engine.dae
[2.654s] -- Up-to-date: /home/antoni/gazebo_maritime_ws/install/share/gazebo_maritime/models/wam-v/meshes/propeller.dae
[2.654s] -- Up-to-date: /home/antoni/gazebo_maritime_ws/install/share/gazebo_maritime/models/wam-v/meshes/WamV.png
[2.654s] -- Up-to-date: /home/antoni/gazebo_maritime_ws/install/share/gazebo_maritime/worlds
[2.655s] -- Up-to-date: /home/antoni/gazebo_maritime_ws/install/share/gazebo_maritime/worlds/sydney_regatta copy.sdf
[2.655s] -- Up-to-date: /home/antoni/gazebo_maritime_ws/install/share/gazebo_maritime/worlds/sydney_regatta.sdf
[2.709s] Invoked command in '/home/antoni/gazebo_maritime_ws/build/gazebo_maritime' returned '0': DEBUGINFOD_URLS=https://debuginfod.ubuntu.com /usr/bin/cmake --install /home/antoni/gazebo_maritime_ws/build/gazebo_maritime
