[2.882s] Invoking command in '/home/antoni/gazebo_maritime_ws/src/autopilot': DEBUGINFOD_URLS=https://debuginfod.ubuntu.com PYTHONPATH=/home/antoni/gazebo_maritime_ws/build/autopilot/prefix_override:/usr/lib/python3/dist-packages/colcon_core/task/python/colcon_distutils_commands:/home/antoni/gazebo_maritime_ws/install/lib/python3.12/site-packages:${PYTHONPATH} /usr/bin/python3 -W ignore:setup.py install is deprecated -W ignore:easy_install command is deprecated setup.py egg_info --egg-base ../../build/autopilot build --build-base /home/antoni/gazebo_maritime_ws/build/autopilot/build install --record /home/antoni/gazebo_maritime_ws/build/autopilot/install.log --single-version-externally-managed install_data
[3.536s] running egg_info
[3.598s] writing ../../build/autopilot/autopilot.egg-info/PKG-INFO
[3.599s] writing dependency_links to ../../build/autopilot/autopilot.egg-info/dependency_links.txt
[3.600s] writing entry points to ../../build/autopilot/autopilot.egg-info/entry_points.txt
[3.600s] writing requirements to ../../build/autopilot/autopilot.egg-info/requires.txt
[3.601s] writing top-level names to ../../build/autopilot/autopilot.egg-info/top_level.txt
[3.758s] reading manifest file '../../build/autopilot/autopilot.egg-info/SOURCES.txt'
[3.759s] writing manifest file '../../build/autopilot/autopilot.egg-info/SOURCES.txt'
[3.760s] running build
[3.760s] running build_py
[3.760s] copying autopilot/checkpoints.py -> /home/antoni/gazebo_maritime_ws/build/autopilot/build/lib/autopilot
[3.760s] running install
[3.779s] running install_lib
[3.865s] copying /home/antoni/gazebo_maritime_ws/build/autopilot/build/lib/autopilot/checkpoints.py -> /home/antoni/gazebo_maritime_ws/install/lib/python3.12/site-packages/autopilot
[3.867s] byte-compiling /home/antoni/gazebo_maritime_ws/install/lib/python3.12/site-packages/autopilot/checkpoints.py to checkpoints.cpython-312.pyc
[3.875s] running install_data
[3.875s] running install_egg_info
[3.962s] removing '/home/antoni/gazebo_maritime_ws/install/lib/python3.12/site-packages/autopilot-0.0.0-py3.12.egg-info' (and everything under it)
[3.964s] Copying ../../build/autopilot/autopilot.egg-info to /home/antoni/gazebo_maritime_ws/install/lib/python3.12/site-packages/autopilot-0.0.0-py3.12.egg-info
[3.973s] running install_scripts
[4.523s] Installing azimuth script to /home/antoni/gazebo_maritime_ws/install/lib/autopilot
[4.524s] Installing checkpoints script to /home/antoni/gazebo_maritime_ws/install/lib/autopilot
[4.526s] writing list of installed files to '/home/antoni/gazebo_maritime_ws/build/autopilot/install.log'
[4.688s] Invoked command in '/home/antoni/gazebo_maritime_ws/src/autopilot' returned '0': DEBUGINFOD_URLS=https://debuginfod.ubuntu.com PYTHONPATH=/home/antoni/gazebo_maritime_ws/build/autopilot/prefix_override:/usr/lib/python3/dist-packages/colcon_core/task/python/colcon_distutils_commands:/home/antoni/gazebo_maritime_ws/install/lib/python3.12/site-packages:${PYTHONPATH} /usr/bin/python3 -W ignore:setup.py install is deprecated -W ignore:easy_install command is deprecated setup.py egg_info --egg-base ../../build/autopilot build --build-base /home/antoni/gazebo_maritime_ws/build/autopilot/build install --record /home/antoni/gazebo_maritime_ws/build/autopilot/install.log --single-version-externally-managed install_data
