[3.074s] Invoking command in '/home/antoni/gazebo_maritime_ws/src/autopilot': DEBUGINFOD_URLS=https://debuginfod.ubuntu.com PYTHONPATH=/home/antoni/gazebo_maritime_ws/build/autopilot/prefix_override:/usr/lib/python3/dist-packages/colcon_core/task/python/colcon_distutils_commands:/home/antoni/gazebo_maritime_ws/install/lib/python3.12/site-packages:${PYTHONPATH} /usr/bin/python3 -W ignore:setup.py install is deprecated -W ignore:easy_install command is deprecated setup.py egg_info --egg-base ../../build/autopilot build --build-base /home/antoni/gazebo_maritime_ws/build/autopilot/build install --record /home/antoni/gazebo_maritime_ws/build/autopilot/install.log --single-version-externally-managed install_data
[3.932s] running egg_info
[4.003s] writing ../../build/autopilot/autopilot.egg-info/PKG-INFO
[4.004s] writing dependency_links to ../../build/autopilot/autopilot.egg-info/dependency_links.txt
[4.005s] writing entry points to ../../build/autopilot/autopilot.egg-info/entry_points.txt
[4.005s] writing requirements to ../../build/autopilot/autopilot.egg-info/requires.txt
[4.006s] writing top-level names to ../../build/autopilot/autopilot.egg-info/top_level.txt
[4.154s] reading manifest file '../../build/autopilot/autopilot.egg-info/SOURCES.txt'
[4.154s] writing manifest file '../../build/autopilot/autopilot.egg-info/SOURCES.txt'
[4.155s] running build
[4.156s] running build_py
[4.157s] copying autopilot/azimuth.py -> /home/antoni/gazebo_maritime_ws/build/autopilot/build/lib/autopilot
[4.159s] running install
[4.180s] running install_lib
[4.259s] copying /home/antoni/gazebo_maritime_ws/build/autopilot/build/lib/autopilot/azimuth.py -> /home/antoni/gazebo_maritime_ws/install/lib/python3.12/site-packages/autopilot
[4.260s] byte-compiling /home/antoni/gazebo_maritime_ws/install/lib/python3.12/site-packages/autopilot/azimuth.py to azimuth.cpython-312.pyc
[4.265s] running install_data
[4.266s] running install_egg_info
[4.347s] removing '/home/antoni/gazebo_maritime_ws/install/lib/python3.12/site-packages/autopilot-0.0.0-py3.12.egg-info' (and everything under it)
[4.347s] Copying ../../build/autopilot/autopilot.egg-info to /home/antoni/gazebo_maritime_ws/install/lib/python3.12/site-packages/autopilot-0.0.0-py3.12.egg-info
[4.351s] running install_scripts
[4.885s] Installing azimuth script to /home/antoni/gazebo_maritime_ws/install/lib/autopilot
[4.885s] Installing checkpoints script to /home/antoni/gazebo_maritime_ws/install/lib/autopilot
[4.886s] writing list of installed files to '/home/antoni/gazebo_maritime_ws/build/autopilot/install.log'
[5.027s] Invoked command in '/home/antoni/gazebo_maritime_ws/src/autopilot' returned '0': DEBUGINFOD_URLS=https://debuginfod.ubuntu.com PYTHONPATH=/home/antoni/gazebo_maritime_ws/build/autopilot/prefix_override:/usr/lib/python3/dist-packages/colcon_core/task/python/colcon_distutils_commands:/home/antoni/gazebo_maritime_ws/install/lib/python3.12/site-packages:${PYTHONPATH} /usr/bin/python3 -W ignore:setup.py install is deprecated -W ignore:easy_install command is deprecated setup.py egg_info --egg-base ../../build/autopilot build --build-base /home/antoni/gazebo_maritime_ws/build/autopilot/build install --record /home/antoni/gazebo_maritime_ws/build/autopilot/install.log --single-version-externally-managed install_data
