[2.322s] Invoking command in '/home/antoni/gazebo_maritime_ws/src/propeller_controller': DEBUGINFOD_URLS=https://debuginfod.ubuntu.com PYTHONPATH=/home/antoni/gazebo_maritime_ws/build/propeller_controller/prefix_override:/usr/lib/python3/dist-packages/colcon_core/task/python/colcon_distutils_commands:/home/antoni/gazebo_maritime_ws/install/lib/python3.12/site-packages:${PYTHONPATH} /usr/bin/python3 -W ignore:setup.py install is deprecated -W ignore:easy_install command is deprecated setup.py egg_info --egg-base ../../build/propeller_controller build --build-base /home/antoni/gazebo_maritime_ws/build/propeller_controller/build install --record /home/antoni/gazebo_maritime_ws/build/propeller_controller/install.log --single-version-externally-managed install_data
[2.607s] running egg_info
[2.632s] writing ../../build/propeller_controller/propeller_controller.egg-info/PKG-INFO
[2.632s] writing dependency_links to ../../build/propeller_controller/propeller_controller.egg-info/dependency_links.txt
[2.633s] writing entry points to ../../build/propeller_controller/propeller_controller.egg-info/entry_points.txt
[2.633s] writing requirements to ../../build/propeller_controller/propeller_controller.egg-info/requires.txt
[2.633s] writing top-level names to ../../build/propeller_controller/propeller_controller.egg-info/top_level.txt
[2.688s] reading manifest file '../../build/propeller_controller/propeller_controller.egg-info/SOURCES.txt'
[2.689s] writing manifest file '../../build/propeller_controller/propeller_controller.egg-info/SOURCES.txt'
[2.689s] running build
[2.689s] running build_py
[2.689s] running install
[2.696s] running install_lib
[2.727s] running install_data
[2.727s] running install_egg_info
[2.762s] removing '/home/antoni/gazebo_maritime_ws/install/lib/python3.12/site-packages/propeller_controller-0.0.0-py3.12.egg-info' (and everything under it)
[2.762s] Copying ../../build/propeller_controller/propeller_controller.egg-info to /home/antoni/gazebo_maritime_ws/install/lib/python3.12/site-packages/propeller_controller-0.0.0-py3.12.egg-info
[2.764s] running install_scripts
[2.992s] Installing keyboard_controller script to /home/antoni/gazebo_maritime_ws/install/lib/propeller_controller
[2.993s] Installing rotate script to /home/antoni/gazebo_maritime_ws/install/lib/propeller_controller
[2.993s] writing list of installed files to '/home/antoni/gazebo_maritime_ws/build/propeller_controller/install.log'
[3.096s] Invoked command in '/home/antoni/gazebo_maritime_ws/src/propeller_controller' returned '0': DEBUGINFOD_URLS=https://debuginfod.ubuntu.com PYTHONPATH=/home/antoni/gazebo_maritime_ws/build/propeller_controller/prefix_override:/usr/lib/python3/dist-packages/colcon_core/task/python/colcon_distutils_commands:/home/antoni/gazebo_maritime_ws/install/lib/python3.12/site-packages:${PYTHONPATH} /usr/bin/python3 -W ignore:setup.py install is deprecated -W ignore:easy_install command is deprecated setup.py egg_info --egg-base ../../build/propeller_controller build --build-base /home/antoni/gazebo_maritime_ws/build/propeller_controller/build install --record /home/antoni/gazebo_maritime_ws/build/propeller_controller/install.log --single-version-externally-managed install_data
