[2.676s] Invoking command in '/home/antoni/gazebo_maritime_ws/src/propeller_controller': DEBUGINFOD_URLS=https://debuginfod.ubuntu.com PYTHONPATH=/home/antoni/gazebo_maritime_ws/build/propeller_controller/prefix_override:/usr/lib/python3/dist-packages/colcon_core/task/python/colcon_distutils_commands:/home/antoni/gazebo_maritime_ws/install/lib/python3.12/site-packages:${PYTHONPATH} /usr/bin/python3 -W ignore:setup.py install is deprecated -W ignore:easy_install command is deprecated setup.py egg_info --egg-base ../../build/propeller_controller build --build-base /home/antoni/gazebo_maritime_ws/build/propeller_controller/build install --record /home/antoni/gazebo_maritime_ws/build/propeller_controller/install.log --single-version-externally-managed install_data
[3.184s] running egg_info
[3.227s] writing ../../build/propeller_controller/propeller_controller.egg-info/PKG-INFO
[3.230s] writing dependency_links to ../../build/propeller_controller/propeller_controller.egg-info/dependency_links.txt
[3.231s] writing entry points to ../../build/propeller_controller/propeller_controller.egg-info/entry_points.txt
[3.231s] writing requirements to ../../build/propeller_controller/propeller_controller.egg-info/requires.txt
[3.231s] writing top-level names to ../../build/propeller_controller/propeller_controller.egg-info/top_level.txt
[3.317s] reading manifest file '../../build/propeller_controller/propeller_controller.egg-info/SOURCES.txt'
[3.319s] writing manifest file '../../build/propeller_controller/propeller_controller.egg-info/SOURCES.txt'
[3.319s] running build
[3.319s] running build_py
[3.320s] running install
[3.332s] running install_lib
[3.375s] running install_data
[3.375s] running install_egg_info
[3.421s] removing '/home/antoni/gazebo_maritime_ws/install/lib/python3.12/site-packages/propeller_controller-0.0.0-py3.12.egg-info' (and everything under it)
[3.421s] Copying ../../build/propeller_controller/propeller_controller.egg-info to /home/antoni/gazebo_maritime_ws/install/lib/python3.12/site-packages/propeller_controller-0.0.0-py3.12.egg-info
[3.426s] running install_scripts
[3.627s] Installing keyboard_controller script to /home/antoni/gazebo_maritime_ws/install/lib/propeller_controller
[3.627s] Installing rotate script to /home/antoni/gazebo_maritime_ws/install/lib/propeller_controller
[3.627s] writing list of installed files to '/home/antoni/gazebo_maritime_ws/build/propeller_controller/install.log'
[3.658s] Invoked command in '/home/antoni/gazebo_maritime_ws/src/propeller_controller' returned '0': DEBUGINFOD_URLS=https://debuginfod.ubuntu.com PYTHONPATH=/home/antoni/gazebo_maritime_ws/build/propeller_controller/prefix_override:/usr/lib/python3/dist-packages/colcon_core/task/python/colcon_distutils_commands:/home/antoni/gazebo_maritime_ws/install/lib/python3.12/site-packages:${PYTHONPATH} /usr/bin/python3 -W ignore:setup.py install is deprecated -W ignore:easy_install command is deprecated setup.py egg_info --egg-base ../../build/propeller_controller build --build-base /home/antoni/gazebo_maritime_ws/build/propeller_controller/build install --record /home/antoni/gazebo_maritime_ws/build/propeller_controller/install.log --single-version-externally-managed install_data
