[4.277s] Invoking command in '/home/antoni/gazebo_maritime_ws/src/autopilot': DEBUGINFOD_URLS=https://debuginfod.ubuntu.com PYTHONPATH=/home/antoni/gazebo_maritime_ws/build/autopilot/prefix_override:/usr/lib/python3/dist-packages/colcon_core/task/python/colcon_distutils_commands:/home/antoni/gazebo_maritime_ws/install/lib/python3.12/site-packages:${PYTHONPATH} /usr/bin/python3 -W ignore:setup.py install is deprecated -W ignore:easy_install command is deprecated setup.py egg_info --egg-base ../../build/autopilot build --build-base /home/antoni/gazebo_maritime_ws/build/autopilot/build install --record /home/antoni/gazebo_maritime_ws/build/autopilot/install.log --single-version-externally-managed install_data
[4.947s] running egg_info
[4.990s] writing ../../build/autopilot/autopilot.egg-info/PKG-INFO
[4.991s] writing dependency_links to ../../build/autopilot/autopilot.egg-info/dependency_links.txt
[4.991s] writing entry points to ../../build/autopilot/autopilot.egg-info/entry_points.txt
[4.993s] writing requirements to ../../build/autopilot/autopilot.egg-info/requires.txt
[4.994s] writing top-level names to ../../build/autopilot/autopilot.egg-info/top_level.txt
[5.076s] reading manifest file '../../build/autopilot/autopilot.egg-info/SOURCES.txt'
[5.077s] writing manifest file '../../build/autopilot/autopilot.egg-info/SOURCES.txt'
[5.078s] running build
[5.078s] running build_py
[5.078s] running install
[5.095s] running install_lib
[5.145s] running install_data
[5.146s] copying config/navsat.yaml -> /home/antoni/gazebo_maritime_ws/install/share/autopilot/config
[5.146s] running install_egg_info
[5.199s] removing '/home/antoni/gazebo_maritime_ws/install/lib/python3.12/site-packages/autopilot-0.0.0-py3.12.egg-info' (and everything under it)
[5.199s] Copying ../../build/autopilot/autopilot.egg-info to /home/antoni/gazebo_maritime_ws/install/lib/python3.12/site-packages/autopilot-0.0.0-py3.12.egg-info
[5.199s] running install_scripts
[5.521s] Installing add_markers script to /home/antoni/gazebo_maritime_ws/install/lib/autopilot
[5.522s] Installing azimuth script to /home/antoni/gazebo_maritime_ws/install/lib/autopilot
[5.525s] Installing checkpoints script to /home/antoni/gazebo_maritime_ws/install/lib/autopilot
[5.525s] Installing kalman script to /home/antoni/gazebo_maritime_ws/install/lib/autopilot
[5.525s] writing list of installed files to '/home/antoni/gazebo_maritime_ws/build/autopilot/install.log'
[5.785s] Invoked command in '/home/antoni/gazebo_maritime_ws/src/autopilot' returned '0': DEBUGINFOD_URLS=https://debuginfod.ubuntu.com PYTHONPATH=/home/antoni/gazebo_maritime_ws/build/autopilot/prefix_override:/usr/lib/python3/dist-packages/colcon_core/task/python/colcon_distutils_commands:/home/antoni/gazebo_maritime_ws/install/lib/python3.12/site-packages:${PYTHONPATH} /usr/bin/python3 -W ignore:setup.py install is deprecated -W ignore:easy_install command is deprecated setup.py egg_info --egg-base ../../build/autopilot build --build-base /home/antoni/gazebo_maritime_ws/build/autopilot/build install --record /home/antoni/gazebo_maritime_ws/build/autopilot/install.log --single-version-externally-managed install_data
