[2.636s] Invoking command in '/home/antoni/gazebo_maritime_ws/src/autopilot': DEBUGINFOD_URLS=https://debuginfod.ubuntu.com PYTHONPATH=/home/antoni/gazebo_maritime_ws/build/autopilot/prefix_override:/usr/lib/python3/dist-packages/colcon_core/task/python/colcon_distutils_commands:/home/antoni/gazebo_maritime_ws/install/lib/python3.12/site-packages:${PYTHONPATH} /usr/bin/python3 -W ignore:setup.py install is deprecated -W ignore:easy_install command is deprecated setup.py egg_info --egg-base ../../build/autopilot build --build-base /home/antoni/gazebo_maritime_ws/build/autopilot/build install --record /home/antoni/gazebo_maritime_ws/build/autopilot/install.log --single-version-externally-managed install_data
[2.993s] running egg_info
[3.010s] writing ../../build/autopilot/autopilot.egg-info/PKG-INFO
[3.010s] writing dependency_links to ../../build/autopilot/autopilot.egg-info/dependency_links.txt
[3.010s] writing entry points to ../../build/autopilot/autopilot.egg-info/entry_points.txt
[3.010s] writing requirements to ../../build/autopilot/autopilot.egg-info/requires.txt
[3.010s] writing top-level names to ../../build/autopilot/autopilot.egg-info/top_level.txt
[3.051s] reading manifest file '../../build/autopilot/autopilot.egg-info/SOURCES.txt'
[3.052s] writing manifest file '../../build/autopilot/autopilot.egg-info/SOURCES.txt'
[3.054s] running build
[3.054s] running build_py
[3.054s] running install
[3.061s] running install_lib
[3.089s] running install_data
[3.090s] running install_egg_info
[3.112s] removing '/home/antoni/gazebo_maritime_ws/install/lib/python3.12/site-packages/autopilot-0.0.0-py3.12.egg-info' (and everything under it)
[3.112s] Copying ../../build/autopilot/autopilot.egg-info to /home/antoni/gazebo_maritime_ws/install/lib/python3.12/site-packages/autopilot-0.0.0-py3.12.egg-info
[3.114s] running install_scripts
[3.370s] Installing add_markers script to /home/antoni/gazebo_maritime_ws/install/lib/autopilot
[3.370s] Installing azimuth script to /home/antoni/gazebo_maritime_ws/install/lib/autopilot
[3.371s] Installing checkpoints script to /home/antoni/gazebo_maritime_ws/install/lib/autopilot
[3.371s] Installing compass script to /home/antoni/gazebo_maritime_ws/install/lib/autopilot
[3.371s] Installing kalman script to /home/antoni/gazebo_maritime_ws/install/lib/autopilot
[3.371s] Installing los script to /home/antoni/gazebo_maritime_ws/install/lib/autopilot
[3.371s] writing list of installed files to '/home/antoni/gazebo_maritime_ws/build/autopilot/install.log'
[3.507s] Invoked command in '/home/antoni/gazebo_maritime_ws/src/autopilot' returned '0': DEBUGINFOD_URLS=https://debuginfod.ubuntu.com PYTHONPATH=/home/antoni/gazebo_maritime_ws/build/autopilot/prefix_override:/usr/lib/python3/dist-packages/colcon_core/task/python/colcon_distutils_commands:/home/antoni/gazebo_maritime_ws/install/lib/python3.12/site-packages:${PYTHONPATH} /usr/bin/python3 -W ignore:setup.py install is deprecated -W ignore:easy_install command is deprecated setup.py egg_info --egg-base ../../build/autopilot build --build-base /home/antoni/gazebo_maritime_ws/build/autopilot/build install --record /home/antoni/gazebo_maritime_ws/build/autopilot/install.log --single-version-externally-managed install_data
