[4.293s] Invoking command in '/home/antoni/gazebo_maritime_ws/src/autopilot': DEBUGINFOD_URLS=https://debuginfod.ubuntu.com PYTHONPATH=/home/antoni/gazebo_maritime_ws/build/autopilot/prefix_override:/usr/lib/python3/dist-packages/colcon_core/task/python/colcon_distutils_commands:/home/antoni/gazebo_maritime_ws/install/lib/python3.12/site-packages:${PYTHONPATH} /usr/bin/python3 -W ignore:setup.py install is deprecated -W ignore:easy_install command is deprecated setup.py egg_info --egg-base ../../build/autopilot build --build-base /home/antoni/gazebo_maritime_ws/build/autopilot/build install --record /home/antoni/gazebo_maritime_ws/build/autopilot/install.log --single-version-externally-managed install_data
[5.045s] running egg_info
[5.093s] writing ../../build/autopilot/autopilot.egg-info/PKG-INFO
[5.094s] writing dependency_links to ../../build/autopilot/autopilot.egg-info/dependency_links.txt
[5.094s] writing entry points to ../../build/autopilot/autopilot.egg-info/entry_points.txt
[5.095s] writing requirements to ../../build/autopilot/autopilot.egg-info/requires.txt
[5.095s] writing top-level names to ../../build/autopilot/autopilot.egg-info/top_level.txt
[5.179s] reading manifest file '../../build/autopilot/autopilot.egg-info/SOURCES.txt'
[5.182s] writing manifest file '../../build/autopilot/autopilot.egg-info/SOURCES.txt'
[5.183s] running build
[5.183s] running build_py
[5.184s] copying autopilot/los.py -> /home/antoni/gazebo_maritime_ws/build/autopilot/build/lib/autopilot
[5.185s] running install
[5.195s] running install_lib
[5.236s] copying /home/antoni/gazebo_maritime_ws/build/autopilot/build/lib/autopilot/los.py -> /home/antoni/gazebo_maritime_ws/install/lib/python3.12/site-packages/autopilot
[5.242s] byte-compiling /home/antoni/gazebo_maritime_ws/install/lib/python3.12/site-packages/autopilot/los.py to los.cpython-312.pyc
[5.252s] running install_data
[5.252s] running install_egg_info
[5.315s] removing '/home/antoni/gazebo_maritime_ws/install/lib/python3.12/site-packages/autopilot-0.0.0-py3.12.egg-info' (and everything under it)
[5.316s] Copying ../../build/autopilot/autopilot.egg-info to /home/antoni/gazebo_maritime_ws/install/lib/python3.12/site-packages/autopilot-0.0.0-py3.12.egg-info
[5.321s] running install_scripts
[5.724s] Installing add_markers script to /home/antoni/gazebo_maritime_ws/install/lib/autopilot
[5.724s] Installing azimuth script to /home/antoni/gazebo_maritime_ws/install/lib/autopilot
[5.724s] Installing checkpoints script to /home/antoni/gazebo_maritime_ws/install/lib/autopilot
[5.724s] Installing compass script to /home/antoni/gazebo_maritime_ws/install/lib/autopilot
[5.725s] Installing kalman script to /home/antoni/gazebo_maritime_ws/install/lib/autopilot
[5.725s] Installing los script to /home/antoni/gazebo_maritime_ws/install/lib/autopilot
[5.726s] writing list of installed files to '/home/antoni/gazebo_maritime_ws/build/autopilot/install.log'
[6.026s] Invoked command in '/home/antoni/gazebo_maritime_ws/src/autopilot' returned '0': DEBUGINFOD_URLS=https://debuginfod.ubuntu.com PYTHONPATH=/home/antoni/gazebo_maritime_ws/build/autopilot/prefix_override:/usr/lib/python3/dist-packages/colcon_core/task/python/colcon_distutils_commands:/home/antoni/gazebo_maritime_ws/install/lib/python3.12/site-packages:${PYTHONPATH} /usr/bin/python3 -W ignore:setup.py install is deprecated -W ignore:easy_install command is deprecated setup.py egg_info --egg-base ../../build/autopilot build --build-base /home/antoni/gazebo_maritime_ws/build/autopilot/build install --record /home/antoni/gazebo_maritime_ws/build/autopilot/install.log --single-version-externally-managed install_data
