[3.663s] Invoking command in '/home/antoni/gazebo_maritime_ws/src/research': DEBUGINFOD_URLS=https://debuginfod.ubuntu.com PYTHONPATH=/home/antoni/gazebo_maritime_ws/build/research/prefix_override:/usr/lib/python3/dist-packages/colcon_core/task/python/colcon_distutils_commands:/home/antoni/gazebo_maritime_ws/install/lib/python3.12/site-packages:${PYTHONPATH} /usr/bin/python3 -W ignore:setup.py install is deprecated -W ignore:easy_install command is deprecated setup.py egg_info --egg-base ../../build/research build --build-base /home/antoni/gazebo_maritime_ws/build/research/build install --record /home/antoni/gazebo_maritime_ws/build/research/install.log --single-version-externally-managed install_data
[4.369s] running egg_info
[4.415s] writing ../../build/research/research.egg-info/PKG-INFO
[4.416s] writing dependency_links to ../../build/research/research.egg-info/dependency_links.txt
[4.417s] writing entry points to ../../build/research/research.egg-info/entry_points.txt
[4.418s] writing requirements to ../../build/research/research.egg-info/requires.txt
[4.418s] writing top-level names to ../../build/research/research.egg-info/top_level.txt
[4.482s] reading manifest file '../../build/research/research.egg-info/SOURCES.txt'
[4.486s] writing manifest file '../../build/research/research.egg-info/SOURCES.txt'
[4.487s] running build
[4.487s] running build_py
[4.488s] running install
[4.497s] running install_lib
[4.545s] running install_data
[4.546s] running install_egg_info
[4.589s] removing '/home/antoni/gazebo_maritime_ws/install/lib/python3.12/site-packages/research-0.0.0-py3.12.egg-info' (and everything under it)
[4.590s] Copying ../../build/research/research.egg-info to /home/antoni/gazebo_maritime_ws/install/lib/python3.12/site-packages/research-0.0.0-py3.12.egg-info
[4.593s] running install_scripts
[4.923s] Installing analize_position_error script to /home/antoni/gazebo_maritime_ws/install/lib/research
[4.924s] Installing position_error script to /home/antoni/gazebo_maritime_ws/install/lib/research
[4.925s] writing list of installed files to '/home/antoni/gazebo_maritime_ws/build/research/install.log'
[5.116s] Invoked command in '/home/antoni/gazebo_maritime_ws/src/research' returned '0': DEBUGINFOD_URLS=https://debuginfod.ubuntu.com PYTHONPATH=/home/antoni/gazebo_maritime_ws/build/research/prefix_override:/usr/lib/python3/dist-packages/colcon_core/task/python/colcon_distutils_commands:/home/antoni/gazebo_maritime_ws/install/lib/python3.12/site-packages:${PYTHONPATH} /usr/bin/python3 -W ignore:setup.py install is deprecated -W ignore:easy_install command is deprecated setup.py egg_info --egg-base ../../build/research build --build-base /home/antoni/gazebo_maritime_ws/build/research/build install --record /home/antoni/gazebo_maritime_ws/build/research/install.log --single-version-externally-managed install_data
