[0.828s] Invoking command in '/home/antoni/gazebo_maritime_ws/build/msg_interfaces': CMAKE_PREFIX_PATH=${CMAKE_PREFIX_PATH}:/opt/ros/jazzy DEBUGINFOD_URLS=https://debuginfod.ubuntu.com /usr/bin/cmake --build /home/antoni/gazebo_maritime_ws/build/msg_interfaces -- -j12 -l12
[1.969s] [  2%] Built target msg_interfaces__rosidl_generator_type_description
[1.970s] [  2%] Built target ament_cmake_python_copy_msg_interfaces
[1.970s] [ 17%] Built target msg_interfaces__rosidl_generator_c
[1.971s] [ 20%] Built target msg_interfaces__cpp
[1.971s] [ 29%] Built target msg_interfaces__rosidl_typesupport_introspection_c
[1.972s] [ 38%] Built target msg_interfaces__rosidl_typesupport_c
[1.972s] [ 47%] Built target msg_interfaces__rosidl_typesupport_fastrtps_c
[1.973s] [ 55%] Built target msg_interfaces__rosidl_typesupport_introspection_cpp
[1.973s] [ 73%] Built target msg_interfaces__rosidl_typesupport_fastrtps_cpp
[1.973s] [ 73%] Built target msg_interfaces__rosidl_typesupport_cpp
[1.974s] [ 73%] Built target msg_interfaces
[1.974s] [ 76%] Built target msg_interfaces__py
[1.974s] [ 82%] Built target msg_interfaces__rosidl_generator_py
[1.975s] [ 88%] Built target msg_interfaces_s__rosidl_typesupport_c
[1.975s] [ 94%] Built target msg_interfaces_s__rosidl_typesupport_fastrtps_c
[1.976s] [100%] Built target msg_interfaces_s__rosidl_typesupport_introspection_c
[1.976s] running egg_info
[1.976s] writing msg_interfaces.egg-info/PKG-INFO
[1.976s] writing dependency_links to msg_interfaces.egg-info/dependency_links.txt
[1.977s] writing top-level names to msg_interfaces.egg-info/top_level.txt
[1.977s] reading manifest file 'msg_interfaces.egg-info/SOURCES.txt'
[1.977s] writing manifest file 'msg_interfaces.egg-info/SOURCES.txt'
[1.977s] [100%] Built target ament_cmake_python_build_msg_interfaces_egg
[2.006s] Invoked command in '/home/antoni/gazebo_maritime_ws/build/msg_interfaces' returned '0': CMAKE_PREFIX_PATH=${CMAKE_PREFIX_PATH}:/opt/ros/jazzy DEBUGINFOD_URLS=https://debuginfod.ubuntu.com /usr/bin/cmake --build /home/antoni/gazebo_maritime_ws/build/msg_interfaces -- -j12 -l12
[2.013s] Invoking command in '/home/antoni/gazebo_maritime_ws/build/msg_interfaces': CMAKE_PREFIX_PATH=${CMAKE_PREFIX_PATH}:/opt/ros/jazzy DEBUGINFOD_URLS=https://debuginfod.ubuntu.com /usr/bin/cmake --install /home/antoni/gazebo_maritime_ws/build/msg_interfaces
[2.671s] -- Install configuration: ""
[2.675s] -- Up-to-date: /home/antoni/gazebo_maritime_ws/install/share/ament_index/resource_index/rosidl_interfaces/msg_interfaces
[2.676s] -- Up-to-date: /home/antoni/gazebo_maritime_ws/install/share/msg_interfaces/msg/InternalState.json
[2.677s] -- Up-to-date: /home/antoni/gazebo_maritime_ws/install/include/msg_interfaces/msg_interfaces
[2.681s] -- Up-to-date: /home/antoni/gazebo_maritime_ws/install/include/msg_interfaces/msg_interfaces/msg
[2.684s] -- Up-to-date: /home/antoni/gazebo_maritime_ws/install/include/msg_interfaces/msg_interfaces/msg/internal_state.h
[2.687s] -- Up-to-date: /home/antoni/gazebo_maritime_ws/install/include/msg_interfaces/msg_interfaces/msg/detail
[2.688s] -- Up-to-date: /home/antoni/gazebo_maritime_ws/install/include/msg_interfaces/msg_interfaces/msg/detail/internal_state__description.c
[2.689s] -- Up-to-date: /home/antoni/gazebo_maritime_ws/install/include/msg_interfaces/msg_interfaces/msg/detail/internal_state__functions.c
[2.689s] -- Installing: /home/antoni/gazebo_maritime_ws/install/include/msg_interfaces/msg_interfaces/msg/detail/internal_state__type_support.c
[2.689s] -- Up-to-date: /home/antoni/gazebo_maritime_ws/install/include/msg_interfaces/msg_interfaces/msg/detail/internal_state__type_support.h
[2.690s] -- Up-to-date: /home/antoni/gazebo_maritime_ws/install/include/msg_interfaces/msg_interfaces/msg/detail/internal_state__struct.h
[2.690s] -- Up-to-date: /home/antoni/gazebo_maritime_ws/install/include/msg_interfaces/msg_interfaces/msg/detail/internal_state__functions.h
[2.691s] -- Up-to-date: /home/antoni/gazebo_maritime_ws/install/include/msg_interfaces/msg_interfaces/msg/rosidl_generator_c__visibility_control.h
[2.693s] -- Up-to-date: /home/antoni/gazebo_maritime_ws/install/share/msg_interfaces/environment/library_path.sh
[2.696s] -- Up-to-date: /home/antoni/gazebo_maritime_ws/install/share/msg_interfaces/environment/library_path.dsv
[2.697s] -- Up-to-date: /home/antoni/gazebo_maritime_ws/install/lib/libmsg_interfaces__rosidl_generator_c.so
[2.698s] -- Up-to-date: /home/antoni/gazebo_maritime_ws/install/include/msg_interfaces/msg_interfaces
[2.699s] -- Up-to-date: /home/antoni/gazebo_maritime_ws/install/include/msg_interfaces/msg_interfaces/msg
[2.699s] -- Up-to-date: /home/antoni/gazebo_maritime_ws/install/include/msg_interfaces/msg_interfaces/msg/detail
[2.701s] -- Up-to-date: /home/antoni/gazebo_maritime_ws/install/include/msg_interfaces/msg_interfaces/msg/detail/internal_state__rosidl_typesupport_fastrtps_c.h
[2.704s] -- Up-to-date: /home/antoni/gazebo_maritime_ws/install/include/msg_interfaces/msg_interfaces/msg/rosidl_typesupport_fastrtps_c__visibility_control.h
[2.709s] -- Up-to-date: /home/antoni/gazebo_maritime_ws/install/lib/libmsg_interfaces__rosidl_typesupport_fastrtps_c.so
[2.713s] -- Up-to-date: /home/antoni/gazebo_maritime_ws/install/include/msg_interfaces/msg_interfaces
[2.713s] -- Up-to-date: /home/antoni/gazebo_maritime_ws/install/include/msg_interfaces/msg_interfaces/msg
[2.714s] -- Up-to-date: /home/antoni/gazebo_maritime_ws/install/include/msg_interfaces/msg_interfaces/msg/detail
[2.719s] -- Up-to-date: /home/antoni/gazebo_maritime_ws/install/include/msg_interfaces/msg_interfaces/msg/detail/internal_state__rosidl_typesupport_introspection_c.h
[2.722s] -- Installing: /home/antoni/gazebo_maritime_ws/install/include/msg_interfaces/msg_interfaces/msg/detail/internal_state__type_support.c
[2.724s] -- Up-to-date: /home/antoni/gazebo_maritime_ws/install/include/msg_interfaces/msg_interfaces/msg/rosidl_typesupport_introspection_c__visibility_control.h
[2.724s] -- Up-to-date: /home/antoni/gazebo_maritime_ws/install/lib/libmsg_interfaces__rosidl_typesupport_introspection_c.so
[2.724s] -- Up-to-date: /home/antoni/gazebo_maritime_ws/install/lib/libmsg_interfaces__rosidl_typesupport_c.so
[2.725s] -- Up-to-date: /home/antoni/gazebo_maritime_ws/install/include/msg_interfaces/msg_interfaces
[2.729s] -- Up-to-date: /home/antoni/gazebo_maritime_ws/install/include/msg_interfaces/msg_interfaces/msg
[2.730s] -- Up-to-date: /home/antoni/gazebo_maritime_ws/install/include/msg_interfaces/msg_interfaces/msg/internal_state.hpp
[2.735s] -- Up-to-date: /home/antoni/gazebo_maritime_ws/install/include/msg_interfaces/msg_interfaces/msg/detail
[2.758s] -- Up-to-date: /home/antoni/gazebo_maritime_ws/install/include/msg_interfaces/msg_interfaces/msg/detail/internal_state__traits.hpp
[2.759s] -- Up-to-date: /home/antoni/gazebo_maritime_ws/install/include/msg_interfaces/msg_interfaces/msg/detail/internal_state__type_support.hpp
[2.759s] -- Up-to-date: /home/antoni/gazebo_maritime_ws/install/include/msg_interfaces/msg_interfaces/msg/detail/internal_state__builder.hpp
[2.759s] -- Up-to-date: /home/antoni/gazebo_maritime_ws/install/include/msg_interfaces/msg_interfaces/msg/detail/internal_state__struct.hpp
[2.761s] -- Up-to-date: /home/antoni/gazebo_maritime_ws/install/include/msg_interfaces/msg_interfaces/msg/rosidl_generator_cpp__visibility_control.hpp
[2.761s] -- Up-to-date: /home/antoni/gazebo_maritime_ws/install/include/msg_interfaces/msg_interfaces
[2.762s] -- Up-to-date: /home/antoni/gazebo_maritime_ws/install/include/msg_interfaces/msg_interfaces/msg
[2.762s] -- Up-to-date: /home/antoni/gazebo_maritime_ws/install/include/msg_interfaces/msg_interfaces/msg/detail
[2.762s] -- Up-to-date: /home/antoni/gazebo_maritime_ws/install/include/msg_interfaces/msg_interfaces/msg/detail/internal_state__rosidl_typesupport_fastrtps_cpp.hpp
[2.762s] -- Up-to-date: /home/antoni/gazebo_maritime_ws/install/include/msg_interfaces/msg_interfaces/msg/detail/dds_fastrtps
[2.762s] -- Up-to-date: /home/antoni/gazebo_maritime_ws/install/include/msg_interfaces/msg_interfaces/msg/rosidl_typesupport_fastrtps_cpp__visibility_control.h
[2.762s] -- Up-to-date: /home/antoni/gazebo_maritime_ws/install/lib/libmsg_interfaces__rosidl_typesupport_fastrtps_cpp.so
[2.762s] -- Up-to-date: /home/antoni/gazebo_maritime_ws/install/include/msg_interfaces/msg_interfaces
[2.762s] -- Up-to-date: /home/antoni/gazebo_maritime_ws/install/include/msg_interfaces/msg_interfaces/msg
[2.762s] -- Up-to-date: /home/antoni/gazebo_maritime_ws/install/include/msg_interfaces/msg_interfaces/msg/detail
[2.763s] -- Up-to-date: /home/antoni/gazebo_maritime_ws/install/include/msg_interfaces/msg_interfaces/msg/detail/internal_state__type_support.cpp
[2.763s] -- Up-to-date: /home/antoni/gazebo_maritime_ws/install/include/msg_interfaces/msg_interfaces/msg/detail/internal_state__rosidl_typesupport_introspection_cpp.hpp
[2.763s] -- Up-to-date: /home/antoni/gazebo_maritime_ws/install/lib/libmsg_interfaces__rosidl_typesupport_introspection_cpp.so
[2.763s] -- Up-to-date: /home/antoni/gazebo_maritime_ws/install/lib/libmsg_interfaces__rosidl_typesupport_cpp.so
[2.763s] -- Up-to-date: /home/antoni/gazebo_maritime_ws/install/share/msg_interfaces/environment/pythonpath.sh
[2.763s] -- Up-to-date: /home/antoni/gazebo_maritime_ws/install/share/msg_interfaces/environment/pythonpath.dsv
[2.764s] -- Up-to-date: /home/antoni/gazebo_maritime_ws/install/lib/python3.12/site-packages/msg_interfaces-0.0.0-py3.12.egg-info
[2.764s] -- Installing: /home/antoni/gazebo_maritime_ws/install/lib/python3.12/site-packages/msg_interfaces-0.0.0-py3.12.egg-info/dependency_links.txt
[2.764s] -- Installing: /home/antoni/gazebo_maritime_ws/install/lib/python3.12/site-packages/msg_interfaces-0.0.0-py3.12.egg-info/SOURCES.txt
[2.764s] -- Installing: /home/antoni/gazebo_maritime_ws/install/lib/python3.12/site-packages/msg_interfaces-0.0.0-py3.12.egg-info/top_level.txt
[2.764s] -- Installing: /home/antoni/gazebo_maritime_ws/install/lib/python3.12/site-packages/msg_interfaces-0.0.0-py3.12.egg-info/PKG-INFO
[2.765s] -- Up-to-date: /home/antoni/gazebo_maritime_ws/install/lib/python3.12/site-packages/msg_interfaces
[2.768s] -- Up-to-date: /home/antoni/gazebo_maritime_ws/install/lib/python3.12/site-packages/msg_interfaces/_msg_interfaces_s.ep.rosidl_typesupport_introspection_c.c
[2.768s] -- Up-to-date: /home/antoni/gazebo_maritime_ws/install/lib/python3.12/site-packages/msg_interfaces/msg_interfaces_s__rosidl_typesupport_c.so
[2.773s] -- Up-to-date: /home/antoni/gazebo_maritime_ws/install/lib/python3.12/site-packages/msg_interfaces/_msg_interfaces_s.ep.rosidl_typesupport_c.c
[2.773s] -- Up-to-date: /home/antoni/gazebo_maritime_ws/install/lib/python3.12/site-packages/msg_interfaces/__init__.py
[2.773s] -- Up-to-date: /home/antoni/gazebo_maritime_ws/install/lib/python3.12/site-packages/msg_interfaces/msg
[2.774s] -- Up-to-date: /home/antoni/gazebo_maritime_ws/install/lib/python3.12/site-packages/msg_interfaces/msg/_internal_state.py
[2.774s] -- Up-to-date: /home/antoni/gazebo_maritime_ws/install/lib/python3.12/site-packages/msg_interfaces/msg/__init__.py
[2.774s] -- Up-to-date: /home/antoni/gazebo_maritime_ws/install/lib/python3.12/site-packages/msg_interfaces/msg/_internal_state_s.c
[2.774s] -- Up-to-date: /home/antoni/gazebo_maritime_ws/install/lib/python3.12/site-packages/msg_interfaces/msg_interfaces_s__rosidl_typesupport_introspection_c.so
[2.774s] -- Up-to-date: /home/antoni/gazebo_maritime_ws/install/lib/python3.12/site-packages/msg_interfaces/msg_interfaces_s__rosidl_typesupport_fastrtps_c.so
[2.774s] -- Up-to-date: /home/antoni/gazebo_maritime_ws/install/lib/python3.12/site-packages/msg_interfaces/_msg_interfaces_s.ep.rosidl_typesupport_fastrtps_c.c
[2.774s] Listing '/home/antoni/gazebo_maritime_ws/install/lib/python3.12/site-packages/msg_interfaces'...
[2.774s] Listing '/home/antoni/gazebo_maritime_ws/install/lib/python3.12/site-packages/msg_interfaces/msg'...
[2.774s] -- Up-to-date: /home/antoni/gazebo_maritime_ws/install/lib/python3.12/site-packages/msg_interfaces/msg_interfaces_s__rosidl_typesupport_fastrtps_c.so
[2.775s] -- Up-to-date: /home/antoni/gazebo_maritime_ws/install/lib/python3.12/site-packages/msg_interfaces/msg_interfaces_s__rosidl_typesupport_introspection_c.so
[2.775s] -- Up-to-date: /home/antoni/gazebo_maritime_ws/install/lib/python3.12/site-packages/msg_interfaces/msg_interfaces_s__rosidl_typesupport_c.so
[2.775s] -- Up-to-date: /home/antoni/gazebo_maritime_ws/install/lib/libmsg_interfaces__rosidl_generator_py.so
[2.775s] -- Up-to-date: /home/antoni/gazebo_maritime_ws/install/share/msg_interfaces/msg/InternalState.idl
[2.775s] -- Up-to-date: /home/antoni/gazebo_maritime_ws/install/share/msg_interfaces/msg/InternalState.msg
[2.775s] -- Up-to-date: /home/antoni/gazebo_maritime_ws/install/share/ament_index/resource_index/package_run_dependencies/msg_interfaces
[2.775s] -- Up-to-date: /home/antoni/gazebo_maritime_ws/install/share/ament_index/resource_index/parent_prefix_path/msg_interfaces
[2.775s] -- Up-to-date: /home/antoni/gazebo_maritime_ws/install/share/msg_interfaces/environment/ament_prefix_path.sh
[2.775s] -- Up-to-date: /home/antoni/gazebo_maritime_ws/install/share/msg_interfaces/environment/ament_prefix_path.dsv
[2.775s] -- Up-to-date: /home/antoni/gazebo_maritime_ws/install/share/msg_interfaces/environment/path.sh
[2.775s] -- Up-to-date: /home/antoni/gazebo_maritime_ws/install/share/msg_interfaces/environment/path.dsv
[2.776s] -- Up-to-date: /home/antoni/gazebo_maritime_ws/install/share/msg_interfaces/local_setup.bash
[2.776s] -- Up-to-date: /home/antoni/gazebo_maritime_ws/install/share/msg_interfaces/local_setup.sh
[2.776s] -- Up-to-date: /home/antoni/gazebo_maritime_ws/install/share/msg_interfaces/local_setup.zsh
[2.777s] -- Up-to-date: /home/antoni/gazebo_maritime_ws/install/share/msg_interfaces/local_setup.dsv
[2.778s] -- Installing: /home/antoni/gazebo_maritime_ws/install/share/msg_interfaces/package.dsv
[2.778s] -- Up-to-date: /home/antoni/gazebo_maritime_ws/install/share/ament_index/resource_index/packages/msg_interfaces
[2.778s] -- Up-to-date: /home/antoni/gazebo_maritime_ws/install/share/msg_interfaces/cmake/export_msg_interfaces__rosidl_generator_cExport.cmake
[2.778s] -- Up-to-date: /home/antoni/gazebo_maritime_ws/install/share/msg_interfaces/cmake/export_msg_interfaces__rosidl_generator_cExport-noconfig.cmake
[2.778s] -- Up-to-date: /home/antoni/gazebo_maritime_ws/install/share/msg_interfaces/cmake/export_msg_interfaces__rosidl_typesupport_fastrtps_cExport.cmake
[2.778s] -- Up-to-date: /home/antoni/gazebo_maritime_ws/install/share/msg_interfaces/cmake/export_msg_interfaces__rosidl_typesupport_fastrtps_cExport-noconfig.cmake
[2.778s] -- Up-to-date: /home/antoni/gazebo_maritime_ws/install/share/msg_interfaces/cmake/msg_interfaces__rosidl_typesupport_introspection_cExport.cmake
[2.778s] -- Up-to-date: /home/antoni/gazebo_maritime_ws/install/share/msg_interfaces/cmake/msg_interfaces__rosidl_typesupport_introspection_cExport-noconfig.cmake
[2.778s] -- Up-to-date: /home/antoni/gazebo_maritime_ws/install/share/msg_interfaces/cmake/msg_interfaces__rosidl_typesupport_cExport.cmake
[2.779s] -- Up-to-date: /home/antoni/gazebo_maritime_ws/install/share/msg_interfaces/cmake/msg_interfaces__rosidl_typesupport_cExport-noconfig.cmake
[2.779s] -- Up-to-date: /home/antoni/gazebo_maritime_ws/install/share/msg_interfaces/cmake/export_msg_interfaces__rosidl_generator_cppExport.cmake
[2.779s] -- Up-to-date: /home/antoni/gazebo_maritime_ws/install/share/msg_interfaces/cmake/export_msg_interfaces__rosidl_typesupport_fastrtps_cppExport.cmake
[2.779s] -- Up-to-date: /home/antoni/gazebo_maritime_ws/install/share/msg_interfaces/cmake/export_msg_interfaces__rosidl_typesupport_fastrtps_cppExport-noconfig.cmake
[2.779s] -- Up-to-date: /home/antoni/gazebo_maritime_ws/install/share/msg_interfaces/cmake/msg_interfaces__rosidl_typesupport_introspection_cppExport.cmake
[2.779s] -- Up-to-date: /home/antoni/gazebo_maritime_ws/install/share/msg_interfaces/cmake/msg_interfaces__rosidl_typesupport_introspection_cppExport-noconfig.cmake
[2.779s] -- Up-to-date: /home/antoni/gazebo_maritime_ws/install/share/msg_interfaces/cmake/msg_interfaces__rosidl_typesupport_cppExport.cmake
[2.779s] -- Up-to-date: /home/antoni/gazebo_maritime_ws/install/share/msg_interfaces/cmake/msg_interfaces__rosidl_typesupport_cppExport-noconfig.cmake
[2.779s] -- Up-to-date: /home/antoni/gazebo_maritime_ws/install/share/msg_interfaces/cmake/export_msg_interfaces__rosidl_generator_pyExport.cmake
[2.779s] -- Up-to-date: /home/antoni/gazebo_maritime_ws/install/share/msg_interfaces/cmake/export_msg_interfaces__rosidl_generator_pyExport-noconfig.cmake
[2.779s] -- Up-to-date: /home/antoni/gazebo_maritime_ws/install/share/msg_interfaces/cmake/rosidl_cmake-extras.cmake
[2.780s] -- Up-to-date: /home/antoni/gazebo_maritime_ws/install/share/msg_interfaces/cmake/ament_cmake_export_dependencies-extras.cmake
[2.780s] -- Up-to-date: /home/antoni/gazebo_maritime_ws/install/share/msg_interfaces/cmake/ament_cmake_export_include_directories-extras.cmake
[2.780s] -- Up-to-date: /home/antoni/gazebo_maritime_ws/install/share/msg_interfaces/cmake/ament_cmake_export_libraries-extras.cmake
[2.780s] -- Up-to-date: /home/antoni/gazebo_maritime_ws/install/share/msg_interfaces/cmake/ament_cmake_export_targets-extras.cmake
[2.780s] -- Up-to-date: /home/antoni/gazebo_maritime_ws/install/share/msg_interfaces/cmake/rosidl_cmake_export_typesupport_targets-extras.cmake
[2.780s] -- Up-to-date: /home/antoni/gazebo_maritime_ws/install/share/msg_interfaces/cmake/rosidl_cmake_export_typesupport_libraries-extras.cmake
[2.780s] -- Up-to-date: /home/antoni/gazebo_maritime_ws/install/share/msg_interfaces/cmake/msg_interfacesConfig.cmake
[2.780s] -- Up-to-date: /home/antoni/gazebo_maritime_ws/install/share/msg_interfaces/cmake/msg_interfacesConfig-version.cmake
[2.780s] -- Up-to-date: /home/antoni/gazebo_maritime_ws/install/share/msg_interfaces/package.xml
[2.800s] Invoked command in '/home/antoni/gazebo_maritime_ws/build/msg_interfaces' returned '0': CMAKE_PREFIX_PATH=${CMAKE_PREFIX_PATH}:/opt/ros/jazzy DEBUGINFOD_URLS=https://debuginfod.ubuntu.com /usr/bin/cmake --install /home/antoni/gazebo_maritime_ws/build/msg_interfaces
