[1.552s] Invoking command in '/home/antoni/gazebo_maritime_ws/src/research': DEBUGINFOD_URLS=https://debuginfod.ubuntu.com PYTHONPATH=/home/antoni/gazebo_maritime_ws/build/research/prefix_override:/usr/lib/python3/dist-packages/colcon_core/task/python/colcon_distutils_commands:/home/antoni/gazebo_maritime_ws/install/lib/python3.12/site-packages:${PYTHONPATH} /usr/bin/python3 -W ignore:setup.py install is deprecated -W ignore:easy_install command is deprecated setup.py egg_info --egg-base ../../build/research build --build-base /home/antoni/gazebo_maritime_ws/build/research/build install --record /home/antoni/gazebo_maritime_ws/build/research/install.log --single-version-externally-managed install_data
[1.879s] running egg_info
[1.902s] writing ../../build/research/research.egg-info/PKG-INFO
[1.902s] writing dependency_links to ../../build/research/research.egg-info/dependency_links.txt
[1.902s] writing entry points to ../../build/research/research.egg-info/entry_points.txt
[1.902s] writing requirements to ../../build/research/research.egg-info/requires.txt
[1.902s] writing top-level names to ../../build/research/research.egg-info/top_level.txt
[1.932s] reading manifest file '../../build/research/research.egg-info/SOURCES.txt'
[1.932s] writing manifest file '../../build/research/research.egg-info/SOURCES.txt'
[1.933s] running build
[1.933s] running build_py
[1.933s] copying research/rosbag_compare.py -> /home/antoni/gazebo_maritime_ws/build/research/build/lib/research
[1.933s] running install
[1.938s] running install_lib
[1.950s] copying /home/antoni/gazebo_maritime_ws/build/research/build/lib/research/rosbag_compare.py -> /home/antoni/gazebo_maritime_ws/install/lib/python3.12/site-packages/research
[1.950s] byte-compiling /home/antoni/gazebo_maritime_ws/install/lib/python3.12/site-packages/research/rosbag_compare.py to rosbag_compare.cpython-312.pyc
[1.952s] running install_data
[1.952s] running install_egg_info
[1.964s] removing '/home/antoni/gazebo_maritime_ws/install/lib/python3.12/site-packages/research-0.0.0-py3.12.egg-info' (and everything under it)
[1.965s] Copying ../../build/research/research.egg-info to /home/antoni/gazebo_maritime_ws/install/lib/python3.12/site-packages/research-0.0.0-py3.12.egg-info
[1.965s] running install_scripts
[2.112s] Installing analize_position_error script to /home/antoni/gazebo_maritime_ws/install/lib/research
[2.113s] Installing position_error script to /home/antoni/gazebo_maritime_ws/install/lib/research
[2.113s] Installing rosbag_compare script to /home/antoni/gazebo_maritime_ws/install/lib/research
[2.114s] writing list of installed files to '/home/antoni/gazebo_maritime_ws/build/research/install.log'
[2.168s] Invoked command in '/home/antoni/gazebo_maritime_ws/src/research' returned '0': DEBUGINFOD_URLS=https://debuginfod.ubuntu.com PYTHONPATH=/home/antoni/gazebo_maritime_ws/build/research/prefix_override:/usr/lib/python3/dist-packages/colcon_core/task/python/colcon_distutils_commands:/home/antoni/gazebo_maritime_ws/install/lib/python3.12/site-packages:${PYTHONPATH} /usr/bin/python3 -W ignore:setup.py install is deprecated -W ignore:easy_install command is deprecated setup.py egg_info --egg-base ../../build/research build --build-base /home/antoni/gazebo_maritime_ws/build/research/build install --record /home/antoni/gazebo_maritime_ws/build/research/install.log --single-version-externally-managed install_data
