[4.452s] Invoking command in '/home/antoni/gazebo_maritime_ws/src/research': DEBUGINFOD_URLS=https://debuginfod.ubuntu.com PYTHONPATH=/home/antoni/gazebo_maritime_ws/build/research/prefix_override:/usr/lib/python3/dist-packages/colcon_core/task/python/colcon_distutils_commands:/home/antoni/gazebo_maritime_ws/install/lib/python3.12/site-packages:${PYTHONPATH} /usr/bin/python3 -W ignore:setup.py install is deprecated -W ignore:easy_install command is deprecated setup.py egg_info --egg-base ../../build/research build --build-base /home/antoni/gazebo_maritime_ws/build/research/build install --record /home/antoni/gazebo_maritime_ws/build/research/install.log --single-version-externally-managed install_data
[5.073s] running egg_info
[5.114s] writing ../../build/research/research.egg-info/PKG-INFO
[5.115s] writing dependency_links to ../../build/research/research.egg-info/dependency_links.txt
[5.116s] writing entry points to ../../build/research/research.egg-info/entry_points.txt
[5.116s] writing requirements to ../../build/research/research.egg-info/requires.txt
[5.116s] writing top-level names to ../../build/research/research.egg-info/top_level.txt
[5.205s] reading manifest file '../../build/research/research.egg-info/SOURCES.txt'
[5.206s] writing manifest file '../../build/research/research.egg-info/SOURCES.txt'
[5.207s] running build
[5.207s] running build_py
[5.207s] copying research/rosbag_compare.py -> /home/antoni/gazebo_maritime_ws/build/research/build/lib/research
[5.207s] running install
[5.222s] running install_lib
[5.273s] copying /home/antoni/gazebo_maritime_ws/build/research/build/lib/research/rosbag_compare.py -> /home/antoni/gazebo_maritime_ws/install/lib/python3.12/site-packages/research
[5.274s] byte-compiling /home/antoni/gazebo_maritime_ws/install/lib/python3.12/site-packages/research/rosbag_compare.py to rosbag_compare.cpython-312.pyc
[5.277s] running install_data
[5.277s] running install_egg_info
[5.323s] removing '/home/antoni/gazebo_maritime_ws/install/lib/python3.12/site-packages/research-0.0.0-py3.12.egg-info' (and everything under it)
[5.323s] Copying ../../build/research/research.egg-info to /home/antoni/gazebo_maritime_ws/install/lib/python3.12/site-packages/research-0.0.0-py3.12.egg-info
[5.325s] running install_scripts
[5.636s] Installing analize_position_error script to /home/antoni/gazebo_maritime_ws/install/lib/research
[5.637s] Installing position_error script to /home/antoni/gazebo_maritime_ws/install/lib/research
[5.637s] Installing rosbag_compare script to /home/antoni/gazebo_maritime_ws/install/lib/research
[5.638s] writing list of installed files to '/home/antoni/gazebo_maritime_ws/build/research/install.log'
[5.752s] Invoked command in '/home/antoni/gazebo_maritime_ws/src/research' returned '0': DEBUGINFOD_URLS=https://debuginfod.ubuntu.com PYTHONPATH=/home/antoni/gazebo_maritime_ws/build/research/prefix_override:/usr/lib/python3/dist-packages/colcon_core/task/python/colcon_distutils_commands:/home/antoni/gazebo_maritime_ws/install/lib/python3.12/site-packages:${PYTHONPATH} /usr/bin/python3 -W ignore:setup.py install is deprecated -W ignore:easy_install command is deprecated setup.py egg_info --egg-base ../../build/research build --build-base /home/antoni/gazebo_maritime_ws/build/research/build install --record /home/antoni/gazebo_maritime_ws/build/research/install.log --single-version-externally-managed install_data
