[2.135s] Invoking command in '/home/antoni/gazebo_maritime_ws/src/research': DEBUGINFOD_URLS=https://debuginfod.ubuntu.com PYTHONPATH=/home/antoni/gazebo_maritime_ws/build/research/prefix_override:/usr/lib/python3/dist-packages/colcon_core/task/python/colcon_distutils_commands:/home/antoni/gazebo_maritime_ws/install/lib/python3.12/site-packages:${PYTHONPATH} /usr/bin/python3 -W ignore:setup.py install is deprecated -W ignore:easy_install command is deprecated setup.py egg_info --egg-base ../../build/research build --build-base /home/antoni/gazebo_maritime_ws/build/research/build install --record /home/antoni/gazebo_maritime_ws/build/research/install.log --single-version-externally-managed install_data
[2.497s] running egg_info
[2.527s] writing ../../build/research/research.egg-info/PKG-INFO
[2.527s] writing dependency_links to ../../build/research/research.egg-info/dependency_links.txt
[2.528s] writing entry points to ../../build/research/research.egg-info/entry_points.txt
[2.528s] writing requirements to ../../build/research/research.egg-info/requires.txt
[2.528s] writing top-level names to ../../build/research/research.egg-info/top_level.txt
[2.566s] reading manifest file '../../build/research/research.egg-info/SOURCES.txt'
[2.567s] writing manifest file '../../build/research/research.egg-info/SOURCES.txt'
[2.567s] running build
[2.567s] running build_py
[2.568s] running install
[2.572s] running install_lib
[2.591s] running install_data
[2.591s] running install_egg_info
[2.615s] removing '/home/antoni/gazebo_maritime_ws/install/lib/python3.12/site-packages/research-0.0.0-py3.12.egg-info' (and everything under it)
[2.615s] Copying ../../build/research/research.egg-info to /home/antoni/gazebo_maritime_ws/install/lib/python3.12/site-packages/research-0.0.0-py3.12.egg-info
[2.615s] running install_scripts
[2.822s] Installing analize_position_error script to /home/antoni/gazebo_maritime_ws/install/lib/research
[2.822s] Installing position_error script to /home/antoni/gazebo_maritime_ws/install/lib/research
[2.823s] writing list of installed files to '/home/antoni/gazebo_maritime_ws/build/research/install.log'
[2.887s] Invoked command in '/home/antoni/gazebo_maritime_ws/src/research' returned '0': DEBUGINFOD_URLS=https://debuginfod.ubuntu.com PYTHONPATH=/home/antoni/gazebo_maritime_ws/build/research/prefix_override:/usr/lib/python3/dist-packages/colcon_core/task/python/colcon_distutils_commands:/home/antoni/gazebo_maritime_ws/install/lib/python3.12/site-packages:${PYTHONPATH} /usr/bin/python3 -W ignore:setup.py install is deprecated -W ignore:easy_install command is deprecated setup.py egg_info --egg-base ../../build/research build --build-base /home/antoni/gazebo_maritime_ws/build/research/build install --record /home/antoni/gazebo_maritime_ws/build/research/install.log --single-version-externally-managed install_data
