[4.696s] Invoking command in '/home/antoni/gazebo_maritime_ws/src/autopilot': DEBUGINFOD_URLS=https://debuginfod.ubuntu.com PYTHONPATH=/home/antoni/gazebo_maritime_ws/build/autopilot/prefix_override:/usr/lib/python3/dist-packages/colcon_core/task/python/colcon_distutils_commands:/home/antoni/gazebo_maritime_ws/install/lib/python3.12/site-packages:${PYTHONPATH} /usr/bin/python3 -W ignore:setup.py install is deprecated -W ignore:easy_install command is deprecated setup.py egg_info --egg-base ../../build/autopilot build --build-base /home/antoni/gazebo_maritime_ws/build/autopilot/build install --record /home/antoni/gazebo_maritime_ws/build/autopilot/install.log --single-version-externally-managed install_data
[5.233s] running egg_info
[5.258s] writing ../../build/autopilot/autopilot.egg-info/PKG-INFO
[5.258s] writing dependency_links to ../../build/autopilot/autopilot.egg-info/dependency_links.txt
[5.259s] writing entry points to ../../build/autopilot/autopilot.egg-info/entry_points.txt
[5.259s] writing requirements to ../../build/autopilot/autopilot.egg-info/requires.txt
[5.259s] writing top-level names to ../../build/autopilot/autopilot.egg-info/top_level.txt
[5.329s] reading manifest file '../../build/autopilot/autopilot.egg-info/SOURCES.txt'
[5.329s] writing manifest file '../../build/autopilot/autopilot.egg-info/SOURCES.txt'
[5.329s] running build
[5.329s] running build_py
[5.329s] running install
[5.338s] running install_lib
[5.369s] running install_data
[5.370s] running install_egg_info
[5.398s] removing '/home/antoni/gazebo_maritime_ws/install/lib/python3.12/site-packages/autopilot-0.0.0-py3.12.egg-info' (and everything under it)
[5.400s] Copying ../../build/autopilot/autopilot.egg-info to /home/antoni/gazebo_maritime_ws/install/lib/python3.12/site-packages/autopilot-0.0.0-py3.12.egg-info
[5.401s] running install_scripts
[5.653s] Installing add_markers script to /home/antoni/gazebo_maritime_ws/install/lib/autopilot
[5.654s] Installing azimuth script to /home/antoni/gazebo_maritime_ws/install/lib/autopilot
[5.654s] Installing checkpoints script to /home/antoni/gazebo_maritime_ws/install/lib/autopilot
[5.654s] Installing compass script to /home/antoni/gazebo_maritime_ws/install/lib/autopilot
[5.654s] Installing kalman script to /home/antoni/gazebo_maritime_ws/install/lib/autopilot
[5.654s] Installing los script to /home/antoni/gazebo_maritime_ws/install/lib/autopilot
[5.655s] writing list of installed files to '/home/antoni/gazebo_maritime_ws/build/autopilot/install.log'
[5.747s] Invoked command in '/home/antoni/gazebo_maritime_ws/src/autopilot' returned '0': DEBUGINFOD_URLS=https://debuginfod.ubuntu.com PYTHONPATH=/home/antoni/gazebo_maritime_ws/build/autopilot/prefix_override:/usr/lib/python3/dist-packages/colcon_core/task/python/colcon_distutils_commands:/home/antoni/gazebo_maritime_ws/install/lib/python3.12/site-packages:${PYTHONPATH} /usr/bin/python3 -W ignore:setup.py install is deprecated -W ignore:easy_install command is deprecated setup.py egg_info --egg-base ../../build/autopilot build --build-base /home/antoni/gazebo_maritime_ws/build/autopilot/build install --record /home/antoni/gazebo_maritime_ws/build/autopilot/install.log --single-version-externally-managed install_data
