[1.694s] Invoking command in '/home/antoni/gazebo_maritime_ws/src/autopilot': DEBUGINFOD_URLS=https://debuginfod.ubuntu.com PYTHONPATH=/home/antoni/gazebo_maritime_ws/build/autopilot/prefix_override:/usr/lib/python3/dist-packages/colcon_core/task/python/colcon_distutils_commands:/home/antoni/gazebo_maritime_ws/install/lib/python3.12/site-packages:${PYTHONPATH} /usr/bin/python3 -W ignore:setup.py install is deprecated -W ignore:easy_install command is deprecated setup.py egg_info --egg-base ../../build/autopilot build --build-base /home/antoni/gazebo_maritime_ws/build/autopilot/build install --record /home/antoni/gazebo_maritime_ws/build/autopilot/install.log --single-version-externally-managed install_data
[1.968s] running egg_info
[1.979s] writing ../../build/autopilot/autopilot.egg-info/PKG-INFO
[1.979s] writing dependency_links to ../../build/autopilot/autopilot.egg-info/dependency_links.txt
[1.979s] writing entry points to ../../build/autopilot/autopilot.egg-info/entry_points.txt
[1.979s] writing requirements to ../../build/autopilot/autopilot.egg-info/requires.txt
[1.979s] writing top-level names to ../../build/autopilot/autopilot.egg-info/top_level.txt
[2.008s] reading manifest file '../../build/autopilot/autopilot.egg-info/SOURCES.txt'
[2.009s] writing manifest file '../../build/autopilot/autopilot.egg-info/SOURCES.txt'
[2.010s] running build
[2.010s] running build_py
[2.010s] running install
[2.016s] running install_lib
[2.043s] running install_data
[2.043s] running install_egg_info
[2.069s] removing '/home/antoni/gazebo_maritime_ws/install/lib/python3.12/site-packages/autopilot-0.0.0-py3.12.egg-info' (and everything under it)
[2.069s] Copying ../../build/autopilot/autopilot.egg-info to /home/antoni/gazebo_maritime_ws/install/lib/python3.12/site-packages/autopilot-0.0.0-py3.12.egg-info
[2.070s] running install_scripts
[2.261s] Installing add_markers script to /home/antoni/gazebo_maritime_ws/install/lib/autopilot
[2.261s] Installing azimuth script to /home/antoni/gazebo_maritime_ws/install/lib/autopilot
[2.262s] Installing checkpoints script to /home/antoni/gazebo_maritime_ws/install/lib/autopilot
[2.262s] writing list of installed files to '/home/antoni/gazebo_maritime_ws/build/autopilot/install.log'
[2.344s] Invoked command in '/home/antoni/gazebo_maritime_ws/src/autopilot' returned '0': DEBUGINFOD_URLS=https://debuginfod.ubuntu.com PYTHONPATH=/home/antoni/gazebo_maritime_ws/build/autopilot/prefix_override:/usr/lib/python3/dist-packages/colcon_core/task/python/colcon_distutils_commands:/home/antoni/gazebo_maritime_ws/install/lib/python3.12/site-packages:${PYTHONPATH} /usr/bin/python3 -W ignore:setup.py install is deprecated -W ignore:easy_install command is deprecated setup.py egg_info --egg-base ../../build/autopilot build --build-base /home/antoni/gazebo_maritime_ws/build/autopilot/build install --record /home/antoni/gazebo_maritime_ws/build/autopilot/install.log --single-version-externally-managed install_data
