[4.565s] Invoking command in '/home/antoni/gazebo_maritime_ws/src/research': DEBUGINFOD_URLS=https://debuginfod.ubuntu.com PYTHONPATH=/home/antoni/gazebo_maritime_ws/build/research/prefix_override:/usr/lib/python3/dist-packages/colcon_core/task/python/colcon_distutils_commands:/home/antoni/gazebo_maritime_ws/install/lib/python3.12/site-packages:${PYTHONPATH} /usr/bin/python3 -W ignore:setup.py install is deprecated -W ignore:easy_install command is deprecated setup.py egg_info --egg-base ../../build/research build --build-base /home/antoni/gazebo_maritime_ws/build/research/build install --record /home/antoni/gazebo_maritime_ws/build/research/install.log --single-version-externally-managed install_data
[5.210s] running egg_info
[5.255s] writing ../../build/research/research.egg-info/PKG-INFO
[5.256s] writing dependency_links to ../../build/research/research.egg-info/dependency_links.txt
[5.256s] writing entry points to ../../build/research/research.egg-info/entry_points.txt
[5.257s] writing requirements to ../../build/research/research.egg-info/requires.txt
[5.257s] writing top-level names to ../../build/research/research.egg-info/top_level.txt
[5.352s] reading manifest file '../../build/research/research.egg-info/SOURCES.txt'
[5.353s] writing manifest file '../../build/research/research.egg-info/SOURCES.txt'
[5.353s] running build
[5.353s] running build_py
[5.353s] copying research/rosbag_compare.py -> /home/antoni/gazebo_maritime_ws/build/research/build/lib/research
[5.354s] running install
[5.369s] running install_lib
[5.413s] copying /home/antoni/gazebo_maritime_ws/build/research/build/lib/research/rosbag_compare.py -> /home/antoni/gazebo_maritime_ws/install/lib/python3.12/site-packages/research
[5.414s] byte-compiling /home/antoni/gazebo_maritime_ws/install/lib/python3.12/site-packages/research/rosbag_compare.py to rosbag_compare.cpython-312.pyc
[5.417s] running install_data
[5.417s] running install_egg_info
[5.471s] removing '/home/antoni/gazebo_maritime_ws/install/lib/python3.12/site-packages/research-0.0.0-py3.12.egg-info' (and everything under it)
[5.474s] Copying ../../build/research/research.egg-info to /home/antoni/gazebo_maritime_ws/install/lib/python3.12/site-packages/research-0.0.0-py3.12.egg-info
[5.476s] running install_scripts
[5.793s] Installing analize_position_error script to /home/antoni/gazebo_maritime_ws/install/lib/research
[5.794s] Installing position_error script to /home/antoni/gazebo_maritime_ws/install/lib/research
[5.796s] Installing rosbag_compare script to /home/antoni/gazebo_maritime_ws/install/lib/research
[5.796s] writing list of installed files to '/home/antoni/gazebo_maritime_ws/build/research/install.log'
[5.922s] Invoked command in '/home/antoni/gazebo_maritime_ws/src/research' returned '0': DEBUGINFOD_URLS=https://debuginfod.ubuntu.com PYTHONPATH=/home/antoni/gazebo_maritime_ws/build/research/prefix_override:/usr/lib/python3/dist-packages/colcon_core/task/python/colcon_distutils_commands:/home/antoni/gazebo_maritime_ws/install/lib/python3.12/site-packages:${PYTHONPATH} /usr/bin/python3 -W ignore:setup.py install is deprecated -W ignore:easy_install command is deprecated setup.py egg_info --egg-base ../../build/research build --build-base /home/antoni/gazebo_maritime_ws/build/research/build install --record /home/antoni/gazebo_maritime_ws/build/research/install.log --single-version-externally-managed install_data
