[0.841s] Invoking command in '/home/antoni/gazebo_maritime_ws/build/msg_interfaces': CMAKE_PREFIX_PATH=${CMAKE_PREFIX_PATH}:/opt/ros/jazzy DEBUGINFOD_URLS=https://debuginfod.ubuntu.com /usr/bin/cmake --build /home/antoni/gazebo_maritime_ws/build/msg_interfaces -- -j12 -l12
[1.939s] [  2%] Built target msg_interfaces__rosidl_generator_type_description
[1.939s] [  2%] Built target ament_cmake_python_copy_msg_interfaces
[1.939s] [  5%] Built target msg_interfaces__cpp
[1.940s] [ 20%] Built target msg_interfaces__rosidl_generator_c
[1.940s] [ 29%] Built target msg_interfaces__rosidl_typesupport_introspection_cpp
[1.940s] [ 38%] Built target msg_interfaces__rosidl_typesupport_introspection_c
[1.940s] [ 47%] Built target msg_interfaces__rosidl_typesupport_fastrtps_cpp
[1.940s] [ 55%] Built target msg_interfaces__rosidl_typesupport_c
[1.941s] [ 64%] Built target msg_interfaces__rosidl_typesupport_cpp
[1.942s] [ 73%] Built target msg_interfaces__rosidl_typesupport_fastrtps_c
[1.943s] [ 73%] Built target msg_interfaces
[1.944s] [ 76%] Built target msg_interfaces__py
[1.945s] [ 82%] Built target msg_interfaces__rosidl_generator_py
[1.945s] [ 88%] Built target msg_interfaces_s__rosidl_typesupport_c
[1.945s] [ 94%] Built target msg_interfaces_s__rosidl_typesupport_introspection_c
[1.946s] [100%] Built target msg_interfaces_s__rosidl_typesupport_fastrtps_c
[1.947s] running egg_info
[1.947s] writing msg_interfaces.egg-info/PKG-INFO
[1.948s] writing dependency_links to msg_interfaces.egg-info/dependency_links.txt
[1.948s] writing top-level names to msg_interfaces.egg-info/top_level.txt
[1.949s] reading manifest file 'msg_interfaces.egg-info/SOURCES.txt'
[1.949s] writing manifest file 'msg_interfaces.egg-info/SOURCES.txt'
[1.949s] [100%] Built target ament_cmake_python_build_msg_interfaces_egg
[1.985s] Invoked command in '/home/antoni/gazebo_maritime_ws/build/msg_interfaces' returned '0': CMAKE_PREFIX_PATH=${CMAKE_PREFIX_PATH}:/opt/ros/jazzy DEBUGINFOD_URLS=https://debuginfod.ubuntu.com /usr/bin/cmake --build /home/antoni/gazebo_maritime_ws/build/msg_interfaces -- -j12 -l12
[1.987s] Invoking command in '/home/antoni/gazebo_maritime_ws/build/msg_interfaces': CMAKE_PREFIX_PATH=${CMAKE_PREFIX_PATH}:/opt/ros/jazzy DEBUGINFOD_URLS=https://debuginfod.ubuntu.com /usr/bin/cmake --install /home/antoni/gazebo_maritime_ws/build/msg_interfaces
[2.588s] -- Install configuration: ""
[2.588s] -- Up-to-date: /home/antoni/gazebo_maritime_ws/install/share/ament_index/resource_index/rosidl_interfaces/msg_interfaces
[2.588s] -- Up-to-date: /home/antoni/gazebo_maritime_ws/install/share/msg_interfaces/msg/InternalState.json
[2.589s] -- Up-to-date: /home/antoni/gazebo_maritime_ws/install/include/msg_interfaces/msg_interfaces
[2.589s] -- Up-to-date: /home/antoni/gazebo_maritime_ws/install/include/msg_interfaces/msg_interfaces/msg
[2.589s] -- Up-to-date: /home/antoni/gazebo_maritime_ws/install/include/msg_interfaces/msg_interfaces/msg/internal_state.h
[2.589s] -- Up-to-date: /home/antoni/gazebo_maritime_ws/install/include/msg_interfaces/msg_interfaces/msg/detail
[2.589s] -- Up-to-date: /home/antoni/gazebo_maritime_ws/install/include/msg_interfaces/msg_interfaces/msg/detail/internal_state__description.c
[2.589s] -- Up-to-date: /home/antoni/gazebo_maritime_ws/install/include/msg_interfaces/msg_interfaces/msg/detail/internal_state__functions.c
[2.601s] -- Up-to-date: /home/antoni/gazebo_maritime_ws/install/include/msg_interfaces/msg_interfaces/msg/detail/internal_state__type_support.c
[2.601s] -- Up-to-date: /home/antoni/gazebo_maritime_ws/install/include/msg_interfaces/msg_interfaces/msg/detail/internal_state__type_support.h
[2.602s] -- Up-to-date: /home/antoni/gazebo_maritime_ws/install/include/msg_interfaces/msg_interfaces/msg/detail/internal_state__struct.h
[2.602s] -- Up-to-date: /home/antoni/gazebo_maritime_ws/install/include/msg_interfaces/msg_interfaces/msg/detail/internal_state__functions.h
[2.604s] -- Up-to-date: /home/antoni/gazebo_maritime_ws/install/include/msg_interfaces/msg_interfaces/msg/rosidl_generator_c__visibility_control.h
[2.606s] -- Up-to-date: /home/antoni/gazebo_maritime_ws/install/share/msg_interfaces/environment/library_path.sh
[2.608s] -- Up-to-date: /home/antoni/gazebo_maritime_ws/install/share/msg_interfaces/environment/library_path.dsv
[2.609s] -- Up-to-date: /home/antoni/gazebo_maritime_ws/install/lib/libmsg_interfaces__rosidl_generator_c.so
[2.609s] -- Up-to-date: /home/antoni/gazebo_maritime_ws/install/include/msg_interfaces/msg_interfaces
[2.609s] -- Up-to-date: /home/antoni/gazebo_maritime_ws/install/include/msg_interfaces/msg_interfaces/msg
[2.610s] -- Up-to-date: /home/antoni/gazebo_maritime_ws/install/include/msg_interfaces/msg_interfaces/msg/detail
[2.610s] -- Up-to-date: /home/antoni/gazebo_maritime_ws/install/include/msg_interfaces/msg_interfaces/msg/detail/internal_state__rosidl_typesupport_fastrtps_c.h
[2.610s] -- Up-to-date: /home/antoni/gazebo_maritime_ws/install/include/msg_interfaces/msg_interfaces/msg/rosidl_typesupport_fastrtps_c__visibility_control.h
[2.611s] -- Up-to-date: /home/antoni/gazebo_maritime_ws/install/lib/libmsg_interfaces__rosidl_typesupport_fastrtps_c.so
[2.611s] -- Up-to-date: /home/antoni/gazebo_maritime_ws/install/include/msg_interfaces/msg_interfaces
[2.611s] -- Up-to-date: /home/antoni/gazebo_maritime_ws/install/include/msg_interfaces/msg_interfaces/msg
[2.611s] -- Up-to-date: /home/antoni/gazebo_maritime_ws/install/include/msg_interfaces/msg_interfaces/msg/detail
[2.612s] -- Up-to-date: /home/antoni/gazebo_maritime_ws/install/include/msg_interfaces/msg_interfaces/msg/detail/internal_state__rosidl_typesupport_introspection_c.h
[2.613s] -- Up-to-date: /home/antoni/gazebo_maritime_ws/install/include/msg_interfaces/msg_interfaces/msg/detail/internal_state__type_support.c
[2.613s] -- Up-to-date: /home/antoni/gazebo_maritime_ws/install/include/msg_interfaces/msg_interfaces/msg/rosidl_typesupport_introspection_c__visibility_control.h
[2.615s] -- Up-to-date: /home/antoni/gazebo_maritime_ws/install/lib/libmsg_interfaces__rosidl_typesupport_introspection_c.so
[2.616s] -- Up-to-date: /home/antoni/gazebo_maritime_ws/install/lib/libmsg_interfaces__rosidl_typesupport_c.so
[2.616s] -- Up-to-date: /home/antoni/gazebo_maritime_ws/install/include/msg_interfaces/msg_interfaces
[2.617s] -- Up-to-date: /home/antoni/gazebo_maritime_ws/install/include/msg_interfaces/msg_interfaces/msg
[2.619s] -- Up-to-date: /home/antoni/gazebo_maritime_ws/install/include/msg_interfaces/msg_interfaces/msg/internal_state.hpp
[2.621s] -- Up-to-date: /home/antoni/gazebo_maritime_ws/install/include/msg_interfaces/msg_interfaces/msg/detail
[2.622s] -- Up-to-date: /home/antoni/gazebo_maritime_ws/install/include/msg_interfaces/msg_interfaces/msg/detail/internal_state__traits.hpp
[2.622s] -- Up-to-date: /home/antoni/gazebo_maritime_ws/install/include/msg_interfaces/msg_interfaces/msg/detail/internal_state__type_support.hpp
[2.623s] -- Up-to-date: /home/antoni/gazebo_maritime_ws/install/include/msg_interfaces/msg_interfaces/msg/detail/internal_state__builder.hpp
[2.623s] -- Up-to-date: /home/antoni/gazebo_maritime_ws/install/include/msg_interfaces/msg_interfaces/msg/detail/internal_state__struct.hpp
[2.623s] -- Up-to-date: /home/antoni/gazebo_maritime_ws/install/include/msg_interfaces/msg_interfaces/msg/rosidl_generator_cpp__visibility_control.hpp
[2.623s] -- Up-to-date: /home/antoni/gazebo_maritime_ws/install/include/msg_interfaces/msg_interfaces
[2.623s] -- Up-to-date: /home/antoni/gazebo_maritime_ws/install/include/msg_interfaces/msg_interfaces/msg
[2.624s] -- Up-to-date: /home/antoni/gazebo_maritime_ws/install/include/msg_interfaces/msg_interfaces/msg/detail
[2.624s] -- Up-to-date: /home/antoni/gazebo_maritime_ws/install/include/msg_interfaces/msg_interfaces/msg/detail/internal_state__rosidl_typesupport_fastrtps_cpp.hpp
[2.624s] -- Up-to-date: /home/antoni/gazebo_maritime_ws/install/include/msg_interfaces/msg_interfaces/msg/detail/dds_fastrtps
[2.624s] -- Up-to-date: /home/antoni/gazebo_maritime_ws/install/include/msg_interfaces/msg_interfaces/msg/rosidl_typesupport_fastrtps_cpp__visibility_control.h
[2.628s] -- Up-to-date: /home/antoni/gazebo_maritime_ws/install/lib/libmsg_interfaces__rosidl_typesupport_fastrtps_cpp.so
[2.630s] -- Up-to-date: /home/antoni/gazebo_maritime_ws/install/include/msg_interfaces/msg_interfaces
[2.630s] -- Up-to-date: /home/antoni/gazebo_maritime_ws/install/include/msg_interfaces/msg_interfaces/msg
[2.630s] -- Up-to-date: /home/antoni/gazebo_maritime_ws/install/include/msg_interfaces/msg_interfaces/msg/detail
[2.631s] -- Up-to-date: /home/antoni/gazebo_maritime_ws/install/include/msg_interfaces/msg_interfaces/msg/detail/internal_state__type_support.cpp
[2.631s] -- Up-to-date: /home/antoni/gazebo_maritime_ws/install/include/msg_interfaces/msg_interfaces/msg/detail/internal_state__rosidl_typesupport_introspection_cpp.hpp
[2.631s] -- Up-to-date: /home/antoni/gazebo_maritime_ws/install/lib/libmsg_interfaces__rosidl_typesupport_introspection_cpp.so
[2.632s] -- Up-to-date: /home/antoni/gazebo_maritime_ws/install/lib/libmsg_interfaces__rosidl_typesupport_cpp.so
[2.632s] -- Up-to-date: /home/antoni/gazebo_maritime_ws/install/share/msg_interfaces/environment/pythonpath.sh
[2.632s] -- Up-to-date: /home/antoni/gazebo_maritime_ws/install/share/msg_interfaces/environment/pythonpath.dsv
[2.632s] -- Up-to-date: /home/antoni/gazebo_maritime_ws/install/lib/python3.12/site-packages/msg_interfaces-0.0.0-py3.12.egg-info
[2.633s] -- Installing: /home/antoni/gazebo_maritime_ws/install/lib/python3.12/site-packages/msg_interfaces-0.0.0-py3.12.egg-info/dependency_links.txt
[2.636s] -- Installing: /home/antoni/gazebo_maritime_ws/install/lib/python3.12/site-packages/msg_interfaces-0.0.0-py3.12.egg-info/SOURCES.txt
[2.636s] -- Installing: /home/antoni/gazebo_maritime_ws/install/lib/python3.12/site-packages/msg_interfaces-0.0.0-py3.12.egg-info/top_level.txt
[2.637s] -- Installing: /home/antoni/gazebo_maritime_ws/install/lib/python3.12/site-packages/msg_interfaces-0.0.0-py3.12.egg-info/PKG-INFO
[2.637s] -- Up-to-date: /home/antoni/gazebo_maritime_ws/install/lib/python3.12/site-packages/msg_interfaces
[2.637s] -- Up-to-date: /home/antoni/gazebo_maritime_ws/install/lib/python3.12/site-packages/msg_interfaces/_msg_interfaces_s.ep.rosidl_typesupport_introspection_c.c
[2.637s] -- Up-to-date: /home/antoni/gazebo_maritime_ws/install/lib/python3.12/site-packages/msg_interfaces/msg_interfaces_s__rosidl_typesupport_c.so
[2.638s] -- Up-to-date: /home/antoni/gazebo_maritime_ws/install/lib/python3.12/site-packages/msg_interfaces/_msg_interfaces_s.ep.rosidl_typesupport_c.c
[2.638s] -- Up-to-date: /home/antoni/gazebo_maritime_ws/install/lib/python3.12/site-packages/msg_interfaces/__init__.py
[2.638s] -- Up-to-date: /home/antoni/gazebo_maritime_ws/install/lib/python3.12/site-packages/msg_interfaces/msg
[2.638s] -- Up-to-date: /home/antoni/gazebo_maritime_ws/install/lib/python3.12/site-packages/msg_interfaces/msg/_internal_state.py
[2.639s] -- Up-to-date: /home/antoni/gazebo_maritime_ws/install/lib/python3.12/site-packages/msg_interfaces/msg/__init__.py
[2.640s] -- Up-to-date: /home/antoni/gazebo_maritime_ws/install/lib/python3.12/site-packages/msg_interfaces/msg/_internal_state_s.c
[2.641s] -- Up-to-date: /home/antoni/gazebo_maritime_ws/install/lib/python3.12/site-packages/msg_interfaces/msg_interfaces_s__rosidl_typesupport_introspection_c.so
[2.641s] -- Up-to-date: /home/antoni/gazebo_maritime_ws/install/lib/python3.12/site-packages/msg_interfaces/msg_interfaces_s__rosidl_typesupport_fastrtps_c.so
[2.642s] -- Up-to-date: /home/antoni/gazebo_maritime_ws/install/lib/python3.12/site-packages/msg_interfaces/_msg_interfaces_s.ep.rosidl_typesupport_fastrtps_c.c
[2.643s] Listing '/home/antoni/gazebo_maritime_ws/install/lib/python3.12/site-packages/msg_interfaces'...
[2.643s] Listing '/home/antoni/gazebo_maritime_ws/install/lib/python3.12/site-packages/msg_interfaces/msg'...
[2.643s] -- Up-to-date: /home/antoni/gazebo_maritime_ws/install/lib/python3.12/site-packages/msg_interfaces/msg_interfaces_s__rosidl_typesupport_fastrtps_c.so
[2.644s] -- Up-to-date: /home/antoni/gazebo_maritime_ws/install/lib/python3.12/site-packages/msg_interfaces/msg_interfaces_s__rosidl_typesupport_introspection_c.so
[2.644s] -- Up-to-date: /home/antoni/gazebo_maritime_ws/install/lib/python3.12/site-packages/msg_interfaces/msg_interfaces_s__rosidl_typesupport_c.so
[2.644s] -- Up-to-date: /home/antoni/gazebo_maritime_ws/install/lib/libmsg_interfaces__rosidl_generator_py.so
[2.645s] -- Up-to-date: /home/antoni/gazebo_maritime_ws/install/share/msg_interfaces/msg/InternalState.idl
[2.646s] -- Up-to-date: /home/antoni/gazebo_maritime_ws/install/share/msg_interfaces/msg/InternalState.msg
[2.646s] -- Up-to-date: /home/antoni/gazebo_maritime_ws/install/share/ament_index/resource_index/package_run_dependencies/msg_interfaces
[2.646s] -- Up-to-date: /home/antoni/gazebo_maritime_ws/install/share/ament_index/resource_index/parent_prefix_path/msg_interfaces
[2.647s] -- Up-to-date: /home/antoni/gazebo_maritime_ws/install/share/msg_interfaces/environment/ament_prefix_path.sh
[2.648s] -- Up-to-date: /home/antoni/gazebo_maritime_ws/install/share/msg_interfaces/environment/ament_prefix_path.dsv
[2.649s] -- Up-to-date: /home/antoni/gazebo_maritime_ws/install/share/msg_interfaces/environment/path.sh
[2.651s] -- Up-to-date: /home/antoni/gazebo_maritime_ws/install/share/msg_interfaces/environment/path.dsv
[2.652s] -- Up-to-date: /home/antoni/gazebo_maritime_ws/install/share/msg_interfaces/local_setup.bash
[2.652s] -- Up-to-date: /home/antoni/gazebo_maritime_ws/install/share/msg_interfaces/local_setup.sh
[2.654s] -- Up-to-date: /home/antoni/gazebo_maritime_ws/install/share/msg_interfaces/local_setup.zsh
[2.655s] -- Up-to-date: /home/antoni/gazebo_maritime_ws/install/share/msg_interfaces/local_setup.dsv
[2.656s] -- Installing: /home/antoni/gazebo_maritime_ws/install/share/msg_interfaces/package.dsv
[2.656s] -- Up-to-date: /home/antoni/gazebo_maritime_ws/install/share/ament_index/resource_index/packages/msg_interfaces
[2.656s] -- Up-to-date: /home/antoni/gazebo_maritime_ws/install/share/msg_interfaces/cmake/export_msg_interfaces__rosidl_generator_cExport.cmake
[2.658s] -- Up-to-date: /home/antoni/gazebo_maritime_ws/install/share/msg_interfaces/cmake/export_msg_interfaces__rosidl_generator_cExport-noconfig.cmake
[2.659s] -- Up-to-date: /home/antoni/gazebo_maritime_ws/install/share/msg_interfaces/cmake/export_msg_interfaces__rosidl_typesupport_fastrtps_cExport.cmake
[2.659s] -- Up-to-date: /home/antoni/gazebo_maritime_ws/install/share/msg_interfaces/cmake/export_msg_interfaces__rosidl_typesupport_fastrtps_cExport-noconfig.cmake
[2.659s] -- Up-to-date: /home/antoni/gazebo_maritime_ws/install/share/msg_interfaces/cmake/msg_interfaces__rosidl_typesupport_introspection_cExport.cmake
[2.660s] -- Up-to-date: /home/antoni/gazebo_maritime_ws/install/share/msg_interfaces/cmake/msg_interfaces__rosidl_typesupport_introspection_cExport-noconfig.cmake
[2.660s] -- Up-to-date: /home/antoni/gazebo_maritime_ws/install/share/msg_interfaces/cmake/msg_interfaces__rosidl_typesupport_cExport.cmake
[2.660s] -- Up-to-date: /home/antoni/gazebo_maritime_ws/install/share/msg_interfaces/cmake/msg_interfaces__rosidl_typesupport_cExport-noconfig.cmake
[2.661s] -- Up-to-date: /home/antoni/gazebo_maritime_ws/install/share/msg_interfaces/cmake/export_msg_interfaces__rosidl_generator_cppExport.cmake
[2.662s] -- Up-to-date: /home/antoni/gazebo_maritime_ws/install/share/msg_interfaces/cmake/export_msg_interfaces__rosidl_typesupport_fastrtps_cppExport.cmake
[2.664s] -- Up-to-date: /home/antoni/gazebo_maritime_ws/install/share/msg_interfaces/cmake/export_msg_interfaces__rosidl_typesupport_fastrtps_cppExport-noconfig.cmake
[2.664s] -- Up-to-date: /home/antoni/gazebo_maritime_ws/install/share/msg_interfaces/cmake/msg_interfaces__rosidl_typesupport_introspection_cppExport.cmake
[2.666s] -- Up-to-date: /home/antoni/gazebo_maritime_ws/install/share/msg_interfaces/cmake/msg_interfaces__rosidl_typesupport_introspection_cppExport-noconfig.cmake
[2.667s] -- Up-to-date: /home/antoni/gazebo_maritime_ws/install/share/msg_interfaces/cmake/msg_interfaces__rosidl_typesupport_cppExport.cmake
[2.667s] -- Up-to-date: /home/antoni/gazebo_maritime_ws/install/share/msg_interfaces/cmake/msg_interfaces__rosidl_typesupport_cppExport-noconfig.cmake
[2.668s] -- Up-to-date: /home/antoni/gazebo_maritime_ws/install/share/msg_interfaces/cmake/export_msg_interfaces__rosidl_generator_pyExport.cmake
[2.668s] -- Up-to-date: /home/antoni/gazebo_maritime_ws/install/share/msg_interfaces/cmake/export_msg_interfaces__rosidl_generator_pyExport-noconfig.cmake
[2.669s] -- Up-to-date: /home/antoni/gazebo_maritime_ws/install/share/msg_interfaces/cmake/rosidl_cmake-extras.cmake
[2.669s] -- Up-to-date: /home/antoni/gazebo_maritime_ws/install/share/msg_interfaces/cmake/ament_cmake_export_dependencies-extras.cmake
[2.669s] -- Up-to-date: /home/antoni/gazebo_maritime_ws/install/share/msg_interfaces/cmake/ament_cmake_export_include_directories-extras.cmake
[2.670s] -- Up-to-date: /home/antoni/gazebo_maritime_ws/install/share/msg_interfaces/cmake/ament_cmake_export_libraries-extras.cmake
[2.670s] -- Up-to-date: /home/antoni/gazebo_maritime_ws/install/share/msg_interfaces/cmake/ament_cmake_export_targets-extras.cmake
[2.670s] -- Up-to-date: /home/antoni/gazebo_maritime_ws/install/share/msg_interfaces/cmake/rosidl_cmake_export_typesupport_targets-extras.cmake
[2.671s] -- Up-to-date: /home/antoni/gazebo_maritime_ws/install/share/msg_interfaces/cmake/rosidl_cmake_export_typesupport_libraries-extras.cmake
[2.671s] -- Up-to-date: /home/antoni/gazebo_maritime_ws/install/share/msg_interfaces/cmake/msg_interfacesConfig.cmake
[2.672s] -- Up-to-date: /home/antoni/gazebo_maritime_ws/install/share/msg_interfaces/cmake/msg_interfacesConfig-version.cmake
[2.673s] -- Up-to-date: /home/antoni/gazebo_maritime_ws/install/share/msg_interfaces/package.xml
[2.725s] Invoked command in '/home/antoni/gazebo_maritime_ws/build/msg_interfaces' returned '0': CMAKE_PREFIX_PATH=${CMAKE_PREFIX_PATH}:/opt/ros/jazzy DEBUGINFOD_URLS=https://debuginfod.ubuntu.com /usr/bin/cmake --install /home/antoni/gazebo_maritime_ws/build/msg_interfaces
