[0.111s] DEBUG:colcon:Command line arguments: ['/usr/bin/colcon', 'build', '--merge-install', '--packages-select', 'research']
[0.112s] DEBUG:colcon:Parsed command line arguments: Namespace(log_base=None, log_level=None, verb_name='build', build_base='build', install_base='install', merge_install=True, symlink_install=False, test_result_base=None, continue_on_error=False, executor='parallel', parallel_workers=12, event_handlers=None, ignore_user_meta=False, metas=['./colcon.meta'], base_paths=['.'], packages_ignore=None, packages_ignore_regex=None, paths=None, packages_up_to=None, packages_up_to_regex=None, packages_above=None, packages_above_and_dependencies=None, packages_above_depth=None, packages_select_by_dep=None, packages_skip_by_dep=None, packages_skip_up_to=None, packages_select_build_failed=False, packages_skip_build_finished=False, packages_select_test_failures=False, packages_skip_test_passed=False, packages_select=['research'], packages_skip=None, packages_select_regex=None, packages_skip_regex=None, packages_start=None, packages_end=None, allow_overriding=[], cmake_args=None, cmake_target=None, cmake_target_skip_unavailable=False, cmake_clean_cache=False, cmake_clean_first=False, cmake_force_configure=False, ament_cmake_args=None, catkin_cmake_args=None, catkin_skip_building_tests=False, mixin_files=None, mixin=None, verb_parser=<colcon_mixin.mixin.mixin_argument.MixinArgumentDecorator object at 0x7174473a4c50>, verb_extension=<colcon_core.verb.build.BuildVerb object at 0x7174474c8d10>, main=<bound method BuildVerb.main of <colcon_core.verb.build.BuildVerb object at 0x7174474c8d10>>, mixin_verb=('build',))
[0.144s] Level 1:colcon.colcon_core.package_discovery:discover_packages(colcon_meta) check parameters
[0.145s] Level 1:colcon.colcon_core.package_discovery:discover_packages(recursive) check parameters
[0.145s] Level 1:colcon.colcon_core.package_discovery:discover_packages(ignore) check parameters
[0.145s] Level 1:colcon.colcon_core.package_discovery:discover_packages(path) check parameters
[0.145s] Level 1:colcon.colcon_core.package_discovery:discover_packages(colcon_meta) discover
[0.145s] Level 1:colcon.colcon_core.package_discovery:discover_packages(recursive) discover
[0.145s] INFO:colcon.colcon_core.package_discovery:Crawling recursively for packages in '/home/antoni/gazebo_maritime_ws'
[0.145s] Level 1:colcon.colcon_core.package_identification:_identify(.) by extensions ['ignore', 'ignore_ament_install']
[0.145s] Level 1:colcon.colcon_core.package_identification:_identify(.) by extension 'ignore'
[0.145s] Level 1:colcon.colcon_core.package_identification:_identify(.) by extension 'ignore_ament_install'
[0.145s] Level 1:colcon.colcon_core.package_identification:_identify(.) by extensions ['colcon_pkg']
[0.145s] Level 1:colcon.colcon_core.package_identification:_identify(.) by extension 'colcon_pkg'
[0.145s] Level 1:colcon.colcon_core.package_identification:_identify(.) by extensions ['colcon_meta']
[0.145s] Level 1:colcon.colcon_core.package_identification:_identify(.) by extension 'colcon_meta'
[0.145s] Level 1:colcon.colcon_core.package_identification:_identify(.) by extensions ['ros']
[0.145s] Level 1:colcon.colcon_core.package_identification:_identify(.) by extension 'ros'
[0.167s] Level 1:colcon.colcon_core.package_identification:_identify(.) by extensions ['cmake', 'python']
[0.167s] Level 1:colcon.colcon_core.package_identification:_identify(.) by extension 'cmake'
[0.167s] Level 1:colcon.colcon_core.package_identification:_identify(.) by extension 'python'
[0.167s] Level 1:colcon.colcon_core.package_identification:_identify(.) by extensions ['python_setup_py']
[0.167s] Level 1:colcon.colcon_core.package_identification:_identify(.) by extension 'python_setup_py'
[0.167s] Level 1:colcon.colcon_core.package_identification:_identify(build) by extensions ['ignore', 'ignore_ament_install']
[0.167s] Level 1:colcon.colcon_core.package_identification:_identify(build) by extension 'ignore'
[0.167s] Level 1:colcon.colcon_core.package_identification:_identify(build) ignored
[0.167s] Level 1:colcon.colcon_core.package_identification:_identify(install) by extensions ['ignore', 'ignore_ament_install']
[0.167s] Level 1:colcon.colcon_core.package_identification:_identify(install) by extension 'ignore'
[0.167s] Level 1:colcon.colcon_core.package_identification:_identify(install) ignored
[0.167s] Level 1:colcon.colcon_core.package_identification:_identify(log) by extensions ['ignore', 'ignore_ament_install']
[0.167s] Level 1:colcon.colcon_core.package_identification:_identify(log) by extension 'ignore'
[0.167s] Level 1:colcon.colcon_core.package_identification:_identify(log) ignored
[0.168s] Level 1:colcon.colcon_core.package_identification:_identify(src) by extensions ['ignore', 'ignore_ament_install']
[0.168s] Level 1:colcon.colcon_core.package_identification:_identify(src) by extension 'ignore'
[0.168s] Level 1:colcon.colcon_core.package_identification:_identify(src) by extension 'ignore_ament_install'
[0.168s] Level 1:colcon.colcon_core.package_identification:_identify(src) by extensions ['colcon_pkg']
[0.168s] Level 1:colcon.colcon_core.package_identification:_identify(src) by extension 'colcon_pkg'
[0.168s] Level 1:colcon.colcon_core.package_identification:_identify(src) by extensions ['colcon_meta']
[0.168s] Level 1:colcon.colcon_core.package_identification:_identify(src) by extension 'colcon_meta'
[0.168s] Level 1:colcon.colcon_core.package_identification:_identify(src) by extensions ['ros']
[0.168s] Level 1:colcon.colcon_core.package_identification:_identify(src) by extension 'ros'
[0.168s] Level 1:colcon.colcon_core.package_identification:_identify(src) by extensions ['cmake', 'python']
[0.168s] Level 1:colcon.colcon_core.package_identification:_identify(src) by extension 'cmake'
[0.168s] Level 1:colcon.colcon_core.package_identification:_identify(src) by extension 'python'
[0.168s] Level 1:colcon.colcon_core.package_identification:_identify(src) by extensions ['python_setup_py']
[0.168s] Level 1:colcon.colcon_core.package_identification:_identify(src) by extension 'python_setup_py'
[0.168s] Level 1:colcon.colcon_core.package_identification:_identify(src/autopilot) by extensions ['ignore', 'ignore_ament_install']
[0.168s] Level 1:colcon.colcon_core.package_identification:_identify(src/autopilot) by extension 'ignore'
[0.168s] Level 1:colcon.colcon_core.package_identification:_identify(src/autopilot) by extension 'ignore_ament_install'
[0.168s] Level 1:colcon.colcon_core.package_identification:_identify(src/autopilot) by extensions ['colcon_pkg']
[0.168s] Level 1:colcon.colcon_core.package_identification:_identify(src/autopilot) by extension 'colcon_pkg'
[0.168s] Level 1:colcon.colcon_core.package_identification:_identify(src/autopilot) by extensions ['colcon_meta']
[0.168s] Level 1:colcon.colcon_core.package_identification:_identify(src/autopilot) by extension 'colcon_meta'
[0.168s] Level 1:colcon.colcon_core.package_identification:_identify(src/autopilot) by extensions ['ros']
[0.168s] Level 1:colcon.colcon_core.package_identification:_identify(src/autopilot) by extension 'ros'
[0.171s] DEBUG:colcon.colcon_core.package_identification:Package 'src/autopilot' with type 'ros.ament_python' and name 'autopilot'
[0.171s] Level 1:colcon.colcon_core.package_identification:_identify(src/build) by extensions ['ignore', 'ignore_ament_install']
[0.171s] Level 1:colcon.colcon_core.package_identification:_identify(src/build) by extension 'ignore'
[0.171s] Level 1:colcon.colcon_core.package_identification:_identify(src/build) ignored
[0.171s] Level 1:colcon.colcon_core.package_identification:_identify(src/gazebo_maritime) by extensions ['ignore', 'ignore_ament_install']
[0.171s] Level 1:colcon.colcon_core.package_identification:_identify(src/gazebo_maritime) by extension 'ignore'
[0.171s] Level 1:colcon.colcon_core.package_identification:_identify(src/gazebo_maritime) by extension 'ignore_ament_install'
[0.171s] Level 1:colcon.colcon_core.package_identification:_identify(src/gazebo_maritime) by extensions ['colcon_pkg']
[0.171s] Level 1:colcon.colcon_core.package_identification:_identify(src/gazebo_maritime) by extension 'colcon_pkg'
[0.171s] Level 1:colcon.colcon_core.package_identification:_identify(src/gazebo_maritime) by extensions ['colcon_meta']
[0.171s] Level 1:colcon.colcon_core.package_identification:_identify(src/gazebo_maritime) by extension 'colcon_meta'
[0.171s] Level 1:colcon.colcon_core.package_identification:_identify(src/gazebo_maritime) by extensions ['ros']
[0.171s] Level 1:colcon.colcon_core.package_identification:_identify(src/gazebo_maritime) by extension 'ros'
[0.172s] Level 1:colcon.colcon_core.package_identification:_identify(src/gazebo_maritime) by extensions ['cmake', 'python']
[0.172s] Level 1:colcon.colcon_core.package_identification:_identify(src/gazebo_maritime) by extension 'cmake'
[0.173s] Level 1:colcon.colcon_core.package_identification:_identify(src/gazebo_maritime) by extension 'python'
[0.173s] DEBUG:colcon.colcon_core.package_identification:Package 'src/gazebo_maritime' with type 'cmake' and name 'gazebo_maritime'
[0.173s] Level 1:colcon.colcon_core.package_identification:_identify(src/install) by extensions ['ignore', 'ignore_ament_install']
[0.173s] Level 1:colcon.colcon_core.package_identification:_identify(src/install) by extension 'ignore'
[0.173s] Level 1:colcon.colcon_core.package_identification:_identify(src/install) ignored
[0.173s] Level 1:colcon.colcon_core.package_identification:_identify(src/log) by extensions ['ignore', 'ignore_ament_install']
[0.173s] Level 1:colcon.colcon_core.package_identification:_identify(src/log) by extension 'ignore'
[0.173s] Level 1:colcon.colcon_core.package_identification:_identify(src/log) ignored
[0.173s] Level 1:colcon.colcon_core.package_identification:_identify(src/propeller_controller) by extensions ['ignore', 'ignore_ament_install']
[0.173s] Level 1:colcon.colcon_core.package_identification:_identify(src/propeller_controller) by extension 'ignore'
[0.173s] Level 1:colcon.colcon_core.package_identification:_identify(src/propeller_controller) by extension 'ignore_ament_install'
[0.173s] Level 1:colcon.colcon_core.package_identification:_identify(src/propeller_controller) by extensions ['colcon_pkg']
[0.173s] Level 1:colcon.colcon_core.package_identification:_identify(src/propeller_controller) by extension 'colcon_pkg'
[0.173s] Level 1:colcon.colcon_core.package_identification:_identify(src/propeller_controller) by extensions ['colcon_meta']
[0.173s] Level 1:colcon.colcon_core.package_identification:_identify(src/propeller_controller) by extension 'colcon_meta'
[0.173s] Level 1:colcon.colcon_core.package_identification:_identify(src/propeller_controller) by extensions ['ros']
[0.173s] Level 1:colcon.colcon_core.package_identification:_identify(src/propeller_controller) by extension 'ros'
[0.174s] DEBUG:colcon.colcon_core.package_identification:Package 'src/propeller_controller' with type 'ros.ament_python' and name 'propeller_controller'
[0.174s] Level 1:colcon.colcon_core.package_identification:_identify(src/research) by extensions ['ignore', 'ignore_ament_install']
[0.174s] Level 1:colcon.colcon_core.package_identification:_identify(src/research) by extension 'ignore'
[0.174s] Level 1:colcon.colcon_core.package_identification:_identify(src/research) by extension 'ignore_ament_install'
[0.174s] Level 1:colcon.colcon_core.package_identification:_identify(src/research) by extensions ['colcon_pkg']
[0.174s] Level 1:colcon.colcon_core.package_identification:_identify(src/research) by extension 'colcon_pkg'
[0.174s] Level 1:colcon.colcon_core.package_identification:_identify(src/research) by extensions ['colcon_meta']
[0.174s] Level 1:colcon.colcon_core.package_identification:_identify(src/research) by extension 'colcon_meta'
[0.174s] Level 1:colcon.colcon_core.package_identification:_identify(src/research) by extensions ['ros']
[0.174s] Level 1:colcon.colcon_core.package_identification:_identify(src/research) by extension 'ros'
[0.175s] DEBUG:colcon.colcon_core.package_identification:Package 'src/research' with type 'ros.ament_python' and name 'research'
[0.175s] Level 1:colcon.colcon_core.package_identification:_identify(src/ros_gz_bridge_custom) by extensions ['ignore', 'ignore_ament_install']
[0.175s] Level 1:colcon.colcon_core.package_identification:_identify(src/ros_gz_bridge_custom) by extension 'ignore'
[0.175s] Level 1:colcon.colcon_core.package_identification:_identify(src/ros_gz_bridge_custom) by extension 'ignore_ament_install'
[0.175s] Level 1:colcon.colcon_core.package_identification:_identify(src/ros_gz_bridge_custom) by extensions ['colcon_pkg']
[0.175s] Level 1:colcon.colcon_core.package_identification:_identify(src/ros_gz_bridge_custom) by extension 'colcon_pkg'
[0.175s] Level 1:colcon.colcon_core.package_identification:_identify(src/ros_gz_bridge_custom) by extensions ['colcon_meta']
[0.175s] Level 1:colcon.colcon_core.package_identification:_identify(src/ros_gz_bridge_custom) by extension 'colcon_meta'
[0.175s] Level 1:colcon.colcon_core.package_identification:_identify(src/ros_gz_bridge_custom) by extensions ['ros']
[0.175s] Level 1:colcon.colcon_core.package_identification:_identify(src/ros_gz_bridge_custom) by extension 'ros'
[0.176s] DEBUG:colcon.colcon_core.package_identification:Package 'src/ros_gz_bridge_custom' with type 'ros.ament_python' and name 'ros_gz_bridge_custom'
[0.176s] Level 1:colcon.colcon_core.package_discovery:discover_packages(recursive) using defaults
[0.176s] Level 1:colcon.colcon_core.package_discovery:discover_packages(ignore) discover
[0.176s] Level 1:colcon.colcon_core.package_discovery:discover_packages(ignore) using defaults
[0.176s] Level 1:colcon.colcon_core.package_discovery:discover_packages(path) discover
[0.176s] Level 1:colcon.colcon_core.package_discovery:discover_packages(path) using defaults
[0.188s] INFO:colcon.colcon_core.package_selection:Skipping not selected package 'autopilot' in 'src/autopilot'
[0.188s] INFO:colcon.colcon_core.package_selection:Skipping not selected package 'gazebo_maritime' in 'src/gazebo_maritime'
[0.188s] INFO:colcon.colcon_core.package_selection:Skipping not selected package 'propeller_controller' in 'src/propeller_controller'
[0.188s] INFO:colcon.colcon_core.package_selection:Skipping not selected package 'ros_gz_bridge_custom' in 'src/ros_gz_bridge_custom'
[0.189s] Level 1:colcon.colcon_core.package_discovery:discover_packages(prefix_path) check parameters
[0.189s] Level 1:colcon.colcon_core.package_discovery:discover_packages(prefix_path) discover
[0.189s] DEBUG:colcon.colcon_installed_package_information.package_discovery:Found 5 installed packages in /home/antoni/gazebo_maritime_ws/install
[0.190s] DEBUG:colcon.colcon_installed_package_information.package_discovery:Found 288 installed packages in /opt/ros/jazzy
[0.191s] Level 1:colcon.colcon_core.package_discovery:discover_packages(prefix_path) using defaults
[0.228s] Level 5:colcon.colcon_core.verb:set package 'research' build argument 'cmake_args' from command line to 'None'
[0.228s] Level 5:colcon.colcon_core.verb:set package 'research' build argument 'cmake_target' from command line to 'None'
[0.228s] Level 5:colcon.colcon_core.verb:set package 'research' build argument 'cmake_target_skip_unavailable' from command line to 'False'
[0.228s] Level 5:colcon.colcon_core.verb:set package 'research' build argument 'cmake_clean_cache' from command line to 'False'
[0.228s] Level 5:colcon.colcon_core.verb:set package 'research' build argument 'cmake_clean_first' from command line to 'False'
[0.228s] Level 5:colcon.colcon_core.verb:set package 'research' build argument 'cmake_force_configure' from command line to 'False'
[0.228s] Level 5:colcon.colcon_core.verb:set package 'research' build argument 'ament_cmake_args' from command line to 'None'
[0.228s] Level 5:colcon.colcon_core.verb:set package 'research' build argument 'catkin_cmake_args' from command line to 'None'
[0.228s] Level 5:colcon.colcon_core.verb:set package 'research' build argument 'catkin_skip_building_tests' from command line to 'False'
[0.228s] DEBUG:colcon.colcon_core.verb:Building package 'research' with the following arguments: {'ament_cmake_args': None, 'build_base': '/home/antoni/gazebo_maritime_ws/build/research', 'catkin_cmake_args': None, 'catkin_skip_building_tests': False, 'cmake_args': None, 'cmake_clean_cache': False, 'cmake_clean_first': False, 'cmake_force_configure': False, 'cmake_target': None, 'cmake_target_skip_unavailable': False, 'install_base': '/home/antoni/gazebo_maritime_ws/install', 'merge_install': True, 'path': '/home/antoni/gazebo_maritime_ws/src/research', 'symlink_install': False, 'test_result_base': None}
[0.228s] INFO:colcon.colcon_core.executor:Executing jobs using 'parallel' executor
[0.229s] DEBUG:colcon.colcon_parallel_executor.executor.parallel:run_until_complete
[0.229s] INFO:colcon.colcon_ros.task.ament_python.build:Building ROS package in '/home/antoni/gazebo_maritime_ws/src/research' with build type 'ament_python'
[0.229s] Level 1:colcon.colcon_core.shell:create_environment_hook('research', 'ament_prefix_path')
[0.230s] INFO:colcon.colcon_core.plugin_system:Skipping extension 'colcon_core.shell.bat': Not used on non-Windows systems
[0.230s] INFO:colcon.colcon_core.shell:Creating environment hook '/home/antoni/gazebo_maritime_ws/install/share/research/hook/ament_prefix_path.ps1'
[0.231s] INFO:colcon.colcon_core.shell:Creating environment descriptor '/home/antoni/gazebo_maritime_ws/install/share/research/hook/ament_prefix_path.dsv'
[0.231s] INFO:colcon.colcon_core.shell:Creating environment hook '/home/antoni/gazebo_maritime_ws/install/share/research/hook/ament_prefix_path.sh'
[0.232s] INFO:colcon.colcon_core.shell:Skip shell extension 'powershell' for command environment: Not usable outside of PowerShell
[0.232s] DEBUG:colcon.colcon_core.shell:Skip shell extension 'dsv' for command environment
[0.417s] INFO:colcon.colcon_core.task.python.build:Building Python package in '/home/antoni/gazebo_maritime_ws/src/research'
[0.417s] INFO:colcon.colcon_core.shell:Skip shell extension 'powershell' for command environment: Not usable outside of PowerShell
[0.417s] DEBUG:colcon.colcon_core.shell:Skip shell extension 'dsv' for command environment
[1.021s] DEBUG:colcon.colcon_core.event_handler.log_command:Invoking command in '/home/antoni/gazebo_maritime_ws/src/research': DEBUGINFOD_URLS=https://debuginfod.ubuntu.com PYTHONPATH=/home/antoni/gazebo_maritime_ws/build/research/prefix_override:/usr/lib/python3/dist-packages/colcon_core/task/python/colcon_distutils_commands:/home/antoni/gazebo_maritime_ws/install/lib/python3.12/site-packages:${PYTHONPATH} /usr/bin/python3 -W ignore:setup.py install is deprecated -W ignore:easy_install command is deprecated setup.py egg_info --egg-base ../../build/research build --build-base /home/antoni/gazebo_maritime_ws/build/research/build install --record /home/antoni/gazebo_maritime_ws/build/research/install.log --single-version-externally-managed install_data
[1.558s] DEBUG:colcon.colcon_core.event_handler.log_command:Invoked command in '/home/antoni/gazebo_maritime_ws/src/research' returned '0': DEBUGINFOD_URLS=https://debuginfod.ubuntu.com PYTHONPATH=/home/antoni/gazebo_maritime_ws/build/research/prefix_override:/usr/lib/python3/dist-packages/colcon_core/task/python/colcon_distutils_commands:/home/antoni/gazebo_maritime_ws/install/lib/python3.12/site-packages:${PYTHONPATH} /usr/bin/python3 -W ignore:setup.py install is deprecated -W ignore:easy_install command is deprecated setup.py egg_info --egg-base ../../build/research build --build-base /home/antoni/gazebo_maritime_ws/build/research/build install --record /home/antoni/gazebo_maritime_ws/build/research/install.log --single-version-externally-managed install_data
[1.563s] Level 1:colcon.colcon_core.environment:checking '/home/antoni/gazebo_maritime_ws/install' for CMake module files
[1.566s] Level 1:colcon.colcon_core.environment:checking '/home/antoni/gazebo_maritime_ws/install' for CMake config files
[1.570s] Level 1:colcon.colcon_core.environment:checking '/home/antoni/gazebo_maritime_ws/install/lib'
[1.571s] Level 1:colcon.colcon_core.shell:create_environment_hook('research', 'ld_library_path_lib')
[1.572s] INFO:colcon.colcon_core.shell:Creating environment hook '/home/antoni/gazebo_maritime_ws/install/share/research/hook/ld_library_path_lib.ps1'
[1.574s] INFO:colcon.colcon_core.shell:Creating environment descriptor '/home/antoni/gazebo_maritime_ws/install/share/research/hook/ld_library_path_lib.dsv'
[1.576s] INFO:colcon.colcon_core.shell:Creating environment hook '/home/antoni/gazebo_maritime_ws/install/share/research/hook/ld_library_path_lib.sh'
[1.578s] Level 1:colcon.colcon_core.environment:checking '/home/antoni/gazebo_maritime_ws/install/bin'
[1.579s] Level 1:colcon.colcon_core.environment:checking '/home/antoni/gazebo_maritime_ws/install/lib/pkgconfig/research.pc'
[1.580s] Level 1:colcon.colcon_core.environment:checking '/home/antoni/gazebo_maritime_ws/install/lib/python3.12/site-packages'
[1.581s] Level 1:colcon.colcon_core.shell:create_environment_hook('research', 'pythonpath')
[1.582s] INFO:colcon.colcon_core.shell:Creating environment hook '/home/antoni/gazebo_maritime_ws/install/share/research/hook/pythonpath.ps1'
[1.583s] INFO:colcon.colcon_core.shell:Creating environment descriptor '/home/antoni/gazebo_maritime_ws/install/share/research/hook/pythonpath.dsv'
[1.584s] INFO:colcon.colcon_core.shell:Creating environment hook '/home/antoni/gazebo_maritime_ws/install/share/research/hook/pythonpath.sh'
[1.587s] Level 1:colcon.colcon_core.environment:checking '/home/antoni/gazebo_maritime_ws/install/bin'
[1.587s] Level 1:colcon.colcon_core.environment:create_environment_scripts_only(research)
[1.588s] INFO:colcon.colcon_core.shell:Creating package script '/home/antoni/gazebo_maritime_ws/install/share/research/package.ps1'
[1.589s] INFO:colcon.colcon_core.shell:Creating package descriptor '/home/antoni/gazebo_maritime_ws/install/share/research/package.dsv'
[1.590s] INFO:colcon.colcon_core.shell:Creating package script '/home/antoni/gazebo_maritime_ws/install/share/research/package.sh'
[1.591s] INFO:colcon.colcon_core.shell:Creating package script '/home/antoni/gazebo_maritime_ws/install/share/research/package.bash'
[1.592s] INFO:colcon.colcon_core.shell:Creating package script '/home/antoni/gazebo_maritime_ws/install/share/research/package.zsh'
[1.593s] Level 1:colcon.colcon_core.environment:create_file_with_runtime_dependencies(/home/antoni/gazebo_maritime_ws/install/share/colcon-core/packages/research)
[1.593s] DEBUG:colcon.colcon_parallel_executor.executor.parallel:closing loop
[1.594s] DEBUG:colcon.colcon_parallel_executor.executor.parallel:loop closed
[1.594s] DEBUG:colcon.colcon_parallel_executor.executor.parallel:run_until_complete finished with '0'
[1.594s] DEBUG:colcon.colcon_core.event_reactor:joining thread
[1.599s] INFO:colcon.colcon_core.plugin_system:Skipping extension 'colcon_notification.desktop_notification.terminal_notifier': Not used on non-Darwin systems
[1.599s] INFO:colcon.colcon_core.plugin_system:Skipping extension 'colcon_notification.desktop_notification.win32': Not used on non-Windows systems
[1.599s] INFO:colcon.colcon_notification.desktop_notification:Sending desktop notification using 'notify2'
[1.634s] DEBUG:colcon.colcon_core.event_reactor:joined thread
[1.636s] INFO:colcon.colcon_core.shell:Creating prefix script '/home/antoni/gazebo_maritime_ws/install/local_setup.ps1'
[1.638s] INFO:colcon.colcon_core.shell:Creating prefix util module '/home/antoni/gazebo_maritime_ws/install/_local_setup_util_ps1.py'
[1.641s] INFO:colcon.colcon_core.shell:Creating prefix chain script '/home/antoni/gazebo_maritime_ws/install/setup.ps1'
[1.642s] INFO:colcon.colcon_core.shell:Creating prefix script '/home/antoni/gazebo_maritime_ws/install/local_setup.sh'
[1.644s] INFO:colcon.colcon_core.shell:Creating prefix util module '/home/antoni/gazebo_maritime_ws/install/_local_setup_util_sh.py'
[1.645s] INFO:colcon.colcon_core.shell:Creating prefix chain script '/home/antoni/gazebo_maritime_ws/install/setup.sh'
[1.647s] INFO:colcon.colcon_core.shell:Creating prefix script '/home/antoni/gazebo_maritime_ws/install/local_setup.bash'
[1.648s] INFO:colcon.colcon_core.shell:Creating prefix chain script '/home/antoni/gazebo_maritime_ws/install/setup.bash'
[1.650s] INFO:colcon.colcon_core.shell:Creating prefix script '/home/antoni/gazebo_maritime_ws/install/local_setup.zsh'
[1.651s] INFO:colcon.colcon_core.shell:Creating prefix chain script '/home/antoni/gazebo_maritime_ws/install/setup.zsh'
