[3.783s] Invoking command in '/home/antoni/gazebo_maritime_ws/src/ros_gz_bridge_custom': DEBUGINFOD_URLS=https://debuginfod.ubuntu.com PYTHONPATH=/home/antoni/gazebo_maritime_ws/build/ros_gz_bridge_custom/prefix_override:/usr/lib/python3/dist-packages/colcon_core/task/python/colcon_distutils_commands:/home/antoni/gazebo_maritime_ws/install/lib/python3.12/site-packages:${PYTHONPATH} /usr/bin/python3 -W ignore:setup.py install is deprecated -W ignore:easy_install command is deprecated setup.py egg_info --egg-base ../../build/ros_gz_bridge_custom build --build-base /home/antoni/gazebo_maritime_ws/build/ros_gz_bridge_custom/build install --record /home/antoni/gazebo_maritime_ws/build/ros_gz_bridge_custom/install.log --single-version-externally-managed install_data
[4.337s] running egg_info
[4.362s] writing ../../build/ros_gz_bridge_custom/ros_gz_bridge_custom.egg-info/PKG-INFO
[4.363s] writing dependency_links to ../../build/ros_gz_bridge_custom/ros_gz_bridge_custom.egg-info/dependency_links.txt
[4.364s] writing entry points to ../../build/ros_gz_bridge_custom/ros_gz_bridge_custom.egg-info/entry_points.txt
[4.364s] writing requirements to ../../build/ros_gz_bridge_custom/ros_gz_bridge_custom.egg-info/requires.txt
[4.364s] writing top-level names to ../../build/ros_gz_bridge_custom/ros_gz_bridge_custom.egg-info/top_level.txt
[4.450s] reading manifest file '../../build/ros_gz_bridge_custom/ros_gz_bridge_custom.egg-info/SOURCES.txt'
[4.451s] writing manifest file '../../build/ros_gz_bridge_custom/ros_gz_bridge_custom.egg-info/SOURCES.txt'
[4.452s] running build
[4.452s] running build_py
[4.453s] running install
[4.464s] running install_lib
[4.498s] running install_data
[4.499s] running install_egg_info
[4.535s] removing '/home/antoni/gazebo_maritime_ws/install/lib/python3.12/site-packages/ros_gz_bridge_custom-0.0.0-py3.12.egg-info' (and everything under it)
[4.535s] Copying ../../build/ros_gz_bridge_custom/ros_gz_bridge_custom.egg-info to /home/antoni/gazebo_maritime_ws/install/lib/python3.12/site-packages/ros_gz_bridge_custom-0.0.0-py3.12.egg-info
[4.537s] running install_scripts
[4.739s] Installing bridge_node script to /home/antoni/gazebo_maritime_ws/install/lib/ros_gz_bridge_custom
[4.739s] writing list of installed files to '/home/antoni/gazebo_maritime_ws/build/ros_gz_bridge_custom/install.log'
[4.844s] Invoked command in '/home/antoni/gazebo_maritime_ws/src/ros_gz_bridge_custom' returned '0': DEBUGINFOD_URLS=https://debuginfod.ubuntu.com PYTHONPATH=/home/antoni/gazebo_maritime_ws/build/ros_gz_bridge_custom/prefix_override:/usr/lib/python3/dist-packages/colcon_core/task/python/colcon_distutils_commands:/home/antoni/gazebo_maritime_ws/install/lib/python3.12/site-packages:${PYTHONPATH} /usr/bin/python3 -W ignore:setup.py install is deprecated -W ignore:easy_install command is deprecated setup.py egg_info --egg-base ../../build/ros_gz_bridge_custom build --build-base /home/antoni/gazebo_maritime_ws/build/ros_gz_bridge_custom/build install --record /home/antoni/gazebo_maritime_ws/build/ros_gz_bridge_custom/install.log --single-version-externally-managed install_data
