[3.526s] Invoking command in '/home/antoni/gazebo_maritime_ws/src/autopilot': DEBUGINFOD_URLS=https://debuginfod.ubuntu.com PYTHONPATH=/home/antoni/gazebo_maritime_ws/build/autopilot/prefix_override:/usr/lib/python3/dist-packages/colcon_core/task/python/colcon_distutils_commands:/home/antoni/gazebo_maritime_ws/install/lib/python3.12/site-packages:${PYTHONPATH} /usr/bin/python3 -W ignore:setup.py install is deprecated -W ignore:easy_install command is deprecated setup.py egg_info --egg-base ../../build/autopilot build --build-base /home/antoni/gazebo_maritime_ws/build/autopilot/build install --record /home/antoni/gazebo_maritime_ws/build/autopilot/install.log --single-version-externally-managed install_data
[4.143s] running egg_info
[4.169s] writing ../../build/autopilot/autopilot.egg-info/PKG-INFO
[4.170s] writing dependency_links to ../../build/autopilot/autopilot.egg-info/dependency_links.txt
[4.170s] writing entry points to ../../build/autopilot/autopilot.egg-info/entry_points.txt
[4.170s] writing requirements to ../../build/autopilot/autopilot.egg-info/requires.txt
[4.170s] writing top-level names to ../../build/autopilot/autopilot.egg-info/top_level.txt
[4.247s] reading manifest file '../../build/autopilot/autopilot.egg-info/SOURCES.txt'
[4.249s] writing manifest file '../../build/autopilot/autopilot.egg-info/SOURCES.txt'
[4.250s] running build
[4.250s] running build_py
[4.252s] running install
[4.263s] running install_lib
[4.302s] running install_data
[4.302s] running install_egg_info
[4.342s] removing '/home/antoni/gazebo_maritime_ws/install/lib/python3.12/site-packages/autopilot-0.0.0-py3.12.egg-info' (and everything under it)
[4.342s] Copying ../../build/autopilot/autopilot.egg-info to /home/antoni/gazebo_maritime_ws/install/lib/python3.12/site-packages/autopilot-0.0.0-py3.12.egg-info
[4.342s] running install_scripts
[4.564s] Installing add_markers script to /home/antoni/gazebo_maritime_ws/install/lib/autopilot
[4.565s] Installing azimuth script to /home/antoni/gazebo_maritime_ws/install/lib/autopilot
[4.565s] Installing checkpoints script to /home/antoni/gazebo_maritime_ws/install/lib/autopilot
[4.565s] Installing compass script to /home/antoni/gazebo_maritime_ws/install/lib/autopilot
[4.565s] Installing kalman script to /home/antoni/gazebo_maritime_ws/install/lib/autopilot
[4.565s] Installing los script to /home/antoni/gazebo_maritime_ws/install/lib/autopilot
[4.566s] writing list of installed files to '/home/antoni/gazebo_maritime_ws/build/autopilot/install.log'
[4.712s] Invoked command in '/home/antoni/gazebo_maritime_ws/src/autopilot' returned '0': DEBUGINFOD_URLS=https://debuginfod.ubuntu.com PYTHONPATH=/home/antoni/gazebo_maritime_ws/build/autopilot/prefix_override:/usr/lib/python3/dist-packages/colcon_core/task/python/colcon_distutils_commands:/home/antoni/gazebo_maritime_ws/install/lib/python3.12/site-packages:${PYTHONPATH} /usr/bin/python3 -W ignore:setup.py install is deprecated -W ignore:easy_install command is deprecated setup.py egg_info --egg-base ../../build/autopilot build --build-base /home/antoni/gazebo_maritime_ws/build/autopilot/build install --record /home/antoni/gazebo_maritime_ws/build/autopilot/install.log --single-version-externally-managed install_data
