[1.729s] Invoking command in '/home/antoni/gazebo_maritime_ws/src/autopilot': DEBUGINFOD_URLS=https://debuginfod.ubuntu.com PYTHONPATH=/home/antoni/gazebo_maritime_ws/build/autopilot/prefix_override:/usr/lib/python3/dist-packages/colcon_core/task/python/colcon_distutils_commands:/home/antoni/gazebo_maritime_ws/install/lib/python3.12/site-packages:${PYTHONPATH} /usr/bin/python3 -W ignore:setup.py install is deprecated -W ignore:easy_install command is deprecated setup.py egg_info --egg-base ../../build/autopilot build --build-base /home/antoni/gazebo_maritime_ws/build/autopilot/build install --record /home/antoni/gazebo_maritime_ws/build/autopilot/install.log --single-version-externally-managed install_data
[1.942s] running egg_info
[1.955s] writing ../../build/autopilot/autopilot.egg-info/PKG-INFO
[1.957s] writing dependency_links to ../../build/autopilot/autopilot.egg-info/dependency_links.txt
[1.957s] writing entry points to ../../build/autopilot/autopilot.egg-info/entry_points.txt
[1.957s] writing requirements to ../../build/autopilot/autopilot.egg-info/requires.txt
[1.957s] writing top-level names to ../../build/autopilot/autopilot.egg-info/top_level.txt
[1.983s] reading manifest file '../../build/autopilot/autopilot.egg-info/SOURCES.txt'
[1.983s] writing manifest file '../../build/autopilot/autopilot.egg-info/SOURCES.txt'
[1.984s] running build
[1.984s] running build_py
[1.984s] copying autopilot/los.py -> /home/antoni/gazebo_maritime_ws/build/autopilot/build/lib/autopilot
[1.984s] running install
[1.989s] running install_lib
[2.002s] copying /home/antoni/gazebo_maritime_ws/build/autopilot/build/lib/autopilot/los.py -> /home/antoni/gazebo_maritime_ws/install/lib/python3.12/site-packages/autopilot
[2.003s] byte-compiling /home/antoni/gazebo_maritime_ws/install/lib/python3.12/site-packages/autopilot/los.py to los.cpython-312.pyc
[2.005s] running install_data
[2.006s] running install_egg_info
[2.034s] removing '/home/antoni/gazebo_maritime_ws/install/lib/python3.12/site-packages/autopilot-0.0.0-py3.12.egg-info' (and everything under it)
[2.034s] Copying ../../build/autopilot/autopilot.egg-info to /home/antoni/gazebo_maritime_ws/install/lib/python3.12/site-packages/autopilot-0.0.0-py3.12.egg-info
[2.035s] running install_scripts
[2.215s] Installing add_markers script to /home/antoni/gazebo_maritime_ws/install/lib/autopilot
[2.216s] Installing azimuth script to /home/antoni/gazebo_maritime_ws/install/lib/autopilot
[2.216s] Installing checkpoints script to /home/antoni/gazebo_maritime_ws/install/lib/autopilot
[2.216s] Installing compass script to /home/antoni/gazebo_maritime_ws/install/lib/autopilot
[2.217s] Installing kalman script to /home/antoni/gazebo_maritime_ws/install/lib/autopilot
[2.217s] Installing los script to /home/antoni/gazebo_maritime_ws/install/lib/autopilot
[2.217s] writing list of installed files to '/home/antoni/gazebo_maritime_ws/build/autopilot/install.log'
[2.257s] Invoked command in '/home/antoni/gazebo_maritime_ws/src/autopilot' returned '0': DEBUGINFOD_URLS=https://debuginfod.ubuntu.com PYTHONPATH=/home/antoni/gazebo_maritime_ws/build/autopilot/prefix_override:/usr/lib/python3/dist-packages/colcon_core/task/python/colcon_distutils_commands:/home/antoni/gazebo_maritime_ws/install/lib/python3.12/site-packages:${PYTHONPATH} /usr/bin/python3 -W ignore:setup.py install is deprecated -W ignore:easy_install command is deprecated setup.py egg_info --egg-base ../../build/autopilot build --build-base /home/antoni/gazebo_maritime_ws/build/autopilot/build install --record /home/antoni/gazebo_maritime_ws/build/autopilot/install.log --single-version-externally-managed install_data
