[0.231s] Invoking command in '/home/antoni/gazebo_maritime_ws/build/msg_interfaces': CMAKE_PREFIX_PATH=${CMAKE_PREFIX_PATH}:/opt/ros/jazzy DEBUGINFOD_URLS=https://debuginfod.ubuntu.com /usr/bin/cmake --build /home/antoni/gazebo_maritime_ws/build/msg_interfaces -- -j12 -l12
[0.657s] [  2%] Built target msg_interfaces__rosidl_generator_type_description
[0.657s] [  2%] Built target ament_cmake_python_copy_msg_interfaces
[0.657s] [  5%] Built target msg_interfaces__cpp
[0.657s] [ 20%] Built target msg_interfaces__rosidl_generator_c
[0.657s] [ 29%] Built target msg_interfaces__rosidl_typesupport_fastrtps_c
[0.657s] [ 38%] Built target msg_interfaces__rosidl_typesupport_fastrtps_cpp
[0.657s] [ 47%] Built target msg_interfaces__rosidl_typesupport_introspection_cpp
[0.657s] [ 55%] Built target msg_interfaces__rosidl_typesupport_c
[0.657s] [ 64%] Built target msg_interfaces__rosidl_typesupport_introspection_c
[0.657s] [ 73%] Built target msg_interfaces__rosidl_typesupport_cpp
[0.657s] [ 73%] Built target msg_interfaces
[0.657s] [ 76%] Built target msg_interfaces__py
[0.657s] [ 82%] Built target msg_interfaces__rosidl_generator_py
[0.658s] [ 88%] Built target msg_interfaces_s__rosidl_typesupport_fastrtps_c
[0.658s] [ 94%] Built target msg_interfaces_s__rosidl_typesupport_c
[0.658s] [100%] Built target msg_interfaces_s__rosidl_typesupport_introspection_c
[0.658s] running egg_info
[0.658s] writing msg_interfaces.egg-info/PKG-INFO
[0.658s] writing dependency_links to msg_interfaces.egg-info/dependency_links.txt
[0.658s] writing top-level names to msg_interfaces.egg-info/top_level.txt
[0.658s] reading manifest file 'msg_interfaces.egg-info/SOURCES.txt'
[0.658s] writing manifest file 'msg_interfaces.egg-info/SOURCES.txt'
[0.658s] [100%] Built target ament_cmake_python_build_msg_interfaces_egg
[0.833s] Invoked command in '/home/antoni/gazebo_maritime_ws/build/msg_interfaces' returned '0': CMAKE_PREFIX_PATH=${CMAKE_PREFIX_PATH}:/opt/ros/jazzy DEBUGINFOD_URLS=https://debuginfod.ubuntu.com /usr/bin/cmake --build /home/antoni/gazebo_maritime_ws/build/msg_interfaces -- -j12 -l12
[0.834s] Invoking command in '/home/antoni/gazebo_maritime_ws/build/msg_interfaces': CMAKE_PREFIX_PATH=${CMAKE_PREFIX_PATH}:/opt/ros/jazzy DEBUGINFOD_URLS=https://debuginfod.ubuntu.com /usr/bin/cmake --install /home/antoni/gazebo_maritime_ws/build/msg_interfaces
[0.849s] -- Install configuration: ""
[0.850s] -- Up-to-date: /home/antoni/gazebo_maritime_ws/install/share/ament_index/resource_index/rosidl_interfaces/msg_interfaces
[0.851s] -- Up-to-date: /home/antoni/gazebo_maritime_ws/install/share/msg_interfaces/msg/InternalState.json
[0.851s] -- Up-to-date: /home/antoni/gazebo_maritime_ws/install/include/msg_interfaces/msg_interfaces
[0.852s] -- Up-to-date: /home/antoni/gazebo_maritime_ws/install/include/msg_interfaces/msg_interfaces/msg
[0.852s] -- Up-to-date: /home/antoni/gazebo_maritime_ws/install/include/msg_interfaces/msg_interfaces/msg/internal_state.h
[0.852s] -- Up-to-date: /home/antoni/gazebo_maritime_ws/install/include/msg_interfaces/msg_interfaces/msg/detail
[0.852s] -- Up-to-date: /home/antoni/gazebo_maritime_ws/install/include/msg_interfaces/msg_interfaces/msg/detail/internal_state__description.c
[0.853s] -- Up-to-date: /home/antoni/gazebo_maritime_ws/install/include/msg_interfaces/msg_interfaces/msg/detail/internal_state__functions.c
[0.853s] -- Up-to-date: /home/antoni/gazebo_maritime_ws/install/include/msg_interfaces/msg_interfaces/msg/detail/internal_state__type_support.c
[0.853s] -- Up-to-date: /home/antoni/gazebo_maritime_ws/install/include/msg_interfaces/msg_interfaces/msg/detail/internal_state__type_support.h
[0.854s] -- Up-to-date: /home/antoni/gazebo_maritime_ws/install/include/msg_interfaces/msg_interfaces/msg/detail/internal_state__struct.h
[0.854s] -- Up-to-date: /home/antoni/gazebo_maritime_ws/install/include/msg_interfaces/msg_interfaces/msg/detail/internal_state__functions.h
[0.854s] -- Up-to-date: /home/antoni/gazebo_maritime_ws/install/include/msg_interfaces/msg_interfaces/msg/rosidl_generator_c__visibility_control.h
[0.856s] -- Up-to-date: /home/antoni/gazebo_maritime_ws/install/share/msg_interfaces/environment/library_path.sh
[0.857s] -- Up-to-date: /home/antoni/gazebo_maritime_ws/install/share/msg_interfaces/environment/library_path.dsv
[0.862s] -- Up-to-date: /home/antoni/gazebo_maritime_ws/install/lib/libmsg_interfaces__rosidl_generator_c.so
[0.864s] -- Up-to-date: /home/antoni/gazebo_maritime_ws/install/include/msg_interfaces/msg_interfaces
[0.865s] -- Up-to-date: /home/antoni/gazebo_maritime_ws/install/include/msg_interfaces/msg_interfaces/msg
[0.865s] -- Up-to-date: /home/antoni/gazebo_maritime_ws/install/include/msg_interfaces/msg_interfaces/msg/detail
[0.865s] -- Up-to-date: /home/antoni/gazebo_maritime_ws/install/include/msg_interfaces/msg_interfaces/msg/detail/internal_state__rosidl_typesupport_fastrtps_c.h
[0.866s] -- Up-to-date: /home/antoni/gazebo_maritime_ws/install/include/msg_interfaces/msg_interfaces/msg/rosidl_typesupport_fastrtps_c__visibility_control.h
[0.866s] -- Up-to-date: /home/antoni/gazebo_maritime_ws/install/lib/libmsg_interfaces__rosidl_typesupport_fastrtps_c.so
[0.867s] -- Up-to-date: /home/antoni/gazebo_maritime_ws/install/include/msg_interfaces/msg_interfaces
[0.867s] -- Up-to-date: /home/antoni/gazebo_maritime_ws/install/include/msg_interfaces/msg_interfaces/msg
[0.867s] -- Up-to-date: /home/antoni/gazebo_maritime_ws/install/include/msg_interfaces/msg_interfaces/msg/detail
[0.867s] -- Up-to-date: /home/antoni/gazebo_maritime_ws/install/include/msg_interfaces/msg_interfaces/msg/detail/internal_state__rosidl_typesupport_introspection_c.h
[0.868s] -- Up-to-date: /home/antoni/gazebo_maritime_ws/install/include/msg_interfaces/msg_interfaces/msg/detail/internal_state__type_support.c
[0.868s] -- Up-to-date: /home/antoni/gazebo_maritime_ws/install/include/msg_interfaces/msg_interfaces/msg/rosidl_typesupport_introspection_c__visibility_control.h
[0.868s] -- Up-to-date: /home/antoni/gazebo_maritime_ws/install/lib/libmsg_interfaces__rosidl_typesupport_introspection_c.so
[0.869s] -- Up-to-date: /home/antoni/gazebo_maritime_ws/install/lib/libmsg_interfaces__rosidl_typesupport_c.so
[0.869s] -- Up-to-date: /home/antoni/gazebo_maritime_ws/install/include/msg_interfaces/msg_interfaces
[0.869s] -- Up-to-date: /home/antoni/gazebo_maritime_ws/install/include/msg_interfaces/msg_interfaces/msg
[0.869s] -- Up-to-date: /home/antoni/gazebo_maritime_ws/install/include/msg_interfaces/msg_interfaces/msg/internal_state.hpp
[0.870s] -- Up-to-date: /home/antoni/gazebo_maritime_ws/install/include/msg_interfaces/msg_interfaces/msg/detail
[0.870s] -- Up-to-date: /home/antoni/gazebo_maritime_ws/install/include/msg_interfaces/msg_interfaces/msg/detail/internal_state__traits.hpp
[0.870s] -- Up-to-date: /home/antoni/gazebo_maritime_ws/install/include/msg_interfaces/msg_interfaces/msg/detail/internal_state__type_support.hpp
[0.871s] -- Up-to-date: /home/antoni/gazebo_maritime_ws/install/include/msg_interfaces/msg_interfaces/msg/detail/internal_state__builder.hpp
[0.871s] -- Up-to-date: /home/antoni/gazebo_maritime_ws/install/include/msg_interfaces/msg_interfaces/msg/detail/internal_state__struct.hpp
[0.871s] -- Up-to-date: /home/antoni/gazebo_maritime_ws/install/include/msg_interfaces/msg_interfaces/msg/rosidl_generator_cpp__visibility_control.hpp
[0.872s] -- Up-to-date: /home/antoni/gazebo_maritime_ws/install/include/msg_interfaces/msg_interfaces
[0.872s] -- Up-to-date: /home/antoni/gazebo_maritime_ws/install/include/msg_interfaces/msg_interfaces/msg
[0.872s] -- Up-to-date: /home/antoni/gazebo_maritime_ws/install/include/msg_interfaces/msg_interfaces/msg/detail
[0.872s] -- Up-to-date: /home/antoni/gazebo_maritime_ws/install/include/msg_interfaces/msg_interfaces/msg/detail/internal_state__rosidl_typesupport_fastrtps_cpp.hpp
[0.872s] -- Up-to-date: /home/antoni/gazebo_maritime_ws/install/include/msg_interfaces/msg_interfaces/msg/detail/dds_fastrtps
[0.872s] -- Up-to-date: /home/antoni/gazebo_maritime_ws/install/include/msg_interfaces/msg_interfaces/msg/rosidl_typesupport_fastrtps_cpp__visibility_control.h
[0.872s] -- Up-to-date: /home/antoni/gazebo_maritime_ws/install/lib/libmsg_interfaces__rosidl_typesupport_fastrtps_cpp.so
[0.872s] -- Up-to-date: /home/antoni/gazebo_maritime_ws/install/include/msg_interfaces/msg_interfaces
[0.872s] -- Up-to-date: /home/antoni/gazebo_maritime_ws/install/include/msg_interfaces/msg_interfaces/msg
[0.872s] -- Up-to-date: /home/antoni/gazebo_maritime_ws/install/include/msg_interfaces/msg_interfaces/msg/detail
[0.872s] -- Up-to-date: /home/antoni/gazebo_maritime_ws/install/include/msg_interfaces/msg_interfaces/msg/detail/internal_state__type_support.cpp
[0.872s] -- Up-to-date: /home/antoni/gazebo_maritime_ws/install/include/msg_interfaces/msg_interfaces/msg/detail/internal_state__rosidl_typesupport_introspection_cpp.hpp
[0.873s] -- Up-to-date: /home/antoni/gazebo_maritime_ws/install/lib/libmsg_interfaces__rosidl_typesupport_introspection_cpp.so
[0.873s] -- Up-to-date: /home/antoni/gazebo_maritime_ws/install/lib/libmsg_interfaces__rosidl_typesupport_cpp.so
[0.873s] -- Up-to-date: /home/antoni/gazebo_maritime_ws/install/share/msg_interfaces/environment/pythonpath.sh
[0.873s] -- Up-to-date: /home/antoni/gazebo_maritime_ws/install/share/msg_interfaces/environment/pythonpath.dsv
[0.873s] -- Up-to-date: /home/antoni/gazebo_maritime_ws/install/lib/python3.12/site-packages/msg_interfaces-0.0.0-py3.12.egg-info
[0.873s] -- Installing: /home/antoni/gazebo_maritime_ws/install/lib/python3.12/site-packages/msg_interfaces-0.0.0-py3.12.egg-info/dependency_links.txt
[0.873s] -- Installing: /home/antoni/gazebo_maritime_ws/install/lib/python3.12/site-packages/msg_interfaces-0.0.0-py3.12.egg-info/SOURCES.txt
[0.873s] -- Installing: /home/antoni/gazebo_maritime_ws/install/lib/python3.12/site-packages/msg_interfaces-0.0.0-py3.12.egg-info/top_level.txt
[0.874s] -- Installing: /home/antoni/gazebo_maritime_ws/install/lib/python3.12/site-packages/msg_interfaces-0.0.0-py3.12.egg-info/PKG-INFO
[0.874s] -- Up-to-date: /home/antoni/gazebo_maritime_ws/install/lib/python3.12/site-packages/msg_interfaces
[0.874s] -- Up-to-date: /home/antoni/gazebo_maritime_ws/install/lib/python3.12/site-packages/msg_interfaces/_msg_interfaces_s.ep.rosidl_typesupport_introspection_c.c
[0.874s] -- Up-to-date: /home/antoni/gazebo_maritime_ws/install/lib/python3.12/site-packages/msg_interfaces/msg_interfaces_s__rosidl_typesupport_c.so
[0.874s] -- Up-to-date: /home/antoni/gazebo_maritime_ws/install/lib/python3.12/site-packages/msg_interfaces/_msg_interfaces_s.ep.rosidl_typesupport_c.c
[0.874s] -- Up-to-date: /home/antoni/gazebo_maritime_ws/install/lib/python3.12/site-packages/msg_interfaces/__init__.py
[0.874s] -- Up-to-date: /home/antoni/gazebo_maritime_ws/install/lib/python3.12/site-packages/msg_interfaces/msg
[0.874s] -- Up-to-date: /home/antoni/gazebo_maritime_ws/install/lib/python3.12/site-packages/msg_interfaces/msg/_internal_state.py
[0.874s] -- Up-to-date: /home/antoni/gazebo_maritime_ws/install/lib/python3.12/site-packages/msg_interfaces/msg/__init__.py
[0.874s] -- Up-to-date: /home/antoni/gazebo_maritime_ws/install/lib/python3.12/site-packages/msg_interfaces/msg/_internal_state_s.c
[0.874s] -- Up-to-date: /home/antoni/gazebo_maritime_ws/install/lib/python3.12/site-packages/msg_interfaces/msg_interfaces_s__rosidl_typesupport_introspection_c.so
[0.874s] -- Up-to-date: /home/antoni/gazebo_maritime_ws/install/lib/python3.12/site-packages/msg_interfaces/msg_interfaces_s__rosidl_typesupport_fastrtps_c.so
[0.874s] -- Up-to-date: /home/antoni/gazebo_maritime_ws/install/lib/python3.12/site-packages/msg_interfaces/_msg_interfaces_s.ep.rosidl_typesupport_fastrtps_c.c
[0.909s] Listing '/home/antoni/gazebo_maritime_ws/install/lib/python3.12/site-packages/msg_interfaces'...
[0.909s] Listing '/home/antoni/gazebo_maritime_ws/install/lib/python3.12/site-packages/msg_interfaces/msg'...
[0.915s] -- Up-to-date: /home/antoni/gazebo_maritime_ws/install/lib/python3.12/site-packages/msg_interfaces/msg_interfaces_s__rosidl_typesupport_fastrtps_c.so
[0.915s] -- Up-to-date: /home/antoni/gazebo_maritime_ws/install/lib/python3.12/site-packages/msg_interfaces/msg_interfaces_s__rosidl_typesupport_introspection_c.so
[0.915s] -- Up-to-date: /home/antoni/gazebo_maritime_ws/install/lib/python3.12/site-packages/msg_interfaces/msg_interfaces_s__rosidl_typesupport_c.so
[0.916s] -- Up-to-date: /home/antoni/gazebo_maritime_ws/install/lib/libmsg_interfaces__rosidl_generator_py.so
[0.916s] -- Up-to-date: /home/antoni/gazebo_maritime_ws/install/share/msg_interfaces/msg/InternalState.idl
[0.916s] -- Up-to-date: /home/antoni/gazebo_maritime_ws/install/share/msg_interfaces/msg/InternalState.msg
[0.916s] -- Up-to-date: /home/antoni/gazebo_maritime_ws/install/share/ament_index/resource_index/package_run_dependencies/msg_interfaces
[0.916s] -- Up-to-date: /home/antoni/gazebo_maritime_ws/install/share/ament_index/resource_index/parent_prefix_path/msg_interfaces
[0.916s] -- Up-to-date: /home/antoni/gazebo_maritime_ws/install/share/msg_interfaces/environment/ament_prefix_path.sh
[0.916s] -- Up-to-date: /home/antoni/gazebo_maritime_ws/install/share/msg_interfaces/environment/ament_prefix_path.dsv
[0.917s] -- Up-to-date: /home/antoni/gazebo_maritime_ws/install/share/msg_interfaces/environment/path.sh
[0.917s] -- Up-to-date: /home/antoni/gazebo_maritime_ws/install/share/msg_interfaces/environment/path.dsv
[0.917s] -- Up-to-date: /home/antoni/gazebo_maritime_ws/install/share/msg_interfaces/local_setup.bash
[0.917s] -- Up-to-date: /home/antoni/gazebo_maritime_ws/install/share/msg_interfaces/local_setup.sh
[0.917s] -- Up-to-date: /home/antoni/gazebo_maritime_ws/install/share/msg_interfaces/local_setup.zsh
[0.917s] -- Up-to-date: /home/antoni/gazebo_maritime_ws/install/share/msg_interfaces/local_setup.dsv
[0.917s] -- Installing: /home/antoni/gazebo_maritime_ws/install/share/msg_interfaces/package.dsv
[0.917s] -- Up-to-date: /home/antoni/gazebo_maritime_ws/install/share/ament_index/resource_index/packages/msg_interfaces
[0.917s] -- Up-to-date: /home/antoni/gazebo_maritime_ws/install/share/msg_interfaces/cmake/export_msg_interfaces__rosidl_generator_cExport.cmake
[0.917s] -- Up-to-date: /home/antoni/gazebo_maritime_ws/install/share/msg_interfaces/cmake/export_msg_interfaces__rosidl_generator_cExport-noconfig.cmake
[0.917s] -- Up-to-date: /home/antoni/gazebo_maritime_ws/install/share/msg_interfaces/cmake/export_msg_interfaces__rosidl_typesupport_fastrtps_cExport.cmake
[0.917s] -- Up-to-date: /home/antoni/gazebo_maritime_ws/install/share/msg_interfaces/cmake/export_msg_interfaces__rosidl_typesupport_fastrtps_cExport-noconfig.cmake
[0.918s] -- Up-to-date: /home/antoni/gazebo_maritime_ws/install/share/msg_interfaces/cmake/msg_interfaces__rosidl_typesupport_introspection_cExport.cmake
[0.918s] -- Up-to-date: /home/antoni/gazebo_maritime_ws/install/share/msg_interfaces/cmake/msg_interfaces__rosidl_typesupport_introspection_cExport-noconfig.cmake
[0.918s] -- Up-to-date: /home/antoni/gazebo_maritime_ws/install/share/msg_interfaces/cmake/msg_interfaces__rosidl_typesupport_cExport.cmake
[0.918s] -- Up-to-date: /home/antoni/gazebo_maritime_ws/install/share/msg_interfaces/cmake/msg_interfaces__rosidl_typesupport_cExport-noconfig.cmake
[0.918s] -- Up-to-date: /home/antoni/gazebo_maritime_ws/install/share/msg_interfaces/cmake/export_msg_interfaces__rosidl_generator_cppExport.cmake
[0.918s] -- Up-to-date: /home/antoni/gazebo_maritime_ws/install/share/msg_interfaces/cmake/export_msg_interfaces__rosidl_typesupport_fastrtps_cppExport.cmake
[0.919s] -- Up-to-date: /home/antoni/gazebo_maritime_ws/install/share/msg_interfaces/cmake/export_msg_interfaces__rosidl_typesupport_fastrtps_cppExport-noconfig.cmake
[0.920s] -- Up-to-date: /home/antoni/gazebo_maritime_ws/install/share/msg_interfaces/cmake/msg_interfaces__rosidl_typesupport_introspection_cppExport.cmake
[0.920s] -- Up-to-date: /home/antoni/gazebo_maritime_ws/install/share/msg_interfaces/cmake/msg_interfaces__rosidl_typesupport_introspection_cppExport-noconfig.cmake
[0.920s] -- Up-to-date: /home/antoni/gazebo_maritime_ws/install/share/msg_interfaces/cmake/msg_interfaces__rosidl_typesupport_cppExport.cmake
[0.920s] -- Up-to-date: /home/antoni/gazebo_maritime_ws/install/share/msg_interfaces/cmake/msg_interfaces__rosidl_typesupport_cppExport-noconfig.cmake
[0.920s] -- Up-to-date: /home/antoni/gazebo_maritime_ws/install/share/msg_interfaces/cmake/export_msg_interfaces__rosidl_generator_pyExport.cmake
[0.920s] -- Up-to-date: /home/antoni/gazebo_maritime_ws/install/share/msg_interfaces/cmake/export_msg_interfaces__rosidl_generator_pyExport-noconfig.cmake
[0.920s] -- Up-to-date: /home/antoni/gazebo_maritime_ws/install/share/msg_interfaces/cmake/rosidl_cmake-extras.cmake
[0.920s] -- Up-to-date: /home/antoni/gazebo_maritime_ws/install/share/msg_interfaces/cmake/ament_cmake_export_dependencies-extras.cmake
[0.920s] -- Up-to-date: /home/antoni/gazebo_maritime_ws/install/share/msg_interfaces/cmake/ament_cmake_export_include_directories-extras.cmake
[0.920s] -- Up-to-date: /home/antoni/gazebo_maritime_ws/install/share/msg_interfaces/cmake/ament_cmake_export_libraries-extras.cmake
[0.920s] -- Up-to-date: /home/antoni/gazebo_maritime_ws/install/share/msg_interfaces/cmake/ament_cmake_export_targets-extras.cmake
[0.920s] -- Up-to-date: /home/antoni/gazebo_maritime_ws/install/share/msg_interfaces/cmake/rosidl_cmake_export_typesupport_targets-extras.cmake
[0.920s] -- Up-to-date: /home/antoni/gazebo_maritime_ws/install/share/msg_interfaces/cmake/rosidl_cmake_export_typesupport_libraries-extras.cmake
[0.920s] -- Up-to-date: /home/antoni/gazebo_maritime_ws/install/share/msg_interfaces/cmake/msg_interfacesConfig.cmake
[0.920s] -- Up-to-date: /home/antoni/gazebo_maritime_ws/install/share/msg_interfaces/cmake/msg_interfacesConfig-version.cmake
[0.920s] -- Up-to-date: /home/antoni/gazebo_maritime_ws/install/share/msg_interfaces/package.xml
[0.924s] Invoked command in '/home/antoni/gazebo_maritime_ws/build/msg_interfaces' returned '0': CMAKE_PREFIX_PATH=${CMAKE_PREFIX_PATH}:/opt/ros/jazzy DEBUGINFOD_URLS=https://debuginfod.ubuntu.com /usr/bin/cmake --install /home/antoni/gazebo_maritime_ws/build/msg_interfaces
