[2.199s] Invoking command in '/home/antoni/gazebo_maritime_ws/src/propeller_controller': DEBUGINFOD_URLS=https://debuginfod.ubuntu.com PYTHONPATH=/home/antoni/gazebo_maritime_ws/build/propeller_controller/prefix_override:/usr/lib/python3/dist-packages/colcon_core/task/python/colcon_distutils_commands:/home/antoni/gazebo_maritime_ws/install/lib/python3.12/site-packages:${PYTHONPATH} /usr/bin/python3 -W ignore:setup.py install is deprecated -W ignore:easy_install command is deprecated setup.py egg_info --egg-base ../../build/propeller_controller build --build-base /home/antoni/gazebo_maritime_ws/build/propeller_controller/build install --record /home/antoni/gazebo_maritime_ws/build/propeller_controller/install.log --single-version-externally-managed install_data
[2.607s] running egg_info
[2.635s] writing ../../build/propeller_controller/propeller_controller.egg-info/PKG-INFO
[2.635s] writing dependency_links to ../../build/propeller_controller/propeller_controller.egg-info/dependency_links.txt
[2.636s] writing entry points to ../../build/propeller_controller/propeller_controller.egg-info/entry_points.txt
[2.636s] writing requirements to ../../build/propeller_controller/propeller_controller.egg-info/requires.txt
[2.636s] writing top-level names to ../../build/propeller_controller/propeller_controller.egg-info/top_level.txt
[2.693s] reading manifest file '../../build/propeller_controller/propeller_controller.egg-info/SOURCES.txt'
[2.694s] writing manifest file '../../build/propeller_controller/propeller_controller.egg-info/SOURCES.txt'
[2.694s] running build
[2.694s] running build_py
[2.695s] running install
[2.705s] running install_lib
[2.741s] running install_data
[2.742s] running install_egg_info
[2.779s] removing '/home/antoni/gazebo_maritime_ws/install/lib/python3.12/site-packages/propeller_controller-0.0.0-py3.12.egg-info' (and everything under it)
[2.779s] Copying ../../build/propeller_controller/propeller_controller.egg-info to /home/antoni/gazebo_maritime_ws/install/lib/python3.12/site-packages/propeller_controller-0.0.0-py3.12.egg-info
[2.781s] running install_scripts
[2.984s] Installing keyboard_controller script to /home/antoni/gazebo_maritime_ws/install/lib/propeller_controller
[2.984s] Installing rotate script to /home/antoni/gazebo_maritime_ws/install/lib/propeller_controller
[2.984s] writing list of installed files to '/home/antoni/gazebo_maritime_ws/build/propeller_controller/install.log'
[3.052s] Invoked command in '/home/antoni/gazebo_maritime_ws/src/propeller_controller' returned '0': DEBUGINFOD_URLS=https://debuginfod.ubuntu.com PYTHONPATH=/home/antoni/gazebo_maritime_ws/build/propeller_controller/prefix_override:/usr/lib/python3/dist-packages/colcon_core/task/python/colcon_distutils_commands:/home/antoni/gazebo_maritime_ws/install/lib/python3.12/site-packages:${PYTHONPATH} /usr/bin/python3 -W ignore:setup.py install is deprecated -W ignore:easy_install command is deprecated setup.py egg_info --egg-base ../../build/propeller_controller build --build-base /home/antoni/gazebo_maritime_ws/build/propeller_controller/build install --record /home/antoni/gazebo_maritime_ws/build/propeller_controller/install.log --single-version-externally-managed install_data
