[3.085s] Invoking command in '/home/antoni/gazebo_maritime_ws/src/research': DEBUGINFOD_URLS=https://debuginfod.ubuntu.com PYTHONPATH=/home/antoni/gazebo_maritime_ws/build/research/prefix_override:/usr/lib/python3/dist-packages/colcon_core/task/python/colcon_distutils_commands:/home/antoni/gazebo_maritime_ws/install/lib/python3.12/site-packages:${PYTHONPATH} /usr/bin/python3 -W ignore:setup.py install is deprecated -W ignore:easy_install command is deprecated setup.py egg_info --egg-base ../../build/research build --build-base /home/antoni/gazebo_maritime_ws/build/research/build install --record /home/antoni/gazebo_maritime_ws/build/research/install.log --single-version-externally-managed install_data
[3.539s] running egg_info
[3.558s] writing ../../build/research/research.egg-info/PKG-INFO
[3.560s] writing dependency_links to ../../build/research/research.egg-info/dependency_links.txt
[3.560s] writing entry points to ../../build/research/research.egg-info/entry_points.txt
[3.560s] writing requirements to ../../build/research/research.egg-info/requires.txt
[3.560s] writing top-level names to ../../build/research/research.egg-info/top_level.txt
[3.625s] reading manifest file '../../build/research/research.egg-info/SOURCES.txt'
[3.626s] writing manifest file '../../build/research/research.egg-info/SOURCES.txt'
[3.626s] running build
[3.627s] running build_py
[3.627s] copying research/rosbag_compare.py -> /home/antoni/gazebo_maritime_ws/build/research/build/lib/research
[3.627s] running install
[3.636s] running install_lib
[3.663s] copying /home/antoni/gazebo_maritime_ws/build/research/build/lib/research/rosbag_compare.py -> /home/antoni/gazebo_maritime_ws/install/lib/python3.12/site-packages/research
[3.670s] byte-compiling /home/antoni/gazebo_maritime_ws/install/lib/python3.12/site-packages/research/rosbag_compare.py to rosbag_compare.cpython-312.pyc
[3.674s] running install_data
[3.677s] running install_egg_info
[3.717s] removing '/home/antoni/gazebo_maritime_ws/install/lib/python3.12/site-packages/research-0.0.0-py3.12.egg-info' (and everything under it)
[3.718s] Copying ../../build/research/research.egg-info to /home/antoni/gazebo_maritime_ws/install/lib/python3.12/site-packages/research-0.0.0-py3.12.egg-info
[3.718s] running install_scripts
[3.957s] Installing analize_position_error script to /home/antoni/gazebo_maritime_ws/install/lib/research
[3.957s] Installing position_error script to /home/antoni/gazebo_maritime_ws/install/lib/research
[3.957s] Installing rosbag_compare script to /home/antoni/gazebo_maritime_ws/install/lib/research
[3.958s] writing list of installed files to '/home/antoni/gazebo_maritime_ws/build/research/install.log'
[4.103s] Invoked command in '/home/antoni/gazebo_maritime_ws/src/research' returned '0': DEBUGINFOD_URLS=https://debuginfod.ubuntu.com PYTHONPATH=/home/antoni/gazebo_maritime_ws/build/research/prefix_override:/usr/lib/python3/dist-packages/colcon_core/task/python/colcon_distutils_commands:/home/antoni/gazebo_maritime_ws/install/lib/python3.12/site-packages:${PYTHONPATH} /usr/bin/python3 -W ignore:setup.py install is deprecated -W ignore:easy_install command is deprecated setup.py egg_info --egg-base ../../build/research build --build-base /home/antoni/gazebo_maritime_ws/build/research/build install --record /home/antoni/gazebo_maritime_ws/build/research/install.log --single-version-externally-managed install_data
