[4.157s] Invoking command in '/home/antoni/gazebo_maritime_ws/src/propeller_controller': DEBUGINFOD_URLS=https://debuginfod.ubuntu.com PYTHONPATH=/home/antoni/gazebo_maritime_ws/build/propeller_controller/prefix_override:/usr/lib/python3/dist-packages/colcon_core/task/python/colcon_distutils_commands:/home/antoni/gazebo_maritime_ws/install/lib/python3.12/site-packages:${PYTHONPATH} /usr/bin/python3 -W ignore:setup.py install is deprecated -W ignore:easy_install command is deprecated setup.py egg_info --egg-base ../../build/propeller_controller build --build-base /home/antoni/gazebo_maritime_ws/build/propeller_controller/build install --record /home/antoni/gazebo_maritime_ws/build/propeller_controller/install.log --single-version-externally-managed install_data
[4.945s] running egg_info
[4.990s] writing ../../build/propeller_controller/propeller_controller.egg-info/PKG-INFO
[4.990s] writing dependency_links to ../../build/propeller_controller/propeller_controller.egg-info/dependency_links.txt
[4.991s] writing entry points to ../../build/propeller_controller/propeller_controller.egg-info/entry_points.txt
[4.991s] writing requirements to ../../build/propeller_controller/propeller_controller.egg-info/requires.txt
[4.991s] writing top-level names to ../../build/propeller_controller/propeller_controller.egg-info/top_level.txt
[5.102s] reading manifest file '../../build/propeller_controller/propeller_controller.egg-info/SOURCES.txt'
[5.104s] writing manifest file '../../build/propeller_controller/propeller_controller.egg-info/SOURCES.txt'
[5.104s] running build
[5.104s] running build_py
[5.105s] running install
[5.121s] running install_lib
[5.180s] running install_data
[5.180s] running install_egg_info
[5.255s] removing '/home/antoni/gazebo_maritime_ws/install/lib/python3.12/site-packages/propeller_controller-0.0.0-py3.12.egg-info' (and everything under it)
[5.256s] Copying ../../build/propeller_controller/propeller_controller.egg-info to /home/antoni/gazebo_maritime_ws/install/lib/python3.12/site-packages/propeller_controller-0.0.0-py3.12.egg-info
[5.263s] running install_scripts
[5.711s] Installing keyboard_controller script to /home/antoni/gazebo_maritime_ws/install/lib/propeller_controller
[5.714s] Installing rotate script to /home/antoni/gazebo_maritime_ws/install/lib/propeller_controller
[5.715s] writing list of installed files to '/home/antoni/gazebo_maritime_ws/build/propeller_controller/install.log'
[5.853s] Invoked command in '/home/antoni/gazebo_maritime_ws/src/propeller_controller' returned '0': DEBUGINFOD_URLS=https://debuginfod.ubuntu.com PYTHONPATH=/home/antoni/gazebo_maritime_ws/build/propeller_controller/prefix_override:/usr/lib/python3/dist-packages/colcon_core/task/python/colcon_distutils_commands:/home/antoni/gazebo_maritime_ws/install/lib/python3.12/site-packages:${PYTHONPATH} /usr/bin/python3 -W ignore:setup.py install is deprecated -W ignore:easy_install command is deprecated setup.py egg_info --egg-base ../../build/propeller_controller build --build-base /home/antoni/gazebo_maritime_ws/build/propeller_controller/build install --record /home/antoni/gazebo_maritime_ws/build/propeller_controller/install.log --single-version-externally-managed install_data
