[3.316s] Invoking command in '/home/antoni/gazebo_maritime_ws/src/research': DEBUGINFOD_URLS=https://debuginfod.ubuntu.com PYTHONPATH=/home/antoni/gazebo_maritime_ws/build/research/prefix_override:/usr/lib/python3/dist-packages/colcon_core/task/python/colcon_distutils_commands:/home/antoni/gazebo_maritime_ws/install/lib/python3.12/site-packages:${PYTHONPATH} /usr/bin/python3 -W ignore:setup.py install is deprecated -W ignore:easy_install command is deprecated setup.py egg_info --egg-base ../../build/research build --build-base /home/antoni/gazebo_maritime_ws/build/research/build install --record /home/antoni/gazebo_maritime_ws/build/research/install.log --single-version-externally-managed install_data
[3.835s] running egg_info
[3.875s] writing ../../build/research/research.egg-info/PKG-INFO
[3.876s] writing dependency_links to ../../build/research/research.egg-info/dependency_links.txt
[3.877s] writing entry points to ../../build/research/research.egg-info/entry_points.txt
[3.877s] writing requirements to ../../build/research/research.egg-info/requires.txt
[3.877s] writing top-level names to ../../build/research/research.egg-info/top_level.txt
[3.931s] reading manifest file '../../build/research/research.egg-info/SOURCES.txt'
[3.932s] writing manifest file '../../build/research/research.egg-info/SOURCES.txt'
[3.933s] running build
[3.933s] running build_py
[3.933s] copying research/rosbag_compare.py -> /home/antoni/gazebo_maritime_ws/build/research/build/lib/research
[3.933s] running install
[3.940s] running install_lib
[3.967s] copying /home/antoni/gazebo_maritime_ws/build/research/build/lib/research/rosbag_compare.py -> /home/antoni/gazebo_maritime_ws/install/lib/python3.12/site-packages/research
[3.967s] byte-compiling /home/antoni/gazebo_maritime_ws/install/lib/python3.12/site-packages/research/rosbag_compare.py to rosbag_compare.cpython-312.pyc
[3.969s] running install_data
[3.969s] running install_egg_info
[3.997s] removing '/home/antoni/gazebo_maritime_ws/install/lib/python3.12/site-packages/research-0.0.0-py3.12.egg-info' (and everything under it)
[3.997s] Copying ../../build/research/research.egg-info to /home/antoni/gazebo_maritime_ws/install/lib/python3.12/site-packages/research-0.0.0-py3.12.egg-info
[3.999s] running install_scripts
[4.193s] Installing analize_position_error script to /home/antoni/gazebo_maritime_ws/install/lib/research
[4.193s] Installing position_error script to /home/antoni/gazebo_maritime_ws/install/lib/research
[4.193s] Installing rosbag_compare script to /home/antoni/gazebo_maritime_ws/install/lib/research
[4.193s] writing list of installed files to '/home/antoni/gazebo_maritime_ws/build/research/install.log'
[4.232s] Invoked command in '/home/antoni/gazebo_maritime_ws/src/research' returned '0': DEBUGINFOD_URLS=https://debuginfod.ubuntu.com PYTHONPATH=/home/antoni/gazebo_maritime_ws/build/research/prefix_override:/usr/lib/python3/dist-packages/colcon_core/task/python/colcon_distutils_commands:/home/antoni/gazebo_maritime_ws/install/lib/python3.12/site-packages:${PYTHONPATH} /usr/bin/python3 -W ignore:setup.py install is deprecated -W ignore:easy_install command is deprecated setup.py egg_info --egg-base ../../build/research build --build-base /home/antoni/gazebo_maritime_ws/build/research/build install --record /home/antoni/gazebo_maritime_ws/build/research/install.log --single-version-externally-managed install_data
