[0.596s] Invoking command in '/home/antoni/gazebo_maritime_ws/build/gazebo_maritime': DEBUGINFOD_URLS=https://debuginfod.ubuntu.com /usr/bin/cmake --build /home/antoni/gazebo_maritime_ws/build/gazebo_maritime -- -j12 -l12
[1.616s] [ 25%] Built target Waves
[1.616s] [ 50%] Built target PublisherPlugin
[1.617s] [ 75%] Built target Surface
[1.617s] [100%] Built target WaveVisual
[1.626s] Invoked command in '/home/antoni/gazebo_maritime_ws/build/gazebo_maritime' returned '0': DEBUGINFOD_URLS=https://debuginfod.ubuntu.com /usr/bin/cmake --build /home/antoni/gazebo_maritime_ws/build/gazebo_maritime -- -j12 -l12
[1.649s] Invoking command in '/home/antoni/gazebo_maritime_ws/build/gazebo_maritime': DEBUGINFOD_URLS=https://debuginfod.ubuntu.com /usr/bin/cmake --install /home/antoni/gazebo_maritime_ws/build/gazebo_maritime
[2.087s] -- Install configuration: ""
[2.089s] -- Up-to-date: /home/antoni/gazebo_maritime_ws/install/lib/libWaves.so
[2.091s] -- Up-to-date: /home/antoni/gazebo_maritime_ws/install/lib/libPublisherPlugin.so
[2.094s] -- Up-to-date: /home/antoni/gazebo_maritime_ws/install/lib/libSurface.so
[2.097s] -- Up-to-date: /home/antoni/gazebo_maritime_ws/install/lib/libWaveVisual.so
[2.100s] -- Up-to-date: /home/antoni/gazebo_maritime_ws/install/share/gazebo_maritime/models
[2.103s] -- Up-to-date: /home/antoni/gazebo_maritime_ws/install/share/gazebo_maritime/models/coast_waves
[2.105s] -- Up-to-date: /home/antoni/gazebo_maritime_ws/install/share/gazebo_maritime/models/coast_waves/materials
[2.106s] -- Up-to-date: /home/antoni/gazebo_maritime_ws/install/share/gazebo_maritime/models/coast_waves/materials/programs
[2.108s] -- Up-to-date: /home/antoni/gazebo_maritime_ws/install/share/gazebo_maritime/models/coast_waves/materials/programs/GerstnerWaves_fs_330.glsl
[2.108s] -- Up-to-date: /home/antoni/gazebo_maritime_ws/install/share/gazebo_maritime/models/coast_waves/materials/programs/GerstnerWaves_vs_330.glsl
[2.109s] -- Up-to-date: /home/antoni/gazebo_maritime_ws/install/share/gazebo_maritime/models/coast_waves/materials/textures
[2.109s] -- Up-to-date: /home/antoni/gazebo_maritime_ws/install/share/gazebo_maritime/models/coast_waves/materials/textures/wave_normals.dds
[2.111s] -- Up-to-date: /home/antoni/gazebo_maritime_ws/install/share/gazebo_maritime/models/coast_waves/materials/textures/skybox_lowres.dds
[2.117s] -- Up-to-date: /home/antoni/gazebo_maritime_ws/install/share/gazebo_maritime/models/coast_waves/model.config
[2.121s] -- Up-to-date: /home/antoni/gazebo_maritime_ws/install/share/gazebo_maritime/models/coast_waves/model.sdf
[2.122s] -- Up-to-date: /home/antoni/gazebo_maritime_ws/install/share/gazebo_maritime/models/coast_waves/meshes
[2.124s] -- Up-to-date: /home/antoni/gazebo_maritime_ws/install/share/gazebo_maritime/models/coast_waves/meshes/waterlow.dae
[2.124s] -- Up-to-date: /home/antoni/gazebo_maritime_ws/install/share/gazebo_maritime/models/wam-v
[2.124s] -- Up-to-date: /home/antoni/gazebo_maritime_ws/install/share/gazebo_maritime/models/wam-v/model.config
[2.126s] -- Up-to-date: /home/antoni/gazebo_maritime_ws/install/share/gazebo_maritime/models/wam-v/model.sdf
[2.126s] -- Up-to-date: /home/antoni/gazebo_maritime_ws/install/share/gazebo_maritime/models/wam-v/meshes
[2.126s] -- Up-to-date: /home/antoni/gazebo_maritime_ws/install/share/gazebo_maritime/models/wam-v/meshes/WAM-V-Base.dae
[2.127s] -- Up-to-date: /home/antoni/gazebo_maritime_ws/install/share/gazebo_maritime/models/wam-v/meshes/engine.dae
[2.127s] -- Up-to-date: /home/antoni/gazebo_maritime_ws/install/share/gazebo_maritime/models/wam-v/meshes/propeller.dae
[2.129s] -- Up-to-date: /home/antoni/gazebo_maritime_ws/install/share/gazebo_maritime/models/wam-v/meshes/WamV.png
[2.130s] -- Up-to-date: /home/antoni/gazebo_maritime_ws/install/share/gazebo_maritime/worlds
[2.130s] -- Up-to-date: /home/antoni/gazebo_maritime_ws/install/share/gazebo_maritime/worlds/sydney_regatta copy.sdf
[2.131s] -- Up-to-date: /home/antoni/gazebo_maritime_ws/install/share/gazebo_maritime/worlds/sydney_regatta.sdf
[2.188s] Invoked command in '/home/antoni/gazebo_maritime_ws/build/gazebo_maritime' returned '0': DEBUGINFOD_URLS=https://debuginfod.ubuntu.com /usr/bin/cmake --install /home/antoni/gazebo_maritime_ws/build/gazebo_maritime
