[1.022s] Invoking command in '/home/antoni/gazebo_maritime_ws/src/propeller_controller': DEBUGINFOD_URLS=https://debuginfod.ubuntu.com PYTHONPATH=/home/antoni/gazebo_maritime_ws/build/propeller_controller/prefix_override:/usr/lib/python3/dist-packages/colcon_core/task/python/colcon_distutils_commands:/home/antoni/gazebo_maritime_ws/install/lib/python3.12/site-packages:${PYTHONPATH} /usr/bin/python3 -W ignore:setup.py install is deprecated -W ignore:easy_install command is deprecated setup.py egg_info --egg-base ../../build/propeller_controller build --build-base /home/antoni/gazebo_maritime_ws/build/propeller_controller/build install --record /home/antoni/gazebo_maritime_ws/build/propeller_controller/install.log --single-version-externally-managed install_data
[1.179s] running egg_info
[1.189s] writing ../../build/propeller_controller/propeller_controller.egg-info/PKG-INFO
[1.189s] writing dependency_links to ../../build/propeller_controller/propeller_controller.egg-info/dependency_links.txt
[1.190s] writing entry points to ../../build/propeller_controller/propeller_controller.egg-info/entry_points.txt
[1.190s] writing requirements to ../../build/propeller_controller/propeller_controller.egg-info/requires.txt
[1.190s] writing top-level names to ../../build/propeller_controller/propeller_controller.egg-info/top_level.txt
[1.216s] reading manifest file '../../build/propeller_controller/propeller_controller.egg-info/SOURCES.txt'
[1.216s] writing manifest file '../../build/propeller_controller/propeller_controller.egg-info/SOURCES.txt'
[1.216s] running build
[1.216s] running build_py
[1.217s] running install
[1.221s] running install_lib
[1.232s] running install_data
[1.232s] running install_egg_info
[1.243s] removing '/home/antoni/gazebo_maritime_ws/install/lib/python3.12/site-packages/propeller_controller-0.0.0-py3.12.egg-info' (and everything under it)
[1.243s] Copying ../../build/propeller_controller/propeller_controller.egg-info to /home/antoni/gazebo_maritime_ws/install/lib/python3.12/site-packages/propeller_controller-0.0.0-py3.12.egg-info
[1.244s] running install_scripts
[1.330s] Installing keyboard_controller script to /home/antoni/gazebo_maritime_ws/install/lib/propeller_controller
[1.331s] Installing rotate script to /home/antoni/gazebo_maritime_ws/install/lib/propeller_controller
[1.331s] writing list of installed files to '/home/antoni/gazebo_maritime_ws/build/propeller_controller/install.log'
[1.353s] Invoked command in '/home/antoni/gazebo_maritime_ws/src/propeller_controller' returned '0': DEBUGINFOD_URLS=https://debuginfod.ubuntu.com PYTHONPATH=/home/antoni/gazebo_maritime_ws/build/propeller_controller/prefix_override:/usr/lib/python3/dist-packages/colcon_core/task/python/colcon_distutils_commands:/home/antoni/gazebo_maritime_ws/install/lib/python3.12/site-packages:${PYTHONPATH} /usr/bin/python3 -W ignore:setup.py install is deprecated -W ignore:easy_install command is deprecated setup.py egg_info --egg-base ../../build/propeller_controller build --build-base /home/antoni/gazebo_maritime_ws/build/propeller_controller/build install --record /home/antoni/gazebo_maritime_ws/build/propeller_controller/install.log --single-version-externally-managed install_data
