[5.451s] Invoking command in '/home/antoni/gazebo_maritime_ws/src/autopilot': DEBUGINFOD_URLS=https://debuginfod.ubuntu.com PYTHONPATH=/home/antoni/gazebo_maritime_ws/build/autopilot/prefix_override:/usr/lib/python3/dist-packages/colcon_core/task/python/colcon_distutils_commands:/home/antoni/gazebo_maritime_ws/install/lib/python3.12/site-packages:${PYTHONPATH} /usr/bin/python3 -W ignore:setup.py install is deprecated -W ignore:easy_install command is deprecated setup.py egg_info --egg-base ../../build/autopilot build --build-base /home/antoni/gazebo_maritime_ws/build/autopilot/build install --record /home/antoni/gazebo_maritime_ws/build/autopilot/install.log --single-version-externally-managed install_data
[6.301s] running egg_info
[6.354s] writing ../../build/autopilot/autopilot.egg-info/PKG-INFO
[6.355s] writing dependency_links to ../../build/autopilot/autopilot.egg-info/dependency_links.txt
[6.355s] writing entry points to ../../build/autopilot/autopilot.egg-info/entry_points.txt
[6.356s] writing requirements to ../../build/autopilot/autopilot.egg-info/requires.txt
[6.356s] writing top-level names to ../../build/autopilot/autopilot.egg-info/top_level.txt
[6.467s] reading manifest file '../../build/autopilot/autopilot.egg-info/SOURCES.txt'
[6.470s] writing manifest file '../../build/autopilot/autopilot.egg-info/SOURCES.txt'
[6.471s] running build
[6.473s] running build_py
[6.473s] copying autopilot/azimuth.py -> /home/antoni/gazebo_maritime_ws/build/autopilot/build/lib/autopilot
[6.474s] running install
[6.489s] running install_lib
[6.544s] copying /home/antoni/gazebo_maritime_ws/build/autopilot/build/lib/autopilot/azimuth.py -> /home/antoni/gazebo_maritime_ws/install/lib/python3.12/site-packages/autopilot
[6.546s] byte-compiling /home/antoni/gazebo_maritime_ws/install/lib/python3.12/site-packages/autopilot/azimuth.py to azimuth.cpython-312.pyc
[6.549s] running install_data
[6.549s] running install_egg_info
[6.612s] removing '/home/antoni/gazebo_maritime_ws/install/lib/python3.12/site-packages/autopilot-0.0.0-py3.12.egg-info' (and everything under it)
[6.616s] Copying ../../build/autopilot/autopilot.egg-info to /home/antoni/gazebo_maritime_ws/install/lib/python3.12/site-packages/autopilot-0.0.0-py3.12.egg-info
[6.616s] running install_scripts
[6.926s] Installing azimuth script to /home/antoni/gazebo_maritime_ws/install/lib/autopilot
[6.927s] writing list of installed files to '/home/antoni/gazebo_maritime_ws/build/autopilot/install.log'
[7.113s] Invoked command in '/home/antoni/gazebo_maritime_ws/src/autopilot' returned '0': DEBUGINFOD_URLS=https://debuginfod.ubuntu.com PYTHONPATH=/home/antoni/gazebo_maritime_ws/build/autopilot/prefix_override:/usr/lib/python3/dist-packages/colcon_core/task/python/colcon_distutils_commands:/home/antoni/gazebo_maritime_ws/install/lib/python3.12/site-packages:${PYTHONPATH} /usr/bin/python3 -W ignore:setup.py install is deprecated -W ignore:easy_install command is deprecated setup.py egg_info --egg-base ../../build/autopilot build --build-base /home/antoni/gazebo_maritime_ws/build/autopilot/build install --record /home/antoni/gazebo_maritime_ws/build/autopilot/install.log --single-version-externally-managed install_data
