[2.209s] Invoking command in '/home/antoni/gazebo_maritime_ws/src/autopilot': DEBUGINFOD_URLS=https://debuginfod.ubuntu.com PYTHONPATH=/home/antoni/gazebo_maritime_ws/build/autopilot/prefix_override:/usr/lib/python3/dist-packages/colcon_core/task/python/colcon_distutils_commands:/home/antoni/gazebo_maritime_ws/install/lib/python3.12/site-packages:${PYTHONPATH} /usr/bin/python3 -W ignore:setup.py install is deprecated -W ignore:easy_install command is deprecated setup.py egg_info --egg-base ../../build/autopilot build --build-base /home/antoni/gazebo_maritime_ws/build/autopilot/build install --record /home/antoni/gazebo_maritime_ws/build/autopilot/install.log --single-version-externally-managed install_data
[2.680s] running egg_info
[2.703s] writing ../../build/autopilot/autopilot.egg-info/PKG-INFO
[2.703s] writing dependency_links to ../../build/autopilot/autopilot.egg-info/dependency_links.txt
[2.704s] writing entry points to ../../build/autopilot/autopilot.egg-info/entry_points.txt
[2.704s] writing requirements to ../../build/autopilot/autopilot.egg-info/requires.txt
[2.704s] writing top-level names to ../../build/autopilot/autopilot.egg-info/top_level.txt
[2.748s] reading manifest file '../../build/autopilot/autopilot.egg-info/SOURCES.txt'
[2.749s] writing manifest file '../../build/autopilot/autopilot.egg-info/SOURCES.txt'
[2.749s] running build
[2.749s] running build_py
[2.749s] copying autopilot/los.py -> /home/antoni/gazebo_maritime_ws/build/autopilot/build/lib/autopilot
[2.750s] running install
[2.756s] running install_lib
[2.771s] copying /home/antoni/gazebo_maritime_ws/build/autopilot/build/lib/autopilot/los.py -> /home/antoni/gazebo_maritime_ws/install/lib/python3.12/site-packages/autopilot
[2.772s] byte-compiling /home/antoni/gazebo_maritime_ws/install/lib/python3.12/site-packages/autopilot/los.py to los.cpython-312.pyc
[2.777s] running install_data
[2.777s] running install_egg_info
[2.795s] removing '/home/antoni/gazebo_maritime_ws/install/lib/python3.12/site-packages/autopilot-0.0.0-py3.12.egg-info' (and everything under it)
[2.795s] Copying ../../build/autopilot/autopilot.egg-info to /home/antoni/gazebo_maritime_ws/install/lib/python3.12/site-packages/autopilot-0.0.0-py3.12.egg-info
[2.795s] running install_scripts
[2.989s] Installing add_markers script to /home/antoni/gazebo_maritime_ws/install/lib/autopilot
[2.989s] Installing azimuth script to /home/antoni/gazebo_maritime_ws/install/lib/autopilot
[2.989s] Installing checkpoints script to /home/antoni/gazebo_maritime_ws/install/lib/autopilot
[2.990s] Installing compass script to /home/antoni/gazebo_maritime_ws/install/lib/autopilot
[2.990s] Installing kalman script to /home/antoni/gazebo_maritime_ws/install/lib/autopilot
[2.991s] Installing los script to /home/antoni/gazebo_maritime_ws/install/lib/autopilot
[2.991s] writing list of installed files to '/home/antoni/gazebo_maritime_ws/build/autopilot/install.log'
[3.119s] Invoked command in '/home/antoni/gazebo_maritime_ws/src/autopilot' returned '0': DEBUGINFOD_URLS=https://debuginfod.ubuntu.com PYTHONPATH=/home/antoni/gazebo_maritime_ws/build/autopilot/prefix_override:/usr/lib/python3/dist-packages/colcon_core/task/python/colcon_distutils_commands:/home/antoni/gazebo_maritime_ws/install/lib/python3.12/site-packages:${PYTHONPATH} /usr/bin/python3 -W ignore:setup.py install is deprecated -W ignore:easy_install command is deprecated setup.py egg_info --egg-base ../../build/autopilot build --build-base /home/antoni/gazebo_maritime_ws/build/autopilot/build install --record /home/antoni/gazebo_maritime_ws/build/autopilot/install.log --single-version-externally-managed install_data
