[5.188s] Invoking command in '/home/antoni/gazebo_maritime_ws/src/research': DEBUGINFOD_URLS=https://debuginfod.ubuntu.com PYTHONPATH=/home/antoni/gazebo_maritime_ws/build/research/prefix_override:/usr/lib/python3/dist-packages/colcon_core/task/python/colcon_distutils_commands:/home/antoni/gazebo_maritime_ws/install/lib/python3.12/site-packages:${PYTHONPATH} /usr/bin/python3 -W ignore:setup.py install is deprecated -W ignore:easy_install command is deprecated setup.py egg_info --egg-base ../../build/research build --build-base /home/antoni/gazebo_maritime_ws/build/research/build install --record /home/antoni/gazebo_maritime_ws/build/research/install.log --single-version-externally-managed install_data
[5.848s] running egg_info
[5.899s] writing ../../build/research/research.egg-info/PKG-INFO
[5.899s] writing dependency_links to ../../build/research/research.egg-info/dependency_links.txt
[5.899s] writing entry points to ../../build/research/research.egg-info/entry_points.txt
[5.900s] writing requirements to ../../build/research/research.egg-info/requires.txt
[5.901s] writing top-level names to ../../build/research/research.egg-info/top_level.txt
[5.999s] reading manifest file '../../build/research/research.egg-info/SOURCES.txt'
[6.002s] writing manifest file '../../build/research/research.egg-info/SOURCES.txt'
[6.002s] running build
[6.003s] running build_py
[6.003s] running install
[6.017s] running install_lib
[6.053s] running install_data
[6.054s] running install_egg_info
[6.098s] removing '/home/antoni/gazebo_maritime_ws/install/lib/python3.12/site-packages/research-0.0.0-py3.12.egg-info' (and everything under it)
[6.098s] Copying ../../build/research/research.egg-info to /home/antoni/gazebo_maritime_ws/install/lib/python3.12/site-packages/research-0.0.0-py3.12.egg-info
[6.098s] running install_scripts
[6.454s] Installing analize_position_error script to /home/antoni/gazebo_maritime_ws/install/lib/research
[6.454s] Installing position_error script to /home/antoni/gazebo_maritime_ws/install/lib/research
[6.455s] writing list of installed files to '/home/antoni/gazebo_maritime_ws/build/research/install.log'
[6.624s] Invoked command in '/home/antoni/gazebo_maritime_ws/src/research' returned '0': DEBUGINFOD_URLS=https://debuginfod.ubuntu.com PYTHONPATH=/home/antoni/gazebo_maritime_ws/build/research/prefix_override:/usr/lib/python3/dist-packages/colcon_core/task/python/colcon_distutils_commands:/home/antoni/gazebo_maritime_ws/install/lib/python3.12/site-packages:${PYTHONPATH} /usr/bin/python3 -W ignore:setup.py install is deprecated -W ignore:easy_install command is deprecated setup.py egg_info --egg-base ../../build/research build --build-base /home/antoni/gazebo_maritime_ws/build/research/build install --record /home/antoni/gazebo_maritime_ws/build/research/install.log --single-version-externally-managed install_data
